------Start of DE processing------ = [18/12/18 22:06:58:970 CET]
Exception = org.jboss.weld.exceptions.DefinitionException
Source = com.ibm.ws.container.service.state.internal.ApplicationStateManager
probeid = 31
Stack Dump = org.jboss.weld.exceptions.DefinitionException: WELD-000075: Normal scoped managed bean implementation class has a public field:  [EnhancedAnnotatedFieldImpl] public net.wasdev.reg.Attendees.attendees
	at org.jboss.weld.bean.ManagedBean.checkBeanImplementation(ManagedBean.java:231)
	at org.jboss.weld.bean.AbstractClassBean.internalInitialize(AbstractClassBean.java:74)
	at org.jboss.weld.bean.ManagedBean.internalInitialize(ManagedBean.java:105)
	at org.jboss.weld.bean.RIBean.initialize(RIBean.java:69)
	at org.jboss.weld.bootstrap.ConcurrentBeanDeployer$4.doWork(ConcurrentBeanDeployer.java:96)
	at org.jboss.weld.bootstrap.ConcurrentBeanDeployer$4.doWork(ConcurrentBeanDeployer.java:93)
	at org.jboss.weld.executor.IterativeWorkerTaskFactory$1.call(IterativeWorkerTaskFactory.java:62)
	at org.jboss.weld.executor.IterativeWorkerTaskFactory$1.call(IterativeWorkerTaskFactory.java:55)
	at com.ibm.ws.threading.internal.PolicyTaskFutureImpl.run(PolicyTaskFutureImpl.java:692)
	at com.ibm.ws.threading.internal.PolicyExecutorImpl.runTask(PolicyExecutorImpl.java:1128)
	at com.ibm.ws.threading.internal.PolicyExecutorImpl$GlobalPoolTask.run(PolicyExecutorImpl.java:186)
	at java.base/java.util.concurrent.ThreadPoolExecutor.runWorker(ThreadPoolExecutor.java:1128)
	at java.base/java.util.concurrent.ThreadPoolExecutor$Worker.run(ThreadPoolExecutor.java:628)
	at java.base/java.lang.Thread.run(Thread.java:834)

Dump of callerThis
Object type = com.ibm.ws.container.service.state.internal.ApplicationStateManager
  serialVersionUID = -6685368059484454124
  $$$tc$$$ = class com.ibm.websphere.ras.TraceComponent@14209abb
    strings[0] = "TraceComponent[com.ibm.ws.container.service.state.internal.ApplicationStateManager,class com.ibm.ws.container.service.state.internal.ApplicationStateManager,[Runtime],,null]"
  listeners = class com.ibm.wsspi.kernel.service.utils.ConcurrentServiceReferenceSet@3007093e
    referenceName = "applicationStateListeners"
    contextRef = class java.util.concurrent.atomic.AtomicReference@75cfc86b
      serialVersionUID = -1848883965231344442
      VALUE = class java.lang.invoke.VarHandleObjects$FieldInstanceReadWrite@5be12b4d
      value = class org.apache.felix.scr.impl.manager.ComponentContextImpl@4355d55a
    elementMap = class java.util.LinkedHashMap@7234c21e
      serialVersionUID = 3801124242820219131
      head = class java.util.LinkedHashMap$Entry@fc6cb2b
      tail = class java.util.LinkedHashMap$Entry@6a2a504
      accessOrder = false
      serialVersionUID = 362498820763181265
      DEFAULT_INITIAL_CAPACITY = 16
      MAXIMUM_CAPACITY = 1073741824
      DEFAULT_LOAD_FACTOR = 0.75
      TREEIFY_THRESHOLD = 8
      UNTREEIFY_THRESHOLD = 6
      MIN_TREEIFY_CAPACITY = 64
      table = class java.util.HashMap$Node[16]
      entrySet = null
      size = 10
      modCount = 14
      threshold = 12
      loadFactor = 0.75
      keySet = null
      values = null
    elementSet = class java.util.concurrent.ConcurrentSkipListSet@31a4e306
      serialVersionUID = -2479143111061671589
      m = class java.util.concurrent.ConcurrentSkipListMap@396252f5
      MAX_ARRAY_SIZE = 2147483639
    elementSetUnsorted = false
    serialVersionUID = 756240983881166148
    $$$tc$$$ = class com.ibm.websphere.ras.TraceComponent@1baf0bd
      strings[0] = "TraceComponent[com.ibm.wsspi.kernel.service.utils.ConcurrentServiceReferenceSet,class com.ibm.wsspi.kernel.service.utils.ConcurrentServiceReferenceSet,[kernelUtils],com.ibm.ws.kernel.service.utils.resources.ServiceMessages,null]"
  serialVersionUID = 2284273176985484160
  $$$tc$$$ = class com.ibm.websphere.ras.TraceComponent@149a258a
    strings[0] = "TraceComponent[com.ibm.ws.container.service.state.internal.StateChangeManager,class com.ibm.ws.container.service.state.internal.StateChangeManager,[Runtime],,null]"

Dump of objectArray[0]
Object type = com.ibm.ws.container.service.app.deploy.internal.ApplicationInfoImpl
  appName = "RegistrationAppWeb"
  appMetaData = class com.ibm.ws.container.service.app.deploy.internal.ApplicationMetaDataImpl@2b2068cf
    j2eeName = class com.ibm.ws.container.service.metadata.internal.J2EENameImpl@6dc94d83
      serialVersionUID = 7488184044073147667
      application = "RegistrationAppWeb"
      module = null
      component = null
      string = "RegistrationAppWeb"
      j2eeNameBytes = null
      $$$tc$$$ = class com.ibm.websphere.ras.TraceComponent@47b945c6
    serialVersionUID = -7906531148367236579
    $$$tc$$$ = class com.ibm.websphere.ras.TraceComponent@1ac276cb
      strings[0] = "TraceComponent[com.ibm.ws.container.service.app.deploy.internal.ApplicationMetaDataImpl,class com.ibm.ws.container.service.app.deploy.internal.ApplicationMetaDataImpl,[container.service],com.ibm.ws.container.service.resources.Messages,null]"
    tc = class com.ibm.websphere.ras.TraceComponent@4984938f
      strings[0] = "TraceComponent[com.ibm.ws.runtime.metadata.MetaDataImpl,class com.ibm.ws.runtime.metadata.MetaDataImpl,[Runtime],null,null]"
    NUM_STATIC_SLOTS = 4
    ID_UNINITIALIZED = -1
    id = 0
    metaDataInterface = class java.lang.Class@26feabb8
      ANNOTATION = 8192
      ENUM = 16384
      SYNTHETIC = 4096
      cachedConstructor = null
      newInstanceCallerCache = null
      name = "com.ibm.ws.runtime.metadata.ApplicationMetaData"
      module = class java.lang.Module@19c45700
      packageName = "com.ibm.ws.runtime.metadata"
      componentType = {} /* array length = 0 */
      allPermDomain = class java.security.ProtectionDomain@46ae4e2f
      reflectionData = null
      classRedefinedCount = 0
      genericInfo = null
      EMPTY_CLASS_ARRAY = class java.lang.Class[0]
      serialVersionUID = 3206093459760846163
      serialPersistentFields = class java.io.ObjectStreamField[0]
      reflectionFactory = class jdk.internal.reflect.ReflectionFactory@154690b0
      enumConstants = null
      enumConstantDirectory = null
      annotationData = null
      annotationType = null
      classValueMap = null
    staticSlots = class java.lang.Object[4]
      Object[0] = class com.ibm.ws.injectionengine.osgi.internal.OSGiInjectionScopeData@229e85f0
      Object[1] = null
      Object[2] = null
      Object[3] = null
    dynamicSlots = class java.lang.Object[4]
      Object[0] = null
      Object[1] = class com.ibm.ws.cdi.impl.weld.WebSphereCDIDeploymentImpl@2e0be869
      Object[2] = "RegistrationAppWeb"
      Object[3] = null
  appContainer = class com.ibm.ws.adaptable.module.internal.AdaptableContainerImpl@4b05adf3
    root = class com.ibm.ws.adaptable.module.internal.AdaptableContainerImpl@4b05adf3
    rootOverlay = class com.ibm.ws.artifact.overlay.internal.DirectoryBasedOverlayContainerImpl@1ddd89b3
      base = class com.ibm.ws.artifact.loose.internal.LooseArchive@91a335
      maskSet = class java.util.HashSet@1f8e996f
      cfHolder = class com.ibm.ws.artifact.overlay.internal.OverlayContainerFactoryImpl@79f7be13
      fileOverlayContainer = class com.ibm.ws.artifact.file.internal.FileContainer@7bf6a504
      overlayDirectory = class java.io.File@2bb3162a
      cacheDirForOverlay = class java.io.File@26b69062
      overlayNotifier = class com.ibm.ws.artifact.overlay.internal.DirectoryBasedOverlayNotifier@3e9f2135
      enclosingContainer = null
      entryInEnclosingContainer = null
      nestedOverlays = class java.util.concurrent.ConcurrentHashMap@4d98203a
      cacheStore = class com.ibm.ws.artifact.overlay.internal.OverlayCache@3086208
      parentOverlay = null
      isPassThroughMode = true
      serialVersionUID = -1690795617118238166
      $$$tc$$$ = class com.ibm.websphere.ras.TraceComponent@62d4bc35
    factoryHolder = class com.ibm.ws.adaptable.module.internal.AdaptableModuleFactoryImpl@6f2d4d25
      adapterFactoryService = class com.ibm.ws.adaptable.module.internal.AdapterFactoryServiceImpl@52979da4
      containerFactory = class com.ibm.ws.artifact.internal.ArtifactContainerFactoryService@25cced80
      overlayContainerFactory = class com.ibm.ws.artifact.overlay.internal.OverlayContainerFactoryImpl@79f7be13
      serialVersionUID = 4200251809856292987
      $$$tc$$$ = class com.ibm.websphere.ras.TraceComponent@5c8c4fb
    delegate = class com.ibm.ws.artifact.overlay.internal.DirectoryBasedOverlayContainerImpl@1ddd89b3
    notifier = class com.ibm.ws.adaptable.module.internal.NotifierImpl@1e9738d5
      root = class com.ibm.ws.adaptable.module.internal.AdaptableContainerImpl@4b05adf3
      delegateNotifier = class com.ibm.ws.artifact.overlay.internal.DirectoryBasedOverlayNotifier@3e9f2135
      delegateRoot = class com.ibm.ws.artifact.overlay.internal.DirectoryBasedOverlayContainerImpl@1ddd89b3
      listenerDelegates = class java.util.HashMap@191dc630
      serialVersionUID = 6839382523957017880
      $$$tc$$$ = class com.ibm.websphere.ras.TraceComponent@61ec6b57
    serialVersionUID = -5621513278641113667
    $$$tc$$$ = class com.ibm.websphere.ras.TraceComponent@19d39176
      strings[0] = "TraceComponent[com.ibm.ws.adaptable.module.internal.AdaptableContainerImpl,class com.ibm.ws.adaptable.module.internal.AdaptableContainerImpl,[archive.adaptable],,null]"
  configHelper = class com.ibm.ws.app.manager.module.ApplicationNestedConfigHelper@62847a70
    appInfo = class com.ibm.ws.app.manager.internal.ApplicationInstallInfo@51e3dbc1
    serialVersionUID = -3174031738676705046
    $$$tc$$$ = class com.ibm.websphere.ras.TraceComponent@14f87a98
      strings[0] = "TraceComponent[com.ibm.ws.app.manager.module.ApplicationNestedConfigHelper,class com.ibm.ws.app.manager.module.ApplicationNestedConfigHelper,[applications, app.manager],,null]"
  applicationInformation = class com.ibm.ws.app.manager.internal.ApplicationInstallInfo@51e3dbc1
    _config = class com.ibm.ws.app.manager.internal.ApplicationConfig@38679079
      tc = class com.ibm.websphere.ras.TraceComponent@2e0d364a
      _configPid = "com.ibm.ws.app.manager_65"
      _config = class com.ibm.ws.config.admin.ConfigurationDictionary@1723dd43
      _applicationManager = class com.ibm.ws.app.manager.ApplicationManager@41446b52
      _location = "RegistrationAppWeb.war"
      _type = "war"
      _name = "RegistrationAppWeb"
      _notificationBroadcasterSupport = class javax.management.NotificationBroadcasterSupport@307d9bb3
      ONE_TIME_JANDEX_MSGS_DISPLAYED = true
    _handlerInfo = class java.util.concurrent.atomic.AtomicReference@10a9f1aa
      serialVersionUID = -1848883965231344442
      VALUE = class java.lang.invoke.VarHandleObjects$FieldInstanceReadWrite@5be12b4d
      value = class com.ibm.ws.app.manager.war.internal.WARDeployedAppInfo@4363f08a
    _container = class java.util.concurrent.atomic.AtomicReference@513f5e35
      serialVersionUID = -1848883965231344442
      VALUE = class java.lang.invoke.VarHandleObjects$FieldInstanceReadWrite@5be12b4d
      value = class com.ibm.ws.adaptable.module.internal.AdaptableContainerImpl@4b05adf3
    _resolvedLocation = class java.util.concurrent.atomic.AtomicReference@1ecdaa00
      serialVersionUID = -1848883965231344442
      VALUE = class java.lang.invoke.VarHandleObjects$FieldInstanceReadWrite@5be12b4d
      value = class com.ibm.ws.kernel.service.location.internal.LocalFileResource@231e7169
    _handler = class com.ibm.ws.app.manager.war.internal.WARApplicationHandlerImpl@1aad15f8
      futureMonitor = class com.ibm.ws.threading.internal.FutureMonitorImpl@174b520b
      deployedAppFactory = class com.ibm.ws.app.manager.war.internal.WARDeployedAppInfoFactoryImpl@6ed3d782
      serialVersionUID = 4622845147410944782
      $$$tc$$$ = class com.ibm.websphere.ras.TraceComponent@26c2c0fd
    _ami = class java.util.concurrent.atomic.AtomicReference@45d683a6
      serialVersionUID = -1848883965231344442
      VALUE = class java.lang.invoke.VarHandleObjects$FieldInstanceReadWrite@5be12b4d
      value = class com.ibm.wsspi.application.handler.DefaultApplicationMonitoringInformation@30b93605
    _updateHandler = class com.ibm.ws.app.manager.internal.statemachine.ApplicationStateMachineImpl@6e33a3df
      _tc = class com.ibm.websphere.ras.TraceComponent@1e770e8e
      EMPTY_FUTURE_ARRAY = interface java.util.concurrent.Future[0]
      asmSequenceNumber = class java.util.concurrent.atomic.AtomicLong@5895628d
      _qscaCounter = class java.util.concurrent.atomic.AtomicInteger@3681be86
      _failedThrowable = null
      _interruptibleLock = class com.ibm.ws.app.manager.internal.statemachine.ApplicationStateMachineImpl$2@74e3e53b
      _interruptible = false
      _performingQueuedActions = true
      _queuedActions = class java.util.concurrent.ConcurrentLinkedQueue@3020ca92
      _callbackState = class java.util.concurrent.atomic.AtomicReference@43d25711
      blockAppStartingFutures = class java.util.Collections$SetFromMap@781cb463
      waitingForAppHandlerFuture = class java.util.concurrent.atomic.AtomicReference@13bd4c66
      waitingForExplicitStartFuture = class java.util.concurrent.atomic.AtomicReference@257f60d9
      completionListener = class java.util.concurrent.atomic.AtomicReference@7444c1b8
      _notifyAppStopped = class java.util.concurrent.ConcurrentLinkedQueue@6966ccff
      _notifyAppStarting = class java.util.concurrent.ConcurrentLinkedQueue@104163c9
      _notifyAppInstallCalled = class java.util.concurrent.ConcurrentLinkedQueue@4e66a0b0
      _notifyAppStarted = class java.util.concurrent.ConcurrentLinkedQueue@1cfdf1c5
      _notifyAppRemoved = class java.util.concurrent.ConcurrentLinkedQueue@43a3c791
      _stateLock = class com.ibm.ws.app.manager.internal.statemachine.ApplicationStateMachineImpl$3@5867bb07
      _internalState = class java.util.concurrent.atomic.AtomicReference@23ffe39b
      _currentAction = class java.util.concurrent.atomic.AtomicReference@507f4df8
      _rfa = class java.util.concurrent.atomic.AtomicReference@dbd8729
      _appInstallInfo = class java.util.concurrent.atomic.AtomicReference@68e7aa1a
      _update = class java.util.concurrent.atomic.AtomicBoolean@34d87fa6
      _appConfig = class java.util.concurrent.atomic.AtomicReference@1ee2f448
      _nextAppConfig = class java.util.concurrent.atomic.AtomicReference@7f07ac72
      _appContainer = class java.util.concurrent.atomic.AtomicReference@2ae57ef2
      _resolvedLocation = class java.util.concurrent.atomic.AtomicReference@5db70147
      _handler = class java.util.concurrent.atomic.AtomicReference@547eee0d
      _asmSeqNo = 0
      _ctx = class org.eclipse.osgi.internal.framework.BundleContextImpl@5e23095e
      _locAdmin = class com.ibm.ws.kernel.service.location.internal.WsLocationAdminImpl@16d8bccc
      _futureMonitor = class com.ibm.ws.threading.internal.FutureMonitorImpl@174b520b
      _artifactFactory = class com.ibm.ws.artifact.internal.ArtifactContainerFactoryService@25cced80
      _moduleFactory = class com.ibm.ws.adaptable.module.internal.AdaptableModuleFactoryImpl@6f2d4d25
      _executorService = class com.ibm.ws.threading.internal.ExecutorServiceImpl@7293d49c
      _scheduledExecutorService = class com.ibm.ws.threading.internal.ScheduledExecutorImpl@513e5245
      _asmHelper = class com.ibm.ws.app.manager.internal.ApplicationConfigurator$NamedApplication@37ca907a
      _appMonitor = class com.ibm.ws.app.manager.internal.monitor.ApplicationMonitor@253aa72
      enterStateCalled = class java.util.concurrent.atomic.AtomicBoolean@4fc56b39
      serialVersionUID = -1399093980790866556
      serialVersionUID = 5501066335104962649
      $$$tc$$$ = class com.ibm.websphere.ras.TraceComponent@5042665b
    serialVersionUID = 2630639237123415755
    $$$tc$$$ = class com.ibm.websphere.ras.TraceComponent@531bda6
      strings[0] = "TraceComponent[com.ibm.ws.app.manager.internal.ApplicationInstallInfo,class com.ibm.ws.app.manager.internal.ApplicationInstallInfo,[applications, app.manager],com.ibm.ws.app.manager.internal.resources.AppManagerMessages,null]"
  serialVersionUID = -505303337196743781
  $$$tc$$$ = class com.ibm.websphere.ras.TraceComponent@2f06df81
    strings[0] = "TraceComponent[com.ibm.ws.container.service.app.deploy.internal.ApplicationInfoImpl,class com.ibm.ws.container.service.app.deploy.internal.ApplicationInfoImpl,[container.service],com.ibm.ws.container.service.resources.Messages,null]"

