------Start of DE processing------ = [18/12/18 22:02:46:065 CET]
Exception = com.ibm.ws.container.service.state.StateChangeException
Source = com.ibm.ws.app.manager.module.internal.DeployedAppInfoBase
probeid = 384
Stack Dump = com.ibm.ws.container.service.state.StateChangeException: org.jboss.weld.exceptions.DefinitionException: WELD-000075: Normal scoped managed bean implementation class has a public field:  [EnhancedAnnotatedFieldImpl] public net.wasdev.reg.Attendees.attendees
	at com.ibm.ws.container.service.state.internal.ApplicationStateManager.fireStarting(ApplicationStateManager.java:32)
	at com.ibm.ws.container.service.state.internal.StateChangeServiceImpl.fireApplicationStarting(StateChangeServiceImpl.java:50)
	at com.ibm.ws.app.manager.module.internal.DeployedAppInfoBase.preDeployApp(DeployedAppInfoBase.java:383)
	at com.ibm.ws.app.manager.module.internal.DeployedAppInfoBase.deployApp(DeployedAppInfoBase.java:412)
	at com.ibm.ws.app.manager.war.internal.WARApplicationHandlerImpl.install(WARApplicationHandlerImpl.java:65)
	at com.ibm.ws.app.manager.internal.statemachine.StartAction.execute(StartAction.java:140)
	at com.ibm.ws.app.manager.internal.statemachine.ApplicationStateMachineImpl.enterState(ApplicationStateMachineImpl.java:1258)
	at com.ibm.ws.app.manager.internal.statemachine.ApplicationStateMachineImpl.run(ApplicationStateMachineImpl.java:873)
	at com.ibm.ws.threading.internal.ExecutorServiceImpl$RunnableWrapper.run(ExecutorServiceImpl.java:232)
	at java.base/java.util.concurrent.ThreadPoolExecutor.runWorker(ThreadPoolExecutor.java:1128)
	at java.base/java.util.concurrent.ThreadPoolExecutor$Worker.run(ThreadPoolExecutor.java:628)
	at java.base/java.lang.Thread.run(Thread.java:834)
Caused by: org.jboss.weld.exceptions.DefinitionException: WELD-000075: Normal scoped managed bean implementation class has a public field:  [EnhancedAnnotatedFieldImpl] public net.wasdev.reg.Attendees.attendees
	at org.jboss.weld.bean.ManagedBean.checkBeanImplementation(ManagedBean.java:231)
	at org.jboss.weld.bean.AbstractClassBean.internalInitialize(AbstractClassBean.java:74)
	at org.jboss.weld.bean.ManagedBean.internalInitialize(ManagedBean.java:105)
	at org.jboss.weld.bean.RIBean.initialize(RIBean.java:69)
	at org.jboss.weld.bootstrap.ConcurrentBeanDeployer$4.doWork(ConcurrentBeanDeployer.java:96)
	at org.jboss.weld.bootstrap.ConcurrentBeanDeployer$4.doWork(ConcurrentBeanDeployer.java:93)
	at org.jboss.weld.executor.IterativeWorkerTaskFactory$1.call(IterativeWorkerTaskFactory.java:62)
	at org.jboss.weld.executor.IterativeWorkerTaskFactory$1.call(IterativeWorkerTaskFactory.java:55)
	at com.ibm.ws.threading.internal.PolicyTaskFutureImpl.run(PolicyTaskFutureImpl.java:692)
	at com.ibm.ws.threading.internal.PolicyExecutorImpl.runTask(PolicyExecutorImpl.java:1128)
	at com.ibm.ws.threading.internal.PolicyExecutorImpl$GlobalPoolTask.run(PolicyExecutorImpl.java:186)
	... 3 more

Dump of callerThis
Object type = com.ibm.ws.app.manager.war.internal.WARDeployedAppInfo
  CONTEXT_ROOT = "context-root"
  webModuleHandler = class com.ibm.ws.app.manager.web.internal.WebModuleHandlerImpl@69cac3d3
    serialVersionUID = 4795602325763828210
    $$$tc$$$ = class com.ibm.websphere.ras.TraceComponent@3d106f44
      strings[0] = "TraceComponent[com.ibm.ws.app.manager.web.internal.WebModuleHandlerImpl,class com.ibm.ws.app.manager.web.internal.WebModuleHandlerImpl,[webcontainer, applications, app.manager],com.ibm.ws.app.manager.war.internal.resources.Messages,null]"
    futureMonitor = class com.ibm.ws.threading.internal.FutureMonitorImpl@24fb1bba
    metaDataService = class com.ibm.ws.container.service.metadata.internal.MetaDataServiceImpl@24502dd7
    stateChangeService = class com.ibm.ws.container.service.state.internal.StateChangeServiceImpl@1b2a061b
    moduleRuntimeContainer = class com.ibm.ws.webcontainer.osgi.WebContainer@2321d012
      tc = class com.ibm.websphere.ras.TraceComponent@4cb318ce
      CLASS_NAME = "com.ibm.ws.webcontainer.osgi.WebContainer"
      initialized = true
      eventService = class com.ibm.ws.event.internal.EventEngineImpl@27955241
      futureMonitor = class com.ibm.ws.threading.internal.FutureMonitorImpl@24fb1bba
      classLoadingSRRef = class com.ibm.wsspi.kernel.service.utils.AtomicServiceReference@668fdfdb
      sessionHelperSRRef = class com.ibm.wsspi.kernel.service.utils.AtomicServiceReference@91d3ab6
      cacheManagerSRRef = class com.ibm.wsspi.kernel.service.utils.AtomicServiceReference@38459bfc
      injectionEngineSRRef = class com.ibm.wsspi.kernel.service.utils.AtomicServiceReference@35cfd1ef
      managedObjectServiceSRRef = class com.ibm.wsspi.kernel.service.utils.AtomicServiceReference@2d26a18a
      backgroundWebAppStartFutures = class com.ibm.ws.webcontainer.util.OneTimeUseArrayList@4d0ef612
      REFERENCE_WEB_MBEAN_RUNTIME = "webMBeanRuntime"
      webMBeanRuntimeServiceRef = class com.ibm.wsspi.kernel.service.utils.AtomicServiceReference@59001e34
      servletContainerInitializers = class com.ibm.wsspi.kernel.service.utils.ConcurrentServiceReferenceSet@120bec52
      es = class com.ibm.ws.threading.internal.ExecutorServiceImpl@7d09eef
      locationServiceRef = class java.util.concurrent.atomic.AtomicReference@ab92568
      transferContextServiceRef = class com.ibm.wsspi.kernel.service.utils.ConcurrentServiceReferenceSet@303dfc4b
      encodingServiceRef = class java.util.concurrent.atomic.AtomicReference@6915b5c6
      instance = class java.util.concurrent.atomic.AtomicReference@24b1bdca
      vhostManager = class com.ibm.ws.webcontainer.osgi.DynamicVirtualHostManager@67e04e51
      metaDataService = class com.ibm.ws.container.service.metadata.internal.MetaDataServiceImpl@24502dd7
      j2eeNameFactory = class com.ibm.ws.container.service.metadata.internal.J2EENameFactoryImpl@38e02942
      context = class org.apache.felix.scr.impl.manager.ComponentContextImpl@7c1f101d
      contextRoots = class java.util.Collections$SynchronizedSet@55e9adb9
      pendingContextRoots = class java.util.HashMap@309ee393
      deployedModuleMap = class java.util.concurrent.ConcurrentHashMap@90d76fb
      connContextPool = class com.ibm.ws.webcontainer40.osgi.srt.factory.SRTConnectionContextPool40Impl@d16103f
      DEFAULT_PORT = "*"
      DEFAULT_VHOST_NAME = "default_host"
      cachedServerInfo = null
      lock = class com.ibm.ws.webcontainer.osgi.WebContainer$1@150ae041
      webAppFactory = class com.ibm.ws.webcontainer40.osgi.webapp.factory.WebAppFactory40Impl@524f1b08
      requestFactory = class com.ibm.ws.webcontainer40.osgi.response.factory.IRequestResponseFactory40Impl@30971514
      responseFactory = class com.ibm.ws.webcontainer40.osgi.response.factory.IRequestResponseFactory40Impl@30971514
      asyncContextFactory = class com.ibm.ws.webcontainer40.async.factory.AsyncContextFactory40Impl@d3d7cd1
      DEFAULT_MAX_VERSION = 30
      versionRef = class org.eclipse.osgi.internal.serviceregistry.ServiceReferenceImpl@4f778ddf
      serverStopping = class com.ibm.ws.staticvalue.StaticValue$FinalSingleton@654a5862
      modulesStarting = 0
      uriMatcherFactory = class com.ibm.wsspi.webcontainer40.util.factory.URIMatcherFactory40Impl@6d7dde6a
      SPEC_LEVEL_UNLOADED = -1
      SPEC_LEVEL_30 = 30
      SPEC_LEVEL_31 = 31
      SPEC_LEVEL_40 = 40
      DEFAULT_SPEC_LEVEL = 30
      loadedContainerSpecLevel = 40
      ISO = "ISO-8859-1"
      encoding = "UTF-8"
      decode = true
      wcconfig = class com.ibm.ws.webcontainer.osgi.WebContainerConfiguration@78aa9132
      applicationListeners = class java.util.ArrayList@4f145f0d
      servletListeners = class java.util.ArrayList@4c19560b
      servletErrorListeners = class java.util.ArrayList@40329494
      servletInvocationListeners = class java.util.ArrayList@6c3daea1
      filterInvocationListeners = class java.util.ArrayList@13c681c
      filterErrorListeners = class java.util.ArrayList@793cf3e
      filterListeners = class java.util.ArrayList@53516d6c
      servletRequestListeners = class java.util.ArrayList@52188901
      servletRequestAttributeListeners = class java.util.ArrayList@308677d6
      servletContextListeners = class java.util.ArrayList@29f5b4c7
      servletContextAttributeListeners = class java.util.ArrayList@71178698
      sessionListeners = class java.util.ArrayList@67d1493a
      sessionIdListeners = class java.util.ArrayList@646abad1
      sessionAttributeListeners = class java.util.ArrayList@60bd7917
      DEFAULT_HOST = "default_host"
      _initialized = true
      logger = class com.ibm.ws.logging.internal.WsLogger@2dd310de
      CLASS_NAME = "com.ibm.ws.webcontainer.internal.WebContainer"
      nls = class com.ibm.ejs.ras.TraceNLS@40a614c7
      self = class java.util.concurrent.atomic.AtomicReference@71ab8230
      _cipherToBit = class java.util.HashMap@7a5538d3
      cacheKeyStringBuilder = class com.ibm.ws.util.WSThreadLocal@4fb592a7
      listenersInitialized = false
      webConProperties = class java.util.Properties@3f45b7ba
      sessionRegistry = null
      isStopped = false
      readWriteLockForStopping = class java.util.concurrent.locks.ReentrantReadWriteLock@12d21860
      urlPrefix = ";jsessionid="
      extensionFactories = class java.util.ArrayList@41123949
      postInitExtensionFactories = null
      httpResponseListeners = class java.util.ArrayList@22d1ab66
      servletContainerInitializers = class java.util.ServiceLoader@30bb30e1
      auditManager = class com.ibm.websphere.security.audit.context.AuditManager@32a82f8e
      threadLocal = class java.lang.ThreadLocal@622090e3
      invocationCacheSize = 500
      decodePlusSign = true
      _cacheMap = class java.util.concurrent.ConcurrentHashMap@4d059d5a
      _cacheSize = class java.util.concurrent.atomic.AtomicInteger@24509023
      vHostCompatFlag = false
      platformHelper = class com.ibm.ws.webcontainer.PlatformHelper@57771f78
      isDefaultTempDir = true
      tempDir = null
      servletCachingInitNeeded = true
      appInstallBegun = false
      cacheServletWrapperFactory = class com.ibm.ws.webcontainer40.servlet.factory.CacheServletWrapperFactory40Impl@31362afd
      commands = class java.util.ArrayList@50b88ecc
      requestMapper = class com.ibm.ws.webcontainer.util.VirtualHostContextRootMapper@70c9dd70
      parent = null
      name = "Was.webcontainer"
      isAlive = true
      subElements = null
      attributes = null
      config = null
      serialVersionUID = -8271459000149267764
      $$$tc$$$ = class com.ibm.websphere.ras.TraceComponent@405eef27
    firstFailure = null
    serialVersionUID = -4563697739413190872
    $$$tc$$$ = class com.ibm.websphere.ras.TraceComponent@52652791
      strings[0] = "TraceComponent[com.ibm.ws.app.manager.module.internal.ModuleHandlerBase,class com.ibm.ws.app.manager.module.internal.ModuleHandlerBase,[applications, app.manager],,null]"
  webContainerModuleInfo = class com.ibm.ws.app.manager.module.internal.SimpleDeployedAppInfoBase$WebModuleContainerInfo@5bc479b1
    contextRoot = null
    defaultContextRoot = "RegistrationAppWeb"
    serialVersionUID = -8158961796913348204
    $$$tc$$$ = class com.ibm.websphere.ras.TraceComponent@1d4d06c0
      strings[0] = "TraceComponent[com.ibm.ws.app.manager.module.internal.SimpleDeployedAppInfoBase$WebModuleContainerInfo,class com.ibm.ws.app.manager.module.internal.SimpleDeployedAppInfoBase$WebModuleContainerInfo,[applications, app.manager],,null]"
    moduleHandler = class com.ibm.ws.app.manager.web.internal.WebModuleHandlerImpl@69cac3d3
    moduleMetaDataExtenders = class java.util.concurrent.CopyOnWriteArrayList@35a0789a
      serialVersionUID = 8673264195747942595
      lock = class java.lang.Object@b9103cf
      array = class java.lang.Object[3]
    nestedModuleMetaDataFactories = class java.util.concurrent.CopyOnWriteArrayList@7d10a9e
      serialVersionUID = 8673264195747942595
      lock = class java.lang.Object@38e77346
      array = class java.lang.Object[1]
    nestedModules = null
    moduleName = "RegistrationAppWeb"
    moduleDD = null
    moduleInfo = class com.ibm.ws.app.manager.module.internal.WebModuleInfoImpl@42a65eb
      contextRoot = "/RegistrationAppWeb"
      isDefaultContextRootUsed = true
      serialVersionUID = -1540279394520440503
      $$$tc$$$ = class com.ibm.websphere.ras.TraceComponent@67efc48f
      tc = class com.ibm.websphere.ras.TraceComponent@25aa055e
      appInfo = class com.ibm.ws.container.service.app.deploy.internal.ApplicationInfoImpl@263c44f
      moduleName = "RegistrationAppWeb"
      path = "RegistrationAppWeb.war"
      moduleContainer = class com.ibm.ws.adaptable.module.internal.AdaptableContainerImpl@281f660b
      altDDEntry = null
      moduleClassesContainers = class java.util.ArrayList@111461b4
      classLoaderFactory = class com.ibm.ws.app.manager.war.internal.WARDeployedAppInfo@7028e3ce
      containerInfoType = class com.ibm.ws.container.service.app.deploy.ContainerInfo$Type@231ff285
      classLoader = class com.ibm.ws.classloading.internal.AppClassLoader@167f2a64
      moduleMetaData = class com.ibm.ws.webcontainer.osgi.metadata.WebModuleMetaDataImpl@497b9f8e
      nestedModuleMetaDataTypes = null
      nestedModuleMetaDataValues = null
      serialVersionUID = 3986734351620206554
    serialVersionUID = 8693907776607441911
    $$$tc$$$ = class com.ibm.websphere.ras.TraceComponent@2ef2428f
      strings[0] = "TraceComponent[com.ibm.ws.app.manager.module.internal.SimpleDeployedAppInfoBase$ModuleContainerInfoBase,class com.ibm.ws.app.manager.module.internal.SimpleDeployedAppInfoBase$ModuleContainerInfoBase,[applications, app.manager],,null]"
    type = class com.ibm.ws.container.service.app.deploy.ContainerInfo$Type@231ff285
      MANIFEST_CLASSPATH = class com.ibm.ws.container.service.app.deploy.ContainerInfo$Type@74a9364f
      WEB_INF_CLASSES = class com.ibm.ws.container.service.app.deploy.ContainerInfo$Type@7414fe84
      WEB_INF_LIB = class com.ibm.ws.container.service.app.deploy.ContainerInfo$Type@5a97b5b6
      EAR_LIB = class com.ibm.ws.container.service.app.deploy.ContainerInfo$Type@5b977186
      WEB_MODULE = class com.ibm.ws.container.service.app.deploy.ContainerInfo$Type@231ff285
      EJB_MODULE = class com.ibm.ws.container.service.app.deploy.ContainerInfo$Type@66313ff5
      CLIENT_MODULE = class com.ibm.ws.container.service.app.deploy.ContainerInfo$Type@35020d69
      RAR_MODULE = class com.ibm.ws.container.service.app.deploy.ContainerInfo$Type@52df247a
      JAR_MODULE = class com.ibm.ws.container.service.app.deploy.ContainerInfo$Type@32a474e6
      SHARED_LIB = class com.ibm.ws.container.service.app.deploy.ContainerInfo$Type@5d852bd0
      $VALUES = class com.ibm.ws.container.service.app.deploy.ContainerInfo$Type[10]
      $$$tc$$$ = class com.ibm.websphere.ras.TraceComponent@6c0447cc
      name = "WEB_MODULE"
      ordinal = 4
    name = "RegistrationAppWeb.war"
    container = class com.ibm.ws.adaptable.module.internal.AdaptableContainerImpl@281f660b
    altDDEntry = null
    classesContainerInfo = class java.util.ArrayList@111461b4
      serialVersionUID = 8683452581122892189
      DEFAULT_CAPACITY = 10
      EMPTY_ELEMENTDATA = class java.lang.Object[0]
      DEFAULTCAPACITY_EMPTY_ELEMENTDATA = class java.lang.Object[0]
      elementData = class java.lang.Object[10]
      size = 2
      MAX_ARRAY_SIZE = 2147483639
      modCount = 3
      MAX_ARRAY_SIZE = 2147483639
    serialVersionUID = 7427332431485745589
    $$$tc$$$ = class com.ibm.websphere.ras.TraceComponent@67bf6456
      strings[0] = "TraceComponent[com.ibm.ws.app.manager.module.internal.SimpleDeployedAppInfoBase$ExtendedContainerInfo,class com.ibm.ws.app.manager.module.internal.SimpleDeployedAppInfoBase$ExtendedContainerInfo,[applications, app.manager],,null]"
  DYNAMIC_IMPORT_PACKAGE_LIST = class java.util.Collections$UnmodifiableRandomAccessList@2060de93
    serialVersionUID = -2542308836966382001
    serialVersionUID = -283967356065247728
    list = class java.util.Arrays$ArrayList@604a5e6c
      serialVersionUID = -2764017481108945198
      a = class java.lang.String[1]
      modCount = 0
      MAX_ARRAY_SIZE = 2147483639
    serialVersionUID = 1820017752578914078
    c = class java.util.Arrays$ArrayList@604a5e6c
  serialVersionUID = -6153587016903242961
  $$$tc$$$ = class com.ibm.websphere.ras.TraceComponent@55870cf7
    strings[0] = "TraceComponent[com.ibm.ws.app.manager.war.internal.WARDeployedAppInfo,class com.ibm.ws.app.manager.war.internal.WARDeployedAppInfo,[webcontainer, applications, app.manager],com.ibm.ws.app.manager.war.internal.resources.Messages,null]"
  _tc = class com.ibm.websphere.ras.TraceComponent@d179339
    strings[0] = "TraceComponent[com.ibm.ws.app.manager.module.internal.DeployedAppInfoBase,class com.ibm.ws.app.manager.module.internal.DeployedAppInfoBase,[app.manager],com.ibm.ws.app.manager.module.internal.resources.Messages,null]"
  PERMISSION_XML = "permissions.xml"
  applicationInformation = class com.ibm.ws.app.manager.internal.ApplicationInstallInfo@1a6af81d
    _config = class com.ibm.ws.app.manager.internal.ApplicationConfig@75dad3af
      tc = class com.ibm.websphere.ras.TraceComponent@108524b2
      _configPid = "com.ibm.ws.app.manager_65"
      _config = class com.ibm.ws.config.admin.ConfigurationDictionary@1fc5df0d
      _applicationManager = class com.ibm.ws.app.manager.ApplicationManager@26748e9b
      _location = "RegistrationAppWeb.war"
      _type = "war"
      _name = "RegistrationAppWeb"
      _notificationBroadcasterSupport = class javax.management.NotificationBroadcasterSupport@53b0abf2
      ONE_TIME_JANDEX_MSGS_DISPLAYED = true
    _handlerInfo = class java.util.concurrent.atomic.AtomicReference@77942618
      serialVersionUID = -1848883965231344442
      VALUE = class java.lang.invoke.VarHandleObjects$FieldInstanceReadWrite@207ba4d9
      value = class com.ibm.ws.app.manager.war.internal.WARDeployedAppInfo@7028e3ce
    _container = class java.util.concurrent.atomic.AtomicReference@4b079a1d
      serialVersionUID = -1848883965231344442
      VALUE = class java.lang.invoke.VarHandleObjects$FieldInstanceReadWrite@207ba4d9
      value = class com.ibm.ws.adaptable.module.internal.AdaptableContainerImpl@281f660b
    _resolvedLocation = class java.util.concurrent.atomic.AtomicReference@189c8d9e
      serialVersionUID = -1848883965231344442
      VALUE = class java.lang.invoke.VarHandleObjects$FieldInstanceReadWrite@207ba4d9
      value = class com.ibm.ws.kernel.service.location.internal.LocalFileResource@6ca6e200
    _handler = class com.ibm.ws.app.manager.war.internal.WARApplicationHandlerImpl@3b786289
      futureMonitor = class com.ibm.ws.threading.internal.FutureMonitorImpl@24fb1bba
      deployedAppFactory = class com.ibm.ws.app.manager.war.internal.WARDeployedAppInfoFactoryImpl@7070b827
      serialVersionUID = 4622845147410944782
      $$$tc$$$ = class com.ibm.websphere.ras.TraceComponent@5296c7a3
    _ami = class java.util.concurrent.atomic.AtomicReference@6d8a3718
      serialVersionUID = -1848883965231344442
      VALUE = class java.lang.invoke.VarHandleObjects$FieldInstanceReadWrite@207ba4d9
      value = class com.ibm.wsspi.application.handler.DefaultApplicationMonitoringInformation@12c3708a
    _updateHandler = class com.ibm.ws.app.manager.internal.statemachine.ApplicationStateMachineImpl@1aaa8fc6
      _tc = class com.ibm.websphere.ras.TraceComponent@40eb31de
      EMPTY_FUTURE_ARRAY = interface java.util.concurrent.Future[0]
      asmSequenceNumber = class java.util.concurrent.atomic.AtomicLong@2bc5b929
      _qscaCounter = class java.util.concurrent.atomic.AtomicInteger@7f5791df
      _failedThrowable = null
      _interruptibleLock = class com.ibm.ws.app.manager.internal.statemachine.ApplicationStateMachineImpl$2@176ec262
      _interruptible = false
      _performingQueuedActions = true
      _queuedActions = class java.util.concurrent.ConcurrentLinkedQueue@206f65d2
      _callbackState = class java.util.concurrent.atomic.AtomicReference@26659c07
      blockAppStartingFutures = class java.util.Collections$SetFromMap@657f287d
      waitingForAppHandlerFuture = class java.util.concurrent.atomic.AtomicReference@4639b62
      waitingForExplicitStartFuture = class java.util.concurrent.atomic.AtomicReference@5f793fc9
      completionListener = class java.util.concurrent.atomic.AtomicReference@55f60585
      _notifyAppStopped = class java.util.concurrent.ConcurrentLinkedQueue@49d6e386
      _notifyAppStarting = class java.util.concurrent.ConcurrentLinkedQueue@51f6c955
      _notifyAppInstallCalled = class java.util.concurrent.ConcurrentLinkedQueue@476733d5
      _notifyAppStarted = class java.util.concurrent.ConcurrentLinkedQueue@22d8cc91
      _notifyAppRemoved = class java.util.concurrent.ConcurrentLinkedQueue@5c6cd19f
      _stateLock = class com.ibm.ws.app.manager.internal.statemachine.ApplicationStateMachineImpl$3@3b370726
      _internalState = class java.util.concurrent.atomic.AtomicReference@45b0720e
      _currentAction = class java.util.concurrent.atomic.AtomicReference@21e8926d
      _rfa = class java.util.concurrent.atomic.AtomicReference@1b325fe6
      _appInstallInfo = class java.util.concurrent.atomic.AtomicReference@183f6591
      _update = class java.util.concurrent.atomic.AtomicBoolean@5e59449a
      _appConfig = class java.util.concurrent.atomic.AtomicReference@3b47cec6
      _nextAppConfig = class java.util.concurrent.atomic.AtomicReference@32036b27
      _appContainer = class java.util.concurrent.atomic.AtomicReference@51f3831b
      _resolvedLocation = class java.util.concurrent.atomic.AtomicReference@451a602b
      _handler = class java.util.concurrent.atomic.AtomicReference@402eb7b0
      _asmSeqNo = 0
      _ctx = class org.eclipse.osgi.internal.framework.BundleContextImpl@53d1dddc
      _locAdmin = class com.ibm.ws.kernel.service.location.internal.WsLocationAdminImpl@69dda6c1
      _futureMonitor = class com.ibm.ws.threading.internal.FutureMonitorImpl@24fb1bba
      _artifactFactory = class com.ibm.ws.artifact.internal.ArtifactContainerFactoryService@32f62c36
      _moduleFactory = class com.ibm.ws.adaptable.module.internal.AdaptableModuleFactoryImpl@3a40ddfa
      _executorService = class com.ibm.ws.threading.internal.ExecutorServiceImpl@7d09eef
      _scheduledExecutorService = class com.ibm.ws.threading.internal.ScheduledExecutorImpl@3bfdb7a
      _asmHelper = class com.ibm.ws.app.manager.internal.ApplicationConfigurator$NamedApplication@30d79c39
      _appMonitor = class com.ibm.ws.app.manager.internal.monitor.ApplicationMonitor@7fe5267c
      enterStateCalled = class java.util.concurrent.atomic.AtomicBoolean@7c71322a
      serialVersionUID = -1399093980790866556
      serialVersionUID = 5501066335104962649
      $$$tc$$$ = class com.ibm.websphere.ras.TraceComponent@3aee3df
    serialVersionUID = 2630639237123415755
    $$$tc$$$ = class com.ibm.websphere.ras.TraceComponent@43ff7db7
      strings[0] = "TraceComponent[com.ibm.ws.app.manager.internal.ApplicationInstallInfo,class com.ibm.ws.app.manager.internal.ApplicationInstallInfo,[applications, app.manager],com.ibm.ws.app.manager.internal.resources.AppManagerMessages,null]"
  location = "/Users/kurtrogiers/lab/wlp/usr/servers/defaultServer/apps/RegistrationAppWeb.war.xml"
  classLoadingService = class com.ibm.ws.classloading.internal.ClassLoadingServiceImpl@b8a5060
    tc = class com.ibm.websphere.ras.TraceComponent@7840b234
      strings[0] = "TraceComponent[com.ibm.ws.classloading.internal.ClassLoadingServiceImpl,class com.ibm.ws.classloading.internal.ClassLoadingServiceImpl,[ClassLoadingService],com.ibm.ws.classloading.internal.resources.ClassLoadingServiceMessages,null]"
    leakDetectionMap = class java.util.HashMap@50e3379e
      serialVersionUID = 362498820763181265
      DEFAULT_INITIAL_CAPACITY = 16
      MAXIMUM_CAPACITY = 1073741824
      DEFAULT_LOAD_FACTOR = 0.75
      TREEIFY_THRESHOLD = 8
      UNTREEIFY_THRESHOLD = 6
      MIN_TREEIFY_CAPACITY = 64
      table = null
      entrySet = null
      size = 0
      modCount = 0
      threshold = 0
      loadFactor = 0.75
      keySet = null
      values = null
    TCCL_LOCK_WAIT = 15000
    REFERENCE_GENERATORS = "generators"
    bundleContext = class org.eclipse.osgi.internal.framework.BundleContextImpl@4be003ce
      findHookName = "org.osgi.framework.hooks.bundle.FindHook"
      valid = true
      bundle = class org.eclipse.osgi.internal.framework.EquinoxBundle@741e046a
      container = class org.eclipse.osgi.internal.framework.EquinoxContainer@25eb2676
      debug = class org.eclipse.osgi.internal.debug.Debug@2da82398
      servicesInUse = class java.util.HashMap@7d4be4ef
      activator = null
      contextLock = class java.lang.Object@769dd261
    aclStore = class com.ibm.ws.classloading.internal.util.CanonicalStore@a54a355
      map = class java.util.concurrent.ConcurrentHashMap@5f0751dc
      q = class com.ibm.ws.classloading.internal.util.RefQueue@4873be76
      serialVersionUID = 6715157558227169968
      $$$tc$$$ = class com.ibm.websphere.ras.TraceComponent@279b8b75
    tcclStore = class com.ibm.ws.classloading.internal.util.CanonicalStore@27171445
      map = class java.util.concurrent.ConcurrentHashMap@65540bfe
      q = class com.ibm.ws.classloading.internal.util.RefQueue@4aa99a94
      serialVersionUID = 6715157558227169968
      $$$tc$$$ = class com.ibm.websphere.ras.TraceComponent@279b8b75
    tcclStoreLock = class java.util.concurrent.locks.ReentrantLock@66ee2635
      serialVersionUID = 7373984872572414699
      sync = class java.util.concurrent.locks.ReentrantLock$NonfairSync@2d175207
    digraph = class org.eclipse.equinox.internal.region.StandardRegionDigraph@2f78b2b1
      EMPTY_EDGE_SET = class java.util.Collections$UnmodifiableSet@5b8ca8c
      monitor = class java.lang.Object@6526995c
      regions = class java.util.HashMap@7034ed99
      bundleIdToRegionMapping = class org.eclipse.equinox.internal.region.StandardBundleIdToRegionMapping@45a10575
      edges = class java.util.HashMap@68e5be7
      bundleContext = class org.eclipse.osgi.internal.framework.BundleContextImpl@5c089b2f
      threadLocal = class java.lang.ThreadLocal@57b3ce13
      subgraphTraverser = class org.eclipse.equinox.internal.region.SubgraphTraverser@3ca959
      bundleCollisionHook = class org.eclipse.equinox.internal.region.hook.RegionBundleCollisionHook@4d7b8e86
      bundleEventHook = class org.eclipse.equinox.internal.region.hook.RegionBundleEventHook@395ea5ad
      bundleFindHook = class org.eclipse.equinox.internal.region.hook.RegionBundleFindHook@70d427c3
      serviceEventHook = class org.eclipse.equinox.internal.region.hook.RegionServiceEventHook@15472ee1
      serviceFindHook = class org.eclipse.equinox.internal.region.hook.RegionServiceFindHook@4599d71
      resolverHookFactory = class org.eclipse.equinox.internal.region.hook.RegionResolverHookFactory@4866239a
      origin = null
      originUpdateCount = -1
      updateCount = class java.util.concurrent.atomic.AtomicLong@19ddff6a
      defaultRegion = null
    redefiner = class com.ibm.ws.classloading.internal.util.ClassRedefiner@99e200
      tc = class com.ibm.websphere.ras.TraceComponent@3cff4c7
      LS = "
"
      inst = class com.ibm.ws.kernel.launch.internal.TraceInstrumentation@f02e2c
      serialVersionUID = 2420101865139508526
    listener = class com.ibm.ws.classloading.internal.ClassLoadingServiceImpl$1@1fb36b6a
      this$0 = class com.ibm.ws.classloading.internal.ClassLoadingServiceImpl@b8a5060
      serialVersionUID = -9159707349812113172
      $$$tc$$$ = class com.ibm.websphere.ras.TraceComponent@9752ecf
    classloaders = class java.util.Collections$SynchronizedMap@87b2927
      serialVersionUID = 1978198479659022715
      m = class java.util.HashMap@4957adc4
      mutex = class java.util.Collections$SynchronizedMap@87b2927
      keySet = null
      entrySet = null
      values = null
    resourceProviders = class com.ibm.ws.classloading.internal.CompositeResourceProvider@62fcefa3
      lockFactory = class java.util.concurrent.locks.ReentrantReadWriteLock@52749e7a
      providerMap = class com.ibm.ws.classloading.internal.util.MultiMap@2bf6c227
      serialVersionUID = -5576435894946156347
      $$$tc$$$ = class com.ibm.websphere.ras.TraceComponent@2a6411f1
    rememberedBundles = class java.util.concurrent.ConcurrentHashMap@2dba981e
      serialVersionUID = 7249069246763182397
      MAXIMUM_CAPACITY = 1073741824
      DEFAULT_CAPACITY = 16
      MAX_ARRAY_SIZE = 2147483639
      DEFAULT_CONCURRENCY_LEVEL = 16
      LOAD_FACTOR = 0.75
      TREEIFY_THRESHOLD = 8
      UNTREEIFY_THRESHOLD = 6
      MIN_TREEIFY_CAPACITY = 64
      MIN_TRANSFER_STRIDE = 16
      RESIZE_STAMP_BITS = 16
      MAX_RESIZERS = 65535
      RESIZE_STAMP_SHIFT = 16
      MOVED = -1
      TREEBIN = -2
      RESERVED = -3
      HASH_BITS = 2147483647
      NCPU = 12
      serialPersistentFields = class java.io.ObjectStreamField[3]
      table = class java.util.concurrent.ConcurrentHashMap$Node[16]
      nextTable = null
      baseCount = 1
      sizeCtl = 12
      transferIndex = 0
      cellsBusy = 0
      counterCells = null
      keySet = null
      values = null
      entrySet = null
      U = class jdk.internal.misc.Unsafe@6a9ffa5f
      SIZECTL = 20
      TRANSFERINDEX = 32
      BASECOUNT = 24
      CELLSBUSY = 36
      CELLVALUE = 144
      ABASE = 16
      ASHIFT = 2
      keySet = null
      values = null
    collectedBundles = class java.lang.ref.ReferenceQueue@29564ef8
      NULL = class java.lang.ref.ReferenceQueue$Null@5c7522c
      ENQUEUED = class java.lang.ref.ReferenceQueue$Null@2ababe0a
      lock = class java.lang.ref.ReferenceQueue$Lock@6b3d3246
      head = null
      queueLength = 0
      $assertionsDisabled = true
    generatorRefs = class com.ibm.wsspi.kernel.service.utils.ConcurrentServiceReferenceSet@783568e4
      referenceName = "generators"
      contextRef = class java.util.concurrent.atomic.AtomicReference@35c1ea96
      elementMap = class java.util.LinkedHashMap@7dbb4b4a
      elementSet = class java.util.concurrent.ConcurrentSkipListSet@4b8dd94
      elementSetUnsorted = false
      serialVersionUID = 756240983881166148
      $$$tc$$$ = class com.ibm.websphere.ras.TraceComponent@7372bbd
    generatorManager = class com.ibm.ws.classloading.internal.ClassGeneratorManager@7db111b6
      tc = class com.ibm.websphere.ras.TraceComponent@7177c76b
      generatorRefs = class com.ibm.wsspi.kernel.service.utils.ConcurrentServiceReferenceSet@783568e4
      serialVersionUID = 4152663586056483310
    appExtLibs = class java.util.concurrent.CopyOnWriteArrayList@4320c76
      serialVersionUID = 8673264195747942595
      lock = class java.lang.Object@7e6a271f
      array = class java.lang.Object[0]
    metaInfServicesProviders = class java.util.concurrent.ConcurrentHashMap@1f88b386
      serialVersionUID = 7249069246763182397
      MAXIMUM_CAPACITY = 1073741824
      DEFAULT_CAPACITY = 16
      MAX_ARRAY_SIZE = 2147483639
      DEFAULT_CONCURRENCY_LEVEL = 16
      LOAD_FACTOR = 0.75
      TREEIFY_THRESHOLD = 8
      UNTREEIFY_THRESHOLD = 6
      MIN_TREEIFY_CAPACITY = 64
      MIN_TRANSFER_STRIDE = 16
      RESIZE_STAMP_BITS = 16
      MAX_RESIZERS = 65535
      RESIZE_STAMP_SHIFT = 16
      MOVED = -1
      TREEBIN = -2
      RESERVED = -3
      HASH_BITS = 2147483647
      NCPU = 12
      serialPersistentFields = class java.io.ObjectStreamField[3]
      table = null
      nextTable = null
      baseCount = 0
      sizeCtl = 0
      transferIndex = 0
      cellsBusy = 0
      counterCells = null
      keySet = null
      values = null
      entrySet = null
      U = class jdk.internal.misc.Unsafe@6a9ffa5f
      SIZECTL = 20
      TRANSFERINDEX = 32
      BASECOUNT = 24
      CELLSBUSY = 36
      CELLVALUE = 144
      ABASE = 16
      ASHIFT = 2
      keySet = null
      values = null
    metaInfServicesRefs = class com.ibm.wsspi.kernel.service.utils.ConcurrentServiceReferenceMap@4c298adb
      referenceName = "MetaInfServicesProvider"
      context = class org.apache.felix.scr.impl.manager.ComponentContextImpl@33e94d53
      elementMap = class java.util.concurrent.ConcurrentHashMap@3ffb7bc1
      serialVersionUID = 6980924785166233786
      $$$tc$$$ = class com.ibm.websphere.ras.TraceComponent@54a0a6e7
    protectionDomainMap = class java.util.HashMap@39e00e49
      serialVersionUID = 362498820763181265
      DEFAULT_INITIAL_CAPACITY = 16
      MAXIMUM_CAPACITY = 1073741824
      DEFAULT_LOAD_FACTOR = 0.75
      TREEIFY_THRESHOLD = 8
      UNTREEIFY_THRESHOLD = 6
      MIN_TREEIFY_CAPACITY = 64
      table = null
      entrySet = null
      size = 0
      modCount = 0
      threshold = 0
      loadFactor = 0.75
      keySet = null
      values = null
    metadataIdentifierService = class com.ibm.ws.container.service.metadata.internal.MetaDataServiceImpl@24502dd7
    globalSharedLibrary = class java.util.concurrent.atomic.AtomicReference@2da5e4bf
      serialVersionUID = -1848883965231344442
      VALUE = class java.lang.invoke.VarHandleObjects$FieldInstanceReadWrite@207ba4d9
      value = null
    serialVersionUID = -1838778944052667322
  globalSharedLibrary = class com.ibm.ws.library.internal.SharedLibraryImpl@3a0b2dde
    tc = class com.ibm.websphere.ras.TraceComponent@5cf1d42e
      strings[0] = "TraceComponent[com.ibm.ws.library.internal.SharedLibraryImpl,class com.ibm.ws.library.internal.SharedLibraryImpl,[SharedLibrary],com.ibm.ws.classloading.internal.resources.ClassLoadingServiceMessages,null]"
    EMPTY_LIBRARY_LISTENERS = interface com.ibm.wsspi.library.LibraryChangeListener[0]
    deleted = false
    libraryListenersTracker = class org.osgi.util.tracker.ServiceTracker@27c6afa4
      DEBUG = false
      context = class org.eclipse.osgi.internal.framework.BundleContextImpl@4be003ce
      filter = class org.eclipse.osgi.internal.framework.FilterImpl@59e607c3
      customizer = class org.osgi.util.tracker.ServiceTracker@27c6afa4
      listenerFilter = "(&(objectClass=com.ibm.wsspi.library.LibraryChangeListener)(|(library=global)(libraryRef=*com.ibm.ws.classloading.sharedlibrary_55*)))"
      trackClass = null
      trackReference = null
      tracked = class org.osgi.util.tracker.ServiceTracker$Tracked@7b744ab5
      cachedReference = null
      cachedService = null
    libraryReg = class org.eclipse.osgi.internal.serviceregistry.ServiceRegistrationImpl@21d526c7
      registry = class org.eclipse.osgi.internal.serviceregistry.ServiceRegistry@70d2a2a4
      context = class org.eclipse.osgi.internal.framework.BundleContextImpl@4be003ce
      bundle = class org.eclipse.osgi.internal.framework.EquinoxBundle@741e046a
      clazzes = class java.lang.String[1]
      service = class com.ibm.ws.library.internal.SharedLibraryImpl@3a0b2dde
      reference = class org.eclipse.osgi.internal.serviceregistry.ServiceReferenceImpl@2b47168
      contextsUsing = class java.util.ArrayList@57e1ef46
      properties = class java.util.Collections$UnmodifiableMap@32c3a09c
      serviceid = 306
      serviceranking = 2
      registrationLock = class java.lang.Object@1711640f
      state = 0
      REGISTERED = 0
      UNREGISTERING = 1
      UNREGISTERED = 2
      FRAMEWORK_SET_SERVICE_PROPERTIES_COUNT = 4
      $assertionsDisabled = true
    ctx = class org.eclipse.osgi.internal.framework.BundleContextImpl@4be003ce
    classLoadingService = class com.ibm.ws.classloading.internal.ClassLoadingServiceImpl@b8a5060
    configAdmin = class com.ibm.ws.config.admin.internal.ConfigurationAdminImpl@284cc438
      tc = class com.ibm.websphere.ras.TraceComponent@2baccb6b
      bundle = class org.eclipse.osgi.internal.framework.EquinoxBundle@741e046a
      caFactory = class com.ibm.ws.config.admin.internal.ConfigAdminServiceFactory@4c3d1ae3
      serialVersionUID = 3160799878770679122
    resolvedBasePath = "/Users/kurtrogiers/lab/wlp/usr/servers/defaultServer/"
    generationLock = class com.ibm.ws.library.internal.SharedLibraryImpl$1@749b806e
      this$0 = class com.ibm.ws.library.internal.SharedLibraryImpl@3a0b2dde
      serialVersionUID = 2483639803450672373
      $$$tc$$$ = class com.ibm.websphere.ras.TraceComponent@2b4a97c9
    currentGeneration = class com.ibm.ws.library.internal.LibraryGeneration@46304688
      tc = class com.ibm.websphere.ras.TraceComponent@9ceced
      nextInt = class java.util.concurrent.atomic.AtomicInteger@23a5c6d2
      libraryId = "global"
      genId = 2
      libraryProps = class java.util.Hashtable@2325f823
      filesetRefs = class java.util.Collections$UnmodifiableRandomAccessList@714fff65
      apiTypeVisibility = class java.util.RegularEnumSet@4cd8c7b9
      files = class java.util.Collections$EmptyList@27f01993
      folders = class java.util.ArrayList@41c61ba6
      fileAndFolderContainers = class java.util.Collections$EmptyList@27f01993
      filesets = class java.util.concurrent.ArrayBlockingQueue@4d2e175d
      filesetListenerRegs = class java.util.concurrent.ConcurrentLinkedQueue@43947d4a
      cancelled = false
      library = class com.ibm.ws.library.internal.SharedLibraryImpl@3a0b2dde
      serialVersionUID = 6965220007121905717
    nextGeneration = class com.ibm.ws.library.internal.LibraryGeneration@46304688
    artifactContainerFactory = class com.ibm.ws.library.internal.SharedLibraryFactory$1@54197a65
      this$0 = class com.ibm.ws.library.internal.SharedLibraryFactory@306cc50
      serialVersionUID = 7730244564205089330
      $$$tc$$$ = class com.ibm.websphere.ras.TraceComponent@4e3038a0
    packageExporter = class com.ibm.ws.library.internal.LibraryPackageExporter@1aba09da
      EXPORTER_POSTFIX = "_library_exporter"
      REGION_EXPORT_TO_LIBERTY = "liberty.library.export.to.liberty"
      REGION_EXPORT_TO_OSGI_APPS = "liberty.library.export.to.osgi.app"
      REGION_KERNEL = "org.eclipse.equinox.region.kernel"
      counter = class java.util.concurrent.atomic.AtomicLong@e8586ac
      context = class org.eclipse.osgi.internal.framework.BundleContextImpl@4be003ce
      digraph = class org.eclipse.equinox.internal.region.StandardRegionDigraph@2f78b2b1
      bundleToLibrary = class java.util.concurrent.ConcurrentHashMap@326dddf4
      libraryToVisibility = class java.util.concurrent.ConcurrentHashMap@449c128d
      serialVersionUID = 8074378969667956573
      $$$tc$$$ = class com.ibm.websphere.ras.TraceComponent@65bbed1b
    serialVersionUID = 6288237618632180389
  sharedLibDeploymentInfo = class com.ibm.ws.app.manager.module.internal.DeployedAppInfoBase$SharedLibDeploymentInfo@7f0ac5d3
    bundleContext = class org.eclipse.osgi.internal.framework.BundleContextImpl@343e4006
      findHookName = "org.osgi.framework.hooks.bundle.FindHook"
      valid = true
      bundle = class org.eclipse.osgi.internal.framework.EquinoxBundle@7422cb7e
      container = class org.eclipse.osgi.internal.framework.EquinoxContainer@25eb2676
      debug = class org.eclipse.osgi.internal.debug.Debug@2da82398
      servicesInUse = class java.util.HashMap@1f2a90ce
      activator = null
      contextLock = class java.lang.Object@1fcb2014
    locAdmin = class com.ibm.ws.kernel.service.location.internal.WsLocationAdminImpl@69dda6c1
      tc = class com.ibm.websphere.ras.TraceComponent@1ebd0937
      LOC_INTERNAL_LIB_DIR = "wlp.lib.dir"
      LOC_AREA_NAME_APPS = "shared/apps/"
      LOC_AREA_NAME_CONFIG = "shared/config/"
      LOC_AREA_NAME_RESC = "shared/resources/"
      LOC_AREA_NAME_STATE = "logs/state/"
      LOC_AREA_NAME_SERVERS = "servers/"
      LOC_AREA_NAME_CLIENTS = "clients/"
      LOC_AREA_NAME_WORKING = "workarea/"
      LOC_AREA_NAME_EXTENSION = "extension/"
      instance = class com.ibm.ws.staticvalue.StaticValue$FinalSingleton@35116218
      installRoot = class com.ibm.ws.kernel.service.location.internal.SymbolicRootResource@6c21de42
      installParentRoot = class com.ibm.ws.kernel.service.location.internal.SymbolicRootResource@1b05f757
      userRoot = class com.ibm.ws.kernel.service.location.internal.SymbolicRootResource@62e4c6a4
      usrExtensionRoot = class com.ibm.ws.kernel.service.location.internal.SymbolicRootResource@5cdb6942
      serverConfigDir = class com.ibm.ws.kernel.service.location.internal.SymbolicRootResource@3eea7f55
      serverOutputDir = class com.ibm.ws.kernel.service.location.internal.SymbolicRootResource@3eea7f55
      bootstrapLib = class com.ibm.ws.kernel.service.location.internal.LocalFileResource@a619890
      serverWorkarea = class com.ibm.ws.kernel.service.location.internal.LocalFileResource@4ef4be9e
      serverState = class com.ibm.ws.kernel.service.location.internal.LocalFileResource@49e24f7b
      sharedAppsRoot = class com.ibm.ws.kernel.service.location.internal.SymbolicRootResource@241f81c5
      sharedConfigRoot = class com.ibm.ws.kernel.service.location.internal.SymbolicRootResource@223c28ce
      sharedResourceRoot = class com.ibm.ws.kernel.service.location.internal.SymbolicRootResource@49576259
      tmpRoot = class com.ibm.ws.kernel.service.location.internal.SymbolicRootResource@1295659f
      serverName = "defaultServer"
      resourcePaths = class java.util.ArrayList@4adcdfa1
      resourceGroups = class java.util.HashMap@965f46c
      commonRoot = class com.ibm.ws.kernel.service.location.internal.VirtualRootResource@7bd20ab3
      serialVersionUID = 7766352982799267432
    artifactFactory = class com.ibm.ws.artifact.internal.ArtifactContainerFactoryService@32f62c36
      CATEGORY_PROP_NAME = "category"
      ENTRY_KEY = "com.ibm.wsspi.artifact.ArtifactEntry"
      helperMap = class com.ibm.wsspi.kernel.service.utils.ConcurrentServiceReferenceSetMap@31c02290
      contributorMap = class com.ibm.wsspi.kernel.service.utils.ConcurrentServiceReferenceSetMap@69e9701d
      helperCategoryMap = class com.ibm.wsspi.kernel.service.utils.ConcurrentServiceReferenceSetMap@26b65c1
      contributorCategoryMap = class com.ibm.wsspi.kernel.service.utils.ConcurrentServiceReferenceSetMap@3326b06
      categories = class java.util.Collections$SynchronizedSet@33d61d52
      baseProperties = class org.apache.felix.scr.impl.helper.ReadOnlyDictionary@119deaad
      serialVersionUID = -3101641399269402013
      $$$tc$$$ = class com.ibm.websphere.ras.TraceComponent@1c78a127
    moduleFactory = class com.ibm.ws.adaptable.module.internal.AdaptableModuleFactoryImpl@3a40ddfa
      adapterFactoryService = class com.ibm.ws.adaptable.module.internal.AdapterFactoryServiceImpl@69f00c78
      containerFactory = class com.ibm.ws.artifact.internal.ArtifactContainerFactoryService@32f62c36
      overlayContainerFactory = class com.ibm.ws.artifact.overlay.internal.OverlayContainerFactoryImpl@54cc9cc5
      serialVersionUID = 4200251809856292987
      $$$tc$$$ = class com.ibm.websphere.ras.TraceComponent@2ae3debb
    classesContainerInfo = class java.util.ArrayList@425a349f
      serialVersionUID = 8683452581122892189
      DEFAULT_CAPACITY = 10
      EMPTY_ELEMENTDATA = class java.lang.Object[0]
      DEFAULTCAPACITY_EMPTY_ELEMENTDATA = class java.lang.Object[0]
      elementData = class java.lang.Object[0]
      size = 0
      MAX_ARRAY_SIZE = 2147483639
      modCount = 0
      MAX_ARRAY_SIZE = 2147483639
    serialVersionUID = -9033256786848720484
    $$$tc$$$ = class com.ibm.websphere.ras.TraceComponent@7dd06858
      strings[0] = "TraceComponent[com.ibm.ws.app.manager.module.internal.DeployedAppInfoBase$SharedLibDeploymentInfo,class com.ibm.ws.app.manager.module.internal.DeployedAppInfoBase$SharedLibDeploymentInfo,[applications, app.manager],,null]"
  futureMonitor = class com.ibm.ws.threading.internal.FutureMonitorImpl@24fb1bba
    _monitor = class java.util.concurrent.ConcurrentLinkedQueue@4801c032
      serialVersionUID = 196745693267521676
      head = class java.util.concurrent.ConcurrentLinkedQueue$Node@33a04920
      tail = class java.util.concurrent.ConcurrentLinkedQueue$Node@33a04920
      MAX_HOPS = 8
      HEAD = class java.lang.invoke.VarHandleObjects$FieldInstanceReadWrite@483f90d4
      TAIL = class java.lang.invoke.VarHandleObjects$FieldInstanceReadWrite@23539cf2
      ITEM = class java.lang.invoke.VarHandleObjects$FieldInstanceReadWrite@70dc3d2a
      NEXT = class java.lang.invoke.VarHandleObjects$FieldInstanceReadWrite@606ce421
      MAX_ARRAY_SIZE = 2147483639
    _executor = class com.ibm.ws.threading.internal.ScheduledExecutorImpl@3bfdb7a
      threadGroupName = "Scheduled Executor Thread Group"
      executor = class com.ibm.ws.threading.internal.ExecutorServiceImpl@7d09eef
      serialVersionUID = -9110693807503469597
      $$$tc$$$ = class com.ibm.websphere.ras.TraceComponent@2b660e49
      continueExistingPeriodicTasksAfterShutdown = false
      executeExistingDelayedTasksAfterShutdown = true
      removeOnCancel = false
      sequencer = class java.util.concurrent.atomic.AtomicLong@6937d6fa
      DEFAULT_KEEPALIVE_MILLIS = 10
      ctl = class java.util.concurrent.atomic.AtomicInteger@569e467a
      COUNT_BITS = 29
      COUNT_MASK = 536870911
      RUNNING = -536870912
      SHUTDOWN = 0
      STOP = 536870912
      TIDYING = 1073741824
      TERMINATED = 1610612736
      workQueue = class java.util.concurrent.ScheduledThreadPoolExecutor$DelayedWorkQueue@5719164c
      mainLock = class java.util.concurrent.locks.ReentrantLock@22daa390
      workers = class java.util.HashSet@758d2137
      termination = class java.util.concurrent.locks.AbstractQueuedSynchronizer$ConditionObject@5184046a
      largestPoolSize = 1
      completedTaskCount = 0
      threadFactory = class com.ibm.ws.threading.internal.ThreadFactoryImpl@39013f15
      handler = class java.util.concurrent.ThreadPoolExecutor$AbortPolicy@2519359b
      keepAliveTime = 10000000
      allowCoreThreadTimeOut = false
      corePoolSize = 1
      maximumPoolSize = 2147483647
      defaultHandler = class java.util.concurrent.ThreadPoolExecutor$AbortPolicy@2519359b
      shutdownPerm = class java.lang.RuntimePermission@54cfc206
      ONLY_ONE = true
      $assertionsDisabled = true
    _threadRunning = class java.util.concurrent.atomic.AtomicBoolean@58fbe86f
      serialVersionUID = 4654671469794556979
      VALUE = class java.lang.invoke.VarHandleInts$FieldInstanceReadWrite@287ba9a6
      value = 0
    _thread = class com.ibm.ws.threading.internal.FutureMonitorImpl$1@5b4452af
      this$0 = class com.ibm.ws.threading.internal.FutureMonitorImpl@24fb1bba
      serialVersionUID = 2422512430832938099
      $$$tc$$$ = class com.ibm.websphere.ras.TraceComponent@6bd6d7e9
    serialVersionUID = 2765238413969174390
    $$$tc$$$ = class com.ibm.websphere.ras.TraceComponent@3c0071e1
      strings[0] = "TraceComponent[com.ibm.ws.threading.internal.FutureMonitorImpl,class com.ibm.ws.threading.internal.FutureMonitorImpl,[Threading],com.ibm.ws.threading.internal.resources.ThreadingMessages,null]"
  configAdmin = class com.ibm.ws.config.admin.internal.ConfigurationAdminImpl@1e407d12
    tc = class com.ibm.websphere.ras.TraceComponent@2baccb6b
      strings[0] = "TraceComponent[com.ibm.ws.config.admin.internal.ConfigurationAdminImpl,class com.ibm.ws.config.admin.internal.ConfigurationAdminImpl,[config],com.ibm.ws.config.internal.resources.ConfigMessages,null]"
    bundle = class org.eclipse.osgi.internal.framework.EquinoxBundle@7422cb7e
      equinoxContainer = class org.eclipse.osgi.internal.framework.EquinoxContainer@25eb2676
      module = class org.eclipse.osgi.internal.framework.EquinoxBundle$EquinoxModule@6d6907e2
      monitor = class java.lang.Object@1924be06
      context = class org.eclipse.osgi.internal.framework.BundleContextImpl@343e4006
      signerInfos = null
      $SWITCH_TABLE$org$eclipse$osgi$container$Module$State = {1,2,3,4,5,6,7} /* array length = 7 */
    caFactory = class com.ibm.ws.config.admin.internal.ConfigAdminServiceFactory@4c3d1ae3
      tc = class com.ibm.websphere.ras.TraceComponent@1d53f9e8
      configurationPermission = class org.osgi.service.cm.ConfigurationPermission@1d696d17
      INDEX_DICTIONARY = 0
      INDEX_LOCATION = 1
      INDEX_METATYPE_PROCESSED = 2
      INDEX_IN_OVERRIDES_FILE = 3
      INDEX_REFERENCES = 4
      INDEX_UNIQUES = 5
      bundleContext = class org.eclipse.osgi.internal.framework.BundleContextImpl@372576e2
      msTracker = class com.ibm.ws.config.admin.internal.ManagedServiceTracker@69f03e40
      msfTracker = class com.ibm.ws.config.admin.internal.ManagedServiceFactoryTracker@d258476
      pluginManager = class com.ibm.ws.config.admin.internal.PluginManager@1a3568bf
      configurationStore = class com.ibm.ws.config.admin.internal.ConfigurationStore@4c62af3b
      updateQueue = class com.ibm.ws.config.admin.internal.UpdateQueue@24888ac9
      ced = class com.ibm.ws.config.admin.internal.ConfigEventDispatcher@5afbc1a
      idMap = class java.util.Collections$SynchronizedMap@34ee5c80
      referenceMap = class java.util.Collections$SynchronizedMap@6d2c3651
      variableRegistryTracker = class org.osgi.util.tracker.ServiceTracker@d9237ff
      variableRegistry = class com.ibm.ws.kernel.service.location.internal.VariableRegistryHelper@75a5053b
      configurationAdminRef = class org.eclipse.osgi.internal.serviceregistry.ServiceRegistrationImpl@25550115
      serialVersionUID = 6695202270027014725
    serialVersionUID = 3160799878770679122
  libraryConfigHelper = class com.ibm.ws.classloading.ClassLoaderConfigHelper@8dcf8fc
    tc = class com.ibm.websphere.ras.TraceComponent@37fb884c
      strings[0] = "TraceComponent[com.ibm.ws.classloading.ClassLoaderConfigHelper,class com.ibm.ws.classloading.ClassLoaderConfigHelper,[ClassLoadingService],com.ibm.ws.classloading.internal.resources.ClassLoadingServiceMessages,null]"
    DEFAULT_API_TYPES = class java.util.RegularEnumSet@54273906
      serialVersionUID = 3411599620347842686
      elements = 23
      elementType = class java.lang.Class@7ca58ea6
      universe = class com.ibm.wsspi.classloading.ApiType[5]
      MAX_ARRAY_SIZE = 2147483639
    sharedLibraries = class java.util.Collections$EmptyList@27f01993
      serialVersionUID = 8842843931221139166
      modCount = 0
      MAX_ARRAY_SIZE = 2147483639
    commonLibraries = class java.util.Collections$EmptyList@27f01993
    classProviders = class java.util.Collections$EmptyList@27f01993
    sharedLibrariesPids = null
    commonLibrariesPids = null
    isDelegateLast = false
    apiTypes = class java.util.RegularEnumSet@54273906
    classLoaderConfigProps = null
    serialVersionUID = 7643888529935916418
  isDelegateLast = false
  permissionManager = class com.ibm.ws.classloading.java2sec.PermissionManager@26a83ad5
    tc = class com.ibm.websphere.ras.TraceComponent@7484a920
      strings[0] = "TraceComponent[com.ibm.ws.classloading.java2sec.PermissionManager,class com.ibm.ws.classloading.java2sec.PermissionManager,[Java2SecurityUtil],com.ibm.ws.classloading.internal.resources.Java2SecurityUtilMessages,null]"
    classLoadingService = class com.ibm.ws.classloading.internal.ClassLoadingServiceImpl@b8a5060
    DEFAULT_SERVER_RESTRICTABLE_PERMISSIONS = class java.security.Permission[4]
      Permission[0] = class java.lang.RuntimePermission@262e2ccd
      Permission[1] = class java.lang.RuntimePermission@6b03f5c8
      Permission[2] = class java.security.SecurityPermission@22043b5
      Permission[3] = class javax.security.auth.AuthPermission@57ef2858
    DEFAULT_CLIENT_RESTRICTABLE_PERMISSIONS = class java.security.Permission[3]
      Permission[0] = class java.lang.RuntimePermission@ee1ad4c
      Permission[1] = class java.security.SecurityPermission@43cb345b
      Permission[2] = class javax.security.auth.AuthPermission@543bfcc3
    isServer = true
    wsjarUrlStreamHandlerAvailable = true
    restrictablePermissions = class java.util.ArrayList@5c87cb5f
      serialVersionUID = 8683452581122892189
      DEFAULT_CAPACITY = 10
      EMPTY_ELEMENTDATA = class java.lang.Object[0]
      DEFAULTCAPACITY_EMPTY_ELEMENTDATA = class java.lang.Object[0]
      elementData = class java.lang.Object[10]
      size = 4
      MAX_ARRAY_SIZE = 2147483639
      modCount = 4
      MAX_ARRAY_SIZE = 2147483639
    grantedPermissions = class java.util.ArrayList@4feae29c
      serialVersionUID = 8683452581122892189
      DEFAULT_CAPACITY = 10
      EMPTY_ELEMENTDATA = class java.lang.Object[0]
      DEFAULTCAPACITY_EMPTY_ELEMENTDATA = class java.lang.Object[0]
      elementData = class java.lang.Object[10]
      size = 1
      MAX_ARRAY_SIZE = 2147483639
      modCount = 1
      MAX_ARRAY_SIZE = 2147483639
    KEY_PERMISSION = "permission"
    INCORRECT_PERMISSION_CONFIGURATION = "INCORRECT_PERMISSION_CONFIGURATION"
    PERMISSION_CLASSNOTFOUND = "PERMISSION_CLASSNOTFOUND"
    SERVER_XML = "server.xml"
    CLIENT_XML = "client.xml"
    originationFile = "server.xml"
    permissions = class com.ibm.wsspi.kernel.service.utils.ConcurrentServiceReferenceSet@3220ead9
      referenceName = "permission"
      contextRef = class java.util.concurrent.atomic.AtomicReference@23ca9e0e
      elementMap = class java.util.LinkedHashMap@7e9bcb91
      elementSet = class java.util.concurrent.ConcurrentSkipListSet@7e182c4
      elementSetUnsorted = false
      serialVersionUID = 756240983881166148
      $$$tc$$$ = class com.ibm.websphere.ras.TraceComponent@7372bbd
    codeBasePermissionMap = class java.util.HashMap@1a2202e5
      serialVersionUID = 362498820763181265
      DEFAULT_INITIAL_CAPACITY = 16
      MAXIMUM_CAPACITY = 1073741824
      DEFAULT_LOAD_FACTOR = 0.75
      TREEIFY_THRESHOLD = 8
      UNTREEIFY_THRESHOLD = 6
      MIN_TREEIFY_CAPACITY = 64
      table = null
      entrySet = null
      size = 0
      modCount = 0
      threshold = 0
      loadFactor = 0.75
      keySet = class java.util.HashMap$KeySet@3811a62c
      values = null
    permissionXMLPermissionMap = class java.util.HashMap@781defcd
      serialVersionUID = 362498820763181265
      DEFAULT_INITIAL_CAPACITY = 16
      MAXIMUM_CAPACITY = 1073741824
      DEFAULT_LOAD_FACTOR = 0.75
      TREEIFY_THRESHOLD = 8
      UNTREEIFY_THRESHOLD = 6
      MIN_TREEIFY_CAPACITY = 64
      table = null
      entrySet = null
      size = 0
      modCount = 0
      threshold = 0
      loadFactor = 0.75
      keySet = null
      values = null
    serialVersionUID = -5043611968709568417
  permissionsConfig = null
  serialVersionUID = 5168023053972273360
  appInfo = class com.ibm.ws.container.service.app.deploy.internal.ApplicationInfoImpl@263c44f
    appName = "RegistrationAppWeb"
    appMetaData = class com.ibm.ws.container.service.app.deploy.internal.ApplicationMetaDataImpl@69cfc5a2
      j2eeName = class com.ibm.ws.container.service.metadata.internal.J2EENameImpl@66a60170
      serialVersionUID = -7906531148367236579
      $$$tc$$$ = class com.ibm.websphere.ras.TraceComponent@6e13003c
      tc = class com.ibm.websphere.ras.TraceComponent@581e0509
      NUM_STATIC_SLOTS = 4
      ID_UNINITIALIZED = -1
      id = 0
      metaDataInterface = class java.lang.Class@7ed6aa7
      staticSlots = class java.lang.Object[4]
      dynamicSlots = class java.lang.Object[4]
    appContainer = class com.ibm.ws.adaptable.module.internal.AdaptableContainerImpl@281f660b
      root = class com.ibm.ws.adaptable.module.internal.AdaptableContainerImpl@281f660b
      rootOverlay = class com.ibm.ws.artifact.overlay.internal.DirectoryBasedOverlayContainerImpl@2db5ef3b
      factoryHolder = class com.ibm.ws.adaptable.module.internal.AdaptableModuleFactoryImpl@3a40ddfa
      delegate = class com.ibm.ws.artifact.overlay.internal.DirectoryBasedOverlayContainerImpl@2db5ef3b
      notifier = class com.ibm.ws.adaptable.module.internal.NotifierImpl@383d6ea5
      serialVersionUID = -5621513278641113667
      $$$tc$$$ = class com.ibm.websphere.ras.TraceComponent@425cc664
    configHelper = class com.ibm.ws.app.manager.module.ApplicationNestedConfigHelper@b212bdc
      appInfo = class com.ibm.ws.app.manager.internal.ApplicationInstallInfo@1a6af81d
      serialVersionUID = -3174031738676705046
      $$$tc$$$ = class com.ibm.websphere.ras.TraceComponent@74f4f04a
    applicationInformation = class com.ibm.ws.app.manager.internal.ApplicationInstallInfo@1a6af81d
    serialVersionUID = -505303337196743781
    $$$tc$$$ = class com.ibm.websphere.ras.TraceComponent@3d12201e
      strings[0] = "TraceComponent[com.ibm.ws.container.service.app.deploy.internal.ApplicationInfoImpl,class com.ibm.ws.container.service.app.deploy.internal.ApplicationInfoImpl,[container.service],com.ibm.ws.container.service.resources.Messages,null]"
  modulesDeployed = class java.util.ArrayList@719c8904
    serialVersionUID = 8683452581122892189
    DEFAULT_CAPACITY = 10
    EMPTY_ELEMENTDATA = class java.lang.Object[0]
    DEFAULTCAPACITY_EMPTY_ELEMENTDATA = class java.lang.Object[0]
    elementData = class java.lang.Object[10]
      Object[0] = class com.ibm.ws.app.manager.module.internal.DeployedModuleInfoImpl@67386dbf
      Object[1] = null
      Object[2] = null
      Object[3] = null
      Object[4] = null
      Object[5] = null
      Object[6] = null
      Object[7] = null
      Object[8] = null
      Object[9] = null
    size = 1
    MAX_ARRAY_SIZE = 2147483639
    modCount = 1
    MAX_ARRAY_SIZE = 2147483639
  starting = true
  started = false
  appInfoFactory = class com.ibm.ws.container.service.app.deploy.internal.ApplicationInfoFactoryImpl@34e1d974
    j2eeNameFactory = class com.ibm.wsspi.kernel.service.utils.AtomicServiceReference@320a6213
      referenceName = "j2eeNameFactory"
      tuple = class java.util.concurrent.atomic.AtomicReference@6ecc2aec
      serialVersionUID = 2226592364007985000
      $$$tc$$$ = class com.ibm.websphere.ras.TraceComponent@11cd8d99
    names = class java.util.HashSet@76ca66dc
      serialVersionUID = -5024744406713321676
      map = class java.util.HashMap@360f78b4
      PRESENT = class java.lang.Object@21b2810b
      MAX_ARRAY_SIZE = 2147483639
    serialVersionUID = 7443990212682384945
    $$$tc$$$ = class com.ibm.websphere.ras.TraceComponent@73c349b5
      strings[0] = "TraceComponent[com.ibm.ws.container.service.app.deploy.internal.ApplicationInfoFactoryImpl,class com.ibm.ws.container.service.app.deploy.internal.ApplicationInfoFactoryImpl,[container.service],com.ibm.ws.container.service.resources.Messages,null]"
  metaDataService = class com.ibm.ws.container.service.metadata.internal.MetaDataServiceImpl@24502dd7
    applicationMetaDataManager = class com.ibm.ws.container.service.metadata.internal.ApplicationMetaDataManager@17809c9f
      serialVersionUID = 1843747281024490904
      $$$tc$$$ = class com.ibm.websphere.ras.TraceComponent@77dc94f1
      listeners = class com.ibm.wsspi.kernel.service.utils.ConcurrentServiceReferenceSet@41a4b0e9
      metaDataIDs = class com.ibm.ws.container.service.metadata.internal.IndexList@5d8995ce
      metaDatas = class java.util.ArrayList@108e8c13
      slotIDs = class com.ibm.ws.container.service.metadata.internal.IndexList@1f9a4fa4
      serialVersionUID = 5464421863354792977
      $$$tc$$$ = class com.ibm.websphere.ras.TraceComponent@15ab408
    moduleMetaDataManager = class com.ibm.ws.container.service.metadata.internal.ModuleMetaDataManager@58542c64
      serialVersionUID = 2513574389899327209
      $$$tc$$$ = class com.ibm.websphere.ras.TraceComponent@5cf4997
      listeners = class com.ibm.wsspi.kernel.service.utils.ConcurrentServiceReferenceSet@1375a6fd
      metaDataIDs = class com.ibm.ws.container.service.metadata.internal.IndexList@378464b9
      metaDatas = class java.util.ArrayList@15ca823a
      slotIDs = class com.ibm.ws.container.service.metadata.internal.IndexList@d5c4438
      serialVersionUID = 5464421863354792977
      $$$tc$$$ = class com.ibm.websphere.ras.TraceComponent@15ab408
    componentMetaDataManager = class com.ibm.ws.container.service.metadata.internal.ComponentMetaDataManager@35d6d161
      serialVersionUID = 8629793739641703882
      $$$tc$$$ = class com.ibm.websphere.ras.TraceComponent@557f8531
      listeners = class com.ibm.wsspi.kernel.service.utils.ConcurrentServiceReferenceSet@157c241e
      metaDataIDs = class com.ibm.ws.container.service.metadata.internal.IndexList@2a9552af
      metaDatas = class java.util.ArrayList@55a0f319
      slotIDs = class com.ibm.ws.container.service.metadata.internal.IndexList@578d54e9
      serialVersionUID = 5464421863354792977
      $$$tc$$$ = class com.ibm.websphere.ras.TraceComponent@15ab408
    methodMetaDataManager = class com.ibm.ws.container.service.metadata.internal.MethodMetaDataManager@124d7ac9
      serialVersionUID = -3308748211841563417
      $$$tc$$$ = class com.ibm.websphere.ras.TraceComponent@962f07
      listeners = class com.ibm.wsspi.kernel.service.utils.ConcurrentServiceReferenceSet@6a370bec
      metaDataIDs = class com.ibm.ws.container.service.metadata.internal.IndexList@334fd5fd
      metaDatas = class java.util.ArrayList@414501fc
      slotIDs = class com.ibm.ws.container.service.metadata.internal.IndexList@741421c8
      serialVersionUID = 5464421863354792977
      $$$tc$$$ = class com.ibm.websphere.ras.TraceComponent@15ab408
    appModuleNameToModuleContainer = class java.util.concurrent.ConcurrentHashMap@13a787b
      serialVersionUID = 7249069246763182397
      MAXIMUM_CAPACITY = 1073741824
      DEFAULT_CAPACITY = 16
      MAX_ARRAY_SIZE = 2147483639
      DEFAULT_CONCURRENCY_LEVEL = 16
      LOAD_FACTOR = 0.75
      TREEIFY_THRESHOLD = 8
      UNTREEIFY_THRESHOLD = 6
      MIN_TREEIFY_CAPACITY = 64
      MIN_TRANSFER_STRIDE = 16
      RESIZE_STAMP_BITS = 16
      MAX_RESIZERS = 65535
      RESIZE_STAMP_SHIFT = 16
      MOVED = -1
      TREEBIN = -2
      RESERVED = -3
      HASH_BITS = 2147483647
      NCPU = 12
      serialPersistentFields = class java.io.ObjectStreamField[3]
      table = null
      nextTable = null
      baseCount = 0
      sizeCtl = 0
      transferIndex = 0
      cellsBusy = 0
      counterCells = null
      keySet = null
      values = null
      entrySet = null
      U = class jdk.internal.misc.Unsafe@6a9ffa5f
      SIZECTL = 20
      TRANSFERINDEX = 32
      BASECOUNT = 24
      CELLSBUSY = 36
      CELLVALUE = 144
      ABASE = 16
      ASHIFT = 2
      keySet = null
      values = null
    jeeNameToComponentMetaData = class java.util.concurrent.ConcurrentHashMap@78744334
      serialVersionUID = 7249069246763182397
      MAXIMUM_CAPACITY = 1073741824
      DEFAULT_CAPACITY = 16
      MAX_ARRAY_SIZE = 2147483639
      DEFAULT_CONCURRENCY_LEVEL = 16
      LOAD_FACTOR = 0.75
      TREEIFY_THRESHOLD = 8
      UNTREEIFY_THRESHOLD = 6
      MIN_TREEIFY_CAPACITY = 64
      MIN_TRANSFER_STRIDE = 16
      RESIZE_STAMP_BITS = 16
      MAX_RESIZERS = 65535
      RESIZE_STAMP_SHIFT = 16
      MOVED = -1
      TREEBIN = -2
      RESERVED = -3
      HASH_BITS = 2147483647
      NCPU = 12
      serialPersistentFields = class java.io.ObjectStreamField[3]
      table = null
      nextTable = null
      baseCount = 0
      sizeCtl = 0
      transferIndex = 0
      cellsBusy = 0
      counterCells = null
      keySet = null
      values = null
      entrySet = null
      U = class jdk.internal.misc.Unsafe@6a9ffa5f
      SIZECTL = 20
      TRANSFERINDEX = 32
      BASECOUNT = 24
      CELLSBUSY = 36
      CELLVALUE = 144
      ABASE = 16
      ASHIFT = 2
      keySet = null
      values = null
    deferredMetaDataFactories = class com.ibm.wsspi.kernel.service.utils.ConcurrentServiceReferenceSet@7b2ac882
      referenceName = "deferredMetaDataFactory"
      contextRef = class java.util.concurrent.atomic.AtomicReference@36232e30
      elementMap = class java.util.LinkedHashMap@6b8ffc4
      elementSet = class java.util.concurrent.ConcurrentSkipListSet@255b7c9b
      elementSetUnsorted = false
      serialVersionUID = 756240983881166148
      $$$tc$$$ = class com.ibm.websphere.ras.TraceComponent@7372bbd
    deferredMetaDataInitializers = class com.ibm.wsspi.kernel.service.utils.ConcurrentServiceReferenceMap@2c86e1c
      referenceName = "deferredMetaDataFactory"
      context = class org.apache.felix.scr.impl.manager.ComponentContextImpl@726844c6
      elementMap = class java.util.concurrent.ConcurrentHashMap@48c78547
      serialVersionUID = 6980924785166233786
      $$$tc$$$ = class com.ibm.websphere.ras.TraceComponent@54a0a6e7
    serialVersionUID = -2494605732980966097
    $$$tc$$$ = class com.ibm.websphere.ras.TraceComponent@50f4d092
      strings[0] = "TraceComponent[com.ibm.ws.container.service.metadata.internal.MetaDataServiceImpl,class com.ibm.ws.container.service.metadata.internal.MetaDataServiceImpl,[Runtime],,null]"
  stateChangeService = class com.ibm.ws.container.service.state.internal.StateChangeServiceImpl@1b2a061b
    applicationStateManager = class com.ibm.ws.container.service.state.internal.ApplicationStateManager@4b2f825a
      serialVersionUID = -6685368059484454124
      $$$tc$$$ = class com.ibm.websphere.ras.TraceComponent@474bd61d
      listeners = class com.ibm.wsspi.kernel.service.utils.ConcurrentServiceReferenceSet@649f3fce
      serialVersionUID = 2284273176985484160
      $$$tc$$$ = class com.ibm.websphere.ras.TraceComponent@2f9056ce
    moduleStateManager = class com.ibm.ws.container.service.state.internal.ModuleStateManager@4ebf9f97
      serialVersionUID = -5540260902341249963
      $$$tc$$$ = class com.ibm.websphere.ras.TraceComponent@2abc4f88
      listeners = class com.ibm.wsspi.kernel.service.utils.ConcurrentServiceReferenceSet@643037b8
      serialVersionUID = 2284273176985484160
      $$$tc$$$ = class com.ibm.websphere.ras.TraceComponent@2f9056ce
    serialVersionUID = -537917915330350560
    $$$tc$$$ = class com.ibm.websphere.ras.TraceComponent@50ce60e6
      strings[0] = "TraceComponent[com.ibm.ws.container.service.state.internal.StateChangeServiceImpl,class com.ibm.ws.container.service.state.internal.StateChangeServiceImpl,[Runtime],,null]"
  moduleClassesInfo = class com.ibm.ws.app.manager.module.internal.SimpleDeployedAppInfoBase$ModuleClassesInfoProvider@572e55e2
    entryContainerInfosMap = class java.util.HashMap@7714557a
      serialVersionUID = 362498820763181265
      DEFAULT_INITIAL_CAPACITY = 16
      MAXIMUM_CAPACITY = 1073741824
      DEFAULT_LOAD_FACTOR = 0.75
      TREEIFY_THRESHOLD = 8
      UNTREEIFY_THRESHOLD = 6
      MIN_TREEIFY_CAPACITY = 64
      table = null
      entrySet = null
      size = 0
      modCount = 0
      threshold = 0
      loadFactor = 0.75
      keySet = null
      values = null
    serialVersionUID = -70332790531324534
    $$$tc$$$ = class com.ibm.websphere.ras.TraceComponent@11e5b257
      strings[0] = "TraceComponent[com.ibm.ws.app.manager.module.internal.SimpleDeployedAppInfoBase$ModuleClassesInfoProvider,class com.ibm.ws.app.manager.module.internal.SimpleDeployedAppInfoBase$ModuleClassesInfoProvider,[applications, app.manager],,null]"
  moduleContainerInfos = class java.util.ArrayList@7e232689
    serialVersionUID = 8683452581122892189
    DEFAULT_CAPACITY = 10
    EMPTY_ELEMENTDATA = class java.lang.Object[0]
    DEFAULTCAPACITY_EMPTY_ELEMENTDATA = class java.lang.Object[0]
    elementData = class java.lang.Object[10]
      Object[0] = class com.ibm.ws.app.manager.module.internal.SimpleDeployedAppInfoBase$WebModuleContainerInfo@5bc479b1
      Object[1] = null
      Object[2] = null
      Object[3] = null
      Object[4] = null
      Object[5] = null
      Object[6] = null
      Object[7] = null
      Object[8] = null
      Object[9] = null
    size = 1
    MAX_ARRAY_SIZE = 2147483639
    modCount = 1
    MAX_ARRAY_SIZE = 2147483639
  activeModuleHandlers = class java.util.IdentityHashMap@11572aa9
    DEFAULT_CAPACITY = 32
    MINIMUM_CAPACITY = 4
    MAXIMUM_CAPACITY = 536870912
    table = class java.lang.Object[16]
      Object[0] = null
      Object[1] = null
      Object[2] = null
      Object[3] = null
      Object[4] = null
      Object[5] = null
      Object[6] = null
      Object[7] = null
      Object[8] = null
      Object[9] = null
      Object[10] = null
      Object[11] = null
      Object[12] = null
      Object[13] = null
      Object[14] = null
      Object[15] = null
    size = 0
    modCount = 2
    NULL_KEY = class java.lang.Object@553844b4
    entrySet = null
    serialVersionUID = 8188218128353913216
    keySet = null
    values = null
  serialVersionUID = 7078125893012250887
  $$$tc$$$ = class com.ibm.websphere.ras.TraceComponent@2fe35fef
    strings[0] = "TraceComponent[com.ibm.ws.app.manager.module.internal.SimpleDeployedAppInfoBase,class com.ibm.ws.app.manager.module.internal.SimpleDeployedAppInfoBase,[applications, app.manager],,null]"

Dump of objectArray[0]
Object type = com.ibm.ws.threading.internal.NonCancelableResultFuture
  _done = false
  _result = null
  _failure = null
  _listeners = class java.util.concurrent.ConcurrentLinkedQueue@ab86761
    serialVersionUID = 196745693267521676
    head = class java.util.concurrent.ConcurrentLinkedQueue$Node@2bcad738
      item = null
      next = null
    tail = class java.util.concurrent.ConcurrentLinkedQueue$Node@2bcad738
    MAX_HOPS = 8
    HEAD = class java.lang.invoke.VarHandleObjects$FieldInstanceReadWrite@483f90d4
      FORM = class java.lang.invoke.VarForm@33e4e838
      fieldOffset = 12
      receiverType = class java.lang.Class@57e1b0c
      fieldType = class java.lang.Class@4232c52b
      FORM = class java.lang.invoke.VarForm@7719cff7
      vform = class java.lang.invoke.VarForm@33e4e838
      typesAndInvokers = null
      AIOOBE_SUPPLIER = class jdk.internal.util.Preconditions$1@74aa5561
      VFORM_OFFSET = 12
      $assertionsDisabled = true
    TAIL = class java.lang.invoke.VarHandleObjects$FieldInstanceReadWrite@23539cf2
      FORM = class java.lang.invoke.VarForm@33e4e838
      fieldOffset = 16
      receiverType = class java.lang.Class@57e1b0c
      fieldType = class java.lang.Class@4232c52b
      FORM = class java.lang.invoke.VarForm@7719cff7
      vform = class java.lang.invoke.VarForm@33e4e838
      typesAndInvokers = null
      AIOOBE_SUPPLIER = class jdk.internal.util.Preconditions$1@74aa5561
      VFORM_OFFSET = 12
      $assertionsDisabled = true
    ITEM = class java.lang.invoke.VarHandleObjects$FieldInstanceReadWrite@70dc3d2a
      FORM = class java.lang.invoke.VarForm@33e4e838
      fieldOffset = 12
      receiverType = class java.lang.Class@4232c52b
      fieldType = class java.lang.Class@55054057
      FORM = class java.lang.invoke.VarForm@7719cff7
      vform = class java.lang.invoke.VarForm@33e4e838
      typesAndInvokers = null
      AIOOBE_SUPPLIER = class jdk.internal.util.Preconditions$1@74aa5561
      VFORM_OFFSET = 12
      $assertionsDisabled = true
    NEXT = class java.lang.invoke.VarHandleObjects$FieldInstanceReadWrite@606ce421
      FORM = class java.lang.invoke.VarForm@33e4e838
      fieldOffset = 16
      receiverType = class java.lang.Class@4232c52b
      fieldType = class java.lang.Class@4232c52b
      FORM = class java.lang.invoke.VarForm@7719cff7
      vform = class java.lang.invoke.VarForm@33e4e838
      typesAndInvokers = null
      AIOOBE_SUPPLIER = class jdk.internal.util.Preconditions$1@74aa5561
      VFORM_OFFSET = 12
      $assertionsDisabled = true
    MAX_ARRAY_SIZE = 2147483639
  _notifiedListeners = class java.util.concurrent.atomic.AtomicBoolean@35ffe4a7
    serialVersionUID = 4654671469794556979
    VALUE = class java.lang.invoke.VarHandleInts$FieldInstanceReadWrite@287ba9a6
      FORM = class java.lang.invoke.VarForm@7019d18c
      fieldOffset = 12
      receiverType = class java.lang.Class@4b6995df
      FORM = class java.lang.invoke.VarForm@7b5590c5
      vform = class java.lang.invoke.VarForm@7019d18c
      typesAndInvokers = null
      AIOOBE_SUPPLIER = class jdk.internal.util.Preconditions$1@74aa5561
      VFORM_OFFSET = 12
      $assertionsDisabled = true
    value = 0
  serialVersionUID = -296387658814354272
  $$$tc$$$ = class com.ibm.websphere.ras.TraceComponent@7b23ab96
    strings[0] = "TraceComponent[com.ibm.ws.threading.internal.NonCancelableResultFuture,class com.ibm.ws.threading.internal.NonCancelableResultFuture,[Threading],com.ibm.ws.threading.internal.resources.ThreadingMessages,null]"

