------Start of DE processing------ = [30/12/18 22:50:12:613 CET]
Exception = java.security.PrivilegedActionException
Source = com.ibm.ws.cdi.impl.weld.injection.WebSphereInjectionServicesImpl
probeid = 115
Stack Dump = java.security.PrivilegedActionException: com.ibm.wsspi.injectionengine.InjectionException: CWNEN0030E: The server was unable to obtain an object instance for the java:comp/env/colruyt.registration.ArticleManager/em reference.  The exception message was: Exception [EclipseLink-28018] (Eclipse Persistence Services - 2.7.3.v20180807-4be1041): org.eclipse.persistence.exceptions.EntityManagerSetupException
Exception Description: Predeployment of PersistenceUnit [SolTest] failed.
Internal Exception: javax.persistence.PersistenceException: CWWJP0013E: The server cannot locate the java:comp/DefaultDataSource data source for the SolTest persistence unit because it has encountered the following exception: javax.naming.NameNotFoundException: javax.naming.NameNotFoundException: java:comp/DefaultDataSource.
	at java.base/java.security.AccessController.doPrivileged(Native Method)
	at com.ibm.ws.cdi.impl.weld.injection.WebSphereInjectionServicesImpl.callInject(WebSphereInjectionServicesImpl.java:129)
	at com.ibm.ws.cdi.impl.weld.injection.WebSphereInjectionServicesImpl.injectJavaEEResources(WebSphereInjectionServicesImpl.java:111)
	at com.ibm.ws.cdi.impl.weld.injection.WebSphereInjectionServicesImpl.aroundInject(WebSphereInjectionServicesImpl.java:316)
	at org.jboss.weld.injection.InjectionContextImpl.run(InjectionContextImpl.java:46)
	at org.jboss.weld.injection.producer.ResourceInjector.inject(ResourceInjector.java:71)
	at org.jboss.weld.injection.producer.BasicInjectionTarget.inject(BasicInjectionTarget.java:117)
	at org.jboss.weld.bean.ManagedBean.create(ManagedBean.java:159)
	at org.jboss.weld.contexts.AbstractContext.get(AbstractContext.java:96)
	at org.jboss.weld.bean.ContextualInstanceStrategy$DefaultContextualInstanceStrategy.get(ContextualInstanceStrategy.java:100)
	at org.jboss.weld.bean.ContextualInstanceStrategy$ApplicationScopedContextualInstanceStrategy.get(ContextualInstanceStrategy.java:140)
	at org.jboss.weld.bean.ContextualInstance.get(ContextualInstance.java:50)
	at org.jboss.weld.bean.proxy.ContextBeanInstance.getInstance(ContextBeanInstance.java:102)
	at org.jboss.weld.bean.proxy.ProxyMethodHandler.getInstance(ProxyMethodHandler.java:131)
	at colruyt.registration.ArticleManager$Proxy$_$$_WeldClientProxy.getAllArticles(Unknown Source)
	at colruyt.registration.RegistrationArticle.getArticles(RegistrationArticle.java:22)
	at colruyt.registration.RegistrationArticle$Proxy$_$$_WeldClientProxy.getArticles(Unknown Source)
	at java.base/jdk.internal.reflect.NativeMethodAccessorImpl.invoke0(Native Method)
	at java.base/jdk.internal.reflect.NativeMethodAccessorImpl.invoke(NativeMethodAccessorImpl.java:62)
	at java.base/jdk.internal.reflect.DelegatingMethodAccessorImpl.invoke(DelegatingMethodAccessorImpl.java:43)
	at java.base/java.lang.reflect.Method.invoke(Method.java:566)
	at com.ibm.ws.jaxrs20.server.LibertyJaxRsServerFactoryBean.performInvocation(LibertyJaxRsServerFactoryBean.java:652)
	at com.ibm.ws.jaxrs20.server.LibertyJaxRsInvoker.performInvocation(LibertyJaxRsInvoker.java:160)
	at org.apache.cxf.service.invoker.AbstractInvoker.invoke(AbstractInvoker.java:96)
	at com.ibm.ws.jaxrs20.server.LibertyJaxRsInvoker.invoke(LibertyJaxRsInvoker.java:273)
	at org.apache.cxf.jaxrs.JAXRSInvoker.invoke(JAXRSInvoker.java:205)
	at com.ibm.ws.jaxrs20.server.LibertyJaxRsInvoker.invoke(LibertyJaxRsInvoker.java:444)
	at org.apache.cxf.jaxrs.JAXRSInvoker.invoke(JAXRSInvoker.java:111)
	at org.apache.cxf.interceptor.ServiceInvokerInterceptor$1.run(ServiceInvokerInterceptor.java:61)
	at org.apache.cxf.interceptor.ServiceInvokerInterceptor.handleMessage(ServiceInvokerInterceptor.java:99)
	at org.apache.cxf.phase.PhaseInterceptorChain.doIntercept(PhaseInterceptorChain.java:308)
	at org.apache.cxf.transport.ChainInitiationObserver.onMessage(ChainInitiationObserver.java:124)
	at org.apache.cxf.transport.http.AbstractHTTPDestination.invoke(AbstractHTTPDestination.java:274)
	at com.ibm.ws.jaxrs20.endpoint.AbstractJaxRsWebEndpoint.invoke(AbstractJaxRsWebEndpoint.java:134)
	at com.ibm.websphere.jaxrs.server.IBMRestServlet.handleRequest(IBMRestServlet.java:146)
	at com.ibm.websphere.jaxrs.server.IBMRestServlet.doGet(IBMRestServlet.java:112)
	at javax.servlet.http.HttpServlet.service(HttpServlet.java:686)
	at com.ibm.websphere.jaxrs.server.IBMRestServlet.service(IBMRestServlet.java:96)
	at com.ibm.ws.webcontainer.servlet.ServletWrapper.service(ServletWrapper.java:1255)
	at com.ibm.ws.webcontainer.servlet.ServletWrapper.handleRequest(ServletWrapper.java:743)
	at com.ibm.ws.webcontainer.servlet.ServletWrapper.handleRequest(ServletWrapper.java:440)
	at com.ibm.ws.webcontainer.filter.WebAppFilterChain.invokeTarget(WebAppFilterChain.java:182)
	at com.ibm.ws.webcontainer.filter.WebAppFilterChain.doFilter(WebAppFilterChain.java:93)
	at com.ibm.ws.security.jaspi.JaspiServletFilter.doFilter(JaspiServletFilter.java:56)
	at com.ibm.ws.webcontainer.filter.FilterInstanceWrapper.doFilter(FilterInstanceWrapper.java:201)
	at com.ibm.ws.webcontainer.filter.WebAppFilterChain.doFilter(WebAppFilterChain.java:90)
	at com.ibm.ws.webcontainer.filter.WebAppFilterManager.doFilter(WebAppFilterManager.java:996)
	at com.ibm.ws.webcontainer.filter.WebAppFilterManager.invokeFilters(WebAppFilterManager.java:1134)
	at com.ibm.ws.webcontainer.webapp.WebApp.handleRequest(WebApp.java:4954)
	at com.ibm.ws.webcontainer.osgi.DynamicVirtualHost$2.handleRequest(DynamicVirtualHost.java:314)
	at com.ibm.ws.webcontainer.WebContainer.handleRequest(WebContainer.java:996)
	at com.ibm.ws.webcontainer.osgi.DynamicVirtualHost$2.run(DynamicVirtualHost.java:279)
	at com.ibm.ws.http.dispatcher.internal.channel.HttpDispatcherLink$TaskWrapper.run(HttpDispatcherLink.java:1023)
	at com.ibm.ws.http.dispatcher.internal.channel.HttpDispatcherLink.wrapHandlerAndExecute(HttpDispatcherLink.java:417)
	at com.ibm.ws.http.dispatcher.internal.channel.HttpDispatcherLink.ready(HttpDispatcherLink.java:376)
	at com.ibm.ws.http.channel.internal.inbound.HttpInboundLink.handleDiscrimination(HttpInboundLink.java:532)
	at com.ibm.ws.http.channel.internal.inbound.HttpInboundLink.handleNewRequest(HttpInboundLink.java:466)
	at com.ibm.ws.http.channel.internal.inbound.HttpInboundLink.processRequest(HttpInboundLink.java:331)
	at com.ibm.ws.http.channel.internal.inbound.HttpICLReadCallback.complete(HttpICLReadCallback.java:70)
	at com.ibm.ws.tcpchannel.internal.WorkQueueManager.requestComplete(WorkQueueManager.java:501)
	at com.ibm.ws.tcpchannel.internal.WorkQueueManager.attemptIO(WorkQueueManager.java:571)
	at com.ibm.ws.tcpchannel.internal.WorkQueueManager.workerRun(WorkQueueManager.java:926)
	at com.ibm.ws.tcpchannel.internal.WorkQueueManager$Worker.run(WorkQueueManager.java:1015)
	at com.ibm.ws.threading.internal.ExecutorServiceImpl$RunnableWrapper.run(ExecutorServiceImpl.java:232)
	at java.base/java.util.concurrent.ThreadPoolExecutor.runWorker(ThreadPoolExecutor.java:1128)
	at java.base/java.util.concurrent.ThreadPoolExecutor$Worker.run(ThreadPoolExecutor.java:628)
	at java.base/java.lang.Thread.run(Thread.java:834)
Caused by: com.ibm.wsspi.injectionengine.InjectionException: CWNEN0030E: The server was unable to obtain an object instance for the java:comp/env/colruyt.registration.ArticleManager/em reference.  The exception message was: Exception [EclipseLink-28018] (Eclipse Persistence Services - 2.7.3.v20180807-4be1041): org.eclipse.persistence.exceptions.EntityManagerSetupException
Exception Description: Predeployment of PersistenceUnit [SolTest] failed.
Internal Exception: javax.persistence.PersistenceException: CWWJP0013E: The server cannot locate the java:comp/DefaultDataSource data source for the SolTest persistence unit because it has encountered the following exception: javax.naming.NameNotFoundException: javax.naming.NameNotFoundException: java:comp/DefaultDataSource.
	at com.ibm.wsspi.injectionengine.InjectionBinding.getInjectionObject(InjectionBinding.java:1454)
	at com.ibm.wsspi.injectionengine.InjectionBinding.getInjectableObject(InjectionBinding.java:1368)
	at com.ibm.wsspi.injectionengine.InjectionTarget.inject(InjectionTarget.java:104)
	at com.ibm.ws.cdi.impl.weld.injection.WebSphereInjectionServicesImpl.inject(WebSphereInjectionServicesImpl.java:197)
	at com.ibm.ws.cdi.impl.weld.injection.WebSphereInjectionServicesImpl.inject(WebSphereInjectionServicesImpl.java:149)
	at com.ibm.ws.cdi.impl.weld.injection.WebSphereInjectionServicesImpl.access$000(WebSphereInjectionServicesImpl.java:73)
	at com.ibm.ws.cdi.impl.weld.injection.WebSphereInjectionServicesImpl$1.run(WebSphereInjectionServicesImpl.java:133)
	at com.ibm.ws.cdi.impl.weld.injection.WebSphereInjectionServicesImpl$1.run(WebSphereInjectionServicesImpl.java:129)
	... 67 more
Caused by: javax.persistence.PersistenceException: Exception [EclipseLink-28018] (Eclipse Persistence Services - 2.7.3.v20180807-4be1041): org.eclipse.persistence.exceptions.EntityManagerSetupException
Exception Description: Predeployment of PersistenceUnit [SolTest] failed.
Internal Exception: javax.persistence.PersistenceException: CWWJP0013E: The server cannot locate the java:comp/DefaultDataSource data source for the SolTest persistence unit because it has encountered the following exception: javax.naming.NameNotFoundException: javax.naming.NameNotFoundException: java:comp/DefaultDataSource.
	at org.eclipse.persistence.internal.jpa.EntityManagerSetupImpl.createPredeployFailedPersistenceException(EntityManagerSetupImpl.java:2104)
	at org.eclipse.persistence.internal.jpa.EntityManagerSetupImpl.predeploy(EntityManagerSetupImpl.java:2080)
	at org.eclipse.persistence.jpa.PersistenceProvider.createContainerEntityManagerFactoryImpl(PersistenceProvider.java:350)
	at org.eclipse.persistence.jpa.PersistenceProvider.createContainerEntityManagerFactory(PersistenceProvider.java:316)
	at com.ibm.ws.jpa.management.JPAPUnitInfo.createEMFactory(JPAPUnitInfo.java:910)
	at com.ibm.ws.jpa.management.JPAPUnitInfo.getEntityManagerFactory(JPAPUnitInfo.java:829)
	at com.ibm.ws.jpa.management.JPAPUnitInfo.getEntityManagerPool(JPAPUnitInfo.java:994)
	at com.ibm.ws.jpa.management.JPATxEntityManager.<init>(JPATxEntityManager.java:147)
	at com.ibm.ws.jpa.container.v22.JPATxEntityManagerV22.<init>(JPATxEntityManagerV22.java:45)
	at com.ibm.ws.jpa.container.v22.internal.JPA22Runtime.createJPATxEntityManager(JPA22Runtime.java:71)
	at com.ibm.ws.jpa.management.AbstractJPAComponent.getEntityManager(AbstractJPAComponent.java:255)
	at com.ibm.ws.jpa.container.osgi.jndi.JPAJndiLookupObjectFactory.getObjectInstance(JPAJndiLookupObjectFactory.java:149)
	at com.ibm.wsspi.injectionengine.InjectionBinding.getInjectionObjectInstance(InjectionBinding.java:1552)
	at com.ibm.wsspi.injectionengine.InjectionBinding.getInjectionObject(InjectionBinding.java:1428)
	... 74 more
Caused by: Exception [EclipseLink-28018] (Eclipse Persistence Services - 2.7.3.v20180807-4be1041): org.eclipse.persistence.exceptions.EntityManagerSetupException
Exception Description: Predeployment of PersistenceUnit [SolTest] failed.
Internal Exception: javax.persistence.PersistenceException: CWWJP0013E: The server cannot locate the java:comp/DefaultDataSource data source for the SolTest persistence unit because it has encountered the following exception: javax.naming.NameNotFoundException: javax.naming.NameNotFoundException: java:comp/DefaultDataSource.
	at org.eclipse.persistence.exceptions.EntityManagerSetupException.predeployFailed(EntityManagerSetupException.java:233)
	... 88 more
Caused by: javax.persistence.PersistenceException: CWWJP0013E: The server cannot locate the java:comp/DefaultDataSource data source for the SolTest persistence unit because it has encountered the following exception: javax.naming.NameNotFoundException: javax.naming.NameNotFoundException: java:comp/DefaultDataSource.
	at com.ibm.ws.jpa.management.JPAPUnitInfo.getJPADataSource(JPAPUnitInfo.java:352)
	at com.ibm.ws.jpa.management.JPAPUnitInfo.lookupJtaDataSource(JPAPUnitInfo.java:420)
	at com.ibm.ws.jpa.management.JPACompPUnitInfo.getJtaDataSource(JPACompPUnitInfo.java:137)
	at org.eclipse.persistence.internal.jpa.EntityManagerSetupImpl.predeploy(EntityManagerSetupImpl.java:1884)
	... 86 more
Caused by: javax.naming.NameNotFoundException: javax.naming.NameNotFoundException: java:comp/DefaultDataSource
	at com.ibm.ws.jndi.url.contexts.javacolon.internal.JavaURLContext.lookup(JavaURLContext.java:355)
	at com.ibm.ws.jndi.url.contexts.javacolon.internal.JavaURLContext.lookup(JavaURLContext.java:370)
	at org.apache.aries.jndi.DelegateContext.lookup(DelegateContext.java:161)
	at java.naming/javax.naming.InitialContext.lookup(InitialContext.java:409)
	at com.ibm.ws.jpa.container.osgi.internal.OSGiJPAPUnitInfo.lookupDataSource(OSGiJPAPUnitInfo.java:317)
	at com.ibm.ws.jpa.management.JPAPUnitInfo.getJPADataSource(JPAPUnitInfo.java:333)
	... 89 more

Dump of callerThis
Object type = com.ibm.ws.cdi.impl.weld.injection.WebSphereInjectionServicesImpl
  tc = class com.ibm.websphere.ras.TraceComponent@7cad5f2f
    strings[0] = "TraceComponent[com.ibm.ws.cdi.impl.weld.injection.WebSphereInjectionServicesImpl,class com.ibm.ws.cdi.impl.weld.injection.WebSphereInjectionServicesImpl,[JCDI],com.ibm.ws.cdi.impl.resources.CDI,null]"
  ANNOTATIONS_KNOWN_TO_WELD = class java.util.HashSet@5911abe1
    serialVersionUID = -5024744406713321676
    map = class java.util.HashMap@68e6200a
      serialVersionUID = 362498820763181265
      DEFAULT_INITIAL_CAPACITY = 16
      MAXIMUM_CAPACITY = 1073741824
      DEFAULT_LOAD_FACTOR = 0.75
      TREEIFY_THRESHOLD = 8
      UNTREEIFY_THRESHOLD = 6
      MIN_TREEIFY_CAPACITY = 64
      table = class java.util.HashMap$Node[16]
      entrySet = null
      size = 1
      modCount = 1
      threshold = 12
      loadFactor = 0.75
      keySet = null
      values = null
    PRESENT = class java.lang.Object@5b2e6297
    MAX_ARRAY_SIZE = 2147483639
  referenceContextMap = class java.util.HashMap@e2d2bd3
    serialVersionUID = 362498820763181265
    DEFAULT_INITIAL_CAPACITY = 16
    MAXIMUM_CAPACITY = 1073741824
    DEFAULT_LOAD_FACTOR = 0.75
    TREEIFY_THRESHOLD = 8
    UNTREEIFY_THRESHOLD = 6
    MIN_TREEIFY_CAPACITY = 64
    table = class java.util.HashMap$Node[16]
      Node[0] = null
      Node[1] = null
      Node[2] = null
      Node[3] = null
      Node[4] = null
      Node[5] = null
      Node[6] = null
      Node[7] = null
      Node[8] = null
      Node[9] = class java.util.HashMap$Node@3ee1cc4a
      Node[10] = class java.util.HashMap$Node@5d9c8a96
      Node[11] = null
      Node[12] = null
      Node[13] = null
      Node[14] = class java.util.HashMap$Node@ae90237
      Node[15] = null
    entrySet = null
    size = 3
    modCount = 3
    threshold = 12
    loadFactor = 0.75
    keySet = null
    values = null
  referenceContexts = class java.util.HashSet@431e0ca5
    serialVersionUID = -5024744406713321676
    map = class java.util.HashMap@2e0f8528
      serialVersionUID = 362498820763181265
      DEFAULT_INITIAL_CAPACITY = 16
      MAXIMUM_CAPACITY = 1073741824
      DEFAULT_LOAD_FACTOR = 0.75
      TREEIFY_THRESHOLD = 8
      UNTREEIFY_THRESHOLD = 6
      MIN_TREEIFY_CAPACITY = 64
      table = class java.util.HashMap$Node[16]
      entrySet = null
      size = 1
      modCount = 1
      threshold = 12
      loadFactor = 0.75
      keySet = class java.util.HashMap$KeySet@75f2b5f7
      values = null
    PRESENT = class java.lang.Object@5b2e6297
    MAX_ARRAY_SIZE = 2147483639
  injectionTargetListeners = class java.util.concurrent.ConcurrentHashMap@5b6807ab
    serialVersionUID = 7249069246763182397
    MAXIMUM_CAPACITY = 1073741824
    DEFAULT_CAPACITY = 16
    MAX_ARRAY_SIZE = 2147483639
    DEFAULT_CONCURRENCY_LEVEL = 16
    LOAD_FACTOR = 0.75
    TREEIFY_THRESHOLD = 8
    UNTREEIFY_THRESHOLD = 6
    MIN_TREEIFY_CAPACITY = 64
    MIN_TRANSFER_STRIDE = 16
    RESIZE_STAMP_BITS = 16
    MAX_RESIZERS = 65535
    RESIZE_STAMP_SHIFT = 16
    MOVED = -1
    TREEBIN = -2
    RESERVED = -3
    HASH_BITS = 2147483647
    NCPU = 12
    serialPersistentFields = class java.io.ObjectStreamField[3]
      ObjectStreamField[0] = class java.io.ObjectStreamField@792a09a1
      ObjectStreamField[1] = class java.io.ObjectStreamField@6a84b145
      ObjectStreamField[2] = class java.io.ObjectStreamField@525e4bda
    table = class java.util.concurrent.ConcurrentHashMap$Node[16]
      Node[0] = null
      Node[1] = null
      Node[2] = null
      Node[3] = null
      Node[4] = null
      Node[5] = null
      Node[6] = null
      Node[7] = null
      Node[8] = null
      Node[9] = null
      Node[10] = null
      Node[11] = null
      Node[12] = null
      Node[13] = null
      Node[14] = null
      Node[15] = null
    nextTable = null
    baseCount = 0
    sizeCtl = 12
    transferIndex = 0
    cellsBusy = 0
    counterCells = null
    keySet = null
    values = null
    entrySet = null
    U = class jdk.internal.misc.Unsafe@4fe10351
      Failed to resolve fields for jdk.internal.misc.Unsafe = "java.lang.reflect.InaccessibleObjectException: Unable to make field private static final jdk.internal.misc.Unsafe jdk.internal.misc.Unsafe.theUnsafe accessible: module java.base does not "opens jdk.internal.misc" to unnamed module @448ff1a8
	at java.base/java.lang.reflect.AccessibleObject.checkCanSetAccessible(AccessibleObject.java:340)
	at java.base/java.lang.reflect.AccessibleObject.checkCanSetAccessible(AccessibleObject.java:280)
	at java.base/java.lang.reflect.Field.checkCanSetAccessible(Field.java:176)
	at java.base/java.lang.reflect.AccessibleObject.setAccessible(AccessibleObject.java:123)
	at com.ibm.ws.logging.internal.impl.IntrospectionLevelMember$2.run(IntrospectionLevelMember.java:316)
	at com.ibm.ws.logging.internal.impl.IntrospectionLevelMember$2.run(IntrospectionLevelMember.java:310)
	at java.base/java.security.AccessController.doPrivileged(Native Method)
	at com.ibm.ws.logging.internal.impl.IntrospectionLevelMember.getFields(IntrospectionLevelMember.java:310)
	at com.ibm.ws.logging.internal.impl.IntrospectionLevelMember.introspectViaReflection(IntrospectionLevelMember.java:199)
	at com.ibm.ws.logging.internal.impl.IntrospectionLevelMember.getChildren(IntrospectionLevelMember.java:163)
	at com.ibm.ws.logging.internal.impl.IntrospectionLevel.getNextLevel(IntrospectionLevel.java:100)
	at com.ibm.ws.logging.internal.impl.IncidentStreamImpl.introspect(IncidentStreamImpl.java:437)
	at com.ibm.ws.logging.internal.impl.IncidentStreamImpl.introspectAndWrite(IncidentStreamImpl.java:129)
	at com.ibm.ws.logging.internal.impl.IncidentStreamImpl.introspectAndWriteLine(IncidentStreamImpl.java:164)
	at com.ibm.ws.logging.internal.impl.IncidentLogger.logIncident(IncidentLogger.java:97)
	at com.ibm.ws.logging.internal.impl.IncidentLogger.logIncident(IncidentLogger.java:35)
	at com.ibm.ws.logging.internal.impl.IncidentImpl.log(IncidentImpl.java:249)
	at com.ibm.ws.logging.internal.impl.BaseFFDCService.log(BaseFFDCService.java:239)
	at com.ibm.ws.logging.internal.impl.BaseFFDCService.processException(BaseFFDCService.java:216)
	at com.ibm.ws.ffdc.FFDCFilter.processException(FFDCFilter.java:94)
	at com.ibm.ws.cdi.impl.weld.injection.WebSphereInjectionServicesImpl.injectJavaEEResources(WebSphereInjectionServicesImpl.java:115)
	at com.ibm.ws.cdi.impl.weld.injection.WebSphereInjectionServicesImpl.aroundInject(WebSphereInjectionServicesImpl.java:316)
	at org.jboss.weld.injection.InjectionContextImpl.run(InjectionContextImpl.java:46)
	at org.jboss.weld.injection.producer.ResourceInjector.inject(ResourceInjector.java:71)
	at org.jboss.weld.injection.producer.BasicInjectionTarget.inject(BasicInjectionTarget.java:117)
	at org.jboss.weld.bean.ManagedBean.create(ManagedBean.java:159)
	at org.jboss.weld.contexts.AbstractContext.get(AbstractContext.java:96)
	at org.jboss.weld.bean.ContextualInstanceStrategy$DefaultContextualInstanceStrategy.get(ContextualInstanceStrategy.java:100)
	at org.jboss.weld.bean.ContextualInstanceStrategy$ApplicationScopedContextualInstanceStrategy.get(ContextualInstanceStrategy.java:140)
	at org.jboss.weld.bean.ContextualInstance.get(ContextualInstance.java:50)
	at org.jboss.weld.bean.proxy.ContextBeanInstance.getInstance(ContextBeanInstance.java:102)
	at org.jboss.weld.bean.proxy.ProxyMethodHandler.getInstance(ProxyMethodHandler.java:131)
	at colruyt.registration.ArticleManager$Proxy$_$$_WeldClientProxy.getAllArticles(Unknown Source)
	at colruyt.registration.RegistrationArticle.getArticles(RegistrationArticle.java:22)
	at colruyt.registration.RegistrationArticle$Proxy$_$$_WeldClientProxy.getArticles(Unknown Source)
	at java.base/jdk.internal.reflect.NativeMethodAccessorImpl.invoke0(Native Method)
	at java.base/jdk.internal.reflect.NativeMethodAccessorImpl.invoke(NativeMethodAccessorImpl.java:62)
	at java.base/jdk.internal.reflect.DelegatingMethodAccessorImpl.invoke(DelegatingMethodAccessorImpl.java:43)
	at java.base/java.lang.reflect.Method.invoke(Method.java:566)
	at com.ibm.ws.jaxrs20.server.LibertyJaxRsServerFactoryBean.performInvocation(LibertyJaxRsServerFactoryBean.java:652)
	at com.ibm.ws.jaxrs20.server.LibertyJaxRsInvoker.performInvocation(LibertyJaxRsInvoker.java:160)
	at org.apache.cxf.service.invoker.AbstractInvoker.invoke(AbstractInvoker.java:96)
	at com.ibm.ws.jaxrs20.server.LibertyJaxRsInvoker.invoke(LibertyJaxRsInvoker.java:273)
	at org.apache.cxf.jaxrs.JAXRSInvoker.invoke(JAXRSInvoker.java:205)
	at com.ibm.ws.jaxrs20.server.LibertyJaxRsInvoker.invoke(LibertyJaxRsInvoker.java:444)
	at org.apache.cxf.jaxrs.JAXRSInvoker.invoke(JAXRSInvoker.java:111)
	at org.apache.cxf.interceptor.ServiceInvokerInterceptor$1.run(ServiceInvokerInterceptor.java:61)
	at org.apache.cxf.interceptor.ServiceInvokerInterceptor.handleMessage(ServiceInvokerInterceptor.java:99)
	at org.apache.cxf.phase.PhaseInterceptorChain.doIntercept(PhaseInterceptorChain.java:308)
	at org.apache.cxf.transport.ChainInitiationObserver.onMessage(ChainInitiationObserver.java:124)
	at org.apache.cxf.transport.http.AbstractHTTPDestination.invoke(AbstractHTTPDestination.java:274)
	at com.ibm.ws.jaxrs20.endpoint.AbstractJaxRsWebEndpoint.invoke(AbstractJaxRsWebEndpoint.java:134)
	at com.ibm.websphere.jaxrs.server.IBMRestServlet.handleRequest(IBMRestServlet.java:146)
	at com.ibm.websphere.jaxrs.server.IBMRestServlet.doGet(IBMRestServlet.java:112)
	at javax.servlet.http.HttpServlet.service(HttpServlet.java:686)
	at com.ibm.websphere.jaxrs.server.IBMRestServlet.service(IBMRestServlet.java:96)
	at com.ibm.ws.webcontainer.servlet.ServletWrapper.service(ServletWrapper.java:1255)
	at com.ibm.ws.webcontainer.servlet.ServletWrapper.handleRequest(ServletWrapper.java:743)
	at com.ibm.ws.webcontainer.servlet.ServletWrapper.handleRequest(ServletWrapper.java:440)
	at com.ibm.ws.webcontainer.filter.WebAppFilterChain.invokeTarget(WebAppFilterChain.java:182)
	at com.ibm.ws.webcontainer.filter.WebAppFilterChain.doFilter(WebAppFilterChain.java:93)
	at com.ibm.ws.security.jaspi.JaspiServletFilter.doFilter(JaspiServletFilter.java:56)
	at com.ibm.ws.webcontainer.filter.FilterInstanceWrapper.doFilter(FilterInstanceWrapper.java:201)
	at com.ibm.ws.webcontainer.filter.WebAppFilterChain.doFilter(WebAppFilterChain.java:90)
	at com.ibm.ws.webcontainer.filter.WebAppFilterManager.doFilter(WebAppFilterManager.java:996)
	at com.ibm.ws.webcontainer.filter.WebAppFilterManager.invokeFilters(WebAppFilterManager.java:1134)
	at com.ibm.ws.webcontainer.webapp.WebApp.handleRequest(WebApp.java:4954)
	at com.ibm.ws.webcontainer.osgi.DynamicVirtualHost$2.handleRequest(DynamicVirtualHost.java:314)
	at com.ibm.ws.webcontainer.WebContainer.handleRequest(WebContainer.java:996)
	at com.ibm.ws.webcontainer.osgi.DynamicVirtualHost$2.run(DynamicVirtualHost.java:279)
	at com.ibm.ws.http.dispatcher.internal.channel.HttpDispatcherLink$TaskWrapper.run(HttpDispatcherLink.java:1023)
	at com.ibm.ws.http.dispatcher.internal.channel.HttpDispatcherLink.wrapHandlerAndExecute(HttpDispatcherLink.java:417)
	at com.ibm.ws.http.dispatcher.internal.channel.HttpDispatcherLink.ready(HttpDispatcherLink.java:376)
	at com.ibm.ws.http.channel.internal.inbound.HttpInboundLink.handleDiscrimination(HttpInboundLink.java:532)
	at com.ibm.ws.http.channel.internal.inbound.HttpInboundLink.handleNewRequest(HttpInboundLink.java:466)
	at com.ibm.ws.http.channel.internal.inbound.HttpInboundLink.processRequest(HttpInboundLink.java:331)
	at com.ibm.ws.http.channel.internal.inbound.HttpICLReadCallback.complete(HttpICLReadCallback.java:70)
	at com.ibm.ws.tcpchannel.internal.WorkQueueManager.requestComplete(WorkQueueManager.java:501)
	at com.ibm.ws.tcpchannel.internal.WorkQueueManager.attemptIO(WorkQueueManager.java:571)
	at com.ibm.ws.tcpchannel.internal.WorkQueueManager.workerRun(WorkQueueManager.java:926)
	at com.ibm.ws.tcpchannel.internal.WorkQueueManager$Worker.run(WorkQueueManager.java:1015)
	at com.ibm.ws.threading.internal.ExecutorServiceImpl$RunnableWrapper.run(ExecutorServiceImpl.java:232)
	at java.base/java.util.concurrent.ThreadPoolExecutor.runWorker(ThreadPoolExecutor.java:1128)
	at java.base/java.util.concurrent.ThreadPoolExecutor$Worker.run(ThreadPoolExecutor.java:628)
	at java.base/java.lang.Thread.run(Thread.java:834)
"
    SIZECTL = 20
    TRANSFERINDEX = 32
    BASECOUNT = 24
    CELLSBUSY = 36
    CELLVALUE = 144
    ABASE = 16
    ASHIFT = 2
    keySet = null
    values = null
  deployment = class com.ibm.ws.cdi.impl.weld.WebSphereCDIDeploymentImpl@f72e184
    id = "SolTest"
    deploymentDBAs = class java.util.HashMap@3bf42ab3
      serialVersionUID = 362498820763181265
      DEFAULT_INITIAL_CAPACITY = 16
      MAXIMUM_CAPACITY = 1073741824
      DEFAULT_LOAD_FACTOR = 0.75
      TREEIFY_THRESHOLD = 8
      UNTREEIFY_THRESHOLD = 6
      MIN_TREEIFY_CAPACITY = 64
      table = class java.util.HashMap$Node[16]
      entrySet = null
      size = 9
      modCount = 9
      threshold = 12
      loadFactor = 0.75
      keySet = null
      values = class java.util.HashMap$Values@13844300
    applicationBDAs = class java.util.HashSet@55336b9d
      serialVersionUID = -5024744406713321676
      map = class java.util.HashMap@28dace37
      PRESENT = class java.lang.Object@5b2e6297
      MAX_ARRAY_SIZE = 2147483639
    extensionBDAs = class java.util.HashMap@1a9ddd7
      serialVersionUID = 362498820763181265
      DEFAULT_INITIAL_CAPACITY = 16
      MAXIMUM_CAPACITY = 1073741824
      DEFAULT_LOAD_FACTOR = 0.75
      TREEIFY_THRESHOLD = 8
      UNTREEIFY_THRESHOLD = 6
      MIN_TREEIFY_CAPACITY = 64
      table = class java.util.HashMap$Node[16]
      entrySet = null
      size = 6
      modCount = 6
      threshold = 12
      loadFactor = 0.75
      keySet = null
      values = class java.util.HashMap$Values@3000842c
    orderedBDAs = class java.util.ArrayList@4615bd38
      serialVersionUID = 8683452581122892189
      DEFAULT_CAPACITY = 10
      EMPTY_ELEMENTDATA = class java.lang.Object[0]
      DEFAULTCAPACITY_EMPTY_ELEMENTDATA = class java.lang.Object[0]
      elementData = class java.lang.Object[10]
      size = 7
      MAX_ARRAY_SIZE = 2147483639
      modCount = 2
      MAX_ARRAY_SIZE = 2147483639
    bootstrap = class org.jboss.weld.bootstrap.WeldBootstrap@5c2eb6fb
      weldStartup = null
      weldRuntime = class org.jboss.weld.bootstrap.WeldRuntime@4e414b85
      beansXmlValidator = null
    classloader = class com.ibm.ws.classloading.internal.AppClassLoader@42648957
      tc = class com.ibm.websphere.ras.TraceComponent@4664ce8d
      PARENT_FIRST_SEARCH_ORDER = class java.util.Collections$UnmodifiableRandomAccessList@1d1f506
      CLASS_LOADING_TRACE_PREFIX = "com.ibm.ws.class.load."
      DEFAULT_PACKAGE = "default.package"
      perPackageClassLoadingTraceComponents = class java.util.concurrent.ConcurrentHashMap@635d213f
      config = class com.ibm.ws.classloading.internal.ClassLoaderConfigurationImpl@799429d4
      privateLibraries = null
      delegateLoaders = class com.ibm.ws.classloading.internal.util.CompositeIterable@34f87563
      nativeLibraryFiles = class java.util.ArrayList@3a0fcf3f
      transformers = class java.util.ArrayList@30d15598
      apiAccess = class com.ibm.ws.classloading.internal.GatewayClassLoader@be8e4d3
      generator = class com.ibm.ws.classloading.internal.ClassGeneratorManager@68d300df
      protectionDomains = class java.util.concurrent.ConcurrentHashMap@1f7723cb
      parent = class com.ibm.ws.classloading.internal.GatewayClassLoader@be8e4d3
      serialVersionUID = -1542993300419972783
      tc = class com.ibm.websphere.ras.TraceComponent@f153fbb
      smartClassPath = class com.ibm.ws.classloading.internal.ContainerClassLoader$SmartClassPathImpl@11a7b35f
      nativeLibraryContainers = class java.util.ArrayList@3768a3db
      redefiner = class com.ibm.ws.classloading.internal.util.ClassRedefiner@47547012
      hook = null
      mapCreationQueue = class java.util.concurrent.Executors$FinalizableDelegatedExecutorService@32b1baf2
      serialVersionUID = -5001410721240711
      serialVersionUID = -7411549862368381758
      $$$tc$$$ = class com.ibm.websphere.ras.TraceComponent@5f4897e5
      serialVersionUID = -4868702105808481416
      $$$tc$$$ = class com.ibm.websphere.ras.TraceComponent@53366e96
      serialVersionUID = 2596921220292114344
      $$$tc$$$ = class com.ibm.websphere.ras.TraceComponent@12519690
      initialized = true
      pdcache = class java.util.concurrent.ConcurrentHashMap@6c24c4c4
      parent = class com.ibm.ws.classloading.internal.GatewayClassLoader@be8e4d3
      name = null
      unnamedModule = class java.lang.Module@814edb2
      nameAndId = "com.ibm.ws.classloading.internal.AppClassLoader @42648957"
      parallelLockMap = null
      package2certs = class java.util.Hashtable@37cda068
      nocerts = class java.security.cert.Certificate[0]
      classes = class java.util.Vector@2f20096b
      defaultDomain = class java.security.ProtectionDomain@65e8faaf
      packages = class java.util.concurrent.ConcurrentHashMap@4a3ef2dd
      scl = class jdk.internal.loader.ClassLoaders$AppClassLoader@512ddf17
      usr_paths = class java.lang.String[6]
      sys_paths = class java.lang.String[1]
      loadedLibraryNames = class java.util.HashSet@1df155fd
      systemNativeLibraries = class java.util.concurrent.ConcurrentHashMap@2064f484
      nativeLibraries = null
      assertionLock = class com.ibm.ws.classloading.internal.AppClassLoader@42648957
      defaultAssertionStatus = false
      packageAssertionStatus = null
      classAssertionStatus = null
      classLoaderValueMap = null
      $assertionsDisabled = true
    extensionClassLoaders = class java.util.HashSet@120f5160
      serialVersionUID = -5024744406713321676
      map = class java.util.HashMap@48679bd6
      PRESENT = class java.lang.Object@5b2e6297
      MAX_ARRAY_SIZE = 2147483639
    cdiEnabled = true
    cdiStatusMap = class java.util.HashMap@5d877193
      serialVersionUID = 362498820763181265
      DEFAULT_INITIAL_CAPACITY = 16
      MAXIMUM_CAPACITY = 1073741824
      DEFAULT_LOAD_FACTOR = 0.75
      TREEIFY_THRESHOLD = 8
      UNTREEIFY_THRESHOLD = 6
      MIN_TREEIFY_CAPACITY = 64
      table = class java.util.HashMap$Node[16]
      entrySet = null
      size = 1
      modCount = 1
      threshold = 12
      loadFactor = 0.75
      keySet = null
      values = null
    classBDAMap = class java.util.concurrent.ConcurrentHashMap@3610eb66
      serialVersionUID = 7249069246763182397
      MAXIMUM_CAPACITY = 1073741824
      DEFAULT_CAPACITY = 16
      MAX_ARRAY_SIZE = 2147483639
      DEFAULT_CONCURRENCY_LEVEL = 16
      LOAD_FACTOR = 0.75
      TREEIFY_THRESHOLD = 8
      UNTREEIFY_THRESHOLD = 6
      MIN_TREEIFY_CAPACITY = 64
      MIN_TRANSFER_STRIDE = 16
      RESIZE_STAMP_BITS = 16
      MAX_RESIZERS = 65535
      RESIZE_STAMP_SHIFT = 16
      MOVED = -1
      TREEBIN = -2
      RESERVED = -3
      HASH_BITS = 2147483647
      NCPU = 12
      serialPersistentFields = class java.io.ObjectStreamField[3]
      table = class java.util.concurrent.ConcurrentHashMap$Node[128]
      nextTable = null
      baseCount = 86
      sizeCtl = 96
      transferIndex = 0
      cellsBusy = 0
      counterCells = null
      keySet = null
      values = null
      entrySet = null
      U = class jdk.internal.misc.Unsafe@4fe10351
      SIZECTL = 20
      TRANSFERINDEX = 32
      BASECOUNT = 24
      CELLSBUSY = 36
      CELLVALUE = 144
      ABASE = 16
      ASHIFT = 2
      keySet = null
      values = null
    application = class com.ibm.ws.cdi.internal.archive.liberty.ApplicationImpl@1fa00a31
      tc = class com.ibm.websphere.ras.TraceComponent@3c3882f5
      applicationInfo = class com.ibm.ws.container.service.app.deploy.internal.ApplicationInfoImpl@26765524
      earApplicationInfo = null
      factory = class com.ibm.ws.cdi.internal.archive.liberty.RuntimeFactory@69326de2
      type = class com.ibm.ws.cdi.internal.interfaces.ApplicationType@1d7ff239
      moduleArchives = class java.util.HashMap$Values@51a96f57
      libraryArchives = class java.util.HashMap$Values@7b76caf7
      serialVersionUID = -758033848591896501
    serviceRegistry = class org.jboss.weld.bootstrap.api.helpers.SimpleServiceRegistry@774cccf4
      services = class java.util.HashMap@7ec8d54a
      bootstrapServices = class java.util.HashSet@47c1835f
    extensions = class java.util.HashSet@11a13067
      serialVersionUID = -5024744406713321676
      map = class java.util.HashMap@5a0a51bf
      PRESENT = class java.lang.Object@5b2e6297
      MAX_ARRAY_SIZE = 2147483639
    injectionServices = class com.ibm.ws.cdi.impl.weld.injection.WebSphereInjectionServicesImpl@2b066d00
    cdiRuntime = class com.ibm.ws.cdi.liberty.CDIRuntimeImpl@20dba2ee
      tc = class com.ibm.websphere.ras.TraceComponent@725132be
      metaDataSlotServiceSR = class com.ibm.wsspi.kernel.service.utils.AtomicServiceReference@4adcf0d
      ejbEndpointServiceSR = class com.ibm.wsspi.kernel.service.utils.AtomicServiceReference@66a18dae
      classLoadingSRRef = class com.ibm.wsspi.kernel.service.utils.AtomicServiceReference@32ca8e5d
      ejbServices = class com.ibm.wsspi.kernel.service.utils.AtomicServiceReference@7693e6e2
      transactionService = class com.ibm.wsspi.kernel.service.utils.AtomicServiceReference@1cac8a9a
      securityServices = class com.ibm.wsspi.kernel.service.utils.AtomicServiceReference@760ab85c
      extensionsSR = class com.ibm.wsspi.kernel.service.utils.ConcurrentServiceReferenceSet@105468a6
      containerFactorySRRef = class com.ibm.wsspi.kernel.service.utils.AtomicServiceReference@799928b8
      adaptableModuleFactorySRRef = class com.ibm.wsspi.kernel.service.utils.AtomicServiceReference@119954b
      injectionEngineServiceRef = class com.ibm.wsspi.kernel.service.utils.AtomicServiceReference@22f2156c
      scheduledExecutorServiceRef = class com.ibm.wsspi.kernel.service.utils.AtomicServiceReference@11d048cc
      executorServiceRef = class com.ibm.wsspi.kernel.service.utils.AtomicServiceReference@213c6ea6
      managedExecutorServiceRef = class com.ibm.wsspi.kernel.service.utils.AtomicServiceReference@6cc20407
      containerConfigRef = class com.ibm.wsspi.kernel.service.utils.AtomicServiceReference@5ea93586
      resourceRefConfigFactoryRef = class com.ibm.wsspi.kernel.service.utils.AtomicServiceReference@4d2c90b7
      deferredMetaDataFactoryRef = class com.ibm.wsspi.kernel.service.utils.AtomicServiceReference@f279eea
      applicationSlot = class com.ibm.ws.runtime.metadata.MetaDataSlotImpl@73395135
      isClientProcess = false
      runtimeFactory = class com.ibm.ws.cdi.internal.archive.liberty.RuntimeFactory@69326de2
      proxyServices = class com.ibm.ws.cdi.liberty.ProxyServicesImpl@64ab5fd1
      serialVersionUID = 3303311990318899787
      cdiContainer = class com.ibm.ws.cdi.impl.CDIContainerImpl@2d5c86a6
      serialVersionUID = -3685775177967064433
      $$$tc$$$ = class com.ibm.websphere.ras.TraceComponent@54f7ef47
    cdi = class com.ibm.ws.cdi.impl.CDIImpl@3fb5d546
      cdiService = class com.ibm.ws.cdi.liberty.CDIRuntimeImpl@20dba2ee
      serialVersionUID = -7939958868102936626
      $$$tc$$$ = class com.ibm.websphere.ras.TraceComponent@29946965
      knownClassNames = class org.jboss.weld.util.collections.ImmutableTinySet$Tripleton@6620b7cf
      instanceCache = class org.jboss.weld.util.cache.ReentrantMapBackedComputingCache@2eef39b3
      lock = class java.lang.Object@39a6df2e
      discoveredProviders = null
      configuredProvider = class com.ibm.ws.cdi.liberty.CDIRuntimeImpl@20dba2ee
    serialVersionUID = 8639462765890932626
    $$$tc$$$ = class com.ibm.websphere.ras.TraceComponent@2a0bb8c9
      strings[0] = "TraceComponent[com.ibm.ws.cdi.impl.weld.WebSphereCDIDeploymentImpl,class com.ibm.ws.cdi.impl.weld.WebSphereCDIDeploymentImpl,[JCDI],com.ibm.ws.cdi.impl.resources.CDI,null]"
  serialVersionUID = 2515575801175940133

Dump of objectArray[0]
Object type = org.jboss.weld.injection.producer.ResourceInjector$1
  val$instance = class colruyt.registration.ArticleManager$Proxy$_$$_WeldSubclass@2a950688
    weld$$$64 = class java.lang.reflect.Method@39317dad
      clazz = class java.lang.Class@7cb4cec
      slot = 13
      name = "registerArticle$$super"
      returnType = class java.lang.Class@4ee285c6
      parameterTypes = class java.lang.Class[1]
      exceptionTypes = class java.lang.Class[0]
      modifiers = 4098
      signature = null
      genericInfo = null
      annotations = {0,0} /* array length = 2 */
      parameterAnnotations = {1,0,0} /* array length = 3 */
      annotationDefault = null
      methodAccessor = null
      root = class java.lang.reflect.Method@7572fa92
      hasRealParameterData = false
      parameters = null
      declaredAnnotations = null
      override = false
      reflectionFactory = class jdk.internal.reflect.ReflectionFactory@5ada8b2f
      securityCheckCache = null
      printStackWhenAccessFails = false
      printStackPropertiesSet = true
    weld$$$63 = class java.lang.reflect.Method@9961902
      clazz = class java.lang.Class@155a9533
      slot = 2
      name = "registerArticle"
      returnType = class java.lang.Class@4ee285c6
      parameterTypes = class java.lang.Class[1]
      exceptionTypes = class java.lang.Class[0]
      modifiers = 1
      signature = null
      genericInfo = null
      annotations = {0,1,0,24,0,0} /* array length = 6 */
      parameterAnnotations = null
      annotationDefault = null
      methodAccessor = null
      root = class java.lang.reflect.Method@480fc8d6
      hasRealParameterData = false
      parameters = null
      declaredAnnotations = null
      override = false
      reflectionFactory = class jdk.internal.reflect.ReflectionFactory@5ada8b2f
      securityCheckCache = null
      printStackWhenAccessFails = false
      printStackPropertiesSet = true
    weld$$$66 = class java.lang.reflect.Method@3f531448
      clazz = class java.lang.Class@1d6ee25a
      slot = 1
      name = "lifecycle_mixin_$$_preDestroy"
      returnType = class java.lang.Class@4ee285c6
      parameterTypes = class java.lang.Class[0]
      exceptionTypes = class java.lang.Class[0]
      modifiers = 1025
      signature = null
      genericInfo = null
      annotations = null
      parameterAnnotations = null
      annotationDefault = null
      methodAccessor = null
      root = class java.lang.reflect.Method@10f52b77
      hasRealParameterData = false
      parameters = null
      declaredAnnotations = null
      override = false
      reflectionFactory = class jdk.internal.reflect.ReflectionFactory@5ada8b2f
      securityCheckCache = null
      printStackWhenAccessFails = false
      printStackPropertiesSet = true
    weld$$$65 = class java.lang.reflect.Method@32d079fe
      clazz = class java.lang.Class@1d6ee25a
      slot = 0
      name = "lifecycle_mixin_$$_postConstruct"
      returnType = class java.lang.Class@4ee285c6
      parameterTypes = class java.lang.Class[0]
      exceptionTypes = class java.lang.Class[0]
      modifiers = 1025
      signature = null
      genericInfo = null
      annotations = null
      parameterAnnotations = null
      annotationDefault = null
      methodAccessor = null
      root = class java.lang.reflect.Method@37e507a
      hasRealParameterData = false
      parameters = null
      declaredAnnotations = null
      override = false
      reflectionFactory = class jdk.internal.reflect.ReflectionFactory@5ada8b2f
      securityCheckCache = null
      printStackWhenAccessFails = false
      printStackPropertiesSet = true
    weld$$$62 = class java.lang.reflect.Method@3ea61c
      clazz = class java.lang.Class@7cb4cec
      slot = 10
      name = "getAllArticles$$super"
      returnType = class java.lang.Class@7440e464
      parameterTypes = class java.lang.Class[0]
      exceptionTypes = class java.lang.Class[0]
      modifiers = 4098
      signature = null
      genericInfo = null
      annotations = {0,0} /* array length = 2 */
      parameterAnnotations = {0} /* array length = 1 */
      annotationDefault = null
      methodAccessor = null
      root = class java.lang.reflect.Method@2fa1d681
      hasRealParameterData = false
      parameters = null
      declaredAnnotations = null
      override = false
      reflectionFactory = class jdk.internal.reflect.ReflectionFactory@5ada8b2f
      securityCheckCache = null
      printStackWhenAccessFails = false
      printStackPropertiesSet = true
    methodHandler = class org.jboss.weld.bean.proxy.CombinedInterceptorAndDecoratorStackMethodHandler@3959e110
      NULL_INSTANCE = class org.jboss.weld.bean.proxy.CombinedInterceptorAndDecoratorStackMethodHandler$1@67366763
      interceptorMethodHandler = class org.jboss.weld.interceptor.proxy.InterceptorMethodHandler@268a0e08
      outerDecorator = null
    constructed = true
    weld$$$61 = class java.lang.reflect.Method@1e8f5327
      clazz = class java.lang.Class@155a9533
      slot = 1
      name = "getAllArticles"
      returnType = class java.lang.Class@7440e464
      parameterTypes = class java.lang.Class[0]
      exceptionTypes = class java.lang.Class[0]
      modifiers = 1
      signature = "()Ljava/util/List<Lcolruyt/registration/Article;>;"
      genericInfo = null
      annotations = {0,1,0,24,0,0} /* array length = 6 */
      parameterAnnotations = null
      annotationDefault = null
      methodAccessor = null
      root = class java.lang.reflect.Method@69bb0a88
      hasRealParameterData = false
      parameters = null
      declaredAnnotations = null
      override = false
      reflectionFactory = class jdk.internal.reflect.ReflectionFactory@5ada8b2f
      securityCheckCache = null
      printStackWhenAccessFails = false
      printStackPropertiesSet = true
    em = null
  val$ctx = class org.jboss.weld.contexts.CreationalContextImpl@7f0676c9
    serialVersionUID = 7375854583908262422
    SERIALIZATION_PROXY = class org.jboss.weld.contexts.CreationalContextImpl$SerializationProxy@2c55233b
      serialVersionUID = 5261112077771498097
    incompleteInstances = class java.util.HashMap@6113d04e
      serialVersionUID = 362498820763181265
      DEFAULT_INITIAL_CAPACITY = 16
      MAXIMUM_CAPACITY = 1073741824
      DEFAULT_LOAD_FACTOR = 0.75
      TREEIFY_THRESHOLD = 8
      UNTREEIFY_THRESHOLD = 6
      MIN_TREEIFY_CAPACITY = 64
      table = class java.util.HashMap$Node[16]
      entrySet = null
      size = 1
      modCount = 1
      threshold = 12
      loadFactor = 0.75
      keySet = null
      values = null
    contextual = class org.jboss.weld.bean.ManagedBean@28c363a9
    dependentInstances = class java.util.Collections$SynchronizedRandomAccessList@4fe438e1
      serialVersionUID = 1530674583602358482
      serialVersionUID = -7754090372962971524
      list = class java.util.ArrayList@6786bdbc
      serialVersionUID = 3053995032091335093
      c = class java.util.ArrayList@6786bdbc
      mutex = class java.util.Collections$SynchronizedRandomAccessList@4fe438e1
    parentDependentInstances = class java.util.Collections$SynchronizedRandomAccessList@3d7c659d
      serialVersionUID = 1530674583602358482
      serialVersionUID = -7754090372962971524
      list = class java.util.ArrayList@64e6f106
      serialVersionUID = 3053995032091335093
      c = class java.util.ArrayList@64e6f106
      mutex = class java.util.Collections$SynchronizedRandomAccessList@3d7c659d
    parentCreationalContext = null
    resourceReferences = null
    constructorInterceptionSuppressed = false
    aroundConstructCallbacks = null
    aroundConstructInterceptionContext = null
  val$manager = class org.jboss.weld.manager.BeanManagerImpl@26040d29
    serialVersionUID = 3021562879133838561
    CREATIONAL_CONTEXT = "creationalContext"
    services = class org.jboss.weld.bootstrap.api.helpers.SimpleServiceRegistry@72a3508e
      services = class java.util.HashMap@11b342a6
      bootstrapServices = class java.util.HashSet@27fb2f5a
    contexts = class java.util.concurrent.ConcurrentHashMap@20fdcf46
      serialVersionUID = 7249069246763182397
      MAXIMUM_CAPACITY = 1073741824
      DEFAULT_CAPACITY = 16
      MAX_ARRAY_SIZE = 2147483639
      DEFAULT_CONCURRENCY_LEVEL = 16
      LOAD_FACTOR = 0.75
      TREEIFY_THRESHOLD = 8
      UNTREEIFY_THRESHOLD = 6
      MIN_TREEIFY_CAPACITY = 64
      MIN_TRANSFER_STRIDE = 16
      RESIZE_STAMP_BITS = 16
      MAX_RESIZERS = 65535
      RESIZE_STAMP_SHIFT = 16
      MOVED = -1
      TREEBIN = -2
      RESERVED = -3
      HASH_BITS = 2147483647
      NCPU = 12
      serialPersistentFields = class java.io.ObjectStreamField[3]
      table = class java.util.concurrent.ConcurrentHashMap$Node[16]
      nextTable = null
      baseCount = 11
      sizeCtl = 12
      transferIndex = 0
      cellsBusy = 0
      counterCells = null
      keySet = null
      values = null
      entrySet = null
      U = class jdk.internal.misc.Unsafe@4fe10351
      SIZECTL = 20
      TRANSFERINDEX = 32
      BASECOUNT = 24
      CELLSBUSY = 36
      CELLVALUE = 144
      ABASE = 16
      ASHIFT = 2
      keySet = null
      values = null
    clientProxyProvider = class org.jboss.weld.bean.proxy.ClientProxyProvider@6a29ea27
      BEAN_NOT_PROXYABLE_MARKER = class java.lang.Object@441c0ce8
      beanTypeClosureProxyPool = class org.jboss.weld.util.cache.ReentrantMapBackedComputingCache@72ae5a2b
      requestedTypeClosureProxyPool = class org.jboss.weld.util.cache.ReentrantMapBackedComputingCache@5f1b6af9
      contextId = "SolTest"
      services = class org.jboss.weld.bootstrap.api.helpers.ServiceRegistries$1@73cd6f45
    enterpriseBeans = class java.util.concurrent.ConcurrentHashMap@7d5bc92e
      serialVersionUID = 7249069246763182397
      MAXIMUM_CAPACITY = 1073741824
      DEFAULT_CAPACITY = 16
      MAX_ARRAY_SIZE = 2147483639
      DEFAULT_CONCURRENCY_LEVEL = 16
      LOAD_FACTOR = 0.75
      TREEIFY_THRESHOLD = 8
      UNTREEIFY_THRESHOLD = 6
      MIN_TREEIFY_CAPACITY = 64
      MIN_TRANSFER_STRIDE = 16
      RESIZE_STAMP_BITS = 16
      MAX_RESIZERS = 65535
      RESIZE_STAMP_SHIFT = 16
      MOVED = -1
      TREEBIN = -2
      RESERVED = -3
      HASH_BITS = 2147483647
      NCPU = 12
      serialPersistentFields = class java.io.ObjectStreamField[3]
      table = null
      nextTable = null
      baseCount = 0
      sizeCtl = 0
      transferIndex = 0
      cellsBusy = 0
      counterCells = null
      keySet = null
      values = null
      entrySet = null
      U = class jdk.internal.misc.Unsafe@4fe10351
      SIZECTL = 20
      TRANSFERINDEX = 32
      BASECOUNT = 24
      CELLSBUSY = 36
      CELLVALUE = 144
      ABASE = 16
      ASHIFT = 2
      keySet = null
      values = null
    enabled = class org.jboss.weld.bootstrap.enablement.ModuleEnablement@1594c12b
      EMPTY_ENABLEMENT = class org.jboss.weld.bootstrap.enablement.ModuleEnablement@7263ffe
      interceptors = class org.jboss.weld.util.collections.ImmutableArrayList@277feb6a
      decorators = class java.util.Collections$EmptyList@3d172d30
      interceptorMap = class java.util.Collections$UnmodifiableMap@5306443e
      decoratorMap = class java.util.Collections$EmptyMap@25e5b40f
      globalAlternatives = class java.util.Collections$EmptyMap@25e5b40f
      localAlternativeClasses = class java.util.Collections$EmptySet@165fa0ca
      localAlternativeStereotypes = class java.util.Collections$EmptySet@165fa0ca
      decoratorComparator = class org.jboss.weld.bootstrap.enablement.ModuleEnablement$EnablementComparator@219a5b4a
      interceptorComparator = class org.jboss.weld.bootstrap.enablement.ModuleEnablement$EnablementComparator@17f54948
    beanResolver = class org.jboss.weld.resolution.TypeSafeBeanResolver@5bddab20
      beanManager = class org.jboss.weld.manager.BeanManagerImpl@26040d29
      disambiguatedBeans = class org.jboss.weld.util.cache.ReentrantMapBackedComputingCache@68c0aadb
      store = class org.jboss.weld.metadata.cache.MetaAnnotationStore@5002fec1
      beansByType = class org.jboss.weld.resolution.AbstractTypeSafeBeanResolver$1@27c65177
      resolved = class org.jboss.weld.util.cache.ReentrantMapBackedComputingCache@186d54a0
      allBeans = class org.jboss.weld.util.collections.Iterables$$Lambda$205/0x0000000800b3ac40@1f1d9654
      resolverFunction = class org.jboss.weld.resolution.TypeSafeResolver$ResolvableToBeanCollection@7266711e
    decoratorResolver = class org.jboss.weld.resolution.TypeSafeDecoratorResolver@7e800aae
      rules = class org.jboss.weld.resolution.DelegateInjectionPointAssignabilityRules@538aae70
      beanManager = class org.jboss.weld.manager.BeanManagerImpl@26040d29
      disambiguatedBeans = class org.jboss.weld.util.cache.ReentrantMapBackedComputingCache@5b2f3170
      store = class org.jboss.weld.metadata.cache.MetaAnnotationStore@5002fec1
      beansByType = class org.jboss.weld.resolution.AbstractTypeSafeBeanResolver$1@2e7d8a64
      resolved = class org.jboss.weld.util.cache.ReentrantMapBackedComputingCache@288248f5
      allBeans = class org.jboss.weld.util.collections.Iterables$$Lambda$205/0x0000000800b3ac40@a844824
      resolverFunction = class org.jboss.weld.resolution.TypeSafeResolver$ResolvableToBeanCollection@4d374b43
    interceptorResolver = class org.jboss.weld.resolution.TypeSafeInterceptorResolver@5d31aee9
      manager = class org.jboss.weld.manager.BeanManagerImpl@26040d29
      resolved = class org.jboss.weld.util.cache.ReentrantMapBackedComputingCache@15740e6c
      allBeans = class org.jboss.weld.util.collections.Iterables$$Lambda$205/0x0000000800b3ac40@44795cbb
      resolverFunction = class org.jboss.weld.resolution.TypeSafeResolver$ResolvableToBeanCollection@72af16c
    nameBasedResolver = class org.jboss.weld.resolution.NameBasedResolver@6e9fb1fd
      resolvedNames = class org.jboss.weld.util.cache.ReentrantMapBackedComputingCache@635d7af3
    weldELResolver = class org.jboss.weld.module.web.el.WeldELResolver@58ad83a5
      beanManager = class org.jboss.weld.manager.BeanManagerImpl@26040d29
      rootNamespace = class org.jboss.weld.util.LazyValueHolder$1@51a8196e
      TYPE = "type"
      RESOLVABLE_AT_DESIGN_TIME = "resolvableAtDesignTime"
    accessibleLenientObserverNotifier = class org.jboss.weld.module.jta.TransactionalObserverNotifier@26062764
      FACTORY = class org.jboss.weld.module.jta.TransactionalObserverNotifier$1@1dc9593d
      transactionServices = class com.ibm.ws.cdi.impl.weld.TransactionServicesImpl@6a537494
      contextId = "SolTest"
      NO_EXCEPTION_MARKER = class java.lang.RuntimeException@3be88d6b
      resolver = class org.jboss.weld.resolution.TypeSafeObserverResolver@3ddb2f7a
      sharedObjectCache = class org.jboss.weld.resources.SharedObjectCache@2a2e902b
      strict = false
      currentEventMetadata = class org.jboss.weld.event.CurrentEventMetadata@7e9f562c
      eventTypeCheckCache = null
      asyncEventExecutor = class com.ibm.ws.concurrent.ee.ManagedExecutorServiceImpl@f996abf
      timerExecutor = class com.ibm.ws.threading.internal.ScheduledExecutorImpl@70e53df2
      securityServices = class com.ibm.ws.cdi.impl.DefaultCDI20SecurityService@1ed7d5cd
      requestContextHolder = class org.jboss.weld.util.LazyValueHolder$1@21e45ee8
    globalLenientObserverNotifier = class org.jboss.weld.module.jta.TransactionalObserverNotifier@761083ab
      FACTORY = class org.jboss.weld.module.jta.TransactionalObserverNotifier$1@1dc9593d
      transactionServices = class com.ibm.ws.cdi.impl.weld.TransactionServicesImpl@6a537494
      contextId = "SolTest"
      NO_EXCEPTION_MARKER = class java.lang.RuntimeException@3be88d6b
      resolver = class org.jboss.weld.resolution.TypeSafeObserverResolver@2948e289
      sharedObjectCache = class org.jboss.weld.resources.SharedObjectCache@2a2e902b
      strict = false
      currentEventMetadata = class org.jboss.weld.event.CurrentEventMetadata@7e9f562c
      eventTypeCheckCache = null
      asyncEventExecutor = class com.ibm.ws.concurrent.ee.ManagedExecutorServiceImpl@f996abf
      timerExecutor = class com.ibm.ws.threading.internal.ScheduledExecutorImpl@70e53df2
      securityServices = class com.ibm.ws.cdi.impl.DefaultCDI20SecurityService@1ed7d5cd
      requestContextHolder = class org.jboss.weld.util.LazyValueHolder$1@1afdde0d
    globalStrictObserverNotifier = class org.jboss.weld.module.jta.TransactionalObserverNotifier@6513c4cd
      FACTORY = class org.jboss.weld.module.jta.TransactionalObserverNotifier$1@1dc9593d
      transactionServices = class com.ibm.ws.cdi.impl.weld.TransactionServicesImpl@6a537494
      contextId = "SolTest"
      NO_EXCEPTION_MARKER = class java.lang.RuntimeException@3be88d6b
      resolver = class org.jboss.weld.resolution.TypeSafeObserverResolver@2948e289
      sharedObjectCache = class org.jboss.weld.resources.SharedObjectCache@2a2e902b
      strict = true
      currentEventMetadata = class org.jboss.weld.event.CurrentEventMetadata@7e9f562c
      eventTypeCheckCache = class org.jboss.weld.util.cache.ReentrantMapBackedComputingCache@12e2bbc2
      asyncEventExecutor = class com.ibm.ws.concurrent.ee.ManagedExecutorServiceImpl@f996abf
      timerExecutor = class com.ibm.ws.threading.internal.ScheduledExecutorImpl@70e53df2
      securityServices = class com.ibm.ws.cdi.impl.DefaultCDI20SecurityService@1ed7d5cd
      requestContextHolder = class org.jboss.weld.util.LazyValueHolder$1@42139963
    enabledBeans = class java.util.concurrent.CopyOnWriteArrayList@5197d361
      serialVersionUID = 8673264195747942595
      lock = class java.lang.Object@1fcfcde1
      array = class java.lang.Object[33]
    sharedBeans = class java.util.concurrent.CopyOnWriteArrayList@46bde330
      serialVersionUID = 8673264195747942595
      lock = class java.lang.Object@40edbeb1
      array = class java.lang.Object[2]
    specializedBeans = class java.util.concurrent.CopyOnWriteArrayList@34423d97
      serialVersionUID = 8673264195747942595
      lock = class java.lang.Object@1dfbcd7d
      array = class java.lang.Object[0]
    decorators = class java.util.concurrent.CopyOnWriteArrayList@4f8cb27e
      serialVersionUID = 8673264195747942595
      lock = class java.lang.Object@3b286d07
      array = class java.lang.Object[0]
    interceptors = class java.util.concurrent.CopyOnWriteArrayList@206f6c35
      serialVersionUID = 8673264195747942595
      lock = class java.lang.Object@29c2dc49
      array = class java.lang.Object[0]
    namespaces = class java.util.concurrent.CopyOnWriteArrayList@962bf6b
      serialVersionUID = 8673264195747942595
      lock = class java.lang.Object@17704cdc
      array = class java.lang.Object[3]
    observers = class java.util.concurrent.CopyOnWriteArrayList@2c699555
      serialVersionUID = 8673264195747942595
      lock = class java.lang.Object@5ef5937f
      array = class java.lang.Object[0]
    beanSet = null
    managers = class java.util.HashSet@65cdde4
      serialVersionUID = -5024744406713321676
      map = class java.util.HashMap@f5bc62b
      PRESENT = class java.lang.Object@5b2e6297
      MAX_ARRAY_SIZE = 2147483639
    accessibleManagers = class java.util.HashSet@5d8907de
      serialVersionUID = -5024744406713321676
      map = class java.util.HashMap@535fb32b
      PRESENT = class java.lang.Object@5b2e6297
      MAX_ARRAY_SIZE = 2147483639
    id = "SolTest#SolTest.war"
    contextId = "SolTest"
    interceptorModelRegistry = class java.util.concurrent.ConcurrentHashMap@410c72e3
      serialVersionUID = 7249069246763182397
      MAXIMUM_CAPACITY = 1073741824
      DEFAULT_CAPACITY = 16
      MAX_ARRAY_SIZE = 2147483639
      DEFAULT_CONCURRENCY_LEVEL = 16
      LOAD_FACTOR = 0.75
      TREEIFY_THRESHOLD = 8
      UNTREEIFY_THRESHOLD = 6
      MIN_TREEIFY_CAPACITY = 64
      MIN_TRANSFER_STRIDE = 16
      RESIZE_STAMP_BITS = 16
      MAX_RESIZERS = 65535
      RESIZE_STAMP_SHIFT = 16
      MOVED = -1
      TREEBIN = -2
      RESERVED = -3
      HASH_BITS = 2147483647
      NCPU = 12
      serialPersistentFields = class java.io.ObjectStreamField[3]
      table = class java.util.concurrent.ConcurrentHashMap$Node[16]
      nextTable = null
      baseCount = 1
      sizeCtl = 12
      transferIndex = 0
      cellsBusy = 0
      counterCells = null
      keySet = null
      values = null
      entrySet = null
      U = class jdk.internal.misc.Unsafe@4fe10351
      SIZECTL = 20
      TRANSFERINDEX = 32
      BASECOUNT = 24
      CELLSBUSY = 36
      CELLVALUE = 144
      ABASE = 16
      ASHIFT = 2
      keySet = null
      values = null
    interceptorMetadataReader = class org.jboss.weld.interceptor.reader.InterceptorMetadataReader@212f84aa
      manager = class org.jboss.weld.manager.BeanManagerImpl@26040d29
      plainInterceptorMetadataCache = class org.jboss.weld.util.cache.ReentrantMapBackedComputingCache@77183002
      cdiInterceptorMetadataCache = class org.jboss.weld.util.cache.ReentrantMapBackedComputingCache@6114f146
      interceptorToInterceptorMetadataFunction = class org.jboss.weld.interceptor.reader.InterceptorMetadataReader$$Lambda$206/0x0000000800b3a040@794f8dcd
    containerLifecycleEvents = class org.jboss.weld.bootstrap.events.ContainerLifecycleEvents@1357aef3
      everythingObserved = false
      processAnnotatedTypeObserved = true
      processBeanObserved = true
      processBeanAttributesObserved = true
      processInjectionPointObserved = false
      processInjectionTargetObserved = false
      processProducerObserved = true
      processObserverMethodObserved = false
      discovery = class org.jboss.weld.bootstrap.events.RequiredAnnotationDiscovery@5325d5f5
      preloader = class org.jboss.weld.bootstrap.events.ContainerLifecycleEventPreloader@4b8a3f93
    registry = class org.jboss.weld.bootstrap.SpecializationAndEnablementRegistry@12f553df
      specializedBeanResolvers = class org.jboss.weld.util.cache.ReentrantMapBackedComputingCache@e6916ec
      environmentByManager = class java.util.concurrent.ConcurrentHashMap@3030c9db
      specializedBeans = class org.jboss.weld.util.cache.ReentrantMapBackedComputingCache@4d472855
      specializedBeansMap = class java.util.concurrent.ConcurrentHashMap@57abf0c9
    currentInjectionPoint = class org.jboss.weld.injection.CurrentInjectionPoint@41fcde96
      threadLocalStack = class org.jboss.weld.injection.ThreadLocalStack$1@6245ce7
      NULL_REFERENCE = class org.jboss.weld.injection.ThreadLocalStack$2@66c7a45f
    clientProxyOptimization = false
    validationFailureCallbacks = class java.util.concurrent.CopyOnWriteArrayList@545e8680
      serialVersionUID = 8673264195747942595
      lock = class java.lang.Object@7d0c35fc
      array = class java.lang.Object[0]
    requestInitializedEvent = class org.jboss.weld.util.LazyValueHolder$1@76e76d82
      val$supplier = class org.jboss.weld.manager.BeanManagerImpl$$Lambda$212/0x0000000800b38840@7259e513
      value = null
    requestBeforeDestroyedEvent = class org.jboss.weld.util.LazyValueHolder$1@2b30ad20
      val$supplier = class org.jboss.weld.manager.BeanManagerImpl$$Lambda$213/0x0000000800b38c40@57125698
      value = null
    requestDestroyedEvent = class org.jboss.weld.util.LazyValueHolder$1@c1fcebe
      val$supplier = class org.jboss.weld.manager.BeanManagerImpl$$Lambda$214/0x0000000800b78040@57ed3153
      value = null
  this$0 = class org.jboss.weld.injection.producer.ResourceInjector@977fe4d
    resourceInjectionsHierarchy = class java.util.Collections$EmptyList@3d172d30
      serialVersionUID = 8842843931221139166
      modCount = 0
      MAX_ARRAY_SIZE = 2147483639
    injectableFields = class org.jboss.weld.util.collections.ImmutableTinyList$Singleton@eb97de0
      serialVersionUID = 1
      element = class java.util.Collections$EmptySet@165fa0ca
      modCount = 0
      MAX_ARRAY_SIZE = 2147483639
    initializerMethods = class org.jboss.weld.util.collections.ImmutableTinyList$Singleton@3dd499b5
      serialVersionUID = 1
      element = class java.util.Collections$EmptySet@165fa0ca
      modCount = 0
      MAX_ARRAY_SIZE = 2147483639
  beanManager = class org.jboss.weld.manager.BeanManagerImpl@26040d29
  injectionTarget = class org.jboss.weld.injection.producer.BeanInjectionTarget@47236952
    bean = class org.jboss.weld.bean.ManagedBean@28c363a9
      proxiable = true
      passivationCapableBean = false
      passivationCapableDependency = true
      hasPostConstructCallback = false
      annotatedType = class org.jboss.weld.annotated.slim.backed.BackedAnnotatedType@32c132fa
      enhancedAnnotatedItem = null
      producer = class org.jboss.weld.injection.producer.BeanInjectionTarget@47236952
      type = class java.lang.Class@155a9533
      preInitialized = false
      proxyRequired = true
      producer = null
      ignoreFinalMethods = false
      beanManager = class org.jboss.weld.manager.BeanManagerImpl@26040d29
      initialized = true
      qualifiers = class org.jboss.weld.util.collections.ImmutableTinySet$Doubleton@7a5b8349
      contextualInstanceStrategy = class org.jboss.weld.bean.ContextualInstanceStrategy$ApplicationScopedContextualInstanceStrategy@1e1fc387
      attributes = class org.jboss.weld.bean.attributes.ImmutableBeanAttributes@1d8fcdb2
      identifier = class org.jboss.weld.bean.ManagedBeanIdentifier@2043d26d
    beanManager = class org.jboss.weld.manager.BeanManagerImpl@26040d29
    type = class org.jboss.weld.annotated.slim.backed.BackedAnnotatedType@32c132fa
    injectionPoints = class java.util.Collections$EmptySet@165fa0ca
      serialVersionUID = 1582296315990362920
      MAX_ARRAY_SIZE = 2147483639
    instantiator = class org.jboss.weld.injection.producer.InterceptorApplyingInstantiator@643ff846
      interceptionModel = class org.jboss.weld.interceptor.builder.InterceptionModelImpl@2820c919
      annotatedType = class org.jboss.weld.annotated.slim.backed.BackedAnnotatedType@32c132fa
      delegate = class org.jboss.weld.injection.producer.SubclassedComponentInstantiator@7139d5aa
    injector = class org.jboss.weld.injection.producer.ResourceInjector@977fe4d
    invoker = class org.jboss.weld.injection.producer.DefaultLifecycleCallbackInvoker@528cf71a
      accessiblePostConstructMethods = class java.util.Collections$EmptyList@3d172d30
      accessiblePreDestroyMethods = class java.util.Collections$EmptyList@3d172d30
  annotatedType = class org.jboss.weld.annotated.slim.backed.BackedAnnotatedType@32c132fa
    javaClass = class java.lang.Class@155a9533
      ANNOTATION = 8192
      ENUM = 16384
      SYNTHETIC = 4096
      cachedConstructor = null
      newInstanceCallerCache = null
      name = "colruyt.registration.ArticleManager"
      module = class java.lang.Module@814edb2
      packageName = "colruyt.registration"
      componentType = null
      allPermDomain = class java.security.ProtectionDomain@4f9e9ac8
      reflectionData = class java.lang.ref.SoftReference@5fda87f2
      classRedefinedCount = 0
      genericInfo = class sun.reflect.generics.repository.ClassRepository@7260a87b
      EMPTY_CLASS_ARRAY = class java.lang.Class[0]
      serialVersionUID = 3206093459760846163
      serialPersistentFields = class java.io.ObjectStreamField[0]
      reflectionFactory = class jdk.internal.reflect.ReflectionFactory@5ada8b2f
      enumConstants = null
      enumConstantDirectory = null
      annotationData = class java.lang.Class$AnnotationData@280ecf02
      annotationType = null
      classValueMap = null
    constructors = class org.jboss.weld.annotated.slim.backed.BackedAnnotatedType$BackedAnnotatedConstructors@2632ab81
      this$0 = class org.jboss.weld.annotated.slim.backed.BackedAnnotatedType@32c132fa
      this$0 = class org.jboss.weld.annotated.slim.backed.BackedAnnotatedType@32c132fa
      value = null
    methods = class org.jboss.weld.annotated.slim.backed.BackedAnnotatedType$BackedAnnotatedMethods@13b3bc7a
      this$0 = class org.jboss.weld.annotated.slim.backed.BackedAnnotatedType@32c132fa
      this$0 = class org.jboss.weld.annotated.slim.backed.BackedAnnotatedType@32c132fa
      value = null
    fields = class org.jboss.weld.annotated.slim.backed.BackedAnnotatedType$BackedAnnotatedFields@56a08591
      this$0 = class org.jboss.weld.annotated.slim.backed.BackedAnnotatedType@32c132fa
      this$0 = class org.jboss.weld.annotated.slim.backed.BackedAnnotatedType@32c132fa
      value = null
    sharedObjectCache = class org.jboss.weld.resources.SharedObjectCache@2a2e902b
      sharedSets = class org.jboss.weld.util.cache.ReentrantMapBackedComputingCache@38b5c5f2
      sharedMaps = class org.jboss.weld.util.cache.ReentrantMapBackedComputingCache@475bf30a
      typeClosureHolders = class org.jboss.weld.util.cache.ReentrantMapBackedComputingCache@2916e830
    reflectionCache = class org.jboss.weld.resources.HotspotReflectionCache@6a532e10
      annotationTypeLock = class java.lang.Class@86be70a
      store = class org.jboss.weld.metadata.TypeStore@4f89c467
      ANNOTATIONS_FUNCTION = class org.jboss.weld.resources.DefaultReflectionCache$$Lambda$188/0x0000000800b3f440@2e4f4e1c
      DECLARED_ANNOTATIONS_FUNCTION = class org.jboss.weld.resources.DefaultReflectionCache$$Lambda$189/0x0000000800b3e840@5dfc0094
      annotations = class org.jboss.weld.util.cache.ReentrantMapBackedComputingCache@607ead6a
      declaredAnnotations = class org.jboss.weld.util.cache.ReentrantMapBackedComputingCache@6155e7fe
      backedAnnotatedTypeAnnotations = class org.jboss.weld.util.cache.ReentrantMapBackedComputingCache@353e7a66
      annotationClasses = class org.jboss.weld.util.cache.ReentrantMapBackedComputingCache@8fb24f5
    identifier = class org.jboss.weld.annotated.slim.AnnotatedTypeIdentifier@4f20b7c1
      NULL_BDA_ID = "org.jboss.weld.annotated.slim.AnnotatedTypeIdentifier.null"
      SYNTHETIC_ANNOTATION_SUFFIX = "syntheticAnnotation"
      serialVersionUID = -264184070652700144
      contextId = "SolTest"
      bdaId = "SolTest#SolTest.war"
      className = "colruyt.registration.ArticleManager"
      suffix = null
      modified = false
      hashCode = -334631561
    typeClosure = class org.jboss.weld.annotated.enhanced.TypeClosureLazyValueHolder@7cfd7307
      type = class java.lang.Class@155a9533
      value = class org.jboss.weld.util.collections.ImmutableTinySet$Doubleton@901dedf
    baseType = class java.lang.Class@155a9533
  target = class colruyt.registration.ArticleManager$Proxy$_$$_WeldSubclass@2a950688

