------Start of DE processing------ = [18/12/18 22:39:10:136 CET]
Exception = com.ibm.wsspi.adaptable.module.UnableToAdaptException
Source = com.ibm.ws.app.manager.war.internal.WARApplicationHandlerImpl
probeid = 50
Stack Dump = com.ibm.wsspi.adaptable.module.UnableToAdaptException: com.ibm.ws.javaee.ddmodel.DDParser$ParseException: CWWKC2272E: An error occurred while parsing the /WEB-INF/web.xml deployment descriptor on line 8. The error message was: ParseError at [row,col]:[8,174]
Message: http://www.w3.org/TR/1999/REC-xml-names-19990114#AttributePrefixUnbound?web-app&xsi:schemaLocation&xsi
	at com.ibm.ws.javaee.ddmodel.web.WebAppEntryAdapter.adapt(WebAppEntryAdapter.java:61)
	at com.ibm.ws.javaee.ddmodel.web.WebAppEntryAdapter.adapt(WebAppEntryAdapter.java:26)
	at com.ibm.ws.adaptable.module.internal.AdapterFactoryServiceImpl.adapt(AdapterFactoryServiceImpl.java:227)
	at com.ibm.ws.adaptable.module.internal.AdaptableEntryImpl.adapt(AdaptableEntryImpl.java:121)
	at com.ibm.ws.javaee.ddmodel.web.WebAppAdapter.adapt(WebAppAdapter.java:38)
	at com.ibm.ws.javaee.ddmodel.web.WebAppAdapter.adapt(WebAppAdapter.java:24)
	at com.ibm.ws.adaptable.module.internal.AdapterFactoryServiceImpl.adapt(AdapterFactoryServiceImpl.java:196)
	at com.ibm.ws.adaptable.module.internal.AdaptableContainerImpl.adapt(AdaptableContainerImpl.java:170)
	at com.ibm.ws.app.manager.module.internal.SimpleDeployedAppInfoBase$ModuleContainerInfoBase.<init>(SimpleDeployedAppInfoBase.java:153)
	at com.ibm.ws.app.manager.module.internal.SimpleDeployedAppInfoBase$WebModuleContainerInfo.<init>(SimpleDeployedAppInfoBase.java:320)
	at com.ibm.ws.app.manager.war.internal.WARDeployedAppInfo.<init>(WARDeployedAppInfo.java:64)
	at com.ibm.ws.app.manager.war.internal.WARDeployedAppInfoFactoryImpl.createDeployedAppInfo(WARDeployedAppInfoFactoryImpl.java:118)
	at com.ibm.ws.app.manager.war.internal.WARDeployedAppInfoFactoryImpl.createDeployedAppInfo(WARDeployedAppInfoFactoryImpl.java:33)
	at com.ibm.ws.app.manager.war.internal.WARApplicationHandlerImpl.setUpApplicationMonitoring(WARApplicationHandlerImpl.java:49)
	at com.ibm.ws.app.manager.internal.statemachine.StartAction.execute(StartAction.java:136)
	at com.ibm.ws.app.manager.internal.statemachine.ApplicationStateMachineImpl.enterState(ApplicationStateMachineImpl.java:1258)
	at com.ibm.ws.app.manager.internal.statemachine.ApplicationStateMachineImpl.run(ApplicationStateMachineImpl.java:873)
	at com.ibm.ws.threading.internal.ExecutorServiceImpl$RunnableWrapper.run(ExecutorServiceImpl.java:232)
	at java.base/java.util.concurrent.ThreadPoolExecutor.runWorker(ThreadPoolExecutor.java:1128)
	at java.base/java.util.concurrent.ThreadPoolExecutor$Worker.run(ThreadPoolExecutor.java:628)
	at java.base/java.lang.Thread.run(Thread.java:834)
Caused by: com.ibm.ws.javaee.ddmodel.DDParser$ParseException: CWWKC2272E: An error occurred while parsing the /WEB-INF/web.xml deployment descriptor on line 8. The error message was: ParseError at [row,col]:[8,174]
Message: http://www.w3.org/TR/1999/REC-xml-names-19990114#AttributePrefixUnbound?web-app&xsi:schemaLocation&xsi
	at com.ibm.ws.javaee.ddmodel.DDParser.parseToRootElement(DDParser.java:418)
	at com.ibm.ws.javaee.ddmodel.DDParser.parseRootElement(DDParser.java:572)
	at com.ibm.ws.javaee.ddmodel.web.WebAppDDParser.parse(WebAppDDParser.java:32)
	at com.ibm.ws.javaee.ddmodel.web.WebAppEntryAdapter.adapt(WebAppEntryAdapter.java:59)
	... 20 more
Caused by: javax.xml.stream.XMLStreamException: ParseError at [row,col]:[8,174]
Message: http://www.w3.org/TR/1999/REC-xml-names-19990114#AttributePrefixUnbound?web-app&xsi:schemaLocation&xsi
	at java.xml/com.sun.org.apache.xerces.internal.impl.XMLStreamReaderImpl.next(XMLStreamReaderImpl.java:652)
	at com.ibm.ws.javaee.ddmodel.DDParser.parseToRootElement(DDParser.java:415)
	... 23 more

Dump of callerThis
Object type = com.ibm.ws.app.manager.war.internal.WARApplicationHandlerImpl
  futureMonitor = class com.ibm.ws.threading.internal.FutureMonitorImpl@6d3c8bca
    _monitor = class java.util.concurrent.ConcurrentLinkedQueue@57d32241
      serialVersionUID = 196745693267521676
      head = class java.util.concurrent.ConcurrentLinkedQueue$Node@3d3d56b3
      tail = class java.util.concurrent.ConcurrentLinkedQueue$Node@3d3d56b3
      MAX_HOPS = 8
      HEAD = class java.lang.invoke.VarHandleObjects$FieldInstanceReadWrite@50de3918
      TAIL = class java.lang.invoke.VarHandleObjects$FieldInstanceReadWrite@cd814e8
      ITEM = class java.lang.invoke.VarHandleObjects$FieldInstanceReadWrite@67d96386
      NEXT = class java.lang.invoke.VarHandleObjects$FieldInstanceReadWrite@30063900
      MAX_ARRAY_SIZE = 2147483639
    _executor = class com.ibm.ws.threading.internal.ScheduledExecutorImpl@69545c0d
      threadGroupName = "Scheduled Executor Thread Group"
      executor = class com.ibm.ws.threading.internal.ExecutorServiceImpl@a8cc487
      serialVersionUID = -9110693807503469597
      $$$tc$$$ = class com.ibm.websphere.ras.TraceComponent@1f8465c9
      continueExistingPeriodicTasksAfterShutdown = false
      executeExistingDelayedTasksAfterShutdown = true
      removeOnCancel = false
      sequencer = class java.util.concurrent.atomic.AtomicLong@7f0bcc8a
      DEFAULT_KEEPALIVE_MILLIS = 10
      ctl = class java.util.concurrent.atomic.AtomicInteger@1e8597dd
      COUNT_BITS = 29
      COUNT_MASK = 536870911
      RUNNING = -536870912
      SHUTDOWN = 0
      STOP = 536870912
      TIDYING = 1073741824
      TERMINATED = 1610612736
      workQueue = class java.util.concurrent.ScheduledThreadPoolExecutor$DelayedWorkQueue@5e1e3e6d
      mainLock = class java.util.concurrent.locks.ReentrantLock@325a71d5
      workers = class java.util.HashSet@13948488
      termination = class java.util.concurrent.locks.AbstractQueuedSynchronizer$ConditionObject@211dd258
      largestPoolSize = 1
      completedTaskCount = 0
      threadFactory = class com.ibm.ws.threading.internal.ThreadFactoryImpl@6fea6197
      handler = class java.util.concurrent.ThreadPoolExecutor$AbortPolicy@586d0826
      keepAliveTime = 10000000
      allowCoreThreadTimeOut = false
      corePoolSize = 1
      maximumPoolSize = 2147483647
      defaultHandler = class java.util.concurrent.ThreadPoolExecutor$AbortPolicy@586d0826
      shutdownPerm = class java.lang.RuntimePermission@172d8e61
      ONLY_ONE = true
      $assertionsDisabled = true
    _threadRunning = class java.util.concurrent.atomic.AtomicBoolean@545d92b9
      serialVersionUID = 4654671469794556979
      VALUE = class java.lang.invoke.VarHandleInts$FieldInstanceReadWrite@375629ec
      value = 0
    _thread = class com.ibm.ws.threading.internal.FutureMonitorImpl$1@3da67a
      this$0 = class com.ibm.ws.threading.internal.FutureMonitorImpl@6d3c8bca
      serialVersionUID = 2422512430832938099
      $$$tc$$$ = class com.ibm.websphere.ras.TraceComponent@3db428cc
    serialVersionUID = 2765238413969174390
    $$$tc$$$ = class com.ibm.websphere.ras.TraceComponent@3bc71e47
      strings[0] = "TraceComponent[com.ibm.ws.threading.internal.FutureMonitorImpl,class com.ibm.ws.threading.internal.FutureMonitorImpl,[Threading],com.ibm.ws.threading.internal.resources.ThreadingMessages,null]"
  deployedAppFactory = class com.ibm.ws.app.manager.war.internal.WARDeployedAppInfoFactoryImpl@197a3c98
    tc = class com.ibm.websphere.ras.TraceComponent@7979da0f
      strings[0] = "TraceComponent[com.ibm.ws.app.manager.war.internal.WARDeployedAppInfoFactoryImpl,class com.ibm.ws.app.manager.war.internal.WARDeployedAppInfoFactoryImpl,[webcontainer, applications, app.manager],com.ibm.ws.app.manager.war.internal.resources.Messages,null]"
    webModuleHandler = class com.ibm.ws.app.manager.web.internal.WebModuleHandlerImpl@2fcbf6b3
      serialVersionUID = 4795602325763828210
      $$$tc$$$ = class com.ibm.websphere.ras.TraceComponent@2e2cd06e
      futureMonitor = class com.ibm.ws.threading.internal.FutureMonitorImpl@6d3c8bca
      metaDataService = class com.ibm.ws.container.service.metadata.internal.MetaDataServiceImpl@68744cec
      stateChangeService = class com.ibm.ws.container.service.state.internal.StateChangeServiceImpl@642c10a2
      moduleRuntimeContainer = class com.ibm.ws.webcontainer.osgi.WebContainer@292d528f
      firstFailure = null
      serialVersionUID = -4563697739413190872
      $$$tc$$$ = class com.ibm.websphere.ras.TraceComponent@18b2f856
    applicationManager = class com.ibm.ws.app.manager.ApplicationManager@d79191b
      expandApps = true
      useJandex = false
      startTimeout = 30
      stopTimeout = 30
      serialVersionUID = -5714171545272003139
      $$$tc$$$ = class com.ibm.websphere.ras.TraceComponent@2bb4f0d8
    zipUtils = class com.ibm.ws.app.manager.war.internal.ZipUtils@412a1a5
      tc = class com.ibm.websphere.ras.TraceComponent@57a8d96f
      WAR_EXTENSION = ".war"
      serialVersionUID = -7574063014509395349
    timestamps = class java.util.HashMap@4c44c343
      serialVersionUID = 362498820763181265
      DEFAULT_INITIAL_CAPACITY = 16
      MAXIMUM_CAPACITY = 1073741824
      DEFAULT_LOAD_FACTOR = 0.75
      TREEIFY_THRESHOLD = 8
      UNTREEIFY_THRESHOLD = 6
      MIN_TREEIFY_CAPACITY = 64
      table = null
      entrySet = null
      size = 0
      modCount = 0
      threshold = 0
      loadFactor = 0.75
      keySet = null
      values = null
    serialVersionUID = -5572482233301532271
    SERVER_APPS_DIR = "${server.config.dir}/apps/"
    EXPANDED_APPS_DIR = "${server.config.dir}/apps/expanded/"
    XML_SUFFIX = ".xml"
    bundleContext = class org.eclipse.osgi.internal.framework.BundleContextImpl@526f44d7
      findHookName = "org.osgi.framework.hooks.bundle.FindHook"
      valid = true
      bundle = class org.eclipse.osgi.internal.framework.EquinoxBundle@3c11a4ff
      container = class org.eclipse.osgi.internal.framework.EquinoxContainer@46f48722
      debug = class org.eclipse.osgi.internal.debug.Debug@3d7912f2
      servicesInUse = class java.util.HashMap@6b15d61f
      activator = null
      contextLock = class java.lang.Object@286f58d8
    applicationInfoFactory = class com.ibm.ws.container.service.app.deploy.internal.ApplicationInfoFactoryImpl@3ccaca16
      j2eeNameFactory = class com.ibm.wsspi.kernel.service.utils.AtomicServiceReference@626d54a9
      names = class java.util.HashSet@5e3777aa
      serialVersionUID = 7443990212682384945
      $$$tc$$$ = class com.ibm.websphere.ras.TraceComponent@20f4564f
    futureMonitor = class com.ibm.ws.threading.internal.FutureMonitorImpl@6d3c8bca
    classLoadingService = class com.ibm.ws.classloading.internal.ClassLoadingServiceImpl@79bebd55
      tc = class com.ibm.websphere.ras.TraceComponent@405d8369
      leakDetectionMap = class java.util.HashMap@18123a97
      TCCL_LOCK_WAIT = 15000
      REFERENCE_GENERATORS = "generators"
      bundleContext = class org.eclipse.osgi.internal.framework.BundleContextImpl@6e2a063c
      aclStore = class com.ibm.ws.classloading.internal.util.CanonicalStore@62dd3a90
      tcclStore = class com.ibm.ws.classloading.internal.util.CanonicalStore@49490860
      tcclStoreLock = class java.util.concurrent.locks.ReentrantLock@4f5641ec
      digraph = class org.eclipse.equinox.internal.region.StandardRegionDigraph@46191c13
      redefiner = class com.ibm.ws.classloading.internal.util.ClassRedefiner@4d1ba7fa
      listener = class com.ibm.ws.classloading.internal.ClassLoadingServiceImpl$1@4c90ac31
      classloaders = class java.util.Collections$SynchronizedMap@31b4cd6e
      resourceProviders = class com.ibm.ws.classloading.internal.CompositeResourceProvider@3fc3a6cf
      rememberedBundles = class java.util.concurrent.ConcurrentHashMap@2f77f2ba
      collectedBundles = class java.lang.ref.ReferenceQueue@66cf3241
      generatorRefs = class com.ibm.wsspi.kernel.service.utils.ConcurrentServiceReferenceSet@71074c4b
      generatorManager = class com.ibm.ws.classloading.internal.ClassGeneratorManager@53d0797a
      appExtLibs = class java.util.concurrent.CopyOnWriteArrayList@4322a398
      metaInfServicesProviders = class java.util.concurrent.ConcurrentHashMap@5ce0dc87
      metaInfServicesRefs = class com.ibm.wsspi.kernel.service.utils.ConcurrentServiceReferenceMap@174ea644
      protectionDomainMap = class java.util.HashMap@4705067e
      metadataIdentifierService = class com.ibm.ws.container.service.metadata.internal.MetaDataServiceImpl@68744cec
      globalSharedLibrary = class java.util.concurrent.atomic.AtomicReference@11ed4365
      serialVersionUID = -1838778944052667322
    globalSharedLibrary = class com.ibm.ws.library.internal.SharedLibraryImpl@6830344e
      tc = class com.ibm.websphere.ras.TraceComponent@eb6b0ad
      EMPTY_LIBRARY_LISTENERS = interface com.ibm.wsspi.library.LibraryChangeListener[0]
      deleted = false
      libraryListenersTracker = class org.osgi.util.tracker.ServiceTracker@3f5b7258
      libraryReg = class org.eclipse.osgi.internal.serviceregistry.ServiceRegistrationImpl@15d41faa
      ctx = class org.eclipse.osgi.internal.framework.BundleContextImpl@6e2a063c
      classLoadingService = class com.ibm.ws.classloading.internal.ClassLoadingServiceImpl@79bebd55
      configAdmin = class com.ibm.ws.config.admin.internal.ConfigurationAdminImpl@7abbfe82
      resolvedBasePath = "/Users/kurtrogiers/lab/wlp/usr/servers/defaultServer/"
      generationLock = class com.ibm.ws.library.internal.SharedLibraryImpl$1@2840c095
      currentGeneration = class com.ibm.ws.library.internal.LibraryGeneration@62f1b9fa
      nextGeneration = class com.ibm.ws.library.internal.LibraryGeneration@62f1b9fa
      artifactContainerFactory = class com.ibm.ws.library.internal.SharedLibraryFactory$1@6dcde4e
      packageExporter = class com.ibm.ws.library.internal.LibraryPackageExporter@23367ff9
      serialVersionUID = 6288237618632180389
    globalSharedLibraryPid = "com.ibm.ws.classloading.sharedlibrary_55"
    configAdmin = class com.ibm.ws.config.admin.internal.ConfigurationAdminImpl@284bcd0
      tc = class com.ibm.websphere.ras.TraceComponent@99c3e06
      bundle = class org.eclipse.osgi.internal.framework.EquinoxBundle@3c11a4ff
      caFactory = class com.ibm.ws.config.admin.internal.ConfigAdminServiceFactory@11b1c0e1
      serialVersionUID = 3160799878770679122
    metaDataService = class com.ibm.ws.container.service.metadata.internal.MetaDataServiceImpl@68744cec
      applicationMetaDataManager = class com.ibm.ws.container.service.metadata.internal.ApplicationMetaDataManager@5d82e96b
      moduleMetaDataManager = class com.ibm.ws.container.service.metadata.internal.ModuleMetaDataManager@716b740e
      componentMetaDataManager = class com.ibm.ws.container.service.metadata.internal.ComponentMetaDataManager@70248d1a
      methodMetaDataManager = class com.ibm.ws.container.service.metadata.internal.MethodMetaDataManager@6f0ded37
      appModuleNameToModuleContainer = class java.util.concurrent.ConcurrentHashMap@258e980c
      jeeNameToComponentMetaData = class java.util.concurrent.ConcurrentHashMap@f6f53b7
      deferredMetaDataFactories = class com.ibm.wsspi.kernel.service.utils.ConcurrentServiceReferenceSet@5bf7431d
      deferredMetaDataInitializers = class com.ibm.wsspi.kernel.service.utils.ConcurrentServiceReferenceMap@5b936901
      serialVersionUID = -2494605732980966097
      $$$tc$$$ = class com.ibm.websphere.ras.TraceComponent@f769b3e
    stateChangeService = class com.ibm.ws.container.service.state.internal.StateChangeServiceImpl@642c10a2
      applicationStateManager = class com.ibm.ws.container.service.state.internal.ApplicationStateManager@4eb24d16
      moduleStateManager = class com.ibm.ws.container.service.state.internal.ModuleStateManager@54dc4f9
      serialVersionUID = -537917915330350560
      $$$tc$$$ = class com.ibm.websphere.ras.TraceComponent@2a27e93f
    allModuleTypes = class java.lang.String[4]
      String[0] = "ejb"
      String[1] = "web"
      String[2] = "client"
      String[3] = "connector"
    moduleMetaDataExtenders = class java.util.concurrent.ConcurrentHashMap@2a92856b
      serialVersionUID = 7249069246763182397
      MAXIMUM_CAPACITY = 1073741824
      DEFAULT_CAPACITY = 16
      MAX_ARRAY_SIZE = 2147483639
      DEFAULT_CONCURRENCY_LEVEL = 16
      LOAD_FACTOR = 0.75
      TREEIFY_THRESHOLD = 8
      UNTREEIFY_THRESHOLD = 6
      MIN_TREEIFY_CAPACITY = 64
      MIN_TRANSFER_STRIDE = 16
      RESIZE_STAMP_BITS = 16
      MAX_RESIZERS = 65535
      RESIZE_STAMP_SHIFT = 16
      MOVED = -1
      TREEBIN = -2
      RESERVED = -3
      HASH_BITS = 2147483647
      NCPU = 12
      serialPersistentFields = class java.io.ObjectStreamField[3]
      table = class java.util.concurrent.ConcurrentHashMap$Node[16]
      nextTable = null
      baseCount = 4
      sizeCtl = 12
      transferIndex = 0
      cellsBusy = 0
      counterCells = null
      keySet = null
      values = null
      entrySet = null
      U = class jdk.internal.misc.Unsafe@361f09ae
      SIZECTL = 20
      TRANSFERINDEX = 32
      BASECOUNT = 24
      CELLSBUSY = 36
      CELLVALUE = 144
      ABASE = 16
      ASHIFT = 2
      keySet = null
      values = null
    nestedModuleMetaDataFactories = class java.util.concurrent.ConcurrentHashMap@60cbaff9
      serialVersionUID = 7249069246763182397
      MAXIMUM_CAPACITY = 1073741824
      DEFAULT_CAPACITY = 16
      MAX_ARRAY_SIZE = 2147483639
      DEFAULT_CONCURRENCY_LEVEL = 16
      LOAD_FACTOR = 0.75
      TREEIFY_THRESHOLD = 8
      UNTREEIFY_THRESHOLD = 6
      MIN_TREEIFY_CAPACITY = 64
      MIN_TRANSFER_STRIDE = 16
      RESIZE_STAMP_BITS = 16
      MAX_RESIZERS = 65535
      RESIZE_STAMP_SHIFT = 16
      MOVED = -1
      TREEBIN = -2
      RESERVED = -3
      HASH_BITS = 2147483647
      NCPU = 12
      serialPersistentFields = class java.io.ObjectStreamField[3]
      table = class java.util.concurrent.ConcurrentHashMap$Node[16]
      nextTable = null
      baseCount = 4
      sizeCtl = 12
      transferIndex = 0
      cellsBusy = 0
      counterCells = null
      keySet = null
      values = null
      entrySet = null
      U = class jdk.internal.misc.Unsafe@361f09ae
      SIZECTL = 20
      TRANSFERINDEX = 32
      BASECOUNT = 24
      CELLSBUSY = 36
      CELLVALUE = 144
      ABASE = 16
      ASHIFT = 2
      keySet = null
      values = null
    permissionManager = class com.ibm.ws.classloading.java2sec.PermissionManager@64e61a42
      tc = class com.ibm.websphere.ras.TraceComponent@4fefc12e
      classLoadingService = class com.ibm.ws.classloading.internal.ClassLoadingServiceImpl@79bebd55
      DEFAULT_SERVER_RESTRICTABLE_PERMISSIONS = class java.security.Permission[4]
      DEFAULT_CLIENT_RESTRICTABLE_PERMISSIONS = class java.security.Permission[3]
      isServer = true
      wsjarUrlStreamHandlerAvailable = true
      restrictablePermissions = class java.util.ArrayList@77e2dff9
      grantedPermissions = class java.util.ArrayList@3fe1e9be
      KEY_PERMISSION = "permission"
      INCORRECT_PERMISSION_CONFIGURATION = "INCORRECT_PERMISSION_CONFIGURATION"
      PERMISSION_CLASSNOTFOUND = "PERMISSION_CLASSNOTFOUND"
      SERVER_XML = "server.xml"
      CLIENT_XML = "client.xml"
      originationFile = "server.xml"
      permissions = class com.ibm.wsspi.kernel.service.utils.ConcurrentServiceReferenceSet@4cf148a1
      codeBasePermissionMap = class java.util.HashMap@e241d55
      permissionXMLPermissionMap = class java.util.HashMap@6f58167f
      serialVersionUID = -5043611968709568417
    locAdmin = class com.ibm.ws.kernel.service.location.internal.WsLocationAdminImpl@13b00190
      tc = class com.ibm.websphere.ras.TraceComponent@2a5689c7
      LOC_INTERNAL_LIB_DIR = "wlp.lib.dir"
      LOC_AREA_NAME_APPS = "shared/apps/"
      LOC_AREA_NAME_CONFIG = "shared/config/"
      LOC_AREA_NAME_RESC = "shared/resources/"
      LOC_AREA_NAME_STATE = "logs/state/"
      LOC_AREA_NAME_SERVERS = "servers/"
      LOC_AREA_NAME_CLIENTS = "clients/"
      LOC_AREA_NAME_WORKING = "workarea/"
      LOC_AREA_NAME_EXTENSION = "extension/"
      instance = class com.ibm.ws.staticvalue.StaticValue$FinalSingleton@6eab6872
      installRoot = class com.ibm.ws.kernel.service.location.internal.SymbolicRootResource@158ead40
      installParentRoot = class com.ibm.ws.kernel.service.location.internal.SymbolicRootResource@1dce6b44
      userRoot = class com.ibm.ws.kernel.service.location.internal.SymbolicRootResource@78a1c570
      usrExtensionRoot = class com.ibm.ws.kernel.service.location.internal.SymbolicRootResource@4dfccaee
      serverConfigDir = class com.ibm.ws.kernel.service.location.internal.SymbolicRootResource@2df88abc
      serverOutputDir = class com.ibm.ws.kernel.service.location.internal.SymbolicRootResource@2df88abc
      bootstrapLib = class com.ibm.ws.kernel.service.location.internal.LocalFileResource@4302400c
      serverWorkarea = class com.ibm.ws.kernel.service.location.internal.LocalFileResource@357e9759
      serverState = class com.ibm.ws.kernel.service.location.internal.LocalFileResource@1e7e80a2
      sharedAppsRoot = class com.ibm.ws.kernel.service.location.internal.SymbolicRootResource@77ba54bb
      sharedConfigRoot = class com.ibm.ws.kernel.service.location.internal.SymbolicRootResource@26696860
      sharedResourceRoot = class com.ibm.ws.kernel.service.location.internal.SymbolicRootResource@676cf7ab
      tmpRoot = class com.ibm.ws.kernel.service.location.internal.SymbolicRootResource@d7d0074
      serverName = "defaultServer"
      resourcePaths = class java.util.ArrayList@284782ec
      resourceGroups = class java.util.HashMap@4500d5ec
      commonRoot = class com.ibm.ws.kernel.service.location.internal.VirtualRootResource@4551b348
      serialVersionUID = 7766352982799267432
    artifactFactory = class com.ibm.ws.artifact.internal.ArtifactContainerFactoryService@6ef96ff4
      CATEGORY_PROP_NAME = "category"
      ENTRY_KEY = "com.ibm.wsspi.artifact.ArtifactEntry"
      helperMap = class com.ibm.wsspi.kernel.service.utils.ConcurrentServiceReferenceSetMap@3b599a48
      contributorMap = class com.ibm.wsspi.kernel.service.utils.ConcurrentServiceReferenceSetMap@5955bed2
      helperCategoryMap = class com.ibm.wsspi.kernel.service.utils.ConcurrentServiceReferenceSetMap@17498e2f
      contributorCategoryMap = class com.ibm.wsspi.kernel.service.utils.ConcurrentServiceReferenceSetMap@4c9a649e
      categories = class java.util.Collections$SynchronizedSet@3b663c9f
      baseProperties = class org.apache.felix.scr.impl.helper.ReadOnlyDictionary@4fb1b60f
      serialVersionUID = -3101641399269402013
      $$$tc$$$ = class com.ibm.websphere.ras.TraceComponent@3967eda8
    moduleFactory = class com.ibm.ws.adaptable.module.internal.AdaptableModuleFactoryImpl@725cf99f
      adapterFactoryService = class com.ibm.ws.adaptable.module.internal.AdapterFactoryServiceImpl@4a42fc70
      containerFactory = class com.ibm.ws.artifact.internal.ArtifactContainerFactoryService@6ef96ff4
      overlayContainerFactory = class com.ibm.ws.artifact.overlay.internal.OverlayContainerFactoryImpl@14b314c9
      serialVersionUID = 4200251809856292987
      $$$tc$$$ = class com.ibm.websphere.ras.TraceComponent@6591f1b
    serialVersionUID = -5985362902756393123
    $$$tc$$$ = class com.ibm.websphere.ras.TraceComponent@3bb627a6
      strings[0] = "TraceComponent[com.ibm.ws.app.manager.module.internal.DeployedAppInfoFactoryBase,class com.ibm.ws.app.manager.module.internal.DeployedAppInfoFactoryBase,[applications, app.manager],,null]"
  serialVersionUID = 4622845147410944782
  $$$tc$$$ = class com.ibm.websphere.ras.TraceComponent@26a92473
    strings[0] = "TraceComponent[com.ibm.ws.app.manager.war.internal.WARApplicationHandlerImpl,class com.ibm.ws.app.manager.war.internal.WARApplicationHandlerImpl,[webcontainer, applications, app.manager],com.ibm.ws.app.manager.war.internal.resources.Messages,null]"

Dump of objectArray[0]
Object type = com.ibm.ws.app.manager.internal.ApplicationInstallInfo
  _config = class com.ibm.ws.app.manager.internal.ApplicationConfig@1e7e89b2
    tc = class com.ibm.websphere.ras.TraceComponent@6ec5b51c
      strings[0] = "TraceComponent[com.ibm.ws.app.manager.internal.ApplicationConfig,class com.ibm.ws.app.manager.internal.ApplicationConfig,[applications, app.manager],com.ibm.ws.app.manager.internal.resources.AppManagerMessages,null]"
    _configPid = "com.ibm.ws.app.manager_65"
    _config = class com.ibm.ws.config.admin.ConfigurationDictionary@58dd75e1
      serialVersionUID = 7966152868712543805
      simpleTypes = class java.util.Arrays$ArrayList@2f456949
      primitiveArrayTypes = class java.util.Arrays$ArrayList@184a8315
      simpleArrayTypes = class java.util.Arrays$ArrayList@3507af80
      extendedTypes = class java.util.Arrays$ArrayList@50b078ea
      CASE_INSENSITIVE = class com.ibm.ws.config.admin.ConfigurationDictionary$CaseInsensitive@671b1c66
      properties = class java.util.Collections$SynchronizedMap@543b4c94
    _applicationManager = class com.ibm.ws.app.manager.ApplicationManager@d79191b
      expandApps = true
      useJandex = false
      startTimeout = 30
      stopTimeout = 30
      serialVersionUID = -5714171545272003139
      $$$tc$$$ = class com.ibm.websphere.ras.TraceComponent@2bb4f0d8
    _location = "RegistrationAppWeb.war"
    _type = "war"
    _name = "RegistrationAppWeb"
    _notificationBroadcasterSupport = class javax.management.NotificationBroadcasterSupport@180a1ff3
      listenerList = class java.util.concurrent.CopyOnWriteArrayList@6fd867a6
      executor = class com.ibm.ws.threading.internal.ExecutorServiceImpl@a8cc487
      notifInfo = class javax.management.MBeanNotificationInfo[2]
      defaultExecutor = class javax.management.NotificationBroadcasterSupport$1@7f5a5753
      NO_NOTIFICATION_INFO = class javax.management.MBeanNotificationInfo[0]
      logger = class com.sun.jmx.remote.util.ClassLogger@30cdbd9
    ONE_TIME_JANDEX_MSGS_DISPLAYED = true
  _handlerInfo = class java.util.concurrent.atomic.AtomicReference@49b4ab30
    serialVersionUID = -1848883965231344442
    VALUE = class java.lang.invoke.VarHandleObjects$FieldInstanceReadWrite@7cecd0e9
    value = null
  _container = class java.util.concurrent.atomic.AtomicReference@17f1214b
    serialVersionUID = -1848883965231344442
    VALUE = class java.lang.invoke.VarHandleObjects$FieldInstanceReadWrite@7cecd0e9
    value = class com.ibm.ws.adaptable.module.internal.AdaptableContainerImpl@5b12923f
      root = class com.ibm.ws.adaptable.module.internal.AdaptableContainerImpl@5b12923f
      rootOverlay = class com.ibm.ws.artifact.overlay.internal.DirectoryBasedOverlayContainerImpl@7581e624
      factoryHolder = class com.ibm.ws.adaptable.module.internal.AdaptableModuleFactoryImpl@725cf99f
      delegate = class com.ibm.ws.artifact.overlay.internal.DirectoryBasedOverlayContainerImpl@7581e624
      notifier = null
      serialVersionUID = -5621513278641113667
      $$$tc$$$ = class com.ibm.websphere.ras.TraceComponent@263b8ef9
  _resolvedLocation = class java.util.concurrent.atomic.AtomicReference@40e00eff
    serialVersionUID = -1848883965231344442
    VALUE = class java.lang.invoke.VarHandleObjects$FieldInstanceReadWrite@7cecd0e9
    value = class com.ibm.ws.kernel.service.location.internal.LocalFileResource@703cd2d4
      strings[0] = "LocalFileResource[FILE;@-1763031289;<undefined>;/Users/kurtrogiers/lab/wlp/usr/servers/defaultServer/apps/RegistrationAppWeb.war.xml]"
  _handler = class com.ibm.ws.app.manager.war.internal.WARApplicationHandlerImpl@b8532bb
    futureMonitor = class com.ibm.ws.threading.internal.FutureMonitorImpl@6d3c8bca
    deployedAppFactory = class com.ibm.ws.app.manager.war.internal.WARDeployedAppInfoFactoryImpl@197a3c98
      tc = class com.ibm.websphere.ras.TraceComponent@7979da0f
      webModuleHandler = class com.ibm.ws.app.manager.web.internal.WebModuleHandlerImpl@2fcbf6b3
      applicationManager = class com.ibm.ws.app.manager.ApplicationManager@d79191b
      zipUtils = class com.ibm.ws.app.manager.war.internal.ZipUtils@412a1a5
      timestamps = class java.util.HashMap@4c44c343
      serialVersionUID = -5572482233301532271
      SERVER_APPS_DIR = "${server.config.dir}/apps/"
      EXPANDED_APPS_DIR = "${server.config.dir}/apps/expanded/"
      XML_SUFFIX = ".xml"
      bundleContext = class org.eclipse.osgi.internal.framework.BundleContextImpl@526f44d7
      applicationInfoFactory = class com.ibm.ws.container.service.app.deploy.internal.ApplicationInfoFactoryImpl@3ccaca16
      futureMonitor = class com.ibm.ws.threading.internal.FutureMonitorImpl@6d3c8bca
      classLoadingService = class com.ibm.ws.classloading.internal.ClassLoadingServiceImpl@79bebd55
      globalSharedLibrary = class com.ibm.ws.library.internal.SharedLibraryImpl@6830344e
      globalSharedLibraryPid = "com.ibm.ws.classloading.sharedlibrary_55"
      configAdmin = class com.ibm.ws.config.admin.internal.ConfigurationAdminImpl@284bcd0
      metaDataService = class com.ibm.ws.container.service.metadata.internal.MetaDataServiceImpl@68744cec
      stateChangeService = class com.ibm.ws.container.service.state.internal.StateChangeServiceImpl@642c10a2
      allModuleTypes = class java.lang.String[4]
      moduleMetaDataExtenders = class java.util.concurrent.ConcurrentHashMap@2a92856b
      nestedModuleMetaDataFactories = class java.util.concurrent.ConcurrentHashMap@60cbaff9
      permissionManager = class com.ibm.ws.classloading.java2sec.PermissionManager@64e61a42
      locAdmin = class com.ibm.ws.kernel.service.location.internal.WsLocationAdminImpl@13b00190
      artifactFactory = class com.ibm.ws.artifact.internal.ArtifactContainerFactoryService@6ef96ff4
      moduleFactory = class com.ibm.ws.adaptable.module.internal.AdaptableModuleFactoryImpl@725cf99f
      serialVersionUID = -5985362902756393123
      $$$tc$$$ = class com.ibm.websphere.ras.TraceComponent@3bb627a6
    serialVersionUID = 4622845147410944782
    $$$tc$$$ = class com.ibm.websphere.ras.TraceComponent@26a92473
      strings[0] = "TraceComponent[com.ibm.ws.app.manager.war.internal.WARApplicationHandlerImpl,class com.ibm.ws.app.manager.war.internal.WARApplicationHandlerImpl,[webcontainer, applications, app.manager],com.ibm.ws.app.manager.war.internal.resources.Messages,null]"
  _ami = class java.util.concurrent.atomic.AtomicReference@2ab92c48
    serialVersionUID = -1848883965231344442
    VALUE = class java.lang.invoke.VarHandleObjects$FieldInstanceReadWrite@7cecd0e9
      FORM = class java.lang.invoke.VarForm@2c39dfb
      fieldOffset = 12
      receiverType = class java.lang.Class@4eb7f003
      fieldType = class java.lang.Class@55054057
      FORM = class java.lang.invoke.VarForm@121ae3ed
      vform = class java.lang.invoke.VarForm@2c39dfb
      typesAndInvokers = null
      AIOOBE_SUPPLIER = class jdk.internal.util.Preconditions$1@69ad7fff
      VFORM_OFFSET = 12
      $assertionsDisabled = true
    value = null
  _updateHandler = class com.ibm.ws.app.manager.internal.statemachine.ApplicationStateMachineImpl@46b8ef04
    _tc = class com.ibm.websphere.ras.TraceComponent@3f798fbe
      strings[0] = "TraceComponent[com.ibm.ws.app.manager.internal.statemachine.ApplicationStateMachineImpl,class com.ibm.ws.app.manager.internal.statemachine.ApplicationStateMachineImpl,[applications, app.manager],com.ibm.ws.app.manager.internal.resources.AppManagerMessages,null]"
    EMPTY_FUTURE_ARRAY = interface java.util.concurrent.Future[0]
    asmSequenceNumber = class java.util.concurrent.atomic.AtomicLong@7b32abd6
      serialVersionUID = 1927816293512124184
      VM_SUPPORTS_LONG_CAS = true
      U = class jdk.internal.misc.Unsafe@361f09ae
      VALUE = 16
      value = 1
      serialVersionUID = -8742448824652078965
    _qscaCounter = class java.util.concurrent.atomic.AtomicInteger@7af3bb7b
      serialVersionUID = 6214790243416807050
      U = class jdk.internal.misc.Unsafe@361f09ae
      VALUE = 12
      value = 2
      serialVersionUID = -8742448824652078965
    _failedThrowable = null
    _interruptibleLock = class com.ibm.ws.app.manager.internal.statemachine.ApplicationStateMachineImpl$2@4932abb9
      this$0 = class com.ibm.ws.app.manager.internal.statemachine.ApplicationStateMachineImpl@46b8ef04
      serialVersionUID = 1428897424970146289
      $$$tc$$$ = class com.ibm.websphere.ras.TraceComponent@5eb7c7d7
    _interruptible = false
    _performingQueuedActions = true
    _queuedActions = class java.util.concurrent.ConcurrentLinkedQueue@18fd0eb
      serialVersionUID = 196745693267521676
      head = class java.util.concurrent.ConcurrentLinkedQueue$Node@67288db6
      tail = class java.util.concurrent.ConcurrentLinkedQueue$Node@67288db6
      MAX_HOPS = 8
      HEAD = class java.lang.invoke.VarHandleObjects$FieldInstanceReadWrite@50de3918
      TAIL = class java.lang.invoke.VarHandleObjects$FieldInstanceReadWrite@cd814e8
      ITEM = class java.lang.invoke.VarHandleObjects$FieldInstanceReadWrite@67d96386
      NEXT = class java.lang.invoke.VarHandleObjects$FieldInstanceReadWrite@30063900
      MAX_ARRAY_SIZE = 2147483639
    _callbackState = class java.util.concurrent.atomic.AtomicReference@6f8da717
      serialVersionUID = -1848883965231344442
      VALUE = class java.lang.invoke.VarHandleObjects$FieldInstanceReadWrite@7cecd0e9
      value = class com.ibm.ws.app.manager.internal.statemachine.ApplicationStateMachineImpl$CallbackState@29aee8d7
    blockAppStartingFutures = class java.util.Collections$SetFromMap@8c2e1fe
      m = class java.util.concurrent.ConcurrentHashMap@18253f2d
      s = class java.util.concurrent.ConcurrentHashMap$KeySetView@10d6e806
      serialVersionUID = 2454657854757543876
      MAX_ARRAY_SIZE = 2147483639
    waitingForAppHandlerFuture = class java.util.concurrent.atomic.AtomicReference@5471ec3c
      serialVersionUID = -1848883965231344442
      VALUE = class java.lang.invoke.VarHandleObjects$FieldInstanceReadWrite@7cecd0e9
      value = class com.ibm.ws.app.manager.internal.ApplicationDependency@1a6d9805
    waitingForExplicitStartFuture = class java.util.concurrent.atomic.AtomicReference@2b0676d1
      serialVersionUID = -1848883965231344442
      VALUE = class java.lang.invoke.VarHandleObjects$FieldInstanceReadWrite@7cecd0e9
      value = null
    completionListener = class java.util.concurrent.atomic.AtomicReference@29b1c9b9
      serialVersionUID = -1848883965231344442
      VALUE = class java.lang.invoke.VarHandleObjects$FieldInstanceReadWrite@7cecd0e9
      value = null
    _notifyAppStopped = class java.util.concurrent.ConcurrentLinkedQueue@36630060
      serialVersionUID = 196745693267521676
      head = class java.util.concurrent.ConcurrentLinkedQueue$Node@7384bdbf
      tail = class java.util.concurrent.ConcurrentLinkedQueue$Node@7384bdbf
      MAX_HOPS = 8
      HEAD = class java.lang.invoke.VarHandleObjects$FieldInstanceReadWrite@50de3918
      TAIL = class java.lang.invoke.VarHandleObjects$FieldInstanceReadWrite@cd814e8
      ITEM = class java.lang.invoke.VarHandleObjects$FieldInstanceReadWrite@67d96386
      NEXT = class java.lang.invoke.VarHandleObjects$FieldInstanceReadWrite@30063900
      MAX_ARRAY_SIZE = 2147483639
    _notifyAppStarting = class java.util.concurrent.ConcurrentLinkedQueue@6d280a9c
      serialVersionUID = 196745693267521676
      head = class java.util.concurrent.ConcurrentLinkedQueue$Node@13fca2fa
      tail = class java.util.concurrent.ConcurrentLinkedQueue$Node@5b64e9c8
      MAX_HOPS = 8
      HEAD = class java.lang.invoke.VarHandleObjects$FieldInstanceReadWrite@50de3918
      TAIL = class java.lang.invoke.VarHandleObjects$FieldInstanceReadWrite@cd814e8
      ITEM = class java.lang.invoke.VarHandleObjects$FieldInstanceReadWrite@67d96386
      NEXT = class java.lang.invoke.VarHandleObjects$FieldInstanceReadWrite@30063900
      MAX_ARRAY_SIZE = 2147483639
    _notifyAppInstallCalled = class java.util.concurrent.ConcurrentLinkedQueue@75005916
      serialVersionUID = 196745693267521676
      head = class java.util.concurrent.ConcurrentLinkedQueue$Node@596ba5c8
      tail = class java.util.concurrent.ConcurrentLinkedQueue$Node@3fa229b1
      MAX_HOPS = 8
      HEAD = class java.lang.invoke.VarHandleObjects$FieldInstanceReadWrite@50de3918
      TAIL = class java.lang.invoke.VarHandleObjects$FieldInstanceReadWrite@cd814e8
      ITEM = class java.lang.invoke.VarHandleObjects$FieldInstanceReadWrite@67d96386
      NEXT = class java.lang.invoke.VarHandleObjects$FieldInstanceReadWrite@30063900
      MAX_ARRAY_SIZE = 2147483639
    _notifyAppStarted = class java.util.concurrent.ConcurrentLinkedQueue@52dbaa0e
      serialVersionUID = 196745693267521676
      head = class java.util.concurrent.ConcurrentLinkedQueue$Node@4c52b7b2
      tail = class java.util.concurrent.ConcurrentLinkedQueue$Node@4c52b7b2
      MAX_HOPS = 8
      HEAD = class java.lang.invoke.VarHandleObjects$FieldInstanceReadWrite@50de3918
      TAIL = class java.lang.invoke.VarHandleObjects$FieldInstanceReadWrite@cd814e8
      ITEM = class java.lang.invoke.VarHandleObjects$FieldInstanceReadWrite@67d96386
      NEXT = class java.lang.invoke.VarHandleObjects$FieldInstanceReadWrite@30063900
      MAX_ARRAY_SIZE = 2147483639
    _notifyAppRemoved = class java.util.concurrent.ConcurrentLinkedQueue@7c15c035
      serialVersionUID = 196745693267521676
      head = class java.util.concurrent.ConcurrentLinkedQueue$Node@4d287313
      tail = class java.util.concurrent.ConcurrentLinkedQueue$Node@4d287313
      MAX_HOPS = 8
      HEAD = class java.lang.invoke.VarHandleObjects$FieldInstanceReadWrite@50de3918
      TAIL = class java.lang.invoke.VarHandleObjects$FieldInstanceReadWrite@cd814e8
      ITEM = class java.lang.invoke.VarHandleObjects$FieldInstanceReadWrite@67d96386
      NEXT = class java.lang.invoke.VarHandleObjects$FieldInstanceReadWrite@30063900
      MAX_ARRAY_SIZE = 2147483639
    _stateLock = class com.ibm.ws.app.manager.internal.statemachine.ApplicationStateMachineImpl$3@51c449c1
      this$0 = class com.ibm.ws.app.manager.internal.statemachine.ApplicationStateMachineImpl@46b8ef04
      serialVersionUID = -2844785999478513305
      $$$tc$$$ = class com.ibm.websphere.ras.TraceComponent@3700b83
    _internalState = class java.util.concurrent.atomic.AtomicReference@267b6206
      serialVersionUID = -1848883965231344442
      VALUE = class java.lang.invoke.VarHandleObjects$FieldInstanceReadWrite@7cecd0e9
      value = class com.ibm.ws.app.manager.internal.statemachine.ApplicationStateMachineImpl$InternalState@43f2a5de
    _currentAction = class java.util.concurrent.atomic.AtomicReference@297f371d
      serialVersionUID = -1848883965231344442
      VALUE = class java.lang.invoke.VarHandleObjects$FieldInstanceReadWrite@7cecd0e9
      value = class com.ibm.ws.app.manager.internal.statemachine.StartAction@49e9ca9b
    _rfa = class java.util.concurrent.atomic.AtomicReference@7b395e6f
      serialVersionUID = -1848883965231344442
      VALUE = class java.lang.invoke.VarHandleObjects$FieldInstanceReadWrite@7cecd0e9
      value = null
    _appInstallInfo = class java.util.concurrent.atomic.AtomicReference@8c08a88
      serialVersionUID = -1848883965231344442
      VALUE = class java.lang.invoke.VarHandleObjects$FieldInstanceReadWrite@7cecd0e9
      value = class com.ibm.ws.app.manager.internal.ApplicationInstallInfo@2c5f6321
    _update = class java.util.concurrent.atomic.AtomicBoolean@7556a2c4
      serialVersionUID = 4654671469794556979
      VALUE = class java.lang.invoke.VarHandleInts$FieldInstanceReadWrite@375629ec
      value = 1
    _appConfig = class java.util.concurrent.atomic.AtomicReference@25c1b4ac
      serialVersionUID = -1848883965231344442
      VALUE = class java.lang.invoke.VarHandleObjects$FieldInstanceReadWrite@7cecd0e9
      value = class com.ibm.ws.app.manager.internal.ApplicationConfig@1e7e89b2
    _nextAppConfig = class java.util.concurrent.atomic.AtomicReference@143a5c5d
      serialVersionUID = -1848883965231344442
      VALUE = class java.lang.invoke.VarHandleObjects$FieldInstanceReadWrite@7cecd0e9
      value = null
    _appContainer = class java.util.concurrent.atomic.AtomicReference@18220098
      serialVersionUID = -1848883965231344442
      VALUE = class java.lang.invoke.VarHandleObjects$FieldInstanceReadWrite@7cecd0e9
      value = null
    _resolvedLocation = class java.util.concurrent.atomic.AtomicReference@58a2d1da
      serialVersionUID = -1848883965231344442
      VALUE = class java.lang.invoke.VarHandleObjects$FieldInstanceReadWrite@7cecd0e9
      value = null
    _handler = class java.util.concurrent.atomic.AtomicReference@70ee6ab6
      serialVersionUID = -1848883965231344442
      VALUE = class java.lang.invoke.VarHandleObjects$FieldInstanceReadWrite@7cecd0e9
      value = class com.ibm.ws.app.manager.war.internal.WARApplicationHandlerImpl@b8532bb
    _asmSeqNo = 0
    _ctx = class org.eclipse.osgi.internal.framework.BundleContextImpl@45e7c5ab
      findHookName = "org.osgi.framework.hooks.bundle.FindHook"
      valid = true
      bundle = class org.eclipse.osgi.internal.framework.EquinoxBundle@6cef021a
      container = class org.eclipse.osgi.internal.framework.EquinoxContainer@46f48722
      debug = class org.eclipse.osgi.internal.debug.Debug@3d7912f2
      servicesInUse = class java.util.HashMap@45001995
      activator = null
      contextLock = class java.lang.Object@c515129
    _locAdmin = class com.ibm.ws.kernel.service.location.internal.WsLocationAdminImpl@13b00190
      tc = class com.ibm.websphere.ras.TraceComponent@2a5689c7
      LOC_INTERNAL_LIB_DIR = "wlp.lib.dir"
      LOC_AREA_NAME_APPS = "shared/apps/"
      LOC_AREA_NAME_CONFIG = "shared/config/"
      LOC_AREA_NAME_RESC = "shared/resources/"
      LOC_AREA_NAME_STATE = "logs/state/"
      LOC_AREA_NAME_SERVERS = "servers/"
      LOC_AREA_NAME_CLIENTS = "clients/"
      LOC_AREA_NAME_WORKING = "workarea/"
      LOC_AREA_NAME_EXTENSION = "extension/"
      instance = class com.ibm.ws.staticvalue.StaticValue$FinalSingleton@6eab6872
      installRoot = class com.ibm.ws.kernel.service.location.internal.SymbolicRootResource@158ead40
      installParentRoot = class com.ibm.ws.kernel.service.location.internal.SymbolicRootResource@1dce6b44
      userRoot = class com.ibm.ws.kernel.service.location.internal.SymbolicRootResource@78a1c570
      usrExtensionRoot = class com.ibm.ws.kernel.service.location.internal.SymbolicRootResource@4dfccaee
      serverConfigDir = class com.ibm.ws.kernel.service.location.internal.SymbolicRootResource@2df88abc
      serverOutputDir = class com.ibm.ws.kernel.service.location.internal.SymbolicRootResource@2df88abc
      bootstrapLib = class com.ibm.ws.kernel.service.location.internal.LocalFileResource@4302400c
      serverWorkarea = class com.ibm.ws.kernel.service.location.internal.LocalFileResource@357e9759
      serverState = class com.ibm.ws.kernel.service.location.internal.LocalFileResource@1e7e80a2
      sharedAppsRoot = class com.ibm.ws.kernel.service.location.internal.SymbolicRootResource@77ba54bb
      sharedConfigRoot = class com.ibm.ws.kernel.service.location.internal.SymbolicRootResource@26696860
      sharedResourceRoot = class com.ibm.ws.kernel.service.location.internal.SymbolicRootResource@676cf7ab
      tmpRoot = class com.ibm.ws.kernel.service.location.internal.SymbolicRootResource@d7d0074
      serverName = "defaultServer"
      resourcePaths = class java.util.ArrayList@284782ec
      resourceGroups = class java.util.HashMap@4500d5ec
      commonRoot = class com.ibm.ws.kernel.service.location.internal.VirtualRootResource@4551b348
      serialVersionUID = 7766352982799267432
    _futureMonitor = class com.ibm.ws.threading.internal.FutureMonitorImpl@6d3c8bca
      _monitor = class java.util.concurrent.ConcurrentLinkedQueue@57d32241
      _executor = class com.ibm.ws.threading.internal.ScheduledExecutorImpl@69545c0d
      _threadRunning = class java.util.concurrent.atomic.AtomicBoolean@545d92b9
      _thread = class com.ibm.ws.threading.internal.FutureMonitorImpl$1@3da67a
      serialVersionUID = 2765238413969174390
      $$$tc$$$ = class com.ibm.websphere.ras.TraceComponent@3bc71e47
    _artifactFactory = class com.ibm.ws.artifact.internal.ArtifactContainerFactoryService@6ef96ff4
      CATEGORY_PROP_NAME = "category"
      ENTRY_KEY = "com.ibm.wsspi.artifact.ArtifactEntry"
      helperMap = class com.ibm.wsspi.kernel.service.utils.ConcurrentServiceReferenceSetMap@3b599a48
      contributorMap = class com.ibm.wsspi.kernel.service.utils.ConcurrentServiceReferenceSetMap@5955bed2
      helperCategoryMap = class com.ibm.wsspi.kernel.service.utils.ConcurrentServiceReferenceSetMap@17498e2f
      contributorCategoryMap = class com.ibm.wsspi.kernel.service.utils.ConcurrentServiceReferenceSetMap@4c9a649e
      categories = class java.util.Collections$SynchronizedSet@3b663c9f
      baseProperties = class org.apache.felix.scr.impl.helper.ReadOnlyDictionary@4fb1b60f
      serialVersionUID = -3101641399269402013
      $$$tc$$$ = class com.ibm.websphere.ras.TraceComponent@3967eda8
    _moduleFactory = class com.ibm.ws.adaptable.module.internal.AdaptableModuleFactoryImpl@725cf99f
      adapterFactoryService = class com.ibm.ws.adaptable.module.internal.AdapterFactoryServiceImpl@4a42fc70
      containerFactory = class com.ibm.ws.artifact.internal.ArtifactContainerFactoryService@6ef96ff4
      overlayContainerFactory = class com.ibm.ws.artifact.overlay.internal.OverlayContainerFactoryImpl@14b314c9
      serialVersionUID = 4200251809856292987
      $$$tc$$$ = class com.ibm.websphere.ras.TraceComponent@6591f1b
    _executorService = class com.ibm.ws.threading.internal.ExecutorServiceImpl@a8cc487
      threadPool = class java.util.concurrent.ThreadPoolExecutor@101d8cf7
      threadPoolController = class com.ibm.ws.threading.internal.ThreadPoolController@396a9307
      poolName = "Default Executor"
      componentConfig = class org.apache.felix.scr.impl.helper.ReadOnlyDictionary@35fc93a0
      interceptorsActive = false
      interceptors = class java.util.concurrent.CopyOnWriteArraySet@24827f67
      threadFactory = null
      serverStopping = false
      phaser = class java.util.concurrent.Phaser@58043534
      serialVersionUID = 2662528932208584803
      $$$tc$$$ = class com.ibm.websphere.ras.TraceComponent@1e40ead8
    _scheduledExecutorService = class com.ibm.ws.threading.internal.ScheduledExecutorImpl@69545c0d
      threadGroupName = "Scheduled Executor Thread Group"
      executor = class com.ibm.ws.threading.internal.ExecutorServiceImpl@a8cc487
      serialVersionUID = -9110693807503469597
      $$$tc$$$ = class com.ibm.websphere.ras.TraceComponent@1f8465c9
      continueExistingPeriodicTasksAfterShutdown = false
      executeExistingDelayedTasksAfterShutdown = true
      removeOnCancel = false
      sequencer = class java.util.concurrent.atomic.AtomicLong@7f0bcc8a
      DEFAULT_KEEPALIVE_MILLIS = 10
      ctl = class java.util.concurrent.atomic.AtomicInteger@1e8597dd
      COUNT_BITS = 29
      COUNT_MASK = 536870911
      RUNNING = -536870912
      SHUTDOWN = 0
      STOP = 536870912
      TIDYING = 1073741824
      TERMINATED = 1610612736
      workQueue = class java.util.concurrent.ScheduledThreadPoolExecutor$DelayedWorkQueue@5e1e3e6d
      mainLock = class java.util.concurrent.locks.ReentrantLock@325a71d5
      workers = class java.util.HashSet@13948488
      termination = class java.util.concurrent.locks.AbstractQueuedSynchronizer$ConditionObject@211dd258
      largestPoolSize = 1
      completedTaskCount = 0
      threadFactory = class com.ibm.ws.threading.internal.ThreadFactoryImpl@6fea6197
      handler = class java.util.concurrent.ThreadPoolExecutor$AbortPolicy@586d0826
      keepAliveTime = 10000000
      allowCoreThreadTimeOut = false
      corePoolSize = 1
      maximumPoolSize = 2147483647
      defaultHandler = class java.util.concurrent.ThreadPoolExecutor$AbortPolicy@586d0826
      shutdownPerm = class java.lang.RuntimePermission@172d8e61
      ONLY_ONE = true
      $assertionsDisabled = true
    _asmHelper = class com.ibm.ws.app.manager.internal.ApplicationConfigurator$NamedApplication@61a133b4
      appName = "RegistrationAppWeb"
      configPid = "com.ibm.ws.app.manager_65"
      bundleContext = class org.eclipse.osgi.internal.framework.BundleContextImpl@45e7c5ab
      mbeanNotifier = class javax.management.NotificationBroadcasterSupport@180a1ff3
      sequence = class java.util.concurrent.atomic.AtomicLong@9dbc31c
      appConfig = class com.ibm.ws.app.manager.internal.ApplicationConfig@1e7e89b2
      asm = class com.ibm.ws.app.manager.internal.statemachine.ApplicationStateMachineImpl@46b8ef04
      appTypeSupport = class com.ibm.ws.app.manager.internal.ApplicationConfigurator$ApplicationTypeSupport@f050317
      appRecycleContext = null
      appStateRef = class java.util.concurrent.atomic.AtomicReference@79de1f42
      appReg = class com.ibm.ws.app.manager.internal.lifecycle.ServiceReg@20e8d8ec
      mbeanReg = class com.ibm.ws.app.manager.internal.lifecycle.ServiceReg@77fc2cce
      dynamicMBean = class java.util.concurrent.atomic.AtomicReference@50c6849d
      serialVersionUID = -2429219244222002679
      $$$tc$$$ = class com.ibm.websphere.ras.TraceComponent@1f88b93e
    _appMonitor = class com.ibm.ws.app.manager.internal.monitor.ApplicationMonitor@36f00842
      tc = class com.ibm.websphere.ras.TraceComponent@49536ece
      _config = class java.util.concurrent.atomic.AtomicReference@391e39d4
      _executorService = class java.util.concurrent.atomic.AtomicReference@3720750f
      _appListeners = class java.util.concurrent.ConcurrentHashMap@309adc62
      serialVersionUID = -6677716415972806660
    enterStateCalled = class java.util.concurrent.atomic.AtomicBoolean@3e5ef8c4
      serialVersionUID = 4654671469794556979
      VALUE = class java.lang.invoke.VarHandleInts$FieldInstanceReadWrite@375629ec
      value = 1
    serialVersionUID = -1399093980790866556
    serialVersionUID = 5501066335104962649
    $$$tc$$$ = class com.ibm.websphere.ras.TraceComponent@30080aa7
      strings[0] = "TraceComponent[com.ibm.ws.app.manager.internal.statemachine.ApplicationStateMachine,class com.ibm.ws.app.manager.internal.statemachine.ApplicationStateMachine,[applications, app.manager],com.ibm.ws.app.manager.internal.resources.AppManagerMessages,null]"
  serialVersionUID = 2630639237123415755
  $$$tc$$$ = class com.ibm.websphere.ras.TraceComponent@76af00d5
    strings[0] = "TraceComponent[com.ibm.ws.app.manager.internal.ApplicationInstallInfo,class com.ibm.ws.app.manager.internal.ApplicationInstallInfo,[applications, app.manager],com.ibm.ws.app.manager.internal.resources.AppManagerMessages,null]"

