------Start of DE processing------ = [18/12/18 22:06:59:002 CET]
Exception = com.ibm.ws.container.service.state.StateChangeException
Source = com.ibm.ws.app.manager.module.internal.DeployedAppInfoBase
probeid = 384
Stack Dump = com.ibm.ws.container.service.state.StateChangeException: org.jboss.weld.exceptions.DefinitionException: WELD-000075: Normal scoped managed bean implementation class has a public field:  [EnhancedAnnotatedFieldImpl] public net.wasdev.reg.Attendees.attendees
	at com.ibm.ws.container.service.state.internal.ApplicationStateManager.fireStarting(ApplicationStateManager.java:32)
	at com.ibm.ws.container.service.state.internal.StateChangeServiceImpl.fireApplicationStarting(StateChangeServiceImpl.java:50)
	at com.ibm.ws.app.manager.module.internal.DeployedAppInfoBase.preDeployApp(DeployedAppInfoBase.java:383)
	at com.ibm.ws.app.manager.module.internal.DeployedAppInfoBase.deployApp(DeployedAppInfoBase.java:412)
	at com.ibm.ws.app.manager.war.internal.WARApplicationHandlerImpl.install(WARApplicationHandlerImpl.java:65)
	at com.ibm.ws.app.manager.internal.statemachine.StartAction.execute(StartAction.java:140)
	at com.ibm.ws.app.manager.internal.statemachine.ApplicationStateMachineImpl.enterState(ApplicationStateMachineImpl.java:1258)
	at com.ibm.ws.app.manager.internal.statemachine.ApplicationStateMachineImpl.run(ApplicationStateMachineImpl.java:873)
	at com.ibm.ws.threading.internal.ExecutorServiceImpl$RunnableWrapper.run(ExecutorServiceImpl.java:232)
	at java.base/java.util.concurrent.ThreadPoolExecutor.runWorker(ThreadPoolExecutor.java:1128)
	at java.base/java.util.concurrent.ThreadPoolExecutor$Worker.run(ThreadPoolExecutor.java:628)
	at java.base/java.lang.Thread.run(Thread.java:834)
Caused by: org.jboss.weld.exceptions.DefinitionException: WELD-000075: Normal scoped managed bean implementation class has a public field:  [EnhancedAnnotatedFieldImpl] public net.wasdev.reg.Attendees.attendees
	at org.jboss.weld.bean.ManagedBean.checkBeanImplementation(ManagedBean.java:231)
	at org.jboss.weld.bean.AbstractClassBean.internalInitialize(AbstractClassBean.java:74)
	at org.jboss.weld.bean.ManagedBean.internalInitialize(ManagedBean.java:105)
	at org.jboss.weld.bean.RIBean.initialize(RIBean.java:69)
	at org.jboss.weld.bootstrap.ConcurrentBeanDeployer$4.doWork(ConcurrentBeanDeployer.java:96)
	at org.jboss.weld.bootstrap.ConcurrentBeanDeployer$4.doWork(ConcurrentBeanDeployer.java:93)
	at org.jboss.weld.executor.IterativeWorkerTaskFactory$1.call(IterativeWorkerTaskFactory.java:62)
	at org.jboss.weld.executor.IterativeWorkerTaskFactory$1.call(IterativeWorkerTaskFactory.java:55)
	at com.ibm.ws.threading.internal.PolicyTaskFutureImpl.run(PolicyTaskFutureImpl.java:692)
	at com.ibm.ws.threading.internal.PolicyExecutorImpl.runTask(PolicyExecutorImpl.java:1128)
	at com.ibm.ws.threading.internal.PolicyExecutorImpl$GlobalPoolTask.run(PolicyExecutorImpl.java:186)
	... 3 more

Dump of callerThis
Object type = com.ibm.ws.app.manager.war.internal.WARDeployedAppInfo
  CONTEXT_ROOT = "context-root"
  webModuleHandler = class com.ibm.ws.app.manager.web.internal.WebModuleHandlerImpl@7731c2a7
    serialVersionUID = 4795602325763828210
    $$$tc$$$ = class com.ibm.websphere.ras.TraceComponent@27f9ac4f
      strings[0] = "TraceComponent[com.ibm.ws.app.manager.web.internal.WebModuleHandlerImpl,class com.ibm.ws.app.manager.web.internal.WebModuleHandlerImpl,[webcontainer, applications, app.manager],com.ibm.ws.app.manager.war.internal.resources.Messages,null]"
    futureMonitor = class com.ibm.ws.threading.internal.FutureMonitorImpl@174b520b
    metaDataService = class com.ibm.ws.container.service.metadata.internal.MetaDataServiceImpl@5060c40d
    stateChangeService = class com.ibm.ws.container.service.state.internal.StateChangeServiceImpl@2afc6231
    moduleRuntimeContainer = class com.ibm.ws.webcontainer.osgi.WebContainer@65005122
      tc = class com.ibm.websphere.ras.TraceComponent@79e78a05
      CLASS_NAME = "com.ibm.ws.webcontainer.osgi.WebContainer"
      initialized = true
      eventService = class com.ibm.ws.event.internal.EventEngineImpl@3e42eadd
      futureMonitor = class com.ibm.ws.threading.internal.FutureMonitorImpl@174b520b
      classLoadingSRRef = class com.ibm.wsspi.kernel.service.utils.AtomicServiceReference@12b177d8
      sessionHelperSRRef = class com.ibm.wsspi.kernel.service.utils.AtomicServiceReference@3ad21fd5
      cacheManagerSRRef = class com.ibm.wsspi.kernel.service.utils.AtomicServiceReference@77ccfa20
      injectionEngineSRRef = class com.ibm.wsspi.kernel.service.utils.AtomicServiceReference@5e71f206
      managedObjectServiceSRRef = class com.ibm.wsspi.kernel.service.utils.AtomicServiceReference@476741a7
      backgroundWebAppStartFutures = class com.ibm.ws.webcontainer.util.OneTimeUseArrayList@6de1d229
      REFERENCE_WEB_MBEAN_RUNTIME = "webMBeanRuntime"
      webMBeanRuntimeServiceRef = class com.ibm.wsspi.kernel.service.utils.AtomicServiceReference@7d6c284f
      servletContainerInitializers = class com.ibm.wsspi.kernel.service.utils.ConcurrentServiceReferenceSet@2c5c0426
      es = class com.ibm.ws.threading.internal.ExecutorServiceImpl@7293d49c
      locationServiceRef = class java.util.concurrent.atomic.AtomicReference@514b0273
      transferContextServiceRef = class com.ibm.wsspi.kernel.service.utils.ConcurrentServiceReferenceSet@32d8f2e9
      encodingServiceRef = class java.util.concurrent.atomic.AtomicReference@2eea8aad
      instance = class java.util.concurrent.atomic.AtomicReference@62dbc662
      vhostManager = class com.ibm.ws.webcontainer.osgi.DynamicVirtualHostManager@6b0a08d0
      metaDataService = class com.ibm.ws.container.service.metadata.internal.MetaDataServiceImpl@5060c40d
      j2eeNameFactory = class com.ibm.ws.container.service.metadata.internal.J2EENameFactoryImpl@1eb0e0e2
      context = class org.apache.felix.scr.impl.manager.ComponentContextImpl@6475be7b
      contextRoots = class java.util.Collections$SynchronizedSet@58218c41
      pendingContextRoots = class java.util.HashMap@63d6531d
      deployedModuleMap = class java.util.concurrent.ConcurrentHashMap@7af81875
      connContextPool = class com.ibm.ws.webcontainer40.osgi.srt.factory.SRTConnectionContextPool40Impl@33b7e737
      DEFAULT_PORT = "*"
      DEFAULT_VHOST_NAME = "default_host"
      cachedServerInfo = null
      lock = class com.ibm.ws.webcontainer.osgi.WebContainer$1@67202684
      webAppFactory = class com.ibm.ws.webcontainer40.osgi.webapp.factory.WebAppFactory40Impl@36bfcfc6
      requestFactory = class com.ibm.ws.webcontainer40.osgi.response.factory.IRequestResponseFactory40Impl@cbe42d4
      responseFactory = class com.ibm.ws.webcontainer40.osgi.response.factory.IRequestResponseFactory40Impl@cbe42d4
      asyncContextFactory = class com.ibm.ws.webcontainer40.async.factory.AsyncContextFactory40Impl@bc922b
      DEFAULT_MAX_VERSION = 30
      versionRef = class org.eclipse.osgi.internal.serviceregistry.ServiceReferenceImpl@664e90be
      serverStopping = class com.ibm.ws.staticvalue.StaticValue$FinalSingleton@2e47a24e
      modulesStarting = 0
      uriMatcherFactory = class com.ibm.wsspi.webcontainer40.util.factory.URIMatcherFactory40Impl@5011fdb0
      SPEC_LEVEL_UNLOADED = -1
      SPEC_LEVEL_30 = 30
      SPEC_LEVEL_31 = 31
      SPEC_LEVEL_40 = 40
      DEFAULT_SPEC_LEVEL = 30
      loadedContainerSpecLevel = 40
      ISO = "ISO-8859-1"
      encoding = "UTF-8"
      decode = true
      wcconfig = class com.ibm.ws.webcontainer.osgi.WebContainerConfiguration@2681bd06
      applicationListeners = class java.util.ArrayList@35473e4a
      servletListeners = class java.util.ArrayList@6a64a92f
      servletErrorListeners = class java.util.ArrayList@1e4af6b8
      servletInvocationListeners = class java.util.ArrayList@350801fa
      filterInvocationListeners = class java.util.ArrayList@3931cc7f
      filterErrorListeners = class java.util.ArrayList@765337a7
      filterListeners = class java.util.ArrayList@3f65f0e3
      servletRequestListeners = class java.util.ArrayList@4a973124
      servletRequestAttributeListeners = class java.util.ArrayList@7d725e3d
      servletContextListeners = class java.util.ArrayList@1273a03b
      servletContextAttributeListeners = class java.util.ArrayList@201a87e
      sessionListeners = class java.util.ArrayList@71ecb70b
      sessionIdListeners = class java.util.ArrayList@1e008cbd
      sessionAttributeListeners = class java.util.ArrayList@11fd853e
      DEFAULT_HOST = "default_host"
      _initialized = true
      logger = class com.ibm.ws.logging.internal.WsLogger@1e308d27
      CLASS_NAME = "com.ibm.ws.webcontainer.internal.WebContainer"
      nls = class com.ibm.ejs.ras.TraceNLS@a703505
      self = class java.util.concurrent.atomic.AtomicReference@100f3592
      _cipherToBit = class java.util.HashMap@6da696d8
      cacheKeyStringBuilder = class com.ibm.ws.util.WSThreadLocal@776577fe
      listenersInitialized = false
      webConProperties = class java.util.Properties@7c36ac0a
      sessionRegistry = null
      isStopped = false
      readWriteLockForStopping = class java.util.concurrent.locks.ReentrantReadWriteLock@15fca5bb
      urlPrefix = ";jsessionid="
      extensionFactories = class java.util.ArrayList@4cb5e18a
      postInitExtensionFactories = null
      httpResponseListeners = class java.util.ArrayList@10b3b565
      servletContainerInitializers = class java.util.ServiceLoader@592c0d85
      auditManager = class com.ibm.websphere.security.audit.context.AuditManager@290daa66
      threadLocal = class java.lang.ThreadLocal@4a57b77c
      invocationCacheSize = 500
      decodePlusSign = true
      _cacheMap = class java.util.concurrent.ConcurrentHashMap@47423bce
      _cacheSize = class java.util.concurrent.atomic.AtomicInteger@7e3b5686
      vHostCompatFlag = false
      platformHelper = class com.ibm.ws.webcontainer.PlatformHelper@3aa19dbd
      isDefaultTempDir = true
      tempDir = null
      servletCachingInitNeeded = true
      appInstallBegun = false
      cacheServletWrapperFactory = class com.ibm.ws.webcontainer40.servlet.factory.CacheServletWrapperFactory40Impl@4dba31c2
      commands = class java.util.ArrayList@1b70eff0
      requestMapper = class com.ibm.ws.webcontainer.util.VirtualHostContextRootMapper@3f5b057e
      parent = null
      name = "Was.webcontainer"
      isAlive = true
      subElements = null
      attributes = null
      config = null
      serialVersionUID = -8271459000149267764
      $$$tc$$$ = class com.ibm.websphere.ras.TraceComponent@349f34c5
    firstFailure = null
    serialVersionUID = -4563697739413190872
    $$$tc$$$ = class com.ibm.websphere.ras.TraceComponent@52efc626
      strings[0] = "TraceComponent[com.ibm.ws.app.manager.module.internal.ModuleHandlerBase,class com.ibm.ws.app.manager.module.internal.ModuleHandlerBase,[applications, app.manager],,null]"
  webContainerModuleInfo = class com.ibm.ws.app.manager.module.internal.SimpleDeployedAppInfoBase$WebModuleContainerInfo@10a8bd70
    contextRoot = null
    defaultContextRoot = "RegistrationAppWeb"
    serialVersionUID = -8158961796913348204
    $$$tc$$$ = class com.ibm.websphere.ras.TraceComponent@626bb0b9
      strings[0] = "TraceComponent[com.ibm.ws.app.manager.module.internal.SimpleDeployedAppInfoBase$WebModuleContainerInfo,class com.ibm.ws.app.manager.module.internal.SimpleDeployedAppInfoBase$WebModuleContainerInfo,[applications, app.manager],,null]"
    moduleHandler = class com.ibm.ws.app.manager.web.internal.WebModuleHandlerImpl@7731c2a7
    moduleMetaDataExtenders = class java.util.concurrent.CopyOnWriteArrayList@42b38128
      serialVersionUID = 8673264195747942595
      lock = class java.lang.Object@297cdf01
      array = class java.lang.Object[3]
    nestedModuleMetaDataFactories = class java.util.concurrent.CopyOnWriteArrayList@118ec439
      serialVersionUID = 8673264195747942595
      lock = class java.lang.Object@709b42e1
      array = class java.lang.Object[1]
    nestedModules = null
    moduleName = "RegistrationAppWeb"
    moduleDD = null
    moduleInfo = class com.ibm.ws.app.manager.module.internal.WebModuleInfoImpl@61e04b40
      contextRoot = "/RegistrationAppWeb"
      isDefaultContextRootUsed = true
      serialVersionUID = -1540279394520440503
      $$$tc$$$ = class com.ibm.websphere.ras.TraceComponent@6a93a175
      tc = class com.ibm.websphere.ras.TraceComponent@46b6071d
      appInfo = class com.ibm.ws.container.service.app.deploy.internal.ApplicationInfoImpl@5d7d94e5
      moduleName = "RegistrationAppWeb"
      path = "RegistrationAppWeb.war"
      moduleContainer = class com.ibm.ws.adaptable.module.internal.AdaptableContainerImpl@4b05adf3
      altDDEntry = null
      moduleClassesContainers = class java.util.ArrayList@6b83e827
      classLoaderFactory = class com.ibm.ws.app.manager.war.internal.WARDeployedAppInfo@4363f08a
      containerInfoType = class com.ibm.ws.container.service.app.deploy.ContainerInfo$Type@6414f58f
      classLoader = class com.ibm.ws.classloading.internal.AppClassLoader@2d718f20
      moduleMetaData = class com.ibm.ws.webcontainer.osgi.metadata.WebModuleMetaDataImpl@2c135ef6
      nestedModuleMetaDataTypes = null
      nestedModuleMetaDataValues = null
      serialVersionUID = 3986734351620206554
    serialVersionUID = 8693907776607441911
    $$$tc$$$ = class com.ibm.websphere.ras.TraceComponent@4f0087cc
      strings[0] = "TraceComponent[com.ibm.ws.app.manager.module.internal.SimpleDeployedAppInfoBase$ModuleContainerInfoBase,class com.ibm.ws.app.manager.module.internal.SimpleDeployedAppInfoBase$ModuleContainerInfoBase,[applications, app.manager],,null]"
    type = class com.ibm.ws.container.service.app.deploy.ContainerInfo$Type@6414f58f
      MANIFEST_CLASSPATH = class com.ibm.ws.container.service.app.deploy.ContainerInfo$Type@2fa4b01
      WEB_INF_CLASSES = class com.ibm.ws.container.service.app.deploy.ContainerInfo$Type@4df52cf3
      WEB_INF_LIB = class com.ibm.ws.container.service.app.deploy.ContainerInfo$Type@2be769b
      EAR_LIB = class com.ibm.ws.container.service.app.deploy.ContainerInfo$Type@2914ed9
      WEB_MODULE = class com.ibm.ws.container.service.app.deploy.ContainerInfo$Type@6414f58f
      EJB_MODULE = class com.ibm.ws.container.service.app.deploy.ContainerInfo$Type@5263afc9
      CLIENT_MODULE = class com.ibm.ws.container.service.app.deploy.ContainerInfo$Type@361583c2
      RAR_MODULE = class com.ibm.ws.container.service.app.deploy.ContainerInfo$Type@476e3135
      JAR_MODULE = class com.ibm.ws.container.service.app.deploy.ContainerInfo$Type@4f014887
      SHARED_LIB = class com.ibm.ws.container.service.app.deploy.ContainerInfo$Type@53bb49
      $VALUES = class com.ibm.ws.container.service.app.deploy.ContainerInfo$Type[10]
      $$$tc$$$ = class com.ibm.websphere.ras.TraceComponent@39b62d7b
      name = "WEB_MODULE"
      ordinal = 4
    name = "RegistrationAppWeb.war"
    container = class com.ibm.ws.adaptable.module.internal.AdaptableContainerImpl@4b05adf3
      root = class com.ibm.ws.adaptable.module.internal.AdaptableContainerImpl@4b05adf3
      rootOverlay = class com.ibm.ws.artifact.overlay.internal.DirectoryBasedOverlayContainerImpl@1ddd89b3
      factoryHolder = class com.ibm.ws.adaptable.module.internal.AdaptableModuleFactoryImpl@6f2d4d25
      delegate = class com.ibm.ws.artifact.overlay.internal.DirectoryBasedOverlayContainerImpl@1ddd89b3
      notifier = class com.ibm.ws.adaptable.module.internal.NotifierImpl@1e9738d5
      serialVersionUID = -5621513278641113667
      $$$tc$$$ = class com.ibm.websphere.ras.TraceComponent@19d39176
    altDDEntry = null
    classesContainerInfo = class java.util.ArrayList@6b83e827
      serialVersionUID = 8683452581122892189
      DEFAULT_CAPACITY = 10
      EMPTY_ELEMENTDATA = class java.lang.Object[0]
      DEFAULTCAPACITY_EMPTY_ELEMENTDATA = class java.lang.Object[0]
      elementData = class java.lang.Object[10]
      size = 2
      MAX_ARRAY_SIZE = 2147483639
      modCount = 3
      MAX_ARRAY_SIZE = 2147483639
    serialVersionUID = 7427332431485745589
    $$$tc$$$ = class com.ibm.websphere.ras.TraceComponent@682da00
      strings[0] = "TraceComponent[com.ibm.ws.app.manager.module.internal.SimpleDeployedAppInfoBase$ExtendedContainerInfo,class com.ibm.ws.app.manager.module.internal.SimpleDeployedAppInfoBase$ExtendedContainerInfo,[applications, app.manager],,null]"
  DYNAMIC_IMPORT_PACKAGE_LIST = class java.util.Collections$UnmodifiableRandomAccessList@87cd8cd
    serialVersionUID = -2542308836966382001
    serialVersionUID = -283967356065247728
    list = class java.util.Arrays$ArrayList@471ed20c
      serialVersionUID = -2764017481108945198
      a = class java.lang.String[1]
      modCount = 0
      MAX_ARRAY_SIZE = 2147483639
    serialVersionUID = 1820017752578914078
    c = class java.util.Arrays$ArrayList@471ed20c
  serialVersionUID = -6153587016903242961
  $$$tc$$$ = class com.ibm.websphere.ras.TraceComponent@7492f288
    strings[0] = "TraceComponent[com.ibm.ws.app.manager.war.internal.WARDeployedAppInfo,class com.ibm.ws.app.manager.war.internal.WARDeployedAppInfo,[webcontainer, applications, app.manager],com.ibm.ws.app.manager.war.internal.resources.Messages,null]"
  _tc = class com.ibm.websphere.ras.TraceComponent@48c147c0
    strings[0] = "TraceComponent[com.ibm.ws.app.manager.module.internal.DeployedAppInfoBase,class com.ibm.ws.app.manager.module.internal.DeployedAppInfoBase,[app.manager],com.ibm.ws.app.manager.module.internal.resources.Messages,null]"
  PERMISSION_XML = "permissions.xml"
  applicationInformation = class com.ibm.ws.app.manager.internal.ApplicationInstallInfo@51e3dbc1
    _config = class com.ibm.ws.app.manager.internal.ApplicationConfig@38679079
      tc = class com.ibm.websphere.ras.TraceComponent@2e0d364a
      _configPid = "com.ibm.ws.app.manager_65"
      _config = class com.ibm.ws.config.admin.ConfigurationDictionary@1723dd43
      _applicationManager = class com.ibm.ws.app.manager.ApplicationManager@41446b52
      _location = "RegistrationAppWeb.war"
      _type = "war"
      _name = "RegistrationAppWeb"
      _notificationBroadcasterSupport = class javax.management.NotificationBroadcasterSupport@307d9bb3
      ONE_TIME_JANDEX_MSGS_DISPLAYED = true
    _handlerInfo = class java.util.concurrent.atomic.AtomicReference@10a9f1aa
      serialVersionUID = -1848883965231344442
      VALUE = class java.lang.invoke.VarHandleObjects$FieldInstanceReadWrite@5be12b4d
      value = class com.ibm.ws.app.manager.war.internal.WARDeployedAppInfo@4363f08a
    _container = class java.util.concurrent.atomic.AtomicReference@513f5e35
      serialVersionUID = -1848883965231344442
      VALUE = class java.lang.invoke.VarHandleObjects$FieldInstanceReadWrite@5be12b4d
      value = class com.ibm.ws.adaptable.module.internal.AdaptableContainerImpl@4b05adf3
    _resolvedLocation = class java.util.concurrent.atomic.AtomicReference@1ecdaa00
      serialVersionUID = -1848883965231344442
      VALUE = class java.lang.invoke.VarHandleObjects$FieldInstanceReadWrite@5be12b4d
      value = class com.ibm.ws.kernel.service.location.internal.LocalFileResource@231e7169
    _handler = class com.ibm.ws.app.manager.war.internal.WARApplicationHandlerImpl@1aad15f8
      futureMonitor = class com.ibm.ws.threading.internal.FutureMonitorImpl@174b520b
      deployedAppFactory = class com.ibm.ws.app.manager.war.internal.WARDeployedAppInfoFactoryImpl@6ed3d782
      serialVersionUID = 4622845147410944782
      $$$tc$$$ = class com.ibm.websphere.ras.TraceComponent@26c2c0fd
    _ami = class java.util.concurrent.atomic.AtomicReference@45d683a6
      serialVersionUID = -1848883965231344442
      VALUE = class java.lang.invoke.VarHandleObjects$FieldInstanceReadWrite@5be12b4d
      value = class com.ibm.wsspi.application.handler.DefaultApplicationMonitoringInformation@30b93605
    _updateHandler = class com.ibm.ws.app.manager.internal.statemachine.ApplicationStateMachineImpl@6e33a3df
      _tc = class com.ibm.websphere.ras.TraceComponent@1e770e8e
      EMPTY_FUTURE_ARRAY = interface java.util.concurrent.Future[0]
      asmSequenceNumber = class java.util.concurrent.atomic.AtomicLong@5895628d
      _qscaCounter = class java.util.concurrent.atomic.AtomicInteger@3681be86
      _failedThrowable = null
      _interruptibleLock = class com.ibm.ws.app.manager.internal.statemachine.ApplicationStateMachineImpl$2@74e3e53b
      _interruptible = false
      _performingQueuedActions = true
      _queuedActions = class java.util.concurrent.ConcurrentLinkedQueue@3020ca92
      _callbackState = class java.util.concurrent.atomic.AtomicReference@43d25711
      blockAppStartingFutures = class java.util.Collections$SetFromMap@781cb463
      waitingForAppHandlerFuture = class java.util.concurrent.atomic.AtomicReference@13bd4c66
      waitingForExplicitStartFuture = class java.util.concurrent.atomic.AtomicReference@257f60d9
      completionListener = class java.util.concurrent.atomic.AtomicReference@7444c1b8
      _notifyAppStopped = class java.util.concurrent.ConcurrentLinkedQueue@6966ccff
      _notifyAppStarting = class java.util.concurrent.ConcurrentLinkedQueue@104163c9
      _notifyAppInstallCalled = class java.util.concurrent.ConcurrentLinkedQueue@4e66a0b0
      _notifyAppStarted = class java.util.concurrent.ConcurrentLinkedQueue@1cfdf1c5
      _notifyAppRemoved = class java.util.concurrent.ConcurrentLinkedQueue@43a3c791
      _stateLock = class com.ibm.ws.app.manager.internal.statemachine.ApplicationStateMachineImpl$3@5867bb07
      _internalState = class java.util.concurrent.atomic.AtomicReference@23ffe39b
      _currentAction = class java.util.concurrent.atomic.AtomicReference@507f4df8
      _rfa = class java.util.concurrent.atomic.AtomicReference@dbd8729
      _appInstallInfo = class java.util.concurrent.atomic.AtomicReference@68e7aa1a
      _update = class java.util.concurrent.atomic.AtomicBoolean@34d87fa6
      _appConfig = class java.util.concurrent.atomic.AtomicReference@1ee2f448
      _nextAppConfig = class java.util.concurrent.atomic.AtomicReference@7f07ac72
      _appContainer = class java.util.concurrent.atomic.AtomicReference@2ae57ef2
      _resolvedLocation = class java.util.concurrent.atomic.AtomicReference@5db70147
      _handler = class java.util.concurrent.atomic.AtomicReference@547eee0d
      _asmSeqNo = 0
      _ctx = class org.eclipse.osgi.internal.framework.BundleContextImpl@5e23095e
      _locAdmin = class com.ibm.ws.kernel.service.location.internal.WsLocationAdminImpl@16d8bccc
      _futureMonitor = class com.ibm.ws.threading.internal.FutureMonitorImpl@174b520b
      _artifactFactory = class com.ibm.ws.artifact.internal.ArtifactContainerFactoryService@25cced80
      _moduleFactory = class com.ibm.ws.adaptable.module.internal.AdaptableModuleFactoryImpl@6f2d4d25
      _executorService = class com.ibm.ws.threading.internal.ExecutorServiceImpl@7293d49c
      _scheduledExecutorService = class com.ibm.ws.threading.internal.ScheduledExecutorImpl@513e5245
      _asmHelper = class com.ibm.ws.app.manager.internal.ApplicationConfigurator$NamedApplication@37ca907a
      _appMonitor = class com.ibm.ws.app.manager.internal.monitor.ApplicationMonitor@253aa72
      enterStateCalled = class java.util.concurrent.atomic.AtomicBoolean@4fc56b39
      serialVersionUID = -1399093980790866556
      serialVersionUID = 5501066335104962649
      $$$tc$$$ = class com.ibm.websphere.ras.TraceComponent@5042665b
    serialVersionUID = 2630639237123415755
    $$$tc$$$ = class com.ibm.websphere.ras.TraceComponent@531bda6
      strings[0] = "TraceComponent[com.ibm.ws.app.manager.internal.ApplicationInstallInfo,class com.ibm.ws.app.manager.internal.ApplicationInstallInfo,[applications, app.manager],com.ibm.ws.app.manager.internal.resources.AppManagerMessages,null]"
  location = "/Users/kurtrogiers/lab/wlp/usr/servers/defaultServer/apps/RegistrationAppWeb.war.xml"
  classLoadingService = class com.ibm.ws.classloading.internal.ClassLoadingServiceImpl@5785bd33
    tc = class com.ibm.websphere.ras.TraceComponent@1cf1f74c
      strings[0] = "TraceComponent[com.ibm.ws.classloading.internal.ClassLoadingServiceImpl,class com.ibm.ws.classloading.internal.ClassLoadingServiceImpl,[ClassLoadingService],com.ibm.ws.classloading.internal.resources.ClassLoadingServiceMessages,null]"
    leakDetectionMap = class java.util.HashMap@7a64ee0e
      serialVersionUID = 362498820763181265
      DEFAULT_INITIAL_CAPACITY = 16
      MAXIMUM_CAPACITY = 1073741824
      DEFAULT_LOAD_FACTOR = 0.75
      TREEIFY_THRESHOLD = 8
      UNTREEIFY_THRESHOLD = 6
      MIN_TREEIFY_CAPACITY = 64
      table = null
      entrySet = null
      size = 0
      modCount = 0
      threshold = 0
      loadFactor = 0.75
      keySet = null
      values = null
    TCCL_LOCK_WAIT = 15000
    REFERENCE_GENERATORS = "generators"
    bundleContext = class org.eclipse.osgi.internal.framework.BundleContextImpl@345c7535
      findHookName = "org.osgi.framework.hooks.bundle.FindHook"
      valid = true
      bundle = class org.eclipse.osgi.internal.framework.EquinoxBundle@65d85187
      container = class org.eclipse.osgi.internal.framework.EquinoxContainer@6f730c8d
      debug = class org.eclipse.osgi.internal.debug.Debug@786538e8
      servicesInUse = class java.util.HashMap@2b8a8c2f
      activator = null
      contextLock = class java.lang.Object@1c0b680f
    aclStore = class com.ibm.ws.classloading.internal.util.CanonicalStore@4bdbcdfc
      map = class java.util.concurrent.ConcurrentHashMap@f7ef35a
      q = class com.ibm.ws.classloading.internal.util.RefQueue@4ad77150
      serialVersionUID = 6715157558227169968
      $$$tc$$$ = class com.ibm.websphere.ras.TraceComponent@75ae2ca2
    tcclStore = class com.ibm.ws.classloading.internal.util.CanonicalStore@5de782ed
      map = class java.util.concurrent.ConcurrentHashMap@54549e4c
      q = class com.ibm.ws.classloading.internal.util.RefQueue@17a99730
      serialVersionUID = 6715157558227169968
      $$$tc$$$ = class com.ibm.websphere.ras.TraceComponent@75ae2ca2
    tcclStoreLock = class java.util.concurrent.locks.ReentrantLock@3a095132
      serialVersionUID = 7373984872572414699
      sync = class java.util.concurrent.locks.ReentrantLock$NonfairSync@79d51a13
    digraph = class org.eclipse.equinox.internal.region.StandardRegionDigraph@67c0cce3
      EMPTY_EDGE_SET = class java.util.Collections$UnmodifiableSet@9a12b5d
      monitor = class java.lang.Object@15093f8a
      regions = class java.util.HashMap@99a4db4
      bundleIdToRegionMapping = class org.eclipse.equinox.internal.region.StandardBundleIdToRegionMapping@6e8dc90c
      edges = class java.util.HashMap@6e76fc43
      bundleContext = class org.eclipse.osgi.internal.framework.BundleContextImpl@5c089b2f
      threadLocal = class java.lang.ThreadLocal@325f6b68
      subgraphTraverser = class org.eclipse.equinox.internal.region.SubgraphTraverser@6973677a
      bundleCollisionHook = class org.eclipse.equinox.internal.region.hook.RegionBundleCollisionHook@69b606f1
      bundleEventHook = class org.eclipse.equinox.internal.region.hook.RegionBundleEventHook@30fb7b60
      bundleFindHook = class org.eclipse.equinox.internal.region.hook.RegionBundleFindHook@79b6423c
      serviceEventHook = class org.eclipse.equinox.internal.region.hook.RegionServiceEventHook@b0ca2c7
      serviceFindHook = class org.eclipse.equinox.internal.region.hook.RegionServiceFindHook@5254acd9
      resolverHookFactory = class org.eclipse.equinox.internal.region.hook.RegionResolverHookFactory@391fed88
      origin = null
      originUpdateCount = -1
      updateCount = class java.util.concurrent.atomic.AtomicLong@72f3ff35
      defaultRegion = null
    redefiner = class com.ibm.ws.classloading.internal.util.ClassRedefiner@726159ca
      tc = class com.ibm.websphere.ras.TraceComponent@24e64f3c
      LS = "
"
      inst = class com.ibm.ws.kernel.launch.internal.TraceInstrumentation@7f56fe3a
      serialVersionUID = 2420101865139508526
    listener = class com.ibm.ws.classloading.internal.ClassLoadingServiceImpl$1@13704d81
      this$0 = class com.ibm.ws.classloading.internal.ClassLoadingServiceImpl@5785bd33
      serialVersionUID = -9159707349812113172
      $$$tc$$$ = class com.ibm.websphere.ras.TraceComponent@11876cd0
    classloaders = class java.util.Collections$SynchronizedMap@63001e1c
      serialVersionUID = 1978198479659022715
      m = class java.util.HashMap@697461a
      mutex = class java.util.Collections$SynchronizedMap@63001e1c
      keySet = null
      entrySet = null
      values = null
    resourceProviders = class com.ibm.ws.classloading.internal.CompositeResourceProvider@2c6614b
      lockFactory = class java.util.concurrent.locks.ReentrantReadWriteLock@2c56c4bd
      providerMap = class com.ibm.ws.classloading.internal.util.MultiMap@cf8671a
      serialVersionUID = -5576435894946156347
      $$$tc$$$ = class com.ibm.websphere.ras.TraceComponent@a1f3988
    rememberedBundles = class java.util.concurrent.ConcurrentHashMap@7a11c7d0
      serialVersionUID = 7249069246763182397
      MAXIMUM_CAPACITY = 1073741824
      DEFAULT_CAPACITY = 16
      MAX_ARRAY_SIZE = 2147483639
      DEFAULT_CONCURRENCY_LEVEL = 16
      LOAD_FACTOR = 0.75
      TREEIFY_THRESHOLD = 8
      UNTREEIFY_THRESHOLD = 6
      MIN_TREEIFY_CAPACITY = 64
      MIN_TRANSFER_STRIDE = 16
      RESIZE_STAMP_BITS = 16
      MAX_RESIZERS = 65535
      RESIZE_STAMP_SHIFT = 16
      MOVED = -1
      TREEBIN = -2
      RESERVED = -3
      HASH_BITS = 2147483647
      NCPU = 12
      serialPersistentFields = class java.io.ObjectStreamField[3]
      table = class java.util.concurrent.ConcurrentHashMap$Node[16]
      nextTable = null
      baseCount = 1
      sizeCtl = 12
      transferIndex = 0
      cellsBusy = 0
      counterCells = null
      keySet = null
      values = null
      entrySet = null
      U = class jdk.internal.misc.Unsafe@77a26b35
      SIZECTL = 20
      TRANSFERINDEX = 32
      BASECOUNT = 24
      CELLSBUSY = 36
      CELLVALUE = 144
      ABASE = 16
      ASHIFT = 2
      keySet = null
      values = null
    collectedBundles = class java.lang.ref.ReferenceQueue@6b1c9156
      NULL = class java.lang.ref.ReferenceQueue$Null@330d3d76
      ENQUEUED = class java.lang.ref.ReferenceQueue$Null@68450671
      lock = class java.lang.ref.ReferenceQueue$Lock@2dc4001b
      head = null
      queueLength = 0
      $assertionsDisabled = true
    generatorRefs = class com.ibm.wsspi.kernel.service.utils.ConcurrentServiceReferenceSet@88f92d7
      referenceName = "generators"
      contextRef = class java.util.concurrent.atomic.AtomicReference@6b530a61
      elementMap = class java.util.LinkedHashMap@132a842b
      elementSet = class java.util.concurrent.ConcurrentSkipListSet@5275262b
      elementSetUnsorted = false
      serialVersionUID = 756240983881166148
      $$$tc$$$ = class com.ibm.websphere.ras.TraceComponent@1baf0bd
    generatorManager = class com.ibm.ws.classloading.internal.ClassGeneratorManager@397266b4
      tc = class com.ibm.websphere.ras.TraceComponent@355facf4
      generatorRefs = class com.ibm.wsspi.kernel.service.utils.ConcurrentServiceReferenceSet@88f92d7
      serialVersionUID = 4152663586056483310
    appExtLibs = class java.util.concurrent.CopyOnWriteArrayList@4da9090d
      serialVersionUID = 8673264195747942595
      lock = class java.lang.Object@69137e83
      array = class java.lang.Object[0]
    metaInfServicesProviders = class java.util.concurrent.ConcurrentHashMap@42b0a7cf
      serialVersionUID = 7249069246763182397
      MAXIMUM_CAPACITY = 1073741824
      DEFAULT_CAPACITY = 16
      MAX_ARRAY_SIZE = 2147483639
      DEFAULT_CONCURRENCY_LEVEL = 16
      LOAD_FACTOR = 0.75
      TREEIFY_THRESHOLD = 8
      UNTREEIFY_THRESHOLD = 6
      MIN_TREEIFY_CAPACITY = 64
      MIN_TRANSFER_STRIDE = 16
      RESIZE_STAMP_BITS = 16
      MAX_RESIZERS = 65535
      RESIZE_STAMP_SHIFT = 16
      MOVED = -1
      TREEBIN = -2
      RESERVED = -3
      HASH_BITS = 2147483647
      NCPU = 12
      serialPersistentFields = class java.io.ObjectStreamField[3]
      table = null
      nextTable = null
      baseCount = 0
      sizeCtl = 0
      transferIndex = 0
      cellsBusy = 0
      counterCells = null
      keySet = null
      values = null
      entrySet = null
      U = class jdk.internal.misc.Unsafe@77a26b35
      SIZECTL = 20
      TRANSFERINDEX = 32
      BASECOUNT = 24
      CELLSBUSY = 36
      CELLVALUE = 144
      ABASE = 16
      ASHIFT = 2
      keySet = null
      values = null
    metaInfServicesRefs = class com.ibm.wsspi.kernel.service.utils.ConcurrentServiceReferenceMap@36dd9c64
      referenceName = "MetaInfServicesProvider"
      context = class org.apache.felix.scr.impl.manager.ComponentContextImpl@1ee97408
      elementMap = class java.util.concurrent.ConcurrentHashMap@1e3046eb
      serialVersionUID = 6980924785166233786
      $$$tc$$$ = class com.ibm.websphere.ras.TraceComponent@3b05eee8
    protectionDomainMap = class java.util.HashMap@1c301bcd
      serialVersionUID = 362498820763181265
      DEFAULT_INITIAL_CAPACITY = 16
      MAXIMUM_CAPACITY = 1073741824
      DEFAULT_LOAD_FACTOR = 0.75
      TREEIFY_THRESHOLD = 8
      UNTREEIFY_THRESHOLD = 6
      MIN_TREEIFY_CAPACITY = 64
      table = null
      entrySet = null
      size = 0
      modCount = 0
      threshold = 0
      loadFactor = 0.75
      keySet = null
      values = null
    metadataIdentifierService = class com.ibm.ws.container.service.metadata.internal.MetaDataServiceImpl@5060c40d
    globalSharedLibrary = class java.util.concurrent.atomic.AtomicReference@19548827
      serialVersionUID = -1848883965231344442
      VALUE = class java.lang.invoke.VarHandleObjects$FieldInstanceReadWrite@5be12b4d
      value = null
    serialVersionUID = -1838778944052667322
  globalSharedLibrary = class com.ibm.ws.library.internal.SharedLibraryImpl@684a17b7
    tc = class com.ibm.websphere.ras.TraceComponent@72f801a0
      strings[0] = "TraceComponent[com.ibm.ws.library.internal.SharedLibraryImpl,class com.ibm.ws.library.internal.SharedLibraryImpl,[SharedLibrary],com.ibm.ws.classloading.internal.resources.ClassLoadingServiceMessages,null]"
    EMPTY_LIBRARY_LISTENERS = interface com.ibm.wsspi.library.LibraryChangeListener[0]
    deleted = false
    libraryListenersTracker = class org.osgi.util.tracker.ServiceTracker@35679ebe
      DEBUG = false
      context = class org.eclipse.osgi.internal.framework.BundleContextImpl@345c7535
      filter = class org.eclipse.osgi.internal.framework.FilterImpl@2e01c9c9
      customizer = class org.osgi.util.tracker.ServiceTracker@35679ebe
      listenerFilter = "(&(objectClass=com.ibm.wsspi.library.LibraryChangeListener)(|(library=global)(libraryRef=*com.ibm.ws.classloading.sharedlibrary_55*)))"
      trackClass = null
      trackReference = null
      tracked = class org.osgi.util.tracker.ServiceTracker$Tracked@2e0bf52c
      cachedReference = null
      cachedService = null
    libraryReg = class org.eclipse.osgi.internal.serviceregistry.ServiceRegistrationImpl@278463a7
      registry = class org.eclipse.osgi.internal.serviceregistry.ServiceRegistry@1c876136
      context = class org.eclipse.osgi.internal.framework.BundleContextImpl@345c7535
      bundle = class org.eclipse.osgi.internal.framework.EquinoxBundle@65d85187
      clazzes = class java.lang.String[1]
      service = class com.ibm.ws.library.internal.SharedLibraryImpl@684a17b7
      reference = class org.eclipse.osgi.internal.serviceregistry.ServiceReferenceImpl@2df7e746
      contextsUsing = class java.util.ArrayList@4090af9a
      properties = class java.util.Collections$UnmodifiableMap@67b9e86f
      serviceid = 306
      serviceranking = 2
      registrationLock = class java.lang.Object@1da1fa7f
      state = 0
      REGISTERED = 0
      UNREGISTERING = 1
      UNREGISTERED = 2
      FRAMEWORK_SET_SERVICE_PROPERTIES_COUNT = 4
      $assertionsDisabled = true
    ctx = class org.eclipse.osgi.internal.framework.BundleContextImpl@345c7535
    classLoadingService = class com.ibm.ws.classloading.internal.ClassLoadingServiceImpl@5785bd33
    configAdmin = class com.ibm.ws.config.admin.internal.ConfigurationAdminImpl@52af3b27
      tc = class com.ibm.websphere.ras.TraceComponent@52796b5d
      bundle = class org.eclipse.osgi.internal.framework.EquinoxBundle@65d85187
      caFactory = class com.ibm.ws.config.admin.internal.ConfigAdminServiceFactory@166ffbdb
      serialVersionUID = 3160799878770679122
    resolvedBasePath = "/Users/kurtrogiers/lab/wlp/usr/servers/defaultServer/"
    generationLock = class com.ibm.ws.library.internal.SharedLibraryImpl$1@11d40470
      this$0 = class com.ibm.ws.library.internal.SharedLibraryImpl@684a17b7
      serialVersionUID = 2483639803450672373
      $$$tc$$$ = class com.ibm.websphere.ras.TraceComponent@1c395224
    currentGeneration = class com.ibm.ws.library.internal.LibraryGeneration@656204bd
      tc = class com.ibm.websphere.ras.TraceComponent@673ee53f
      nextInt = class java.util.concurrent.atomic.AtomicInteger@499391c0
      libraryId = "global"
      genId = 2
      libraryProps = class java.util.Hashtable@263921ff
      filesetRefs = class java.util.Collections$UnmodifiableRandomAccessList@45946708
      apiTypeVisibility = class java.util.RegularEnumSet@78e20de2
      files = class java.util.Collections$EmptyList@4650bb95
      folders = class java.util.ArrayList@2d2a8eaf
      fileAndFolderContainers = class java.util.Collections$EmptyList@4650bb95
      filesets = class java.util.concurrent.ArrayBlockingQueue@4273742c
      filesetListenerRegs = class java.util.concurrent.ConcurrentLinkedQueue@2439e74d
      cancelled = false
      library = class com.ibm.ws.library.internal.SharedLibraryImpl@684a17b7
      serialVersionUID = 6965220007121905717
    nextGeneration = class com.ibm.ws.library.internal.LibraryGeneration@656204bd
    artifactContainerFactory = class com.ibm.ws.library.internal.SharedLibraryFactory$1@6cf9e4c1
      this$0 = class com.ibm.ws.library.internal.SharedLibraryFactory@8f9a7ad
      serialVersionUID = 7730244564205089330
      $$$tc$$$ = class com.ibm.websphere.ras.TraceComponent@46c0afe
    packageExporter = class com.ibm.ws.library.internal.LibraryPackageExporter@47a48c7a
      EXPORTER_POSTFIX = "_library_exporter"
      REGION_EXPORT_TO_LIBERTY = "liberty.library.export.to.liberty"
      REGION_EXPORT_TO_OSGI_APPS = "liberty.library.export.to.osgi.app"
      REGION_KERNEL = "org.eclipse.equinox.region.kernel"
      counter = class java.util.concurrent.atomic.AtomicLong@7ce274f1
      context = class org.eclipse.osgi.internal.framework.BundleContextImpl@345c7535
      digraph = class org.eclipse.equinox.internal.region.StandardRegionDigraph@67c0cce3
      bundleToLibrary = class java.util.concurrent.ConcurrentHashMap@18af7c2c
      libraryToVisibility = class java.util.concurrent.ConcurrentHashMap@3840a171
      serialVersionUID = 8074378969667956573
      $$$tc$$$ = class com.ibm.websphere.ras.TraceComponent@3e6fa901
    serialVersionUID = 6288237618632180389
  sharedLibDeploymentInfo = class com.ibm.ws.app.manager.module.internal.DeployedAppInfoBase$SharedLibDeploymentInfo@53285ddf
    bundleContext = class org.eclipse.osgi.internal.framework.BundleContextImpl@30949b8
      findHookName = "org.osgi.framework.hooks.bundle.FindHook"
      valid = true
      bundle = class org.eclipse.osgi.internal.framework.EquinoxBundle@5cafa22b
      container = class org.eclipse.osgi.internal.framework.EquinoxContainer@6f730c8d
      debug = class org.eclipse.osgi.internal.debug.Debug@786538e8
      servicesInUse = class java.util.HashMap@4984fbc8
      activator = null
      contextLock = class java.lang.Object@3b11731d
    locAdmin = class com.ibm.ws.kernel.service.location.internal.WsLocationAdminImpl@16d8bccc
      tc = class com.ibm.websphere.ras.TraceComponent@2fa81278
      LOC_INTERNAL_LIB_DIR = "wlp.lib.dir"
      LOC_AREA_NAME_APPS = "shared/apps/"
      LOC_AREA_NAME_CONFIG = "shared/config/"
      LOC_AREA_NAME_RESC = "shared/resources/"
      LOC_AREA_NAME_STATE = "logs/state/"
      LOC_AREA_NAME_SERVERS = "servers/"
      LOC_AREA_NAME_CLIENTS = "clients/"
      LOC_AREA_NAME_WORKING = "workarea/"
      LOC_AREA_NAME_EXTENSION = "extension/"
      instance = class com.ibm.ws.staticvalue.StaticValue$FinalSingleton@4afa3c8b
      installRoot = class com.ibm.ws.kernel.service.location.internal.SymbolicRootResource@475a793d
      installParentRoot = class com.ibm.ws.kernel.service.location.internal.SymbolicRootResource@6cf43e86
      userRoot = class com.ibm.ws.kernel.service.location.internal.SymbolicRootResource@103250be
      usrExtensionRoot = class com.ibm.ws.kernel.service.location.internal.SymbolicRootResource@bb73857
      serverConfigDir = class com.ibm.ws.kernel.service.location.internal.SymbolicRootResource@1fb03b8d
      serverOutputDir = class com.ibm.ws.kernel.service.location.internal.SymbolicRootResource@1fb03b8d
      bootstrapLib = class com.ibm.ws.kernel.service.location.internal.LocalFileResource@527d26f3
      serverWorkarea = class com.ibm.ws.kernel.service.location.internal.LocalFileResource@50c83ba2
      serverState = class com.ibm.ws.kernel.service.location.internal.LocalFileResource@620fc46c
      sharedAppsRoot = class com.ibm.ws.kernel.service.location.internal.SymbolicRootResource@7c7de7f3
      sharedConfigRoot = class com.ibm.ws.kernel.service.location.internal.SymbolicRootResource@478c0c31
      sharedResourceRoot = class com.ibm.ws.kernel.service.location.internal.SymbolicRootResource@56883a49
      tmpRoot = class com.ibm.ws.kernel.service.location.internal.SymbolicRootResource@4a38b850
      serverName = "defaultServer"
      resourcePaths = class java.util.ArrayList@59699c9b
      resourceGroups = class java.util.HashMap@7ea3ee03
      commonRoot = class com.ibm.ws.kernel.service.location.internal.VirtualRootResource@69eed9ec
      serialVersionUID = 7766352982799267432
    artifactFactory = class com.ibm.ws.artifact.internal.ArtifactContainerFactoryService@25cced80
      CATEGORY_PROP_NAME = "category"
      ENTRY_KEY = "com.ibm.wsspi.artifact.ArtifactEntry"
      helperMap = class com.ibm.wsspi.kernel.service.utils.ConcurrentServiceReferenceSetMap@1a21e092
      contributorMap = class com.ibm.wsspi.kernel.service.utils.ConcurrentServiceReferenceSetMap@4acf1e69
      helperCategoryMap = class com.ibm.wsspi.kernel.service.utils.ConcurrentServiceReferenceSetMap@6820eb3d
      contributorCategoryMap = class com.ibm.wsspi.kernel.service.utils.ConcurrentServiceReferenceSetMap@742d0988
      categories = class java.util.Collections$SynchronizedSet@611d42ef
      baseProperties = class org.apache.felix.scr.impl.helper.ReadOnlyDictionary@531334f3
      serialVersionUID = -3101641399269402013
      $$$tc$$$ = class com.ibm.websphere.ras.TraceComponent@13403c78
    moduleFactory = class com.ibm.ws.adaptable.module.internal.AdaptableModuleFactoryImpl@6f2d4d25
      adapterFactoryService = class com.ibm.ws.adaptable.module.internal.AdapterFactoryServiceImpl@52979da4
      containerFactory = class com.ibm.ws.artifact.internal.ArtifactContainerFactoryService@25cced80
      overlayContainerFactory = class com.ibm.ws.artifact.overlay.internal.OverlayContainerFactoryImpl@79f7be13
      serialVersionUID = 4200251809856292987
      $$$tc$$$ = class com.ibm.websphere.ras.TraceComponent@5c8c4fb
    classesContainerInfo = class java.util.ArrayList@231591a3
      serialVersionUID = 8683452581122892189
      DEFAULT_CAPACITY = 10
      EMPTY_ELEMENTDATA = class java.lang.Object[0]
      DEFAULTCAPACITY_EMPTY_ELEMENTDATA = class java.lang.Object[0]
      elementData = class java.lang.Object[0]
      size = 0
      MAX_ARRAY_SIZE = 2147483639
      modCount = 0
      MAX_ARRAY_SIZE = 2147483639
    serialVersionUID = -9033256786848720484
    $$$tc$$$ = class com.ibm.websphere.ras.TraceComponent@747cecd0
      strings[0] = "TraceComponent[com.ibm.ws.app.manager.module.internal.DeployedAppInfoBase$SharedLibDeploymentInfo,class com.ibm.ws.app.manager.module.internal.DeployedAppInfoBase$SharedLibDeploymentInfo,[applications, app.manager],,null]"
  futureMonitor = class com.ibm.ws.threading.internal.FutureMonitorImpl@174b520b
    _monitor = class java.util.concurrent.ConcurrentLinkedQueue@53d14db1
      serialVersionUID = 196745693267521676
      head = class java.util.concurrent.ConcurrentLinkedQueue$Node@17f96964
      tail = class java.util.concurrent.ConcurrentLinkedQueue$Node@17f96964
      MAX_HOPS = 8
      HEAD = class java.lang.invoke.VarHandleObjects$FieldInstanceReadWrite@47bcfed0
      TAIL = class java.lang.invoke.VarHandleObjects$FieldInstanceReadWrite@17fc9b9f
      ITEM = class java.lang.invoke.VarHandleObjects$FieldInstanceReadWrite@13b9d9b9
      NEXT = class java.lang.invoke.VarHandleObjects$FieldInstanceReadWrite@2eb5b84e
      MAX_ARRAY_SIZE = 2147483639
    _executor = class com.ibm.ws.threading.internal.ScheduledExecutorImpl@513e5245
      threadGroupName = "Scheduled Executor Thread Group"
      executor = class com.ibm.ws.threading.internal.ExecutorServiceImpl@7293d49c
      serialVersionUID = -9110693807503469597
      $$$tc$$$ = class com.ibm.websphere.ras.TraceComponent@2067c441
      continueExistingPeriodicTasksAfterShutdown = false
      executeExistingDelayedTasksAfterShutdown = true
      removeOnCancel = false
      sequencer = class java.util.concurrent.atomic.AtomicLong@66e3e0a1
      DEFAULT_KEEPALIVE_MILLIS = 10
      ctl = class java.util.concurrent.atomic.AtomicInteger@62e8fc02
      COUNT_BITS = 29
      COUNT_MASK = 536870911
      RUNNING = -536870912
      SHUTDOWN = 0
      STOP = 536870912
      TIDYING = 1073741824
      TERMINATED = 1610612736
      workQueue = class java.util.concurrent.ScheduledThreadPoolExecutor$DelayedWorkQueue@2df56337
      mainLock = class java.util.concurrent.locks.ReentrantLock@63990e73
      workers = class java.util.HashSet@1a061c49
      termination = class java.util.concurrent.locks.AbstractQueuedSynchronizer$ConditionObject@3fabebe7
      largestPoolSize = 1
      completedTaskCount = 0
      threadFactory = class com.ibm.ws.threading.internal.ThreadFactoryImpl@39c1dbfe
      handler = class java.util.concurrent.ThreadPoolExecutor$AbortPolicy@1200b023
      keepAliveTime = 10000000
      allowCoreThreadTimeOut = false
      corePoolSize = 1
      maximumPoolSize = 2147483647
      defaultHandler = class java.util.concurrent.ThreadPoolExecutor$AbortPolicy@1200b023
      shutdownPerm = class java.lang.RuntimePermission@384e127e
      ONLY_ONE = true
      $assertionsDisabled = true
    _threadRunning = class java.util.concurrent.atomic.AtomicBoolean@724ecef
      serialVersionUID = 4654671469794556979
      VALUE = class java.lang.invoke.VarHandleInts$FieldInstanceReadWrite@58da3243
      value = 0
    _thread = class com.ibm.ws.threading.internal.FutureMonitorImpl$1@78a8d203
      this$0 = class com.ibm.ws.threading.internal.FutureMonitorImpl@174b520b
      serialVersionUID = 2422512430832938099
      $$$tc$$$ = class com.ibm.websphere.ras.TraceComponent@12412081
    serialVersionUID = 2765238413969174390
    $$$tc$$$ = class com.ibm.websphere.ras.TraceComponent@7f600e3f
      strings[0] = "TraceComponent[com.ibm.ws.threading.internal.FutureMonitorImpl,class com.ibm.ws.threading.internal.FutureMonitorImpl,[Threading],com.ibm.ws.threading.internal.resources.ThreadingMessages,null]"
  configAdmin = class com.ibm.ws.config.admin.internal.ConfigurationAdminImpl@3d6070ca
    tc = class com.ibm.websphere.ras.TraceComponent@52796b5d
      strings[0] = "TraceComponent[com.ibm.ws.config.admin.internal.ConfigurationAdminImpl,class com.ibm.ws.config.admin.internal.ConfigurationAdminImpl,[config],com.ibm.ws.config.internal.resources.ConfigMessages,null]"
    bundle = class org.eclipse.osgi.internal.framework.EquinoxBundle@5cafa22b
      equinoxContainer = class org.eclipse.osgi.internal.framework.EquinoxContainer@6f730c8d
      module = class org.eclipse.osgi.internal.framework.EquinoxBundle$EquinoxModule@501f6c25
      monitor = class java.lang.Object@226f1bcb
      context = class org.eclipse.osgi.internal.framework.BundleContextImpl@30949b8
      signerInfos = null
      $SWITCH_TABLE$org$eclipse$osgi$container$Module$State = {1,2,3,4,5,6,7} /* array length = 7 */
    caFactory = class com.ibm.ws.config.admin.internal.ConfigAdminServiceFactory@166ffbdb
      tc = class com.ibm.websphere.ras.TraceComponent@7e5fe24e
      configurationPermission = class org.osgi.service.cm.ConfigurationPermission@77927aa5
      INDEX_DICTIONARY = 0
      INDEX_LOCATION = 1
      INDEX_METATYPE_PROCESSED = 2
      INDEX_IN_OVERRIDES_FILE = 3
      INDEX_REFERENCES = 4
      INDEX_UNIQUES = 5
      bundleContext = class org.eclipse.osgi.internal.framework.BundleContextImpl@2e0476d7
      msTracker = class com.ibm.ws.config.admin.internal.ManagedServiceTracker@3ffdfd43
      msfTracker = class com.ibm.ws.config.admin.internal.ManagedServiceFactoryTracker@51c90bcf
      pluginManager = class com.ibm.ws.config.admin.internal.PluginManager@61f00370
      configurationStore = class com.ibm.ws.config.admin.internal.ConfigurationStore@5531ab9
      updateQueue = class com.ibm.ws.config.admin.internal.UpdateQueue@5514f8b5
      ced = class com.ibm.ws.config.admin.internal.ConfigEventDispatcher@4c1a06ab
      idMap = class java.util.Collections$SynchronizedMap@2d1067db
      referenceMap = class java.util.Collections$SynchronizedMap@308b2612
      variableRegistryTracker = class org.osgi.util.tracker.ServiceTracker@4228b1e6
      variableRegistry = class com.ibm.ws.kernel.service.location.internal.VariableRegistryHelper@5e9bd856
      configurationAdminRef = class org.eclipse.osgi.internal.serviceregistry.ServiceRegistrationImpl@6469ce3
      serialVersionUID = 6695202270027014725
    serialVersionUID = 3160799878770679122
  libraryConfigHelper = class com.ibm.ws.classloading.ClassLoaderConfigHelper@6950ef9d
    tc = class com.ibm.websphere.ras.TraceComponent@2b91d1d5
      strings[0] = "TraceComponent[com.ibm.ws.classloading.ClassLoaderConfigHelper,class com.ibm.ws.classloading.ClassLoaderConfigHelper,[ClassLoadingService],com.ibm.ws.classloading.internal.resources.ClassLoadingServiceMessages,null]"
    DEFAULT_API_TYPES = class java.util.RegularEnumSet@7ec7629c
      serialVersionUID = 3411599620347842686
      elements = 23
      elementType = class java.lang.Class@65378040
      universe = class com.ibm.wsspi.classloading.ApiType[5]
      MAX_ARRAY_SIZE = 2147483639
    sharedLibraries = class java.util.Collections$EmptyList@4650bb95
      serialVersionUID = 8842843931221139166
      modCount = 0
      MAX_ARRAY_SIZE = 2147483639
    commonLibraries = class java.util.Collections$EmptyList@4650bb95
    classProviders = class java.util.Collections$EmptyList@4650bb95
    sharedLibrariesPids = null
    commonLibrariesPids = null
    isDelegateLast = false
    apiTypes = class java.util.RegularEnumSet@7ec7629c
    classLoaderConfigProps = null
    serialVersionUID = 7643888529935916418
  isDelegateLast = false
  permissionManager = class com.ibm.ws.classloading.java2sec.PermissionManager@7af7e7c1
    tc = class com.ibm.websphere.ras.TraceComponent@5cd6f3fc
      strings[0] = "TraceComponent[com.ibm.ws.classloading.java2sec.PermissionManager,class com.ibm.ws.classloading.java2sec.PermissionManager,[Java2SecurityUtil],com.ibm.ws.classloading.internal.resources.Java2SecurityUtilMessages,null]"
    classLoadingService = class com.ibm.ws.classloading.internal.ClassLoadingServiceImpl@5785bd33
    DEFAULT_SERVER_RESTRICTABLE_PERMISSIONS = class java.security.Permission[4]
      Permission[0] = class java.lang.RuntimePermission@3d052e7
      Permission[1] = class java.lang.RuntimePermission@202c61b0
      Permission[2] = class java.security.SecurityPermission@4308fe93
      Permission[3] = class javax.security.auth.AuthPermission@22b088bf
    DEFAULT_CLIENT_RESTRICTABLE_PERMISSIONS = class java.security.Permission[3]
      Permission[0] = class java.lang.RuntimePermission@4cdc7335
      Permission[1] = class java.security.SecurityPermission@357ad3f7
      Permission[2] = class javax.security.auth.AuthPermission@6cf10360
    isServer = true
    wsjarUrlStreamHandlerAvailable = true
    restrictablePermissions = class java.util.ArrayList@180bde27
      serialVersionUID = 8683452581122892189
      DEFAULT_CAPACITY = 10
      EMPTY_ELEMENTDATA = class java.lang.Object[0]
      DEFAULTCAPACITY_EMPTY_ELEMENTDATA = class java.lang.Object[0]
      elementData = class java.lang.Object[10]
      size = 4
      MAX_ARRAY_SIZE = 2147483639
      modCount = 4
      MAX_ARRAY_SIZE = 2147483639
    grantedPermissions = class java.util.ArrayList@25a378b1
      serialVersionUID = 8683452581122892189
      DEFAULT_CAPACITY = 10
      EMPTY_ELEMENTDATA = class java.lang.Object[0]
      DEFAULTCAPACITY_EMPTY_ELEMENTDATA = class java.lang.Object[0]
      elementData = class java.lang.Object[10]
      size = 1
      MAX_ARRAY_SIZE = 2147483639
      modCount = 1
      MAX_ARRAY_SIZE = 2147483639
    KEY_PERMISSION = "permission"
    INCORRECT_PERMISSION_CONFIGURATION = "INCORRECT_PERMISSION_CONFIGURATION"
    PERMISSION_CLASSNOTFOUND = "PERMISSION_CLASSNOTFOUND"
    SERVER_XML = "server.xml"
    CLIENT_XML = "client.xml"
    originationFile = "server.xml"
    permissions = class com.ibm.wsspi.kernel.service.utils.ConcurrentServiceReferenceSet@155e932a
      referenceName = "permission"
      contextRef = class java.util.concurrent.atomic.AtomicReference@40e590a3
      elementMap = class java.util.LinkedHashMap@3d4e821f
      elementSet = class java.util.concurrent.ConcurrentSkipListSet@425a9a6d
      elementSetUnsorted = false
      serialVersionUID = 756240983881166148
      $$$tc$$$ = class com.ibm.websphere.ras.TraceComponent@1baf0bd
    codeBasePermissionMap = class java.util.HashMap@5b7113f4
      serialVersionUID = 362498820763181265
      DEFAULT_INITIAL_CAPACITY = 16
      MAXIMUM_CAPACITY = 1073741824
      DEFAULT_LOAD_FACTOR = 0.75
      TREEIFY_THRESHOLD = 8
      UNTREEIFY_THRESHOLD = 6
      MIN_TREEIFY_CAPACITY = 64
      table = null
      entrySet = null
      size = 0
      modCount = 0
      threshold = 0
      loadFactor = 0.75
      keySet = class java.util.HashMap$KeySet@15022c8b
      values = null
    permissionXMLPermissionMap = class java.util.HashMap@1dcd045b
      serialVersionUID = 362498820763181265
      DEFAULT_INITIAL_CAPACITY = 16
      MAXIMUM_CAPACITY = 1073741824
      DEFAULT_LOAD_FACTOR = 0.75
      TREEIFY_THRESHOLD = 8
      UNTREEIFY_THRESHOLD = 6
      MIN_TREEIFY_CAPACITY = 64
      table = null
      entrySet = null
      size = 0
      modCount = 0
      threshold = 0
      loadFactor = 0.75
      keySet = null
      values = null
    serialVersionUID = -5043611968709568417
  permissionsConfig = null
  serialVersionUID = 5168023053972273360
  appInfo = class com.ibm.ws.container.service.app.deploy.internal.ApplicationInfoImpl@5d7d94e5
    appName = "RegistrationAppWeb"
    appMetaData = class com.ibm.ws.container.service.app.deploy.internal.ApplicationMetaDataImpl@2b2068cf
      j2eeName = class com.ibm.ws.container.service.metadata.internal.J2EENameImpl@6dc94d83
      serialVersionUID = -7906531148367236579
      $$$tc$$$ = class com.ibm.websphere.ras.TraceComponent@1ac276cb
      tc = class com.ibm.websphere.ras.TraceComponent@4984938f
      NUM_STATIC_SLOTS = 4
      ID_UNINITIALIZED = -1
      id = 0
      metaDataInterface = class java.lang.Class@26feabb8
      staticSlots = class java.lang.Object[4]
      dynamicSlots = class java.lang.Object[4]
    appContainer = class com.ibm.ws.adaptable.module.internal.AdaptableContainerImpl@4b05adf3
    configHelper = class com.ibm.ws.app.manager.module.ApplicationNestedConfigHelper@62847a70
      appInfo = class com.ibm.ws.app.manager.internal.ApplicationInstallInfo@51e3dbc1
      serialVersionUID = -3174031738676705046
      $$$tc$$$ = class com.ibm.websphere.ras.TraceComponent@14f87a98
    applicationInformation = class com.ibm.ws.app.manager.internal.ApplicationInstallInfo@51e3dbc1
    serialVersionUID = -505303337196743781
    $$$tc$$$ = class com.ibm.websphere.ras.TraceComponent@2f06df81
      strings[0] = "TraceComponent[com.ibm.ws.container.service.app.deploy.internal.ApplicationInfoImpl,class com.ibm.ws.container.service.app.deploy.internal.ApplicationInfoImpl,[container.service],com.ibm.ws.container.service.resources.Messages,null]"
  modulesDeployed = class java.util.ArrayList@25e0529f
    serialVersionUID = 8683452581122892189
    DEFAULT_CAPACITY = 10
    EMPTY_ELEMENTDATA = class java.lang.Object[0]
    DEFAULTCAPACITY_EMPTY_ELEMENTDATA = class java.lang.Object[0]
    elementData = class java.lang.Object[10]
      Object[0] = class com.ibm.ws.app.manager.module.internal.DeployedModuleInfoImpl@5d5c5a96
      Object[1] = null
      Object[2] = null
      Object[3] = null
      Object[4] = null
      Object[5] = null
      Object[6] = null
      Object[7] = null
      Object[8] = null
      Object[9] = null
    size = 1
    MAX_ARRAY_SIZE = 2147483639
    modCount = 1
    MAX_ARRAY_SIZE = 2147483639
  starting = true
  started = false
  appInfoFactory = class com.ibm.ws.container.service.app.deploy.internal.ApplicationInfoFactoryImpl@2ed876b5
    j2eeNameFactory = class com.ibm.wsspi.kernel.service.utils.AtomicServiceReference@2f8821a7
      referenceName = "j2eeNameFactory"
      tuple = class java.util.concurrent.atomic.AtomicReference@70657ed8
      serialVersionUID = 2226592364007985000
      $$$tc$$$ = class com.ibm.websphere.ras.TraceComponent@2111000a
    names = class java.util.HashSet@7f1bea7a
      serialVersionUID = -5024744406713321676
      map = class java.util.HashMap@50b5ac6c
      PRESENT = class java.lang.Object@678f3688
      MAX_ARRAY_SIZE = 2147483639
    serialVersionUID = 7443990212682384945
    $$$tc$$$ = class com.ibm.websphere.ras.TraceComponent@3b0ea676
      strings[0] = "TraceComponent[com.ibm.ws.container.service.app.deploy.internal.ApplicationInfoFactoryImpl,class com.ibm.ws.container.service.app.deploy.internal.ApplicationInfoFactoryImpl,[container.service],com.ibm.ws.container.service.resources.Messages,null]"
  metaDataService = class com.ibm.ws.container.service.metadata.internal.MetaDataServiceImpl@5060c40d
    applicationMetaDataManager = class com.ibm.ws.container.service.metadata.internal.ApplicationMetaDataManager@3a0db487
      serialVersionUID = 1843747281024490904
      $$$tc$$$ = class com.ibm.websphere.ras.TraceComponent@2bc6af0f
      listeners = class com.ibm.wsspi.kernel.service.utils.ConcurrentServiceReferenceSet@7b5b250f
      metaDataIDs = class com.ibm.ws.container.service.metadata.internal.IndexList@508e0005
      metaDatas = class java.util.ArrayList@a65f89c
      slotIDs = class com.ibm.ws.container.service.metadata.internal.IndexList@e07eb2f
      serialVersionUID = 5464421863354792977
      $$$tc$$$ = class com.ibm.websphere.ras.TraceComponent@33b99f87
    moduleMetaDataManager = class com.ibm.ws.container.service.metadata.internal.ModuleMetaDataManager@79423c40
      serialVersionUID = 2513574389899327209
      $$$tc$$$ = class com.ibm.websphere.ras.TraceComponent@1e63a257
      listeners = class com.ibm.wsspi.kernel.service.utils.ConcurrentServiceReferenceSet@2376a164
      metaDataIDs = class com.ibm.ws.container.service.metadata.internal.IndexList@6014755b
      metaDatas = class java.util.ArrayList@646cf3ac
      slotIDs = class com.ibm.ws.container.service.metadata.internal.IndexList@423f7aee
      serialVersionUID = 5464421863354792977
      $$$tc$$$ = class com.ibm.websphere.ras.TraceComponent@33b99f87
    componentMetaDataManager = class com.ibm.ws.container.service.metadata.internal.ComponentMetaDataManager@17a9afd6
      serialVersionUID = 8629793739641703882
      $$$tc$$$ = class com.ibm.websphere.ras.TraceComponent@3daef57
      listeners = class com.ibm.wsspi.kernel.service.utils.ConcurrentServiceReferenceSet@695a21b8
      metaDataIDs = class com.ibm.ws.container.service.metadata.internal.IndexList@204d18f6
      metaDatas = class java.util.ArrayList@36d27760
      slotIDs = class com.ibm.ws.container.service.metadata.internal.IndexList@57eef92
      serialVersionUID = 5464421863354792977
      $$$tc$$$ = class com.ibm.websphere.ras.TraceComponent@33b99f87
    methodMetaDataManager = class com.ibm.ws.container.service.metadata.internal.MethodMetaDataManager@3741df63
      serialVersionUID = -3308748211841563417
      $$$tc$$$ = class com.ibm.websphere.ras.TraceComponent@6653fefe
      listeners = class com.ibm.wsspi.kernel.service.utils.ConcurrentServiceReferenceSet@4db81505
      metaDataIDs = class com.ibm.ws.container.service.metadata.internal.IndexList@30739598
      metaDatas = class java.util.ArrayList@fc4e1ea
      slotIDs = class com.ibm.ws.container.service.metadata.internal.IndexList@33dfc19e
      serialVersionUID = 5464421863354792977
      $$$tc$$$ = class com.ibm.websphere.ras.TraceComponent@33b99f87
    appModuleNameToModuleContainer = class java.util.concurrent.ConcurrentHashMap@603fec80
      serialVersionUID = 7249069246763182397
      MAXIMUM_CAPACITY = 1073741824
      DEFAULT_CAPACITY = 16
      MAX_ARRAY_SIZE = 2147483639
      DEFAULT_CONCURRENCY_LEVEL = 16
      LOAD_FACTOR = 0.75
      TREEIFY_THRESHOLD = 8
      UNTREEIFY_THRESHOLD = 6
      MIN_TREEIFY_CAPACITY = 64
      MIN_TRANSFER_STRIDE = 16
      RESIZE_STAMP_BITS = 16
      MAX_RESIZERS = 65535
      RESIZE_STAMP_SHIFT = 16
      MOVED = -1
      TREEBIN = -2
      RESERVED = -3
      HASH_BITS = 2147483647
      NCPU = 12
      serialPersistentFields = class java.io.ObjectStreamField[3]
      table = null
      nextTable = null
      baseCount = 0
      sizeCtl = 0
      transferIndex = 0
      cellsBusy = 0
      counterCells = null
      keySet = null
      values = null
      entrySet = null
      U = class jdk.internal.misc.Unsafe@77a26b35
      SIZECTL = 20
      TRANSFERINDEX = 32
      BASECOUNT = 24
      CELLSBUSY = 36
      CELLVALUE = 144
      ABASE = 16
      ASHIFT = 2
      keySet = null
      values = null
    jeeNameToComponentMetaData = class java.util.concurrent.ConcurrentHashMap@8f77cfb
      serialVersionUID = 7249069246763182397
      MAXIMUM_CAPACITY = 1073741824
      DEFAULT_CAPACITY = 16
      MAX_ARRAY_SIZE = 2147483639
      DEFAULT_CONCURRENCY_LEVEL = 16
      LOAD_FACTOR = 0.75
      TREEIFY_THRESHOLD = 8
      UNTREEIFY_THRESHOLD = 6
      MIN_TREEIFY_CAPACITY = 64
      MIN_TRANSFER_STRIDE = 16
      RESIZE_STAMP_BITS = 16
      MAX_RESIZERS = 65535
      RESIZE_STAMP_SHIFT = 16
      MOVED = -1
      TREEBIN = -2
      RESERVED = -3
      HASH_BITS = 2147483647
      NCPU = 12
      serialPersistentFields = class java.io.ObjectStreamField[3]
      table = null
      nextTable = null
      baseCount = 0
      sizeCtl = 0
      transferIndex = 0
      cellsBusy = 0
      counterCells = null
      keySet = null
      values = null
      entrySet = null
      U = class jdk.internal.misc.Unsafe@77a26b35
      SIZECTL = 20
      TRANSFERINDEX = 32
      BASECOUNT = 24
      CELLSBUSY = 36
      CELLVALUE = 144
      ABASE = 16
      ASHIFT = 2
      keySet = null
      values = null
    deferredMetaDataFactories = class com.ibm.wsspi.kernel.service.utils.ConcurrentServiceReferenceSet@527ab52c
      referenceName = "deferredMetaDataFactory"
      contextRef = class java.util.concurrent.atomic.AtomicReference@7c908232
      elementMap = class java.util.LinkedHashMap@26ace65b
      elementSet = class java.util.concurrent.ConcurrentSkipListSet@669a0a71
      elementSetUnsorted = false
      serialVersionUID = 756240983881166148
      $$$tc$$$ = class com.ibm.websphere.ras.TraceComponent@1baf0bd
    deferredMetaDataInitializers = class com.ibm.wsspi.kernel.service.utils.ConcurrentServiceReferenceMap@6b79c2c7
      referenceName = "deferredMetaDataFactory"
      context = class org.apache.felix.scr.impl.manager.ComponentContextImpl@34169386
      elementMap = class java.util.concurrent.ConcurrentHashMap@6706a7a3
      serialVersionUID = 6980924785166233786
      $$$tc$$$ = class com.ibm.websphere.ras.TraceComponent@3b05eee8
    serialVersionUID = -2494605732980966097
    $$$tc$$$ = class com.ibm.websphere.ras.TraceComponent@696e313e
      strings[0] = "TraceComponent[com.ibm.ws.container.service.metadata.internal.MetaDataServiceImpl,class com.ibm.ws.container.service.metadata.internal.MetaDataServiceImpl,[Runtime],,null]"
  stateChangeService = class com.ibm.ws.container.service.state.internal.StateChangeServiceImpl@2afc6231
    applicationStateManager = class com.ibm.ws.container.service.state.internal.ApplicationStateManager@385e157a
      serialVersionUID = -6685368059484454124
      $$$tc$$$ = class com.ibm.websphere.ras.TraceComponent@14209abb
      listeners = class com.ibm.wsspi.kernel.service.utils.ConcurrentServiceReferenceSet@3007093e
      serialVersionUID = 2284273176985484160
      $$$tc$$$ = class com.ibm.websphere.ras.TraceComponent@149a258a
    moduleStateManager = class com.ibm.ws.container.service.state.internal.ModuleStateManager@74bd68c4
      serialVersionUID = -5540260902341249963
      $$$tc$$$ = class com.ibm.websphere.ras.TraceComponent@2aaffddb
      listeners = class com.ibm.wsspi.kernel.service.utils.ConcurrentServiceReferenceSet@556d939
      serialVersionUID = 2284273176985484160
      $$$tc$$$ = class com.ibm.websphere.ras.TraceComponent@149a258a
    serialVersionUID = -537917915330350560
    $$$tc$$$ = class com.ibm.websphere.ras.TraceComponent@138444cf
      strings[0] = "TraceComponent[com.ibm.ws.container.service.state.internal.StateChangeServiceImpl,class com.ibm.ws.container.service.state.internal.StateChangeServiceImpl,[Runtime],,null]"
  moduleClassesInfo = class com.ibm.ws.app.manager.module.internal.SimpleDeployedAppInfoBase$ModuleClassesInfoProvider@4bb45c5e
    entryContainerInfosMap = class java.util.HashMap@ea0521
      serialVersionUID = 362498820763181265
      DEFAULT_INITIAL_CAPACITY = 16
      MAXIMUM_CAPACITY = 1073741824
      DEFAULT_LOAD_FACTOR = 0.75
      TREEIFY_THRESHOLD = 8
      UNTREEIFY_THRESHOLD = 6
      MIN_TREEIFY_CAPACITY = 64
      table = null
      entrySet = null
      size = 0
      modCount = 0
      threshold = 0
      loadFactor = 0.75
      keySet = null
      values = null
    serialVersionUID = -70332790531324534
    $$$tc$$$ = class com.ibm.websphere.ras.TraceComponent@3d842138
      strings[0] = "TraceComponent[com.ibm.ws.app.manager.module.internal.SimpleDeployedAppInfoBase$ModuleClassesInfoProvider,class com.ibm.ws.app.manager.module.internal.SimpleDeployedAppInfoBase$ModuleClassesInfoProvider,[applications, app.manager],,null]"
  moduleContainerInfos = class java.util.ArrayList@5a632652
    serialVersionUID = 8683452581122892189
    DEFAULT_CAPACITY = 10
    EMPTY_ELEMENTDATA = class java.lang.Object[0]
    DEFAULTCAPACITY_EMPTY_ELEMENTDATA = class java.lang.Object[0]
    elementData = class java.lang.Object[10]
      Object[0] = class com.ibm.ws.app.manager.module.internal.SimpleDeployedAppInfoBase$WebModuleContainerInfo@10a8bd70
      Object[1] = null
      Object[2] = null
      Object[3] = null
      Object[4] = null
      Object[5] = null
      Object[6] = null
      Object[7] = null
      Object[8] = null
      Object[9] = null
    size = 1
    MAX_ARRAY_SIZE = 2147483639
    modCount = 1
    MAX_ARRAY_SIZE = 2147483639
  activeModuleHandlers = class java.util.IdentityHashMap@34a11684
    DEFAULT_CAPACITY = 32
    MINIMUM_CAPACITY = 4
    MAXIMUM_CAPACITY = 536870912
    table = class java.lang.Object[16]
      Object[0] = null
      Object[1] = null
      Object[2] = null
      Object[3] = null
      Object[4] = null
      Object[5] = null
      Object[6] = null
      Object[7] = null
      Object[8] = null
      Object[9] = null
      Object[10] = null
      Object[11] = null
      Object[12] = null
      Object[13] = null
      Object[14] = null
      Object[15] = null
    size = 0
    modCount = 2
    NULL_KEY = class java.lang.Object@9662938
    entrySet = null
    serialVersionUID = 8188218128353913216
    keySet = null
    values = null
  serialVersionUID = 7078125893012250887
  $$$tc$$$ = class com.ibm.websphere.ras.TraceComponent@2c11d9d8
    strings[0] = "TraceComponent[com.ibm.ws.app.manager.module.internal.SimpleDeployedAppInfoBase,class com.ibm.ws.app.manager.module.internal.SimpleDeployedAppInfoBase,[applications, app.manager],,null]"

Dump of objectArray[0]
Object type = com.ibm.ws.threading.internal.NonCancelableResultFuture
  _done = false
  _result = null
  _failure = null
  _listeners = class java.util.concurrent.ConcurrentLinkedQueue@5671bd7f
    serialVersionUID = 196745693267521676
    head = class java.util.concurrent.ConcurrentLinkedQueue$Node@73730af1
      item = null
      next = null
    tail = class java.util.concurrent.ConcurrentLinkedQueue$Node@73730af1
    MAX_HOPS = 8
    HEAD = class java.lang.invoke.VarHandleObjects$FieldInstanceReadWrite@47bcfed0
      FORM = class java.lang.invoke.VarForm@5605ccd8
      fieldOffset = 12
      receiverType = class java.lang.Class@57e1b0c
      fieldType = class java.lang.Class@4232c52b
      FORM = class java.lang.invoke.VarForm@50091574
      vform = class java.lang.invoke.VarForm@5605ccd8
      typesAndInvokers = null
      AIOOBE_SUPPLIER = class jdk.internal.util.Preconditions$1@33a5837a
      VFORM_OFFSET = 12
      $assertionsDisabled = true
    TAIL = class java.lang.invoke.VarHandleObjects$FieldInstanceReadWrite@17fc9b9f
      FORM = class java.lang.invoke.VarForm@5605ccd8
      fieldOffset = 16
      receiverType = class java.lang.Class@57e1b0c
      fieldType = class java.lang.Class@4232c52b
      FORM = class java.lang.invoke.VarForm@50091574
      vform = class java.lang.invoke.VarForm@5605ccd8
      typesAndInvokers = null
      AIOOBE_SUPPLIER = class jdk.internal.util.Preconditions$1@33a5837a
      VFORM_OFFSET = 12
      $assertionsDisabled = true
    ITEM = class java.lang.invoke.VarHandleObjects$FieldInstanceReadWrite@13b9d9b9
      FORM = class java.lang.invoke.VarForm@5605ccd8
      fieldOffset = 12
      receiverType = class java.lang.Class@4232c52b
      fieldType = class java.lang.Class@55054057
      FORM = class java.lang.invoke.VarForm@50091574
      vform = class java.lang.invoke.VarForm@5605ccd8
      typesAndInvokers = null
      AIOOBE_SUPPLIER = class jdk.internal.util.Preconditions$1@33a5837a
      VFORM_OFFSET = 12
      $assertionsDisabled = true
    NEXT = class java.lang.invoke.VarHandleObjects$FieldInstanceReadWrite@2eb5b84e
      FORM = class java.lang.invoke.VarForm@5605ccd8
      fieldOffset = 16
      receiverType = class java.lang.Class@4232c52b
      fieldType = class java.lang.Class@4232c52b
      FORM = class java.lang.invoke.VarForm@50091574
      vform = class java.lang.invoke.VarForm@5605ccd8
      typesAndInvokers = null
      AIOOBE_SUPPLIER = class jdk.internal.util.Preconditions$1@33a5837a
      VFORM_OFFSET = 12
      $assertionsDisabled = true
    MAX_ARRAY_SIZE = 2147483639
  _notifiedListeners = class java.util.concurrent.atomic.AtomicBoolean@2ebfae15
    serialVersionUID = 4654671469794556979
    VALUE = class java.lang.invoke.VarHandleInts$FieldInstanceReadWrite@58da3243
      FORM = class java.lang.invoke.VarForm@55b35e44
      fieldOffset = 12
      receiverType = class java.lang.Class@4b6995df
      FORM = class java.lang.invoke.VarForm@e79eccb
      vform = class java.lang.invoke.VarForm@55b35e44
      typesAndInvokers = null
      AIOOBE_SUPPLIER = class jdk.internal.util.Preconditions$1@33a5837a
      VFORM_OFFSET = 12
      $assertionsDisabled = true
    value = 0
  serialVersionUID = -296387658814354272
  $$$tc$$$ = class com.ibm.websphere.ras.TraceComponent@3c9e4417
    strings[0] = "TraceComponent[com.ibm.ws.threading.internal.NonCancelableResultFuture,class com.ibm.ws.threading.internal.NonCancelableResultFuture,[Threading],com.ibm.ws.threading.internal.resources.ThreadingMessages,null]"

