------Start of DE processing------ = [18/12/18 22:38:20:311 CET]
Exception = com.ibm.wsspi.adaptable.module.UnableToAdaptException
Source = com.ibm.ws.app.manager.war.internal.WARApplicationHandlerImpl
probeid = 50
Stack Dump = com.ibm.wsspi.adaptable.module.UnableToAdaptException: com.ibm.ws.javaee.ddmodel.DDParser$ParseException: CWWKC2272E: An error occurred while parsing the /WEB-INF/web.xml deployment descriptor on line 8. The error message was: ParseError at [row,col]:[8,174]
Message: http://www.w3.org/TR/1999/REC-xml-names-19990114#AttributePrefixUnbound?web-app&xsi:schemaLocation&xsi
	at com.ibm.ws.javaee.ddmodel.web.WebAppEntryAdapter.adapt(WebAppEntryAdapter.java:61)
	at com.ibm.ws.javaee.ddmodel.web.WebAppEntryAdapter.adapt(WebAppEntryAdapter.java:26)
	at com.ibm.ws.adaptable.module.internal.AdapterFactoryServiceImpl.adapt(AdapterFactoryServiceImpl.java:227)
	at com.ibm.ws.adaptable.module.internal.AdaptableEntryImpl.adapt(AdaptableEntryImpl.java:121)
	at com.ibm.ws.javaee.ddmodel.web.WebAppAdapter.adapt(WebAppAdapter.java:38)
	at com.ibm.ws.javaee.ddmodel.web.WebAppAdapter.adapt(WebAppAdapter.java:24)
	at com.ibm.ws.adaptable.module.internal.AdapterFactoryServiceImpl.adapt(AdapterFactoryServiceImpl.java:196)
	at com.ibm.ws.adaptable.module.internal.AdaptableContainerImpl.adapt(AdaptableContainerImpl.java:170)
	at com.ibm.ws.app.manager.module.internal.SimpleDeployedAppInfoBase$ModuleContainerInfoBase.<init>(SimpleDeployedAppInfoBase.java:153)
	at com.ibm.ws.app.manager.module.internal.SimpleDeployedAppInfoBase$WebModuleContainerInfo.<init>(SimpleDeployedAppInfoBase.java:320)
	at com.ibm.ws.app.manager.war.internal.WARDeployedAppInfo.<init>(WARDeployedAppInfo.java:64)
	at com.ibm.ws.app.manager.war.internal.WARDeployedAppInfoFactoryImpl.createDeployedAppInfo(WARDeployedAppInfoFactoryImpl.java:118)
	at com.ibm.ws.app.manager.war.internal.WARDeployedAppInfoFactoryImpl.createDeployedAppInfo(WARDeployedAppInfoFactoryImpl.java:33)
	at com.ibm.ws.app.manager.war.internal.WARApplicationHandlerImpl.setUpApplicationMonitoring(WARApplicationHandlerImpl.java:49)
	at com.ibm.ws.app.manager.internal.statemachine.StartAction.execute(StartAction.java:136)
	at com.ibm.ws.app.manager.internal.statemachine.ApplicationStateMachineImpl.enterState(ApplicationStateMachineImpl.java:1258)
	at com.ibm.ws.app.manager.internal.statemachine.ApplicationStateMachineImpl.performAction(ApplicationStateMachineImpl.java:1138)
	at com.ibm.ws.app.manager.internal.statemachine.ApplicationStateMachineImpl.run(ApplicationStateMachineImpl.java:881)
	at com.ibm.ws.threading.internal.ExecutorServiceImpl$RunnableWrapper.run(ExecutorServiceImpl.java:232)
	at java.base/java.util.concurrent.ThreadPoolExecutor.runWorker(ThreadPoolExecutor.java:1128)
	at java.base/java.util.concurrent.ThreadPoolExecutor$Worker.run(ThreadPoolExecutor.java:628)
	at java.base/java.lang.Thread.run(Thread.java:834)
Caused by: com.ibm.ws.javaee.ddmodel.DDParser$ParseException: CWWKC2272E: An error occurred while parsing the /WEB-INF/web.xml deployment descriptor on line 8. The error message was: ParseError at [row,col]:[8,174]
Message: http://www.w3.org/TR/1999/REC-xml-names-19990114#AttributePrefixUnbound?web-app&xsi:schemaLocation&xsi
	at com.ibm.ws.javaee.ddmodel.DDParser.parseToRootElement(DDParser.java:418)
	at com.ibm.ws.javaee.ddmodel.DDParser.parseRootElement(DDParser.java:572)
	at com.ibm.ws.javaee.ddmodel.web.WebAppDDParser.parse(WebAppDDParser.java:32)
	at com.ibm.ws.javaee.ddmodel.web.WebAppEntryAdapter.adapt(WebAppEntryAdapter.java:59)
	... 21 more
Caused by: javax.xml.stream.XMLStreamException: ParseError at [row,col]:[8,174]
Message: http://www.w3.org/TR/1999/REC-xml-names-19990114#AttributePrefixUnbound?web-app&xsi:schemaLocation&xsi
	at java.xml/com.sun.org.apache.xerces.internal.impl.XMLStreamReaderImpl.next(XMLStreamReaderImpl.java:652)
	at com.ibm.ws.javaee.ddmodel.DDParser.parseToRootElement(DDParser.java:415)
	... 24 more

Dump of callerThis
Object type = com.ibm.ws.app.manager.war.internal.WARApplicationHandlerImpl
  futureMonitor = class com.ibm.ws.threading.internal.FutureMonitorImpl@6d68948c
    _monitor = class java.util.concurrent.ConcurrentLinkedQueue@68bcb2d2
      serialVersionUID = 196745693267521676
      head = class java.util.concurrent.ConcurrentLinkedQueue$Node@52834ed0
      tail = class java.util.concurrent.ConcurrentLinkedQueue$Node@52834ed0
      MAX_HOPS = 8
      HEAD = class java.lang.invoke.VarHandleObjects$FieldInstanceReadWrite@369a2569
      TAIL = class java.lang.invoke.VarHandleObjects$FieldInstanceReadWrite@2ec392f6
      ITEM = class java.lang.invoke.VarHandleObjects$FieldInstanceReadWrite@51ef5b87
      NEXT = class java.lang.invoke.VarHandleObjects$FieldInstanceReadWrite@617d4dc7
      MAX_ARRAY_SIZE = 2147483639
    _executor = class com.ibm.ws.threading.internal.ScheduledExecutorImpl@6cbb6db2
      threadGroupName = "Scheduled Executor Thread Group"
      executor = class com.ibm.ws.threading.internal.ExecutorServiceImpl@12f9f40f
      serialVersionUID = -9110693807503469597
      $$$tc$$$ = class com.ibm.websphere.ras.TraceComponent@51c991c7
      continueExistingPeriodicTasksAfterShutdown = false
      executeExistingDelayedTasksAfterShutdown = true
      removeOnCancel = false
      sequencer = class java.util.concurrent.atomic.AtomicLong@4661d2be
      DEFAULT_KEEPALIVE_MILLIS = 10
      ctl = class java.util.concurrent.atomic.AtomicInteger@483162eb
      COUNT_BITS = 29
      COUNT_MASK = 536870911
      RUNNING = -536870912
      SHUTDOWN = 0
      STOP = 536870912
      TIDYING = 1073741824
      TERMINATED = 1610612736
      workQueue = class java.util.concurrent.ScheduledThreadPoolExecutor$DelayedWorkQueue@7c36967b
      mainLock = class java.util.concurrent.locks.ReentrantLock@44403b75
      workers = class java.util.HashSet@c7ce561
      termination = class java.util.concurrent.locks.AbstractQueuedSynchronizer$ConditionObject@4f19e83f
      largestPoolSize = 1
      completedTaskCount = 0
      threadFactory = class com.ibm.ws.threading.internal.ThreadFactoryImpl@420a22f5
      handler = class java.util.concurrent.ThreadPoolExecutor$AbortPolicy@29368038
      keepAliveTime = 10000000
      allowCoreThreadTimeOut = false
      corePoolSize = 1
      maximumPoolSize = 2147483647
      defaultHandler = class java.util.concurrent.ThreadPoolExecutor$AbortPolicy@29368038
      shutdownPerm = class java.lang.RuntimePermission@296edd31
      ONLY_ONE = true
      $assertionsDisabled = true
    _threadRunning = class java.util.concurrent.atomic.AtomicBoolean@591ac410
      serialVersionUID = 4654671469794556979
      VALUE = class java.lang.invoke.VarHandleInts$FieldInstanceReadWrite@f4bb987
      value = 0
    _thread = class com.ibm.ws.threading.internal.FutureMonitorImpl$1@7aeb24cc
      this$0 = class com.ibm.ws.threading.internal.FutureMonitorImpl@6d68948c
      serialVersionUID = 2422512430832938099
      $$$tc$$$ = class com.ibm.websphere.ras.TraceComponent@1f2e4403
    serialVersionUID = 2765238413969174390
    $$$tc$$$ = class com.ibm.websphere.ras.TraceComponent@298b110c
      strings[0] = "TraceComponent[com.ibm.ws.threading.internal.FutureMonitorImpl,class com.ibm.ws.threading.internal.FutureMonitorImpl,[Threading],com.ibm.ws.threading.internal.resources.ThreadingMessages,null]"
  deployedAppFactory = class com.ibm.ws.app.manager.war.internal.WARDeployedAppInfoFactoryImpl@1c90c792
    tc = class com.ibm.websphere.ras.TraceComponent@6cbfe232
      strings[0] = "TraceComponent[com.ibm.ws.app.manager.war.internal.WARDeployedAppInfoFactoryImpl,class com.ibm.ws.app.manager.war.internal.WARDeployedAppInfoFactoryImpl,[webcontainer, applications, app.manager],com.ibm.ws.app.manager.war.internal.resources.Messages,null]"
    webModuleHandler = class com.ibm.ws.app.manager.web.internal.WebModuleHandlerImpl@65b1f928
      serialVersionUID = 4795602325763828210
      $$$tc$$$ = class com.ibm.websphere.ras.TraceComponent@4d03ebe9
      futureMonitor = class com.ibm.ws.threading.internal.FutureMonitorImpl@6d68948c
      metaDataService = class com.ibm.ws.container.service.metadata.internal.MetaDataServiceImpl@447a5052
      stateChangeService = class com.ibm.ws.container.service.state.internal.StateChangeServiceImpl@4b891c98
      moduleRuntimeContainer = class com.ibm.ws.webcontainer.osgi.WebContainer@3f83f8c1
      firstFailure = null
      serialVersionUID = -4563697739413190872
      $$$tc$$$ = class com.ibm.websphere.ras.TraceComponent@2eec13c8
    applicationManager = class com.ibm.ws.app.manager.ApplicationManager@1a97b558
      expandApps = true
      useJandex = false
      startTimeout = 30
      stopTimeout = 30
      serialVersionUID = -5714171545272003139
      $$$tc$$$ = class com.ibm.websphere.ras.TraceComponent@53a98b21
    zipUtils = class com.ibm.ws.app.manager.war.internal.ZipUtils@7e5b436e
      tc = class com.ibm.websphere.ras.TraceComponent@3899ccd9
      WAR_EXTENSION = ".war"
      serialVersionUID = -7574063014509395349
    timestamps = class java.util.HashMap@5a568da8
      serialVersionUID = 362498820763181265
      DEFAULT_INITIAL_CAPACITY = 16
      MAXIMUM_CAPACITY = 1073741824
      DEFAULT_LOAD_FACTOR = 0.75
      TREEIFY_THRESHOLD = 8
      UNTREEIFY_THRESHOLD = 6
      MIN_TREEIFY_CAPACITY = 64
      table = null
      entrySet = null
      size = 0
      modCount = 0
      threshold = 0
      loadFactor = 0.75
      keySet = null
      values = null
    serialVersionUID = -5572482233301532271
    SERVER_APPS_DIR = "${server.config.dir}/apps/"
    EXPANDED_APPS_DIR = "${server.config.dir}/apps/expanded/"
    XML_SUFFIX = ".xml"
    bundleContext = class org.eclipse.osgi.internal.framework.BundleContextImpl@780d2015
      findHookName = "org.osgi.framework.hooks.bundle.FindHook"
      valid = true
      bundle = class org.eclipse.osgi.internal.framework.EquinoxBundle@159b182f
      container = class org.eclipse.osgi.internal.framework.EquinoxContainer@506b3b6f
      debug = class org.eclipse.osgi.internal.debug.Debug@20b234a9
      servicesInUse = class java.util.HashMap@6c60859a
      activator = null
      contextLock = class java.lang.Object@590aabc6
    applicationInfoFactory = class com.ibm.ws.container.service.app.deploy.internal.ApplicationInfoFactoryImpl@256c931e
      j2eeNameFactory = class com.ibm.wsspi.kernel.service.utils.AtomicServiceReference@268eb42
      names = class java.util.HashSet@679a9a2c
      serialVersionUID = 7443990212682384945
      $$$tc$$$ = class com.ibm.websphere.ras.TraceComponent@59312ec0
    futureMonitor = class com.ibm.ws.threading.internal.FutureMonitorImpl@6d68948c
    classLoadingService = class com.ibm.ws.classloading.internal.ClassLoadingServiceImpl@4ffe5622
      tc = class com.ibm.websphere.ras.TraceComponent@5ffe8736
      leakDetectionMap = class java.util.HashMap@6aeb0568
      TCCL_LOCK_WAIT = 15000
      REFERENCE_GENERATORS = "generators"
      bundleContext = class org.eclipse.osgi.internal.framework.BundleContextImpl@75301040
      aclStore = class com.ibm.ws.classloading.internal.util.CanonicalStore@5e5aa41a
      tcclStore = class com.ibm.ws.classloading.internal.util.CanonicalStore@2a77f1ab
      tcclStoreLock = class java.util.concurrent.locks.ReentrantLock@7080e3ce
      digraph = class org.eclipse.equinox.internal.region.StandardRegionDigraph@42f268f3
      redefiner = class com.ibm.ws.classloading.internal.util.ClassRedefiner@49837ec3
      listener = class com.ibm.ws.classloading.internal.ClassLoadingServiceImpl$1@5c6c34f1
      classloaders = class java.util.Collections$SynchronizedMap@2b852221
      resourceProviders = class com.ibm.ws.classloading.internal.CompositeResourceProvider@7a617252
      rememberedBundles = class java.util.concurrent.ConcurrentHashMap@28c67ebb
      collectedBundles = class java.lang.ref.ReferenceQueue@15b00cee
      generatorRefs = class com.ibm.wsspi.kernel.service.utils.ConcurrentServiceReferenceSet@17a6a053
      generatorManager = class com.ibm.ws.classloading.internal.ClassGeneratorManager@66a4b317
      appExtLibs = class java.util.concurrent.CopyOnWriteArrayList@7d8c3ade
      metaInfServicesProviders = class java.util.concurrent.ConcurrentHashMap@684e8efd
      metaInfServicesRefs = class com.ibm.wsspi.kernel.service.utils.ConcurrentServiceReferenceMap@4ac80f9f
      protectionDomainMap = class java.util.HashMap@93721da
      metadataIdentifierService = class com.ibm.ws.container.service.metadata.internal.MetaDataServiceImpl@447a5052
      globalSharedLibrary = class java.util.concurrent.atomic.AtomicReference@15f1b0e8
      serialVersionUID = -1838778944052667322
    globalSharedLibrary = class com.ibm.ws.library.internal.SharedLibraryImpl@6b9a3c80
      tc = class com.ibm.websphere.ras.TraceComponent@eb6b0ad
      EMPTY_LIBRARY_LISTENERS = interface com.ibm.wsspi.library.LibraryChangeListener[0]
      deleted = false
      libraryListenersTracker = class org.osgi.util.tracker.ServiceTracker@49fed5cf
      libraryReg = class org.eclipse.osgi.internal.serviceregistry.ServiceRegistrationImpl@7088eb3f
      ctx = class org.eclipse.osgi.internal.framework.BundleContextImpl@75301040
      classLoadingService = class com.ibm.ws.classloading.internal.ClassLoadingServiceImpl@4ffe5622
      configAdmin = class com.ibm.ws.config.admin.internal.ConfigurationAdminImpl@89b8a02
      resolvedBasePath = "/Users/kurtrogiers/lab/wlp/usr/servers/defaultServer/"
      generationLock = class com.ibm.ws.library.internal.SharedLibraryImpl$1@287e2e20
      currentGeneration = class com.ibm.ws.library.internal.LibraryGeneration@58cd8916
      nextGeneration = class com.ibm.ws.library.internal.LibraryGeneration@58cd8916
      artifactContainerFactory = class com.ibm.ws.library.internal.SharedLibraryFactory$1@67a27f6d
      packageExporter = class com.ibm.ws.library.internal.LibraryPackageExporter@333d2201
      serialVersionUID = 6288237618632180389
    globalSharedLibraryPid = "com.ibm.ws.classloading.sharedlibrary_55"
    configAdmin = class com.ibm.ws.config.admin.internal.ConfigurationAdminImpl@5cfd796
      tc = class com.ibm.websphere.ras.TraceComponent@1e9390aa
      bundle = class org.eclipse.osgi.internal.framework.EquinoxBundle@159b182f
      caFactory = class com.ibm.ws.config.admin.internal.ConfigAdminServiceFactory@3dc9a158
      serialVersionUID = 3160799878770679122
    metaDataService = class com.ibm.ws.container.service.metadata.internal.MetaDataServiceImpl@447a5052
      applicationMetaDataManager = class com.ibm.ws.container.service.metadata.internal.ApplicationMetaDataManager@6e59c120
      moduleMetaDataManager = class com.ibm.ws.container.service.metadata.internal.ModuleMetaDataManager@3ffbed01
      componentMetaDataManager = class com.ibm.ws.container.service.metadata.internal.ComponentMetaDataManager@2af978fb
      methodMetaDataManager = class com.ibm.ws.container.service.metadata.internal.MethodMetaDataManager@3bc6351
      appModuleNameToModuleContainer = class java.util.concurrent.ConcurrentHashMap@234cf2c7
      jeeNameToComponentMetaData = class java.util.concurrent.ConcurrentHashMap@433f904a
      deferredMetaDataFactories = class com.ibm.wsspi.kernel.service.utils.ConcurrentServiceReferenceSet@22600676
      deferredMetaDataInitializers = class com.ibm.wsspi.kernel.service.utils.ConcurrentServiceReferenceMap@42264f80
      serialVersionUID = -2494605732980966097
      $$$tc$$$ = class com.ibm.websphere.ras.TraceComponent@b40c182
    stateChangeService = class com.ibm.ws.container.service.state.internal.StateChangeServiceImpl@4b891c98
      applicationStateManager = class com.ibm.ws.container.service.state.internal.ApplicationStateManager@14700f30
      moduleStateManager = class com.ibm.ws.container.service.state.internal.ModuleStateManager@47a52b05
      serialVersionUID = -537917915330350560
      $$$tc$$$ = class com.ibm.websphere.ras.TraceComponent@4bbbff97
    allModuleTypes = class java.lang.String[4]
      String[0] = "ejb"
      String[1] = "web"
      String[2] = "client"
      String[3] = "connector"
    moduleMetaDataExtenders = class java.util.concurrent.ConcurrentHashMap@434c1c24
      serialVersionUID = 7249069246763182397
      MAXIMUM_CAPACITY = 1073741824
      DEFAULT_CAPACITY = 16
      MAX_ARRAY_SIZE = 2147483639
      DEFAULT_CONCURRENCY_LEVEL = 16
      LOAD_FACTOR = 0.75
      TREEIFY_THRESHOLD = 8
      UNTREEIFY_THRESHOLD = 6
      MIN_TREEIFY_CAPACITY = 64
      MIN_TRANSFER_STRIDE = 16
      RESIZE_STAMP_BITS = 16
      MAX_RESIZERS = 65535
      RESIZE_STAMP_SHIFT = 16
      MOVED = -1
      TREEBIN = -2
      RESERVED = -3
      HASH_BITS = 2147483647
      NCPU = 12
      serialPersistentFields = class java.io.ObjectStreamField[3]
      table = class java.util.concurrent.ConcurrentHashMap$Node[16]
      nextTable = null
      baseCount = 4
      sizeCtl = 12
      transferIndex = 0
      cellsBusy = 0
      counterCells = null
      keySet = null
      values = null
      entrySet = null
      U = class jdk.internal.misc.Unsafe@52206daa
      SIZECTL = 20
      TRANSFERINDEX = 32
      BASECOUNT = 24
      CELLSBUSY = 36
      CELLVALUE = 144
      ABASE = 16
      ASHIFT = 2
      keySet = null
      values = null
    nestedModuleMetaDataFactories = class java.util.concurrent.ConcurrentHashMap@38c410bc
      serialVersionUID = 7249069246763182397
      MAXIMUM_CAPACITY = 1073741824
      DEFAULT_CAPACITY = 16
      MAX_ARRAY_SIZE = 2147483639
      DEFAULT_CONCURRENCY_LEVEL = 16
      LOAD_FACTOR = 0.75
      TREEIFY_THRESHOLD = 8
      UNTREEIFY_THRESHOLD = 6
      MIN_TREEIFY_CAPACITY = 64
      MIN_TRANSFER_STRIDE = 16
      RESIZE_STAMP_BITS = 16
      MAX_RESIZERS = 65535
      RESIZE_STAMP_SHIFT = 16
      MOVED = -1
      TREEBIN = -2
      RESERVED = -3
      HASH_BITS = 2147483647
      NCPU = 12
      serialPersistentFields = class java.io.ObjectStreamField[3]
      table = class java.util.concurrent.ConcurrentHashMap$Node[16]
      nextTable = null
      baseCount = 4
      sizeCtl = 12
      transferIndex = 0
      cellsBusy = 0
      counterCells = null
      keySet = null
      values = null
      entrySet = null
      U = class jdk.internal.misc.Unsafe@52206daa
      SIZECTL = 20
      TRANSFERINDEX = 32
      BASECOUNT = 24
      CELLSBUSY = 36
      CELLVALUE = 144
      ABASE = 16
      ASHIFT = 2
      keySet = null
      values = null
    permissionManager = class com.ibm.ws.classloading.java2sec.PermissionManager@2e2a2f36
      tc = class com.ibm.websphere.ras.TraceComponent@245b3b41
      classLoadingService = class com.ibm.ws.classloading.internal.ClassLoadingServiceImpl@4ffe5622
      DEFAULT_SERVER_RESTRICTABLE_PERMISSIONS = class java.security.Permission[4]
      DEFAULT_CLIENT_RESTRICTABLE_PERMISSIONS = class java.security.Permission[3]
      isServer = true
      wsjarUrlStreamHandlerAvailable = true
      restrictablePermissions = class java.util.ArrayList@33e367c9
      grantedPermissions = class java.util.ArrayList@2b8de7ad
      KEY_PERMISSION = "permission"
      INCORRECT_PERMISSION_CONFIGURATION = "INCORRECT_PERMISSION_CONFIGURATION"
      PERMISSION_CLASSNOTFOUND = "PERMISSION_CLASSNOTFOUND"
      SERVER_XML = "server.xml"
      CLIENT_XML = "client.xml"
      originationFile = "server.xml"
      permissions = class com.ibm.wsspi.kernel.service.utils.ConcurrentServiceReferenceSet@599cd84
      codeBasePermissionMap = class java.util.HashMap@53d98c7f
      permissionXMLPermissionMap = class java.util.HashMap@7b2c74e2
      serialVersionUID = -5043611968709568417
    locAdmin = class com.ibm.ws.kernel.service.location.internal.WsLocationAdminImpl@6466cc88
      tc = class com.ibm.websphere.ras.TraceComponent@4ca373fb
      LOC_INTERNAL_LIB_DIR = "wlp.lib.dir"
      LOC_AREA_NAME_APPS = "shared/apps/"
      LOC_AREA_NAME_CONFIG = "shared/config/"
      LOC_AREA_NAME_RESC = "shared/resources/"
      LOC_AREA_NAME_STATE = "logs/state/"
      LOC_AREA_NAME_SERVERS = "servers/"
      LOC_AREA_NAME_CLIENTS = "clients/"
      LOC_AREA_NAME_WORKING = "workarea/"
      LOC_AREA_NAME_EXTENSION = "extension/"
      instance = class com.ibm.ws.staticvalue.StaticValue$FinalSingleton@5e269f95
      installRoot = class com.ibm.ws.kernel.service.location.internal.SymbolicRootResource@721596cd
      installParentRoot = class com.ibm.ws.kernel.service.location.internal.SymbolicRootResource@462c9b99
      userRoot = class com.ibm.ws.kernel.service.location.internal.SymbolicRootResource@7fb8092c
      usrExtensionRoot = class com.ibm.ws.kernel.service.location.internal.SymbolicRootResource@1508fb79
      serverConfigDir = class com.ibm.ws.kernel.service.location.internal.SymbolicRootResource@4bf5b4eb
      serverOutputDir = class com.ibm.ws.kernel.service.location.internal.SymbolicRootResource@4bf5b4eb
      bootstrapLib = class com.ibm.ws.kernel.service.location.internal.LocalFileResource@69270e5f
      serverWorkarea = class com.ibm.ws.kernel.service.location.internal.LocalFileResource@56e98b3e
      serverState = class com.ibm.ws.kernel.service.location.internal.LocalFileResource@4e871a9
      sharedAppsRoot = class com.ibm.ws.kernel.service.location.internal.SymbolicRootResource@62dccf33
      sharedConfigRoot = class com.ibm.ws.kernel.service.location.internal.SymbolicRootResource@335860c1
      sharedResourceRoot = class com.ibm.ws.kernel.service.location.internal.SymbolicRootResource@2972bdef
      tmpRoot = class com.ibm.ws.kernel.service.location.internal.SymbolicRootResource@6e50e451
      serverName = "defaultServer"
      resourcePaths = class java.util.ArrayList@6a711bff
      resourceGroups = class java.util.HashMap@1a5f3018
      commonRoot = class com.ibm.ws.kernel.service.location.internal.VirtualRootResource@267e7b79
      serialVersionUID = 7766352982799267432
    artifactFactory = class com.ibm.ws.artifact.internal.ArtifactContainerFactoryService@6c1e368f
      CATEGORY_PROP_NAME = "category"
      ENTRY_KEY = "com.ibm.wsspi.artifact.ArtifactEntry"
      helperMap = class com.ibm.wsspi.kernel.service.utils.ConcurrentServiceReferenceSetMap@42217b4d
      contributorMap = class com.ibm.wsspi.kernel.service.utils.ConcurrentServiceReferenceSetMap@2039d078
      helperCategoryMap = class com.ibm.wsspi.kernel.service.utils.ConcurrentServiceReferenceSetMap@38e05143
      contributorCategoryMap = class com.ibm.wsspi.kernel.service.utils.ConcurrentServiceReferenceSetMap@5119d902
      categories = class java.util.Collections$SynchronizedSet@18ab3b7f
      baseProperties = class org.apache.felix.scr.impl.helper.ReadOnlyDictionary@76ff9202
      serialVersionUID = -3101641399269402013
      $$$tc$$$ = class com.ibm.websphere.ras.TraceComponent@1af8a927
    moduleFactory = class com.ibm.ws.adaptable.module.internal.AdaptableModuleFactoryImpl@27af88c1
      adapterFactoryService = class com.ibm.ws.adaptable.module.internal.AdapterFactoryServiceImpl@5ef5bac4
      containerFactory = class com.ibm.ws.artifact.internal.ArtifactContainerFactoryService@6c1e368f
      overlayContainerFactory = class com.ibm.ws.artifact.overlay.internal.OverlayContainerFactoryImpl@5f9793a
      serialVersionUID = 4200251809856292987
      $$$tc$$$ = class com.ibm.websphere.ras.TraceComponent@7643c46e
    serialVersionUID = -5985362902756393123
    $$$tc$$$ = class com.ibm.websphere.ras.TraceComponent@2450a358
      strings[0] = "TraceComponent[com.ibm.ws.app.manager.module.internal.DeployedAppInfoFactoryBase,class com.ibm.ws.app.manager.module.internal.DeployedAppInfoFactoryBase,[applications, app.manager],,null]"
  serialVersionUID = 4622845147410944782
  $$$tc$$$ = class com.ibm.websphere.ras.TraceComponent@bfecb5
    strings[0] = "TraceComponent[com.ibm.ws.app.manager.war.internal.WARApplicationHandlerImpl,class com.ibm.ws.app.manager.war.internal.WARApplicationHandlerImpl,[webcontainer, applications, app.manager],com.ibm.ws.app.manager.war.internal.resources.Messages,null]"

Dump of objectArray[0]
Object type = com.ibm.ws.app.manager.internal.ApplicationInstallInfo
  _config = class com.ibm.ws.app.manager.internal.ApplicationConfig@45ec348e
    tc = class com.ibm.websphere.ras.TraceComponent@7f7bf81d
      strings[0] = "TraceComponent[com.ibm.ws.app.manager.internal.ApplicationConfig,class com.ibm.ws.app.manager.internal.ApplicationConfig,[applications, app.manager],com.ibm.ws.app.manager.internal.resources.AppManagerMessages,null]"
    _configPid = "com.ibm.ws.app.manager_65"
    _config = class com.ibm.ws.config.admin.ConfigurationDictionary@20996e92
      serialVersionUID = 7966152868712543805
      simpleTypes = class java.util.Arrays$ArrayList@1cc53f11
      primitiveArrayTypes = class java.util.Arrays$ArrayList@1ef4bf1
      simpleArrayTypes = class java.util.Arrays$ArrayList@5eb799a8
      extendedTypes = class java.util.Arrays$ArrayList@ce28478
      CASE_INSENSITIVE = class com.ibm.ws.config.admin.ConfigurationDictionary$CaseInsensitive@57899b5f
      properties = class java.util.Collections$SynchronizedMap@39ea0f42
    _applicationManager = class com.ibm.ws.app.manager.ApplicationManager@1a97b558
      expandApps = true
      useJandex = false
      startTimeout = 30
      stopTimeout = 30
      serialVersionUID = -5714171545272003139
      $$$tc$$$ = class com.ibm.websphere.ras.TraceComponent@53a98b21
    _location = "RegistrationAppWeb.war"
    _type = "war"
    _name = "RegistrationAppWeb"
    _notificationBroadcasterSupport = class javax.management.NotificationBroadcasterSupport@187814c4
      listenerList = class java.util.concurrent.CopyOnWriteArrayList@6de2916c
      executor = class com.ibm.ws.threading.internal.ExecutorServiceImpl@12f9f40f
      notifInfo = class javax.management.MBeanNotificationInfo[2]
      defaultExecutor = class javax.management.NotificationBroadcasterSupport$1@289b1294
      NO_NOTIFICATION_INFO = class javax.management.MBeanNotificationInfo[0]
      logger = class com.sun.jmx.remote.util.ClassLogger@623ed8e0
    ONE_TIME_JANDEX_MSGS_DISPLAYED = true
  _handlerInfo = class java.util.concurrent.atomic.AtomicReference@5bf5f184
    serialVersionUID = -1848883965231344442
    VALUE = class java.lang.invoke.VarHandleObjects$FieldInstanceReadWrite@553a445d
      FORM = class java.lang.invoke.VarForm@3a1f81b9
      fieldOffset = 12
      receiverType = class java.lang.Class@4eb7f003
      fieldType = class java.lang.Class@55054057
      FORM = class java.lang.invoke.VarForm@22de3381
      vform = class java.lang.invoke.VarForm@3a1f81b9
      typesAndInvokers = null
      AIOOBE_SUPPLIER = class jdk.internal.util.Preconditions$1@1c0f8693
      VFORM_OFFSET = 12
      $assertionsDisabled = true
    value = null
  _container = class java.util.concurrent.atomic.AtomicReference@43c884f4
    serialVersionUID = -1848883965231344442
    VALUE = class java.lang.invoke.VarHandleObjects$FieldInstanceReadWrite@553a445d
    value = class com.ibm.ws.adaptable.module.internal.AdaptableContainerImpl@1468465a
      root = class com.ibm.ws.adaptable.module.internal.AdaptableContainerImpl@1468465a
      rootOverlay = class com.ibm.ws.artifact.overlay.internal.DirectoryBasedOverlayContainerImpl@1724fa4
      factoryHolder = class com.ibm.ws.adaptable.module.internal.AdaptableModuleFactoryImpl@27af88c1
      delegate = class com.ibm.ws.artifact.overlay.internal.DirectoryBasedOverlayContainerImpl@1724fa4
      notifier = null
      serialVersionUID = -5621513278641113667
      $$$tc$$$ = class com.ibm.websphere.ras.TraceComponent@263b8ef9
  _resolvedLocation = class java.util.concurrent.atomic.AtomicReference@1c22502d
    serialVersionUID = -1848883965231344442
    VALUE = class java.lang.invoke.VarHandleObjects$FieldInstanceReadWrite@553a445d
    value = class com.ibm.ws.kernel.service.location.internal.LocalFileResource@5d65d7d6
      strings[0] = "LocalFileResource[FILE;@-1763031289;<undefined>;/Users/kurtrogiers/lab/wlp/usr/servers/defaultServer/apps/RegistrationAppWeb.war.xml]"
  _handler = class com.ibm.ws.app.manager.war.internal.WARApplicationHandlerImpl@592dd856
    futureMonitor = class com.ibm.ws.threading.internal.FutureMonitorImpl@6d68948c
    deployedAppFactory = class com.ibm.ws.app.manager.war.internal.WARDeployedAppInfoFactoryImpl@1c90c792
      tc = class com.ibm.websphere.ras.TraceComponent@6cbfe232
      webModuleHandler = class com.ibm.ws.app.manager.web.internal.WebModuleHandlerImpl@65b1f928
      applicationManager = class com.ibm.ws.app.manager.ApplicationManager@1a97b558
      zipUtils = class com.ibm.ws.app.manager.war.internal.ZipUtils@7e5b436e
      timestamps = class java.util.HashMap@5a568da8
      serialVersionUID = -5572482233301532271
      SERVER_APPS_DIR = "${server.config.dir}/apps/"
      EXPANDED_APPS_DIR = "${server.config.dir}/apps/expanded/"
      XML_SUFFIX = ".xml"
      bundleContext = class org.eclipse.osgi.internal.framework.BundleContextImpl@780d2015
      applicationInfoFactory = class com.ibm.ws.container.service.app.deploy.internal.ApplicationInfoFactoryImpl@256c931e
      futureMonitor = class com.ibm.ws.threading.internal.FutureMonitorImpl@6d68948c
      classLoadingService = class com.ibm.ws.classloading.internal.ClassLoadingServiceImpl@4ffe5622
      globalSharedLibrary = class com.ibm.ws.library.internal.SharedLibraryImpl@6b9a3c80
      globalSharedLibraryPid = "com.ibm.ws.classloading.sharedlibrary_55"
      configAdmin = class com.ibm.ws.config.admin.internal.ConfigurationAdminImpl@5cfd796
      metaDataService = class com.ibm.ws.container.service.metadata.internal.MetaDataServiceImpl@447a5052
      stateChangeService = class com.ibm.ws.container.service.state.internal.StateChangeServiceImpl@4b891c98
      allModuleTypes = class java.lang.String[4]
      moduleMetaDataExtenders = class java.util.concurrent.ConcurrentHashMap@434c1c24
      nestedModuleMetaDataFactories = class java.util.concurrent.ConcurrentHashMap@38c410bc
      permissionManager = class com.ibm.ws.classloading.java2sec.PermissionManager@2e2a2f36
      locAdmin = class com.ibm.ws.kernel.service.location.internal.WsLocationAdminImpl@6466cc88
      artifactFactory = class com.ibm.ws.artifact.internal.ArtifactContainerFactoryService@6c1e368f
      moduleFactory = class com.ibm.ws.adaptable.module.internal.AdaptableModuleFactoryImpl@27af88c1
      serialVersionUID = -5985362902756393123
      $$$tc$$$ = class com.ibm.websphere.ras.TraceComponent@2450a358
    serialVersionUID = 4622845147410944782
    $$$tc$$$ = class com.ibm.websphere.ras.TraceComponent@bfecb5
      strings[0] = "TraceComponent[com.ibm.ws.app.manager.war.internal.WARApplicationHandlerImpl,class com.ibm.ws.app.manager.war.internal.WARApplicationHandlerImpl,[webcontainer, applications, app.manager],com.ibm.ws.app.manager.war.internal.resources.Messages,null]"
  _ami = class java.util.concurrent.atomic.AtomicReference@29686aae
    serialVersionUID = -1848883965231344442
    VALUE = class java.lang.invoke.VarHandleObjects$FieldInstanceReadWrite@553a445d
    value = null
  _updateHandler = class com.ibm.ws.app.manager.internal.statemachine.ApplicationStateMachineImpl@115e81ae
    _tc = class com.ibm.websphere.ras.TraceComponent@4aa9dd53
      strings[0] = "TraceComponent[com.ibm.ws.app.manager.internal.statemachine.ApplicationStateMachineImpl,class com.ibm.ws.app.manager.internal.statemachine.ApplicationStateMachineImpl,[applications, app.manager],com.ibm.ws.app.manager.internal.resources.AppManagerMessages,null]"
    EMPTY_FUTURE_ARRAY = interface java.util.concurrent.Future[0]
    asmSequenceNumber = class java.util.concurrent.atomic.AtomicLong@6a41a793
      serialVersionUID = 1927816293512124184
      VM_SUPPORTS_LONG_CAS = true
      U = class jdk.internal.misc.Unsafe@52206daa
      VALUE = 16
      value = 1
      serialVersionUID = -8742448824652078965
    _qscaCounter = class java.util.concurrent.atomic.AtomicInteger@77764e1a
      serialVersionUID = 6214790243416807050
      U = class jdk.internal.misc.Unsafe@52206daa
      VALUE = 12
      value = 3
      serialVersionUID = -8742448824652078965
    _failedThrowable = class com.ibm.ws.container.service.state.StateChangeException@5cdf4f57
      serialVersionUID = 7229330995297804384
      $$$tc$$$ = class com.ibm.websphere.ras.TraceComponent@1d063efa
      serialVersionUID = -3387516993124229948
      serialVersionUID = -3042686055658047285
      backtrace = class java.lang.Object[5]
      detailMessage = "org.jboss.weld.exceptions.DefinitionException: WELD-000075: Normal scoped managed bean implementation class has a public field:  [EnhancedAnnotatedFieldImpl] public net.wasdev.reg.Attendees.attendees"
      UNASSIGNED_STACK = class java.lang.StackTraceElement[0]
      cause = class org.jboss.weld.exceptions.DefinitionException@385ec5b6
      stackTrace = class java.lang.StackTraceElement[12]
      depth = 12
      SUPPRESSED_SENTINEL = class java.util.Collections$EmptyList@393a3a84
      suppressedExceptions = class java.util.Collections$EmptyList@393a3a84
      NULL_CAUSE_MESSAGE = "Cannot suppress a null exception."
      SELF_SUPPRESSION_MESSAGE = "Self-suppression not permitted"
      CAUSE_CAPTION = "Caused by: "
      SUPPRESSED_CAPTION = "Suppressed: "
      EMPTY_THROWABLE_ARRAY = class java.lang.Throwable[0]
      $assertionsDisabled = true
    _interruptibleLock = class com.ibm.ws.app.manager.internal.statemachine.ApplicationStateMachineImpl$2@3988c967
      this$0 = class com.ibm.ws.app.manager.internal.statemachine.ApplicationStateMachineImpl@115e81ae
      serialVersionUID = 1428897424970146289
      $$$tc$$$ = class com.ibm.websphere.ras.TraceComponent@5a70ca17
    _interruptible = false
    _performingQueuedActions = true
    _queuedActions = class java.util.concurrent.ConcurrentLinkedQueue@2867c55c
      serialVersionUID = 196745693267521676
      head = class java.util.concurrent.ConcurrentLinkedQueue$Node@7fddfff7
      tail = class java.util.concurrent.ConcurrentLinkedQueue$Node@776460ac
      MAX_HOPS = 8
      HEAD = class java.lang.invoke.VarHandleObjects$FieldInstanceReadWrite@369a2569
      TAIL = class java.lang.invoke.VarHandleObjects$FieldInstanceReadWrite@2ec392f6
      ITEM = class java.lang.invoke.VarHandleObjects$FieldInstanceReadWrite@51ef5b87
      NEXT = class java.lang.invoke.VarHandleObjects$FieldInstanceReadWrite@617d4dc7
      MAX_ARRAY_SIZE = 2147483639
    _callbackState = class java.util.concurrent.atomic.AtomicReference@4f7d82fc
      serialVersionUID = -1848883965231344442
      VALUE = class java.lang.invoke.VarHandleObjects$FieldInstanceReadWrite@553a445d
      value = class com.ibm.ws.app.manager.internal.statemachine.ApplicationStateMachineImpl$CallbackState@5ec4203c
    blockAppStartingFutures = class java.util.Collections$SetFromMap@a3e1397
      m = class java.util.concurrent.ConcurrentHashMap@e9f5219
      s = class java.util.concurrent.ConcurrentHashMap$KeySetView@789a1b4a
      serialVersionUID = 2454657854757543876
      MAX_ARRAY_SIZE = 2147483639
    waitingForAppHandlerFuture = class java.util.concurrent.atomic.AtomicReference@75822046
      serialVersionUID = -1848883965231344442
      VALUE = class java.lang.invoke.VarHandleObjects$FieldInstanceReadWrite@553a445d
      value = class com.ibm.ws.app.manager.internal.ApplicationDependency@70f80267
    waitingForExplicitStartFuture = class java.util.concurrent.atomic.AtomicReference@63d9468f
      serialVersionUID = -1848883965231344442
      VALUE = class java.lang.invoke.VarHandleObjects$FieldInstanceReadWrite@553a445d
      value = null
    completionListener = class java.util.concurrent.atomic.AtomicReference@4010426a
      serialVersionUID = -1848883965231344442
      VALUE = class java.lang.invoke.VarHandleObjects$FieldInstanceReadWrite@553a445d
      value = null
    _notifyAppStopped = class java.util.concurrent.ConcurrentLinkedQueue@3a485354
      serialVersionUID = 196745693267521676
      head = class java.util.concurrent.ConcurrentLinkedQueue$Node@12d01749
      tail = class java.util.concurrent.ConcurrentLinkedQueue$Node@12d01749
      MAX_HOPS = 8
      HEAD = class java.lang.invoke.VarHandleObjects$FieldInstanceReadWrite@369a2569
      TAIL = class java.lang.invoke.VarHandleObjects$FieldInstanceReadWrite@2ec392f6
      ITEM = class java.lang.invoke.VarHandleObjects$FieldInstanceReadWrite@51ef5b87
      NEXT = class java.lang.invoke.VarHandleObjects$FieldInstanceReadWrite@617d4dc7
      MAX_ARRAY_SIZE = 2147483639
    _notifyAppStarting = class java.util.concurrent.ConcurrentLinkedQueue@5eacc44b
      serialVersionUID = 196745693267521676
      head = class java.util.concurrent.ConcurrentLinkedQueue$Node@31cb7de2
      tail = class java.util.concurrent.ConcurrentLinkedQueue$Node@3cec732b
      MAX_HOPS = 8
      HEAD = class java.lang.invoke.VarHandleObjects$FieldInstanceReadWrite@369a2569
      TAIL = class java.lang.invoke.VarHandleObjects$FieldInstanceReadWrite@2ec392f6
      ITEM = class java.lang.invoke.VarHandleObjects$FieldInstanceReadWrite@51ef5b87
      NEXT = class java.lang.invoke.VarHandleObjects$FieldInstanceReadWrite@617d4dc7
      MAX_ARRAY_SIZE = 2147483639
    _notifyAppInstallCalled = class java.util.concurrent.ConcurrentLinkedQueue@77e81c2f
      serialVersionUID = 196745693267521676
      head = class java.util.concurrent.ConcurrentLinkedQueue$Node@59770523
      tail = class java.util.concurrent.ConcurrentLinkedQueue$Node@59770523
      MAX_HOPS = 8
      HEAD = class java.lang.invoke.VarHandleObjects$FieldInstanceReadWrite@369a2569
      TAIL = class java.lang.invoke.VarHandleObjects$FieldInstanceReadWrite@2ec392f6
      ITEM = class java.lang.invoke.VarHandleObjects$FieldInstanceReadWrite@51ef5b87
      NEXT = class java.lang.invoke.VarHandleObjects$FieldInstanceReadWrite@617d4dc7
      MAX_ARRAY_SIZE = 2147483639
    _notifyAppStarted = class java.util.concurrent.ConcurrentLinkedQueue@35a913aa
      serialVersionUID = 196745693267521676
      head = class java.util.concurrent.ConcurrentLinkedQueue$Node@5a8d07aa
      tail = class java.util.concurrent.ConcurrentLinkedQueue$Node@1594a6c3
      MAX_HOPS = 8
      HEAD = class java.lang.invoke.VarHandleObjects$FieldInstanceReadWrite@369a2569
      TAIL = class java.lang.invoke.VarHandleObjects$FieldInstanceReadWrite@2ec392f6
      ITEM = class java.lang.invoke.VarHandleObjects$FieldInstanceReadWrite@51ef5b87
      NEXT = class java.lang.invoke.VarHandleObjects$FieldInstanceReadWrite@617d4dc7
      MAX_ARRAY_SIZE = 2147483639
    _notifyAppRemoved = class java.util.concurrent.ConcurrentLinkedQueue@4d0324b8
      serialVersionUID = 196745693267521676
      head = class java.util.concurrent.ConcurrentLinkedQueue$Node@6a998c7
      tail = class java.util.concurrent.ConcurrentLinkedQueue$Node@6a998c7
      MAX_HOPS = 8
      HEAD = class java.lang.invoke.VarHandleObjects$FieldInstanceReadWrite@369a2569
      TAIL = class java.lang.invoke.VarHandleObjects$FieldInstanceReadWrite@2ec392f6
      ITEM = class java.lang.invoke.VarHandleObjects$FieldInstanceReadWrite@51ef5b87
      NEXT = class java.lang.invoke.VarHandleObjects$FieldInstanceReadWrite@617d4dc7
      MAX_ARRAY_SIZE = 2147483639
    _stateLock = class com.ibm.ws.app.manager.internal.statemachine.ApplicationStateMachineImpl$3@75b52fcf
      this$0 = class com.ibm.ws.app.manager.internal.statemachine.ApplicationStateMachineImpl@115e81ae
      serialVersionUID = -2844785999478513305
      $$$tc$$$ = class com.ibm.websphere.ras.TraceComponent@5f0c5988
    _internalState = class java.util.concurrent.atomic.AtomicReference@420b5c32
      serialVersionUID = -1848883965231344442
      VALUE = class java.lang.invoke.VarHandleObjects$FieldInstanceReadWrite@553a445d
      value = class com.ibm.ws.app.manager.internal.statemachine.ApplicationStateMachineImpl$InternalState@c33adc0
    _currentAction = class java.util.concurrent.atomic.AtomicReference@3fc2239a
      serialVersionUID = -1848883965231344442
      VALUE = class java.lang.invoke.VarHandleObjects$FieldInstanceReadWrite@553a445d
      value = class com.ibm.ws.app.manager.internal.statemachine.StartAction@4ddf01b1
    _rfa = class java.util.concurrent.atomic.AtomicReference@6b30f63e
      serialVersionUID = -1848883965231344442
      VALUE = class java.lang.invoke.VarHandleObjects$FieldInstanceReadWrite@553a445d
      value = null
    _appInstallInfo = class java.util.concurrent.atomic.AtomicReference@37a767c0
      serialVersionUID = -1848883965231344442
      VALUE = class java.lang.invoke.VarHandleObjects$FieldInstanceReadWrite@553a445d
      value = class com.ibm.ws.app.manager.internal.ApplicationInstallInfo@7b89cec1
    _update = class java.util.concurrent.atomic.AtomicBoolean@2f5547ca
      serialVersionUID = 4654671469794556979
      VALUE = class java.lang.invoke.VarHandleInts$FieldInstanceReadWrite@f4bb987
      value = 1
    _appConfig = class java.util.concurrent.atomic.AtomicReference@1256f49
      serialVersionUID = -1848883965231344442
      VALUE = class java.lang.invoke.VarHandleObjects$FieldInstanceReadWrite@553a445d
      value = class com.ibm.ws.app.manager.internal.ApplicationConfig@45ec348e
    _nextAppConfig = class java.util.concurrent.atomic.AtomicReference@6d48f855
      serialVersionUID = -1848883965231344442
      VALUE = class java.lang.invoke.VarHandleObjects$FieldInstanceReadWrite@553a445d
      value = null
    _appContainer = class java.util.concurrent.atomic.AtomicReference@61dd0b5b
      serialVersionUID = -1848883965231344442
      VALUE = class java.lang.invoke.VarHandleObjects$FieldInstanceReadWrite@553a445d
      value = null
    _resolvedLocation = class java.util.concurrent.atomic.AtomicReference@64337bbd
      serialVersionUID = -1848883965231344442
      VALUE = class java.lang.invoke.VarHandleObjects$FieldInstanceReadWrite@553a445d
      value = null
    _handler = class java.util.concurrent.atomic.AtomicReference@4ec61f55
      serialVersionUID = -1848883965231344442
      VALUE = class java.lang.invoke.VarHandleObjects$FieldInstanceReadWrite@553a445d
      value = class com.ibm.ws.app.manager.war.internal.WARApplicationHandlerImpl@592dd856
    _asmSeqNo = 0
    _ctx = class org.eclipse.osgi.internal.framework.BundleContextImpl@5db2b2d0
      findHookName = "org.osgi.framework.hooks.bundle.FindHook"
      valid = true
      bundle = class org.eclipse.osgi.internal.framework.EquinoxBundle@6b675fad
      container = class org.eclipse.osgi.internal.framework.EquinoxContainer@506b3b6f
      debug = class org.eclipse.osgi.internal.debug.Debug@20b234a9
      servicesInUse = class java.util.HashMap@67188946
      activator = null
      contextLock = class java.lang.Object@61055dde
    _locAdmin = class com.ibm.ws.kernel.service.location.internal.WsLocationAdminImpl@6466cc88
      tc = class com.ibm.websphere.ras.TraceComponent@4ca373fb
      LOC_INTERNAL_LIB_DIR = "wlp.lib.dir"
      LOC_AREA_NAME_APPS = "shared/apps/"
      LOC_AREA_NAME_CONFIG = "shared/config/"
      LOC_AREA_NAME_RESC = "shared/resources/"
      LOC_AREA_NAME_STATE = "logs/state/"
      LOC_AREA_NAME_SERVERS = "servers/"
      LOC_AREA_NAME_CLIENTS = "clients/"
      LOC_AREA_NAME_WORKING = "workarea/"
      LOC_AREA_NAME_EXTENSION = "extension/"
      instance = class com.ibm.ws.staticvalue.StaticValue$FinalSingleton@5e269f95
      installRoot = class com.ibm.ws.kernel.service.location.internal.SymbolicRootResource@721596cd
      installParentRoot = class com.ibm.ws.kernel.service.location.internal.SymbolicRootResource@462c9b99
      userRoot = class com.ibm.ws.kernel.service.location.internal.SymbolicRootResource@7fb8092c
      usrExtensionRoot = class com.ibm.ws.kernel.service.location.internal.SymbolicRootResource@1508fb79
      serverConfigDir = class com.ibm.ws.kernel.service.location.internal.SymbolicRootResource@4bf5b4eb
      serverOutputDir = class com.ibm.ws.kernel.service.location.internal.SymbolicRootResource@4bf5b4eb
      bootstrapLib = class com.ibm.ws.kernel.service.location.internal.LocalFileResource@69270e5f
      serverWorkarea = class com.ibm.ws.kernel.service.location.internal.LocalFileResource@56e98b3e
      serverState = class com.ibm.ws.kernel.service.location.internal.LocalFileResource@4e871a9
      sharedAppsRoot = class com.ibm.ws.kernel.service.location.internal.SymbolicRootResource@62dccf33
      sharedConfigRoot = class com.ibm.ws.kernel.service.location.internal.SymbolicRootResource@335860c1
      sharedResourceRoot = class com.ibm.ws.kernel.service.location.internal.SymbolicRootResource@2972bdef
      tmpRoot = class com.ibm.ws.kernel.service.location.internal.SymbolicRootResource@6e50e451
      serverName = "defaultServer"
      resourcePaths = class java.util.ArrayList@6a711bff
      resourceGroups = class java.util.HashMap@1a5f3018
      commonRoot = class com.ibm.ws.kernel.service.location.internal.VirtualRootResource@267e7b79
      serialVersionUID = 7766352982799267432
    _futureMonitor = class com.ibm.ws.threading.internal.FutureMonitorImpl@6d68948c
      _monitor = class java.util.concurrent.ConcurrentLinkedQueue@68bcb2d2
      _executor = class com.ibm.ws.threading.internal.ScheduledExecutorImpl@6cbb6db2
      _threadRunning = class java.util.concurrent.atomic.AtomicBoolean@591ac410
      _thread = class com.ibm.ws.threading.internal.FutureMonitorImpl$1@7aeb24cc
      serialVersionUID = 2765238413969174390
      $$$tc$$$ = class com.ibm.websphere.ras.TraceComponent@298b110c
    _artifactFactory = class com.ibm.ws.artifact.internal.ArtifactContainerFactoryService@6c1e368f
      CATEGORY_PROP_NAME = "category"
      ENTRY_KEY = "com.ibm.wsspi.artifact.ArtifactEntry"
      helperMap = class com.ibm.wsspi.kernel.service.utils.ConcurrentServiceReferenceSetMap@42217b4d
      contributorMap = class com.ibm.wsspi.kernel.service.utils.ConcurrentServiceReferenceSetMap@2039d078
      helperCategoryMap = class com.ibm.wsspi.kernel.service.utils.ConcurrentServiceReferenceSetMap@38e05143
      contributorCategoryMap = class com.ibm.wsspi.kernel.service.utils.ConcurrentServiceReferenceSetMap@5119d902
      categories = class java.util.Collections$SynchronizedSet@18ab3b7f
      baseProperties = class org.apache.felix.scr.impl.helper.ReadOnlyDictionary@76ff9202
      serialVersionUID = -3101641399269402013
      $$$tc$$$ = class com.ibm.websphere.ras.TraceComponent@1af8a927
    _moduleFactory = class com.ibm.ws.adaptable.module.internal.AdaptableModuleFactoryImpl@27af88c1
      adapterFactoryService = class com.ibm.ws.adaptable.module.internal.AdapterFactoryServiceImpl@5ef5bac4
      containerFactory = class com.ibm.ws.artifact.internal.ArtifactContainerFactoryService@6c1e368f
      overlayContainerFactory = class com.ibm.ws.artifact.overlay.internal.OverlayContainerFactoryImpl@5f9793a
      serialVersionUID = 4200251809856292987
      $$$tc$$$ = class com.ibm.websphere.ras.TraceComponent@7643c46e
    _executorService = class com.ibm.ws.threading.internal.ExecutorServiceImpl@12f9f40f
      threadPool = class java.util.concurrent.ThreadPoolExecutor@4fe5618b
      threadPoolController = class com.ibm.ws.threading.internal.ThreadPoolController@2d29356b
      poolName = "Default Executor"
      componentConfig = class org.apache.felix.scr.impl.helper.ReadOnlyDictionary@4e950f26
      interceptorsActive = false
      interceptors = class java.util.concurrent.CopyOnWriteArraySet@1be5003e
      threadFactory = null
      serverStopping = false
      phaser = class java.util.concurrent.Phaser@7fe8d3f0
      serialVersionUID = 2662528932208584803
      $$$tc$$$ = class com.ibm.websphere.ras.TraceComponent@76ab909b
    _scheduledExecutorService = class com.ibm.ws.threading.internal.ScheduledExecutorImpl@6cbb6db2
      threadGroupName = "Scheduled Executor Thread Group"
      executor = class com.ibm.ws.threading.internal.ExecutorServiceImpl@12f9f40f
      serialVersionUID = -9110693807503469597
      $$$tc$$$ = class com.ibm.websphere.ras.TraceComponent@51c991c7
      continueExistingPeriodicTasksAfterShutdown = false
      executeExistingDelayedTasksAfterShutdown = true
      removeOnCancel = false
      sequencer = class java.util.concurrent.atomic.AtomicLong@4661d2be
      DEFAULT_KEEPALIVE_MILLIS = 10
      ctl = class java.util.concurrent.atomic.AtomicInteger@483162eb
      COUNT_BITS = 29
      COUNT_MASK = 536870911
      RUNNING = -536870912
      SHUTDOWN = 0
      STOP = 536870912
      TIDYING = 1073741824
      TERMINATED = 1610612736
      workQueue = class java.util.concurrent.ScheduledThreadPoolExecutor$DelayedWorkQueue@7c36967b
      mainLock = class java.util.concurrent.locks.ReentrantLock@44403b75
      workers = class java.util.HashSet@c7ce561
      termination = class java.util.concurrent.locks.AbstractQueuedSynchronizer$ConditionObject@4f19e83f
      largestPoolSize = 1
      completedTaskCount = 0
      threadFactory = class com.ibm.ws.threading.internal.ThreadFactoryImpl@420a22f5
      handler = class java.util.concurrent.ThreadPoolExecutor$AbortPolicy@29368038
      keepAliveTime = 10000000
      allowCoreThreadTimeOut = false
      corePoolSize = 1
      maximumPoolSize = 2147483647
      defaultHandler = class java.util.concurrent.ThreadPoolExecutor$AbortPolicy@29368038
      shutdownPerm = class java.lang.RuntimePermission@296edd31
      ONLY_ONE = true
      $assertionsDisabled = true
    _asmHelper = class com.ibm.ws.app.manager.internal.ApplicationConfigurator$NamedApplication@7bc4c04c
      appName = "RegistrationAppWeb"
      configPid = "com.ibm.ws.app.manager_65"
      bundleContext = class org.eclipse.osgi.internal.framework.BundleContextImpl@5db2b2d0
      mbeanNotifier = class javax.management.NotificationBroadcasterSupport@187814c4
      sequence = class java.util.concurrent.atomic.AtomicLong@2711ed6a
      appConfig = class com.ibm.ws.app.manager.internal.ApplicationConfig@45ec348e
      asm = class com.ibm.ws.app.manager.internal.statemachine.ApplicationStateMachineImpl@115e81ae
      appTypeSupport = class com.ibm.ws.app.manager.internal.ApplicationConfigurator$ApplicationTypeSupport@5de0eac8
      appRecycleContext = null
      appStateRef = class java.util.concurrent.atomic.AtomicReference@cf85bc7
      appReg = class com.ibm.ws.app.manager.internal.lifecycle.ServiceReg@4aff50e7
      mbeanReg = class com.ibm.ws.app.manager.internal.lifecycle.ServiceReg@622d8e6f
      dynamicMBean = class java.util.concurrent.atomic.AtomicReference@38c19e48
      serialVersionUID = -2429219244222002679
      $$$tc$$$ = class com.ibm.websphere.ras.TraceComponent@5a8e74cc
    _appMonitor = class com.ibm.ws.app.manager.internal.monitor.ApplicationMonitor@3eebfe21
      tc = class com.ibm.websphere.ras.TraceComponent@448e3a2c
      _config = class java.util.concurrent.atomic.AtomicReference@14d13207
      _executorService = class java.util.concurrent.atomic.AtomicReference@240ae1c0
      _appListeners = class java.util.concurrent.ConcurrentHashMap@4fc1eaa0
      serialVersionUID = -6677716415972806660
    enterStateCalled = class java.util.concurrent.atomic.AtomicBoolean@178ed184
      serialVersionUID = 4654671469794556979
      VALUE = class java.lang.invoke.VarHandleInts$FieldInstanceReadWrite@f4bb987
      value = 1
    serialVersionUID = -1399093980790866556
    serialVersionUID = 5501066335104962649
    $$$tc$$$ = class com.ibm.websphere.ras.TraceComponent@528efffc
      strings[0] = "TraceComponent[com.ibm.ws.app.manager.internal.statemachine.ApplicationStateMachine,class com.ibm.ws.app.manager.internal.statemachine.ApplicationStateMachine,[applications, app.manager],com.ibm.ws.app.manager.internal.resources.AppManagerMessages,null]"
  serialVersionUID = 2630639237123415755
  $$$tc$$$ = class com.ibm.websphere.ras.TraceComponent@76af00d5
    strings[0] = "TraceComponent[com.ibm.ws.app.manager.internal.ApplicationInstallInfo,class com.ibm.ws.app.manager.internal.ApplicationInstallInfo,[applications, app.manager],com.ibm.ws.app.manager.internal.resources.AppManagerMessages,null]"

