------Start of DE processing------ = [30/12/18 22:48:24:812 CET]
Exception = com.ibm.wsspi.injectionengine.InjectionException
Source = com.ibm.ws.cdi.impl.weld.injection.WebSphereInjectionServicesImpl.inject
probeid = 248
Stack Dump = com.ibm.wsspi.injectionengine.InjectionException: CWNEN0030E: The server was unable to obtain an object instance for the java:comp/env/colruyt.registration.ArticleManager/em reference.  The exception message was: Exception [EclipseLink-28018] (Eclipse Persistence Services - 2.7.3.v20180807-4be1041): org.eclipse.persistence.exceptions.EntityManagerSetupException
Exception Description: Predeployment of PersistenceUnit [SolTest] failed.
Internal Exception: javax.persistence.PersistenceException: CWWJP0013E: The server cannot locate the java:comp/DefaultDataSource data source for the SolTest persistence unit because it has encountered the following exception: javax.naming.NameNotFoundException: javax.naming.NameNotFoundException: java:comp/DefaultDataSource.
	at com.ibm.wsspi.injectionengine.InjectionBinding.getInjectionObject(InjectionBinding.java:1454)
	at com.ibm.wsspi.injectionengine.InjectionBinding.getInjectableObject(InjectionBinding.java:1368)
	at com.ibm.wsspi.injectionengine.InjectionTarget.inject(InjectionTarget.java:104)
	at com.ibm.ws.cdi.impl.weld.injection.WebSphereInjectionServicesImpl.inject(WebSphereInjectionServicesImpl.java:197)
	at com.ibm.ws.cdi.impl.weld.injection.WebSphereInjectionServicesImpl.inject(WebSphereInjectionServicesImpl.java:149)
	at com.ibm.ws.cdi.impl.weld.injection.WebSphereInjectionServicesImpl.access$000(WebSphereInjectionServicesImpl.java:73)
	at com.ibm.ws.cdi.impl.weld.injection.WebSphereInjectionServicesImpl$1.run(WebSphereInjectionServicesImpl.java:133)
	at com.ibm.ws.cdi.impl.weld.injection.WebSphereInjectionServicesImpl$1.run(WebSphereInjectionServicesImpl.java:129)
	at java.base/java.security.AccessController.doPrivileged(Native Method)
	at com.ibm.ws.cdi.impl.weld.injection.WebSphereInjectionServicesImpl.callInject(WebSphereInjectionServicesImpl.java:129)
	at com.ibm.ws.cdi.impl.weld.injection.WebSphereInjectionServicesImpl.injectJavaEEResources(WebSphereInjectionServicesImpl.java:111)
	at com.ibm.ws.cdi.impl.weld.injection.WebSphereInjectionServicesImpl.aroundInject(WebSphereInjectionServicesImpl.java:316)
	at org.jboss.weld.injection.InjectionContextImpl.run(InjectionContextImpl.java:46)
	at org.jboss.weld.injection.producer.ResourceInjector.inject(ResourceInjector.java:71)
	at org.jboss.weld.injection.producer.BasicInjectionTarget.inject(BasicInjectionTarget.java:117)
	at org.jboss.weld.bean.ManagedBean.create(ManagedBean.java:159)
	at org.jboss.weld.contexts.AbstractContext.get(AbstractContext.java:96)
	at org.jboss.weld.bean.ContextualInstanceStrategy$DefaultContextualInstanceStrategy.get(ContextualInstanceStrategy.java:100)
	at org.jboss.weld.bean.ContextualInstanceStrategy$ApplicationScopedContextualInstanceStrategy.get(ContextualInstanceStrategy.java:140)
	at org.jboss.weld.bean.ContextualInstance.get(ContextualInstance.java:50)
	at org.jboss.weld.bean.proxy.ContextBeanInstance.getInstance(ContextBeanInstance.java:102)
	at org.jboss.weld.bean.proxy.ProxyMethodHandler.getInstance(ProxyMethodHandler.java:131)
	at colruyt.registration.ArticleManager$Proxy$_$$_WeldClientProxy.getAllArticles(Unknown Source)
	at colruyt.registration.RegistrationArticle.getArticles(RegistrationArticle.java:22)
	at colruyt.registration.RegistrationArticle$Proxy$_$$_WeldClientProxy.getArticles(Unknown Source)
	at java.base/jdk.internal.reflect.NativeMethodAccessorImpl.invoke0(Native Method)
	at java.base/jdk.internal.reflect.NativeMethodAccessorImpl.invoke(NativeMethodAccessorImpl.java:62)
	at java.base/jdk.internal.reflect.DelegatingMethodAccessorImpl.invoke(DelegatingMethodAccessorImpl.java:43)
	at java.base/java.lang.reflect.Method.invoke(Method.java:566)
	at com.ibm.ws.jaxrs20.server.LibertyJaxRsServerFactoryBean.performInvocation(LibertyJaxRsServerFactoryBean.java:652)
	at com.ibm.ws.jaxrs20.server.LibertyJaxRsInvoker.performInvocation(LibertyJaxRsInvoker.java:160)
	at org.apache.cxf.service.invoker.AbstractInvoker.invoke(AbstractInvoker.java:96)
	at com.ibm.ws.jaxrs20.server.LibertyJaxRsInvoker.invoke(LibertyJaxRsInvoker.java:273)
	at org.apache.cxf.jaxrs.JAXRSInvoker.invoke(JAXRSInvoker.java:205)
	at com.ibm.ws.jaxrs20.server.LibertyJaxRsInvoker.invoke(LibertyJaxRsInvoker.java:444)
	at org.apache.cxf.jaxrs.JAXRSInvoker.invoke(JAXRSInvoker.java:111)
	at org.apache.cxf.interceptor.ServiceInvokerInterceptor$1.run(ServiceInvokerInterceptor.java:61)
	at org.apache.cxf.interceptor.ServiceInvokerInterceptor.handleMessage(ServiceInvokerInterceptor.java:99)
	at org.apache.cxf.phase.PhaseInterceptorChain.doIntercept(PhaseInterceptorChain.java:308)
	at org.apache.cxf.transport.ChainInitiationObserver.onMessage(ChainInitiationObserver.java:124)
	at org.apache.cxf.transport.http.AbstractHTTPDestination.invoke(AbstractHTTPDestination.java:274)
	at com.ibm.ws.jaxrs20.endpoint.AbstractJaxRsWebEndpoint.invoke(AbstractJaxRsWebEndpoint.java:134)
	at com.ibm.websphere.jaxrs.server.IBMRestServlet.handleRequest(IBMRestServlet.java:146)
	at com.ibm.websphere.jaxrs.server.IBMRestServlet.doGet(IBMRestServlet.java:112)
	at javax.servlet.http.HttpServlet.service(HttpServlet.java:686)
	at com.ibm.websphere.jaxrs.server.IBMRestServlet.service(IBMRestServlet.java:96)
	at com.ibm.ws.webcontainer.servlet.ServletWrapper.service(ServletWrapper.java:1255)
	at com.ibm.ws.webcontainer.servlet.ServletWrapper.handleRequest(ServletWrapper.java:743)
	at com.ibm.ws.webcontainer.servlet.ServletWrapper.handleRequest(ServletWrapper.java:440)
	at com.ibm.ws.webcontainer.filter.WebAppFilterChain.invokeTarget(WebAppFilterChain.java:182)
	at com.ibm.ws.webcontainer.filter.WebAppFilterChain.doFilter(WebAppFilterChain.java:93)
	at com.ibm.ws.security.jaspi.JaspiServletFilter.doFilter(JaspiServletFilter.java:56)
	at com.ibm.ws.webcontainer.filter.FilterInstanceWrapper.doFilter(FilterInstanceWrapper.java:201)
	at com.ibm.ws.webcontainer.filter.WebAppFilterChain.doFilter(WebAppFilterChain.java:90)
	at com.ibm.ws.webcontainer.filter.WebAppFilterManager.doFilter(WebAppFilterManager.java:996)
	at com.ibm.ws.webcontainer.filter.WebAppFilterManager.invokeFilters(WebAppFilterManager.java:1134)
	at com.ibm.ws.webcontainer.webapp.WebApp.handleRequest(WebApp.java:4954)
	at com.ibm.ws.webcontainer.osgi.DynamicVirtualHost$2.handleRequest(DynamicVirtualHost.java:314)
	at com.ibm.ws.webcontainer.WebContainer.handleRequest(WebContainer.java:996)
	at com.ibm.ws.webcontainer.osgi.DynamicVirtualHost$2.run(DynamicVirtualHost.java:279)
	at com.ibm.ws.http.dispatcher.internal.channel.HttpDispatcherLink$TaskWrapper.run(HttpDispatcherLink.java:1023)
	at com.ibm.ws.http.dispatcher.internal.channel.HttpDispatcherLink.wrapHandlerAndExecute(HttpDispatcherLink.java:417)
	at com.ibm.ws.http.dispatcher.internal.channel.HttpDispatcherLink.ready(HttpDispatcherLink.java:376)
	at com.ibm.ws.http.channel.internal.inbound.HttpInboundLink.handleDiscrimination(HttpInboundLink.java:532)
	at com.ibm.ws.http.channel.internal.inbound.HttpInboundLink.handleNewRequest(HttpInboundLink.java:466)
	at com.ibm.ws.http.channel.internal.inbound.HttpInboundLink.processRequest(HttpInboundLink.java:331)
	at com.ibm.ws.http.channel.internal.inbound.HttpICLReadCallback.complete(HttpICLReadCallback.java:70)
	at com.ibm.ws.tcpchannel.internal.WorkQueueManager.requestComplete(WorkQueueManager.java:501)
	at com.ibm.ws.tcpchannel.internal.WorkQueueManager.attemptIO(WorkQueueManager.java:571)
	at com.ibm.ws.tcpchannel.internal.WorkQueueManager.workerRun(WorkQueueManager.java:926)
	at com.ibm.ws.tcpchannel.internal.WorkQueueManager$Worker.run(WorkQueueManager.java:1015)
	at com.ibm.ws.threading.internal.ExecutorServiceImpl$RunnableWrapper.run(ExecutorServiceImpl.java:232)
	at java.base/java.util.concurrent.ThreadPoolExecutor.runWorker(ThreadPoolExecutor.java:1128)
	at java.base/java.util.concurrent.ThreadPoolExecutor$Worker.run(ThreadPoolExecutor.java:628)
	at java.base/java.lang.Thread.run(Thread.java:834)
Caused by: javax.persistence.PersistenceException: Exception [EclipseLink-28018] (Eclipse Persistence Services - 2.7.3.v20180807-4be1041): org.eclipse.persistence.exceptions.EntityManagerSetupException
Exception Description: Predeployment of PersistenceUnit [SolTest] failed.
Internal Exception: javax.persistence.PersistenceException: CWWJP0013E: The server cannot locate the java:comp/DefaultDataSource data source for the SolTest persistence unit because it has encountered the following exception: javax.naming.NameNotFoundException: javax.naming.NameNotFoundException: java:comp/DefaultDataSource.
	at org.eclipse.persistence.internal.jpa.EntityManagerSetupImpl.createPredeployFailedPersistenceException(EntityManagerSetupImpl.java:2104)
	at org.eclipse.persistence.internal.jpa.EntityManagerSetupImpl.predeploy(EntityManagerSetupImpl.java:2080)
	at org.eclipse.persistence.jpa.PersistenceProvider.createContainerEntityManagerFactoryImpl(PersistenceProvider.java:350)
	at org.eclipse.persistence.jpa.PersistenceProvider.createContainerEntityManagerFactory(PersistenceProvider.java:316)
	at com.ibm.ws.jpa.management.JPAPUnitInfo.createEMFactory(JPAPUnitInfo.java:910)
	at com.ibm.ws.jpa.management.JPAPUnitInfo.getEntityManagerFactory(JPAPUnitInfo.java:829)
	at com.ibm.ws.jpa.management.JPAPUnitInfo.getEntityManagerPool(JPAPUnitInfo.java:994)
	at com.ibm.ws.jpa.management.JPATxEntityManager.<init>(JPATxEntityManager.java:147)
	at com.ibm.ws.jpa.container.v22.JPATxEntityManagerV22.<init>(JPATxEntityManagerV22.java:45)
	at com.ibm.ws.jpa.container.v22.internal.JPA22Runtime.createJPATxEntityManager(JPA22Runtime.java:71)
	at com.ibm.ws.jpa.management.AbstractJPAComponent.getEntityManager(AbstractJPAComponent.java:255)
	at com.ibm.ws.jpa.container.osgi.jndi.JPAJndiLookupObjectFactory.getObjectInstance(JPAJndiLookupObjectFactory.java:149)
	at com.ibm.wsspi.injectionengine.InjectionBinding.getInjectionObjectInstance(InjectionBinding.java:1552)
	at com.ibm.wsspi.injectionengine.InjectionBinding.getInjectionObject(InjectionBinding.java:1428)
	... 74 more
Caused by: Exception [EclipseLink-28018] (Eclipse Persistence Services - 2.7.3.v20180807-4be1041): org.eclipse.persistence.exceptions.EntityManagerSetupException
Exception Description: Predeployment of PersistenceUnit [SolTest] failed.
Internal Exception: javax.persistence.PersistenceException: CWWJP0013E: The server cannot locate the java:comp/DefaultDataSource data source for the SolTest persistence unit because it has encountered the following exception: javax.naming.NameNotFoundException: javax.naming.NameNotFoundException: java:comp/DefaultDataSource.
	at org.eclipse.persistence.exceptions.EntityManagerSetupException.predeployFailed(EntityManagerSetupException.java:233)
	... 88 more
Caused by: javax.persistence.PersistenceException: CWWJP0013E: The server cannot locate the java:comp/DefaultDataSource data source for the SolTest persistence unit because it has encountered the following exception: javax.naming.NameNotFoundException: javax.naming.NameNotFoundException: java:comp/DefaultDataSource.
	at com.ibm.ws.jpa.management.JPAPUnitInfo.getJPADataSource(JPAPUnitInfo.java:352)
	at com.ibm.ws.jpa.management.JPAPUnitInfo.lookupJtaDataSource(JPAPUnitInfo.java:420)
	at com.ibm.ws.jpa.management.JPACompPUnitInfo.getJtaDataSource(JPACompPUnitInfo.java:137)
	at org.eclipse.persistence.internal.jpa.EntityManagerSetupImpl.predeploy(EntityManagerSetupImpl.java:1884)
	... 86 more
Caused by: javax.naming.NameNotFoundException: javax.naming.NameNotFoundException: java:comp/DefaultDataSource
	at com.ibm.ws.jndi.url.contexts.javacolon.internal.JavaURLContext.lookup(JavaURLContext.java:355)
	at com.ibm.ws.jndi.url.contexts.javacolon.internal.JavaURLContext.lookup(JavaURLContext.java:370)
	at org.apache.aries.jndi.DelegateContext.lookup(DelegateContext.java:161)
	at java.naming/javax.naming.InitialContext.lookup(InitialContext.java:409)
	at com.ibm.ws.jpa.container.osgi.internal.OSGiJPAPUnitInfo.lookupDataSource(OSGiJPAPUnitInfo.java:317)
	at com.ibm.ws.jpa.management.JPAPUnitInfo.getJPADataSource(JPAPUnitInfo.java:333)
	... 89 more

Dump of callerThis
Object type = com.ibm.ws.cdi.impl.weld.injection.WebSphereInjectionServicesImpl
  tc = class com.ibm.websphere.ras.TraceComponent@10d41b01
    strings[0] = "TraceComponent[com.ibm.ws.cdi.impl.weld.injection.WebSphereInjectionServicesImpl,class com.ibm.ws.cdi.impl.weld.injection.WebSphereInjectionServicesImpl,[JCDI],com.ibm.ws.cdi.impl.resources.CDI,null]"
  ANNOTATIONS_KNOWN_TO_WELD = class java.util.HashSet@21d2b460
    serialVersionUID = -5024744406713321676
    map = class java.util.HashMap@4789f7da
      serialVersionUID = 362498820763181265
      DEFAULT_INITIAL_CAPACITY = 16
      MAXIMUM_CAPACITY = 1073741824
      DEFAULT_LOAD_FACTOR = 0.75
      TREEIFY_THRESHOLD = 8
      UNTREEIFY_THRESHOLD = 6
      MIN_TREEIFY_CAPACITY = 64
      table = class java.util.HashMap$Node[16]
      entrySet = null
      size = 1
      modCount = 1
      threshold = 12
      loadFactor = 0.75
      keySet = null
      values = null
    PRESENT = class java.lang.Object@5b869289
    MAX_ARRAY_SIZE = 2147483639
  referenceContextMap = class java.util.HashMap@28305805
    serialVersionUID = 362498820763181265
    DEFAULT_INITIAL_CAPACITY = 16
    MAXIMUM_CAPACITY = 1073741824
    DEFAULT_LOAD_FACTOR = 0.75
    TREEIFY_THRESHOLD = 8
    UNTREEIFY_THRESHOLD = 6
    MIN_TREEIFY_CAPACITY = 64
    table = class java.util.HashMap$Node[16]
      Node[0] = null
      Node[1] = null
      Node[2] = null
      Node[3] = null
      Node[4] = class java.util.HashMap$Node@6a93e023
      Node[5] = null
      Node[6] = class java.util.HashMap$Node@2fc622aa
      Node[7] = null
      Node[8] = null
      Node[9] = null
      Node[10] = null
      Node[11] = null
      Node[12] = null
      Node[13] = null
      Node[14] = null
      Node[15] = class java.util.HashMap$Node@752de0d1
    entrySet = null
    size = 3
    modCount = 3
    threshold = 12
    loadFactor = 0.75
    keySet = null
    values = null
  referenceContexts = class java.util.HashSet@30e59edc
    serialVersionUID = -5024744406713321676
    map = class java.util.HashMap@5df59a82
      serialVersionUID = 362498820763181265
      DEFAULT_INITIAL_CAPACITY = 16
      MAXIMUM_CAPACITY = 1073741824
      DEFAULT_LOAD_FACTOR = 0.75
      TREEIFY_THRESHOLD = 8
      UNTREEIFY_THRESHOLD = 6
      MIN_TREEIFY_CAPACITY = 64
      table = class java.util.HashMap$Node[16]
      entrySet = null
      size = 1
      modCount = 1
      threshold = 12
      loadFactor = 0.75
      keySet = class java.util.HashMap$KeySet@7fccc0c2
      values = null
    PRESENT = class java.lang.Object@5b869289
    MAX_ARRAY_SIZE = 2147483639
  injectionTargetListeners = class java.util.concurrent.ConcurrentHashMap@5996a4e3
    serialVersionUID = 7249069246763182397
    MAXIMUM_CAPACITY = 1073741824
    DEFAULT_CAPACITY = 16
    MAX_ARRAY_SIZE = 2147483639
    DEFAULT_CONCURRENCY_LEVEL = 16
    LOAD_FACTOR = 0.75
    TREEIFY_THRESHOLD = 8
    UNTREEIFY_THRESHOLD = 6
    MIN_TREEIFY_CAPACITY = 64
    MIN_TRANSFER_STRIDE = 16
    RESIZE_STAMP_BITS = 16
    MAX_RESIZERS = 65535
    RESIZE_STAMP_SHIFT = 16
    MOVED = -1
    TREEBIN = -2
    RESERVED = -3
    HASH_BITS = 2147483647
    NCPU = 12
    serialPersistentFields = class java.io.ObjectStreamField[3]
      ObjectStreamField[0] = class java.io.ObjectStreamField@5026a579
      ObjectStreamField[1] = class java.io.ObjectStreamField@3e915cb2
      ObjectStreamField[2] = class java.io.ObjectStreamField@3307b3c8
    table = class java.util.concurrent.ConcurrentHashMap$Node[16]
      Node[0] = null
      Node[1] = null
      Node[2] = null
      Node[3] = null
      Node[4] = null
      Node[5] = null
      Node[6] = null
      Node[7] = null
      Node[8] = null
      Node[9] = null
      Node[10] = null
      Node[11] = null
      Node[12] = null
      Node[13] = null
      Node[14] = null
      Node[15] = null
    nextTable = null
    baseCount = 0
    sizeCtl = 12
    transferIndex = 0
    cellsBusy = 0
    counterCells = null
    keySet = null
    values = null
    entrySet = null
    U = class jdk.internal.misc.Unsafe@7cd23eaa
      Failed to resolve fields for jdk.internal.misc.Unsafe = "java.lang.reflect.InaccessibleObjectException: Unable to make field private static final jdk.internal.misc.Unsafe jdk.internal.misc.Unsafe.theUnsafe accessible: module java.base does not "opens jdk.internal.misc" to unnamed module @448ff1a8
	at java.base/java.lang.reflect.AccessibleObject.checkCanSetAccessible(AccessibleObject.java:340)
	at java.base/java.lang.reflect.AccessibleObject.checkCanSetAccessible(AccessibleObject.java:280)
	at java.base/java.lang.reflect.Field.checkCanSetAccessible(Field.java:176)
	at java.base/java.lang.reflect.AccessibleObject.setAccessible(AccessibleObject.java:123)
	at com.ibm.ws.logging.internal.impl.IntrospectionLevelMember$2.run(IntrospectionLevelMember.java:316)
	at com.ibm.ws.logging.internal.impl.IntrospectionLevelMember$2.run(IntrospectionLevelMember.java:310)
	at java.base/java.security.AccessController.doPrivileged(Native Method)
	at com.ibm.ws.logging.internal.impl.IntrospectionLevelMember.getFields(IntrospectionLevelMember.java:310)
	at com.ibm.ws.logging.internal.impl.IntrospectionLevelMember.introspectViaReflection(IntrospectionLevelMember.java:199)
	at com.ibm.ws.logging.internal.impl.IntrospectionLevelMember.getChildren(IntrospectionLevelMember.java:163)
	at com.ibm.ws.logging.internal.impl.IntrospectionLevel.getNextLevel(IntrospectionLevel.java:100)
	at com.ibm.ws.logging.internal.impl.IncidentStreamImpl.introspect(IncidentStreamImpl.java:437)
	at com.ibm.ws.logging.internal.impl.IncidentStreamImpl.introspectAndWrite(IncidentStreamImpl.java:129)
	at com.ibm.ws.logging.internal.impl.IncidentStreamImpl.introspectAndWriteLine(IncidentStreamImpl.java:164)
	at com.ibm.ws.logging.internal.impl.IncidentLogger.logIncident(IncidentLogger.java:97)
	at com.ibm.ws.logging.internal.impl.IncidentLogger.logIncident(IncidentLogger.java:35)
	at com.ibm.ws.logging.internal.impl.IncidentImpl.log(IncidentImpl.java:249)
	at com.ibm.ws.logging.internal.impl.BaseFFDCService.log(BaseFFDCService.java:239)
	at com.ibm.ws.logging.internal.impl.BaseFFDCService.processException(BaseFFDCService.java:180)
	at com.ibm.ws.ffdc.FFDCFilter.processException(FFDCFilter.java:60)
	at com.ibm.ws.cdi.impl.weld.injection.WebSphereInjectionServicesImpl.inject(WebSphereInjectionServicesImpl.java:203)
	at com.ibm.ws.cdi.impl.weld.injection.WebSphereInjectionServicesImpl.inject(WebSphereInjectionServicesImpl.java:149)
	at com.ibm.ws.cdi.impl.weld.injection.WebSphereInjectionServicesImpl.access$000(WebSphereInjectionServicesImpl.java:73)
	at com.ibm.ws.cdi.impl.weld.injection.WebSphereInjectionServicesImpl$1.run(WebSphereInjectionServicesImpl.java:133)
	at com.ibm.ws.cdi.impl.weld.injection.WebSphereInjectionServicesImpl$1.run(WebSphereInjectionServicesImpl.java:129)
	at java.base/java.security.AccessController.doPrivileged(Native Method)
	at com.ibm.ws.cdi.impl.weld.injection.WebSphereInjectionServicesImpl.callInject(WebSphereInjectionServicesImpl.java:129)
	at com.ibm.ws.cdi.impl.weld.injection.WebSphereInjectionServicesImpl.injectJavaEEResources(WebSphereInjectionServicesImpl.java:111)
	at com.ibm.ws.cdi.impl.weld.injection.WebSphereInjectionServicesImpl.aroundInject(WebSphereInjectionServicesImpl.java:316)
	at org.jboss.weld.injection.InjectionContextImpl.run(InjectionContextImpl.java:46)
	at org.jboss.weld.injection.producer.ResourceInjector.inject(ResourceInjector.java:71)
	at org.jboss.weld.injection.producer.BasicInjectionTarget.inject(BasicInjectionTarget.java:117)
	at org.jboss.weld.bean.ManagedBean.create(ManagedBean.java:159)
	at org.jboss.weld.contexts.AbstractContext.get(AbstractContext.java:96)
	at org.jboss.weld.bean.ContextualInstanceStrategy$DefaultContextualInstanceStrategy.get(ContextualInstanceStrategy.java:100)
	at org.jboss.weld.bean.ContextualInstanceStrategy$ApplicationScopedContextualInstanceStrategy.get(ContextualInstanceStrategy.java:140)
	at org.jboss.weld.bean.ContextualInstance.get(ContextualInstance.java:50)
	at org.jboss.weld.bean.proxy.ContextBeanInstance.getInstance(ContextBeanInstance.java:102)
	at org.jboss.weld.bean.proxy.ProxyMethodHandler.getInstance(ProxyMethodHandler.java:131)
	at colruyt.registration.ArticleManager$Proxy$_$$_WeldClientProxy.getAllArticles(Unknown Source)
	at colruyt.registration.RegistrationArticle.getArticles(RegistrationArticle.java:22)
	at colruyt.registration.RegistrationArticle$Proxy$_$$_WeldClientProxy.getArticles(Unknown Source)
	at java.base/jdk.internal.reflect.NativeMethodAccessorImpl.invoke0(Native Method)
	at java.base/jdk.internal.reflect.NativeMethodAccessorImpl.invoke(NativeMethodAccessorImpl.java:62)
	at java.base/jdk.internal.reflect.DelegatingMethodAccessorImpl.invoke(DelegatingMethodAccessorImpl.java:43)
	at java.base/java.lang.reflect.Method.invoke(Method.java:566)
	at com.ibm.ws.jaxrs20.server.LibertyJaxRsServerFactoryBean.performInvocation(LibertyJaxRsServerFactoryBean.java:652)
	at com.ibm.ws.jaxrs20.server.LibertyJaxRsInvoker.performInvocation(LibertyJaxRsInvoker.java:160)
	at org.apache.cxf.service.invoker.AbstractInvoker.invoke(AbstractInvoker.java:96)
	at com.ibm.ws.jaxrs20.server.LibertyJaxRsInvoker.invoke(LibertyJaxRsInvoker.java:273)
	at org.apache.cxf.jaxrs.JAXRSInvoker.invoke(JAXRSInvoker.java:205)
	at com.ibm.ws.jaxrs20.server.LibertyJaxRsInvoker.invoke(LibertyJaxRsInvoker.java:444)
	at org.apache.cxf.jaxrs.JAXRSInvoker.invoke(JAXRSInvoker.java:111)
	at org.apache.cxf.interceptor.ServiceInvokerInterceptor$1.run(ServiceInvokerInterceptor.java:61)
	at org.apache.cxf.interceptor.ServiceInvokerInterceptor.handleMessage(ServiceInvokerInterceptor.java:99)
	at org.apache.cxf.phase.PhaseInterceptorChain.doIntercept(PhaseInterceptorChain.java:308)
	at org.apache.cxf.transport.ChainInitiationObserver.onMessage(ChainInitiationObserver.java:124)
	at org.apache.cxf.transport.http.AbstractHTTPDestination.invoke(AbstractHTTPDestination.java:274)
	at com.ibm.ws.jaxrs20.endpoint.AbstractJaxRsWebEndpoint.invoke(AbstractJaxRsWebEndpoint.java:134)
	at com.ibm.websphere.jaxrs.server.IBMRestServlet.handleRequest(IBMRestServlet.java:146)
	at com.ibm.websphere.jaxrs.server.IBMRestServlet.doGet(IBMRestServlet.java:112)
	at javax.servlet.http.HttpServlet.service(HttpServlet.java:686)
	at com.ibm.websphere.jaxrs.server.IBMRestServlet.service(IBMRestServlet.java:96)
	at com.ibm.ws.webcontainer.servlet.ServletWrapper.service(ServletWrapper.java:1255)
	at com.ibm.ws.webcontainer.servlet.ServletWrapper.handleRequest(ServletWrapper.java:743)
	at com.ibm.ws.webcontainer.servlet.ServletWrapper.handleRequest(ServletWrapper.java:440)
	at com.ibm.ws.webcontainer.filter.WebAppFilterChain.invokeTarget(WebAppFilterChain.java:182)
	at com.ibm.ws.webcontainer.filter.WebAppFilterChain.doFilter(WebAppFilterChain.java:93)
	at com.ibm.ws.security.jaspi.JaspiServletFilter.doFilter(JaspiServletFilter.java:56)
	at com.ibm.ws.webcontainer.filter.FilterInstanceWrapper.doFilter(FilterInstanceWrapper.java:201)
	at com.ibm.ws.webcontainer.filter.WebAppFilterChain.doFilter(WebAppFilterChain.java:90)
	at com.ibm.ws.webcontainer.filter.WebAppFilterManager.doFilter(WebAppFilterManager.java:996)
	at com.ibm.ws.webcontainer.filter.WebAppFilterManager.invokeFilters(WebAppFilterManager.java:1134)
	at com.ibm.ws.webcontainer.webapp.WebApp.handleRequest(WebApp.java:4954)
	at com.ibm.ws.webcontainer.osgi.DynamicVirtualHost$2.handleRequest(DynamicVirtualHost.java:314)
	at com.ibm.ws.webcontainer.WebContainer.handleRequest(WebContainer.java:996)
	at com.ibm.ws.webcontainer.osgi.DynamicVirtualHost$2.run(DynamicVirtualHost.java:279)
	at com.ibm.ws.http.dispatcher.internal.channel.HttpDispatcherLink$TaskWrapper.run(HttpDispatcherLink.java:1023)
	at com.ibm.ws.http.dispatcher.internal.channel.HttpDispatcherLink.wrapHandlerAndExecute(HttpDispatcherLink.java:417)
	at com.ibm.ws.http.dispatcher.internal.channel.HttpDispatcherLink.ready(HttpDispatcherLink.java:376)
	at com.ibm.ws.http.channel.internal.inbound.HttpInboundLink.handleDiscrimination(HttpInboundLink.java:532)
	at com.ibm.ws.http.channel.internal.inbound.HttpInboundLink.handleNewRequest(HttpInboundLink.java:466)
	at com.ibm.ws.http.channel.internal.inbound.HttpInboundLink.processRequest(HttpInboundLink.java:331)
	at com.ibm.ws.http.channel.internal.inbound.HttpICLReadCallback.complete(HttpICLReadCallback.java:70)
	at com.ibm.ws.tcpchannel.internal.WorkQueueManager.requestComplete(WorkQueueManager.java:501)
	at com.ibm.ws.tcpchannel.internal.WorkQueueManager.attemptIO(WorkQueueManager.java:571)
	at com.ibm.ws.tcpchannel.internal.WorkQueueManager.workerRun(WorkQueueManager.java:926)
	at com.ibm.ws.tcpchannel.internal.WorkQueueManager$Worker.run(WorkQueueManager.java:1015)
	at com.ibm.ws.threading.internal.ExecutorServiceImpl$RunnableWrapper.run(ExecutorServiceImpl.java:232)
	at java.base/java.util.concurrent.ThreadPoolExecutor.runWorker(ThreadPoolExecutor.java:1128)
	at java.base/java.util.concurrent.ThreadPoolExecutor$Worker.run(ThreadPoolExecutor.java:628)
	at java.base/java.lang.Thread.run(Thread.java:834)
"
    SIZECTL = 20
    TRANSFERINDEX = 32
    BASECOUNT = 24
    CELLSBUSY = 36
    CELLVALUE = 144
    ABASE = 16
    ASHIFT = 2
    keySet = null
    values = null
  deployment = class com.ibm.ws.cdi.impl.weld.WebSphereCDIDeploymentImpl@6d537a05
    id = "SolTest"
    deploymentDBAs = class java.util.HashMap@61f1b7c2
      serialVersionUID = 362498820763181265
      DEFAULT_INITIAL_CAPACITY = 16
      MAXIMUM_CAPACITY = 1073741824
      DEFAULT_LOAD_FACTOR = 0.75
      TREEIFY_THRESHOLD = 8
      UNTREEIFY_THRESHOLD = 6
      MIN_TREEIFY_CAPACITY = 64
      table = class java.util.HashMap$Node[16]
      entrySet = null
      size = 9
      modCount = 9
      threshold = 12
      loadFactor = 0.75
      keySet = null
      values = class java.util.HashMap$Values@2518dc56
    applicationBDAs = class java.util.HashSet@5fa75073
      serialVersionUID = -5024744406713321676
      map = class java.util.HashMap@3b55692d
      PRESENT = class java.lang.Object@5b869289
      MAX_ARRAY_SIZE = 2147483639
    extensionBDAs = class java.util.HashMap@7ef57fd3
      serialVersionUID = 362498820763181265
      DEFAULT_INITIAL_CAPACITY = 16
      MAXIMUM_CAPACITY = 1073741824
      DEFAULT_LOAD_FACTOR = 0.75
      TREEIFY_THRESHOLD = 8
      UNTREEIFY_THRESHOLD = 6
      MIN_TREEIFY_CAPACITY = 64
      table = class java.util.HashMap$Node[16]
      entrySet = null
      size = 6
      modCount = 6
      threshold = 12
      loadFactor = 0.75
      keySet = null
      values = class java.util.HashMap$Values@5774a7e3
    orderedBDAs = class java.util.ArrayList@13bf29c9
      serialVersionUID = 8683452581122892189
      DEFAULT_CAPACITY = 10
      EMPTY_ELEMENTDATA = class java.lang.Object[0]
      DEFAULTCAPACITY_EMPTY_ELEMENTDATA = class java.lang.Object[0]
      elementData = class java.lang.Object[10]
      size = 7
      MAX_ARRAY_SIZE = 2147483639
      modCount = 2
      MAX_ARRAY_SIZE = 2147483639
    bootstrap = class org.jboss.weld.bootstrap.WeldBootstrap@7f9cd3db
      weldStartup = null
      weldRuntime = class org.jboss.weld.bootstrap.WeldRuntime@6e8d90bb
      beansXmlValidator = null
    classloader = class com.ibm.ws.classloading.internal.AppClassLoader@39c2e624
      tc = class com.ibm.websphere.ras.TraceComponent@1d152e95
      PARENT_FIRST_SEARCH_ORDER = class java.util.Collections$UnmodifiableRandomAccessList@63341573
      CLASS_LOADING_TRACE_PREFIX = "com.ibm.ws.class.load."
      DEFAULT_PACKAGE = "default.package"
      perPackageClassLoadingTraceComponents = class java.util.concurrent.ConcurrentHashMap@6d23732e
      config = class com.ibm.ws.classloading.internal.ClassLoaderConfigurationImpl@39668edf
      privateLibraries = null
      delegateLoaders = class com.ibm.ws.classloading.internal.util.CompositeIterable@4bdf6daf
      nativeLibraryFiles = class java.util.ArrayList@883762a
      transformers = class java.util.ArrayList@7ecfde17
      apiAccess = class com.ibm.ws.classloading.internal.GatewayClassLoader@2ce9d346
      generator = class com.ibm.ws.classloading.internal.ClassGeneratorManager@7352b767
      protectionDomains = class java.util.concurrent.ConcurrentHashMap@43500eb7
      parent = class com.ibm.ws.classloading.internal.GatewayClassLoader@2ce9d346
      serialVersionUID = -1542993300419972783
      tc = class com.ibm.websphere.ras.TraceComponent@334884f3
      smartClassPath = class com.ibm.ws.classloading.internal.ContainerClassLoader$SmartClassPathImpl@36412d4f
      nativeLibraryContainers = class java.util.ArrayList@75a7a886
      redefiner = class com.ibm.ws.classloading.internal.util.ClassRedefiner@2d985b79
      hook = null
      mapCreationQueue = class java.util.concurrent.Executors$FinalizableDelegatedExecutorService@f79bcd5
      serialVersionUID = -5001410721240711
      serialVersionUID = -7411549862368381758
      $$$tc$$$ = class com.ibm.websphere.ras.TraceComponent@60353df9
      serialVersionUID = -4868702105808481416
      $$$tc$$$ = class com.ibm.websphere.ras.TraceComponent@b180e04
      serialVersionUID = 2596921220292114344
      $$$tc$$$ = class com.ibm.websphere.ras.TraceComponent@112cf030
      initialized = true
      pdcache = class java.util.concurrent.ConcurrentHashMap@7846ae23
      parent = class com.ibm.ws.classloading.internal.GatewayClassLoader@2ce9d346
      name = null
      unnamedModule = class java.lang.Module@17ea71c1
      nameAndId = "com.ibm.ws.classloading.internal.AppClassLoader @39c2e624"
      parallelLockMap = null
      package2certs = class java.util.Hashtable@5537e8fd
      nocerts = class java.security.cert.Certificate[0]
      classes = class java.util.Vector@b1d55a8
      defaultDomain = class java.security.ProtectionDomain@4667c55e
      packages = class java.util.concurrent.ConcurrentHashMap@2c7c02a
      scl = class jdk.internal.loader.ClassLoaders$AppClassLoader@512ddf17
      usr_paths = class java.lang.String[6]
      sys_paths = class java.lang.String[1]
      loadedLibraryNames = class java.util.HashSet@71b96163
      systemNativeLibraries = class java.util.concurrent.ConcurrentHashMap@4d4329ee
      nativeLibraries = null
      assertionLock = class com.ibm.ws.classloading.internal.AppClassLoader@39c2e624
      defaultAssertionStatus = false
      packageAssertionStatus = null
      classAssertionStatus = null
      classLoaderValueMap = null
      $assertionsDisabled = true
    extensionClassLoaders = class java.util.HashSet@1a5d2093
      serialVersionUID = -5024744406713321676
      map = class java.util.HashMap@6686f14
      PRESENT = class java.lang.Object@5b869289
      MAX_ARRAY_SIZE = 2147483639
    cdiEnabled = true
    cdiStatusMap = class java.util.HashMap@4f03cfec
      serialVersionUID = 362498820763181265
      DEFAULT_INITIAL_CAPACITY = 16
      MAXIMUM_CAPACITY = 1073741824
      DEFAULT_LOAD_FACTOR = 0.75
      TREEIFY_THRESHOLD = 8
      UNTREEIFY_THRESHOLD = 6
      MIN_TREEIFY_CAPACITY = 64
      table = class java.util.HashMap$Node[16]
      entrySet = null
      size = 1
      modCount = 1
      threshold = 12
      loadFactor = 0.75
      keySet = null
      values = null
    classBDAMap = class java.util.concurrent.ConcurrentHashMap@259856a4
      serialVersionUID = 7249069246763182397
      MAXIMUM_CAPACITY = 1073741824
      DEFAULT_CAPACITY = 16
      MAX_ARRAY_SIZE = 2147483639
      DEFAULT_CONCURRENCY_LEVEL = 16
      LOAD_FACTOR = 0.75
      TREEIFY_THRESHOLD = 8
      UNTREEIFY_THRESHOLD = 6
      MIN_TREEIFY_CAPACITY = 64
      MIN_TRANSFER_STRIDE = 16
      RESIZE_STAMP_BITS = 16
      MAX_RESIZERS = 65535
      RESIZE_STAMP_SHIFT = 16
      MOVED = -1
      TREEBIN = -2
      RESERVED = -3
      HASH_BITS = 2147483647
      NCPU = 12
      serialPersistentFields = class java.io.ObjectStreamField[3]
      table = class java.util.concurrent.ConcurrentHashMap$Node[128]
      nextTable = null
      baseCount = 69
      sizeCtl = 96
      transferIndex = 0
      cellsBusy = 0
      counterCells = class java.util.concurrent.ConcurrentHashMap$CounterCell[2]
      keySet = null
      values = null
      entrySet = null
      U = class jdk.internal.misc.Unsafe@7cd23eaa
      SIZECTL = 20
      TRANSFERINDEX = 32
      BASECOUNT = 24
      CELLSBUSY = 36
      CELLVALUE = 144
      ABASE = 16
      ASHIFT = 2
      keySet = null
      values = null
    application = class com.ibm.ws.cdi.internal.archive.liberty.ApplicationImpl@3c835bc7
      tc = class com.ibm.websphere.ras.TraceComponent@71118e72
      applicationInfo = class com.ibm.ws.container.service.app.deploy.internal.ApplicationInfoImpl@305fe963
      earApplicationInfo = null
      factory = class com.ibm.ws.cdi.internal.archive.liberty.RuntimeFactory@6eaa0bf5
      type = class com.ibm.ws.cdi.internal.interfaces.ApplicationType@1a4e92f5
      moduleArchives = class java.util.HashMap$Values@24453bcb
      libraryArchives = class java.util.HashMap$Values@6e6dfee2
      serialVersionUID = -758033848591896501
    serviceRegistry = class org.jboss.weld.bootstrap.api.helpers.SimpleServiceRegistry@4f29bd7c
      services = class java.util.HashMap@21642dfe
      bootstrapServices = class java.util.HashSet@cd28e7c
    extensions = class java.util.HashSet@1e0477da
      serialVersionUID = -5024744406713321676
      map = class java.util.HashMap@41e7016b
      PRESENT = class java.lang.Object@5b869289
      MAX_ARRAY_SIZE = 2147483639
    injectionServices = class com.ibm.ws.cdi.impl.weld.injection.WebSphereInjectionServicesImpl@1dee8e85
    cdiRuntime = class com.ibm.ws.cdi.liberty.CDIRuntimeImpl@79ce3fc8
      tc = class com.ibm.websphere.ras.TraceComponent@53d200d7
      metaDataSlotServiceSR = class com.ibm.wsspi.kernel.service.utils.AtomicServiceReference@489fa101
      ejbEndpointServiceSR = class com.ibm.wsspi.kernel.service.utils.AtomicServiceReference@213b356b
      classLoadingSRRef = class com.ibm.wsspi.kernel.service.utils.AtomicServiceReference@1bb3fa56
      ejbServices = class com.ibm.wsspi.kernel.service.utils.AtomicServiceReference@4f6bac97
      transactionService = class com.ibm.wsspi.kernel.service.utils.AtomicServiceReference@7a498bd2
      securityServices = class com.ibm.wsspi.kernel.service.utils.AtomicServiceReference@221799d
      extensionsSR = class com.ibm.wsspi.kernel.service.utils.ConcurrentServiceReferenceSet@6c442c5
      containerFactorySRRef = class com.ibm.wsspi.kernel.service.utils.AtomicServiceReference@1459599e
      adaptableModuleFactorySRRef = class com.ibm.wsspi.kernel.service.utils.AtomicServiceReference@227847dc
      injectionEngineServiceRef = class com.ibm.wsspi.kernel.service.utils.AtomicServiceReference@2b1c2f9f
      scheduledExecutorServiceRef = class com.ibm.wsspi.kernel.service.utils.AtomicServiceReference@fea9253
      executorServiceRef = class com.ibm.wsspi.kernel.service.utils.AtomicServiceReference@5121af99
      managedExecutorServiceRef = class com.ibm.wsspi.kernel.service.utils.AtomicServiceReference@310744c6
      containerConfigRef = class com.ibm.wsspi.kernel.service.utils.AtomicServiceReference@7badf5ae
      resourceRefConfigFactoryRef = class com.ibm.wsspi.kernel.service.utils.AtomicServiceReference@208e9882
      deferredMetaDataFactoryRef = class com.ibm.wsspi.kernel.service.utils.AtomicServiceReference@7c8fb66d
      applicationSlot = class com.ibm.ws.runtime.metadata.MetaDataSlotImpl@77a5fc4e
      isClientProcess = false
      runtimeFactory = class com.ibm.ws.cdi.internal.archive.liberty.RuntimeFactory@6eaa0bf5
      proxyServices = class com.ibm.ws.cdi.liberty.ProxyServicesImpl@63316791
      serialVersionUID = 3303311990318899787
      cdiContainer = class com.ibm.ws.cdi.impl.CDIContainerImpl@58126569
      serialVersionUID = -3685775177967064433
      $$$tc$$$ = class com.ibm.websphere.ras.TraceComponent@45e463de
    cdi = class com.ibm.ws.cdi.impl.CDIImpl@5fb50e55
      cdiService = class com.ibm.ws.cdi.liberty.CDIRuntimeImpl@79ce3fc8
      serialVersionUID = -7939958868102936626
      $$$tc$$$ = class com.ibm.websphere.ras.TraceComponent@23fd7556
      knownClassNames = class org.jboss.weld.util.collections.ImmutableTinySet$Tripleton@60f29c41
      instanceCache = class org.jboss.weld.util.cache.ReentrantMapBackedComputingCache@68cadfe8
      lock = class java.lang.Object@1ffab302
      discoveredProviders = null
      configuredProvider = class com.ibm.ws.cdi.liberty.CDIRuntimeImpl@79ce3fc8
    serialVersionUID = 8639462765890932626
    $$$tc$$$ = class com.ibm.websphere.ras.TraceComponent@240d61c7
      strings[0] = "TraceComponent[com.ibm.ws.cdi.impl.weld.WebSphereCDIDeploymentImpl,class com.ibm.ws.cdi.impl.weld.WebSphereCDIDeploymentImpl,[JCDI],com.ibm.ws.cdi.impl.resources.CDI,null]"
  serialVersionUID = 2515575801175940133

