------Start of DE processing------ = [18/12/18 22:02:46:035 CET]
Exception = org.jboss.weld.exceptions.DefinitionException
Source = com.ibm.ws.container.service.state.internal.ApplicationStateManager
probeid = 31
Stack Dump = org.jboss.weld.exceptions.DefinitionException: WELD-000075: Normal scoped managed bean implementation class has a public field:  [EnhancedAnnotatedFieldImpl] public net.wasdev.reg.Attendees.attendees
	at org.jboss.weld.bean.ManagedBean.checkBeanImplementation(ManagedBean.java:231)
	at org.jboss.weld.bean.AbstractClassBean.internalInitialize(AbstractClassBean.java:74)
	at org.jboss.weld.bean.ManagedBean.internalInitialize(ManagedBean.java:105)
	at org.jboss.weld.bean.RIBean.initialize(RIBean.java:69)
	at org.jboss.weld.bootstrap.ConcurrentBeanDeployer$4.doWork(ConcurrentBeanDeployer.java:96)
	at org.jboss.weld.bootstrap.ConcurrentBeanDeployer$4.doWork(ConcurrentBeanDeployer.java:93)
	at org.jboss.weld.executor.IterativeWorkerTaskFactory$1.call(IterativeWorkerTaskFactory.java:62)
	at org.jboss.weld.executor.IterativeWorkerTaskFactory$1.call(IterativeWorkerTaskFactory.java:55)
	at com.ibm.ws.threading.internal.PolicyTaskFutureImpl.run(PolicyTaskFutureImpl.java:692)
	at com.ibm.ws.threading.internal.PolicyExecutorImpl.runTask(PolicyExecutorImpl.java:1128)
	at com.ibm.ws.threading.internal.PolicyExecutorImpl$GlobalPoolTask.run(PolicyExecutorImpl.java:186)
	at java.base/java.util.concurrent.ThreadPoolExecutor.runWorker(ThreadPoolExecutor.java:1128)
	at java.base/java.util.concurrent.ThreadPoolExecutor$Worker.run(ThreadPoolExecutor.java:628)
	at java.base/java.lang.Thread.run(Thread.java:834)

Dump of callerThis
Object type = com.ibm.ws.container.service.state.internal.ApplicationStateManager
  serialVersionUID = -6685368059484454124
  $$$tc$$$ = class com.ibm.websphere.ras.TraceComponent@474bd61d
    strings[0] = "TraceComponent[com.ibm.ws.container.service.state.internal.ApplicationStateManager,class com.ibm.ws.container.service.state.internal.ApplicationStateManager,[Runtime],,null]"
  listeners = class com.ibm.wsspi.kernel.service.utils.ConcurrentServiceReferenceSet@649f3fce
    referenceName = "applicationStateListeners"
    contextRef = class java.util.concurrent.atomic.AtomicReference@45ab109d
      serialVersionUID = -1848883965231344442
      VALUE = class java.lang.invoke.VarHandleObjects$FieldInstanceReadWrite@207ba4d9
      value = class org.apache.felix.scr.impl.manager.ComponentContextImpl@ccb11f1
    elementMap = class java.util.LinkedHashMap@546ff0b7
      serialVersionUID = 3801124242820219131
      head = class java.util.LinkedHashMap$Entry@5c04e577
      tail = class java.util.LinkedHashMap$Entry@75f7139
      accessOrder = false
      serialVersionUID = 362498820763181265
      DEFAULT_INITIAL_CAPACITY = 16
      MAXIMUM_CAPACITY = 1073741824
      DEFAULT_LOAD_FACTOR = 0.75
      TREEIFY_THRESHOLD = 8
      UNTREEIFY_THRESHOLD = 6
      MIN_TREEIFY_CAPACITY = 64
      table = class java.util.HashMap$Node[16]
      entrySet = null
      size = 10
      modCount = 14
      threshold = 12
      loadFactor = 0.75
      keySet = null
      values = null
    elementSet = class java.util.concurrent.ConcurrentSkipListSet@bf4ed1a
      serialVersionUID = -2479143111061671589
      m = class java.util.concurrent.ConcurrentSkipListMap@71de2fd0
      MAX_ARRAY_SIZE = 2147483639
    elementSetUnsorted = false
    serialVersionUID = 756240983881166148
    $$$tc$$$ = class com.ibm.websphere.ras.TraceComponent@7372bbd
      strings[0] = "TraceComponent[com.ibm.wsspi.kernel.service.utils.ConcurrentServiceReferenceSet,class com.ibm.wsspi.kernel.service.utils.ConcurrentServiceReferenceSet,[kernelUtils],com.ibm.ws.kernel.service.utils.resources.ServiceMessages,null]"
  serialVersionUID = 2284273176985484160
  $$$tc$$$ = class com.ibm.websphere.ras.TraceComponent@2f9056ce
    strings[0] = "TraceComponent[com.ibm.ws.container.service.state.internal.StateChangeManager,class com.ibm.ws.container.service.state.internal.StateChangeManager,[Runtime],,null]"

Dump of objectArray[0]
Object type = com.ibm.ws.container.service.app.deploy.internal.ApplicationInfoImpl
  appName = "RegistrationAppWeb"
  appMetaData = class com.ibm.ws.container.service.app.deploy.internal.ApplicationMetaDataImpl@69cfc5a2
    j2eeName = class com.ibm.ws.container.service.metadata.internal.J2EENameImpl@66a60170
      serialVersionUID = 7488184044073147667
      application = "RegistrationAppWeb"
      module = null
      component = null
      string = "RegistrationAppWeb"
      j2eeNameBytes = null
      $$$tc$$$ = class com.ibm.websphere.ras.TraceComponent@4a1f9c13
    serialVersionUID = -7906531148367236579
    $$$tc$$$ = class com.ibm.websphere.ras.TraceComponent@6e13003c
      strings[0] = "TraceComponent[com.ibm.ws.container.service.app.deploy.internal.ApplicationMetaDataImpl,class com.ibm.ws.container.service.app.deploy.internal.ApplicationMetaDataImpl,[container.service],com.ibm.ws.container.service.resources.Messages,null]"
    tc = class com.ibm.websphere.ras.TraceComponent@581e0509
      strings[0] = "TraceComponent[com.ibm.ws.runtime.metadata.MetaDataImpl,class com.ibm.ws.runtime.metadata.MetaDataImpl,[Runtime],null,null]"
    NUM_STATIC_SLOTS = 4
    ID_UNINITIALIZED = -1
    id = 0
    metaDataInterface = class java.lang.Class@7ed6aa7
      ANNOTATION = 8192
      ENUM = 16384
      SYNTHETIC = 4096
      cachedConstructor = null
      newInstanceCallerCache = null
      name = "com.ibm.ws.runtime.metadata.ApplicationMetaData"
      module = class java.lang.Module@572ba748
      packageName = "com.ibm.ws.runtime.metadata"
      componentType = {} /* array length = 0 */
      allPermDomain = class java.security.ProtectionDomain@5e87e340
      reflectionData = null
      classRedefinedCount = 0
      genericInfo = null
      EMPTY_CLASS_ARRAY = class java.lang.Class[0]
      serialVersionUID = 3206093459760846163
      serialPersistentFields = class java.io.ObjectStreamField[0]
      reflectionFactory = class jdk.internal.reflect.ReflectionFactory@36bbdd5a
      enumConstants = null
      enumConstantDirectory = null
      annotationData = null
      annotationType = null
      classValueMap = null
    staticSlots = class java.lang.Object[4]
      Object[0] = class com.ibm.ws.injectionengine.osgi.internal.OSGiInjectionScopeData@5afed62e
      Object[1] = null
      Object[2] = null
      Object[3] = null
    dynamicSlots = class java.lang.Object[4]
      Object[0] = null
      Object[1] = class com.ibm.ws.cdi.impl.weld.WebSphereCDIDeploymentImpl@3addc365
      Object[2] = "RegistrationAppWeb"
      Object[3] = null
  appContainer = class com.ibm.ws.adaptable.module.internal.AdaptableContainerImpl@281f660b
    root = class com.ibm.ws.adaptable.module.internal.AdaptableContainerImpl@281f660b
    rootOverlay = class com.ibm.ws.artifact.overlay.internal.DirectoryBasedOverlayContainerImpl@2db5ef3b
      base = class com.ibm.ws.artifact.loose.internal.LooseArchive@7fd5ecad
      maskSet = class java.util.HashSet@2cc8c26
      cfHolder = class com.ibm.ws.artifact.overlay.internal.OverlayContainerFactoryImpl@54cc9cc5
      fileOverlayContainer = class com.ibm.ws.artifact.file.internal.FileContainer@21590414
      overlayDirectory = class java.io.File@71392416
      cacheDirForOverlay = class java.io.File@17f23bab
      overlayNotifier = class com.ibm.ws.artifact.overlay.internal.DirectoryBasedOverlayNotifier@2768a724
      enclosingContainer = null
      entryInEnclosingContainer = null
      nestedOverlays = class java.util.concurrent.ConcurrentHashMap@4e786e79
      cacheStore = class com.ibm.ws.artifact.overlay.internal.OverlayCache@76d9fa34
      parentOverlay = null
      isPassThroughMode = true
      serialVersionUID = -1690795617118238166
      $$$tc$$$ = class com.ibm.websphere.ras.TraceComponent@19e69b54
    factoryHolder = class com.ibm.ws.adaptable.module.internal.AdaptableModuleFactoryImpl@3a40ddfa
      adapterFactoryService = class com.ibm.ws.adaptable.module.internal.AdapterFactoryServiceImpl@69f00c78
      containerFactory = class com.ibm.ws.artifact.internal.ArtifactContainerFactoryService@32f62c36
      overlayContainerFactory = class com.ibm.ws.artifact.overlay.internal.OverlayContainerFactoryImpl@54cc9cc5
      serialVersionUID = 4200251809856292987
      $$$tc$$$ = class com.ibm.websphere.ras.TraceComponent@2ae3debb
    delegate = class com.ibm.ws.artifact.overlay.internal.DirectoryBasedOverlayContainerImpl@2db5ef3b
    notifier = class com.ibm.ws.adaptable.module.internal.NotifierImpl@383d6ea5
      root = class com.ibm.ws.adaptable.module.internal.AdaptableContainerImpl@281f660b
      delegateNotifier = class com.ibm.ws.artifact.overlay.internal.DirectoryBasedOverlayNotifier@2768a724
      delegateRoot = class com.ibm.ws.artifact.overlay.internal.DirectoryBasedOverlayContainerImpl@2db5ef3b
      listenerDelegates = class java.util.HashMap@6bf247cb
      serialVersionUID = 6839382523957017880
      $$$tc$$$ = class com.ibm.websphere.ras.TraceComponent@4b6a648d
    serialVersionUID = -5621513278641113667
    $$$tc$$$ = class com.ibm.websphere.ras.TraceComponent@425cc664
      strings[0] = "TraceComponent[com.ibm.ws.adaptable.module.internal.AdaptableContainerImpl,class com.ibm.ws.adaptable.module.internal.AdaptableContainerImpl,[archive.adaptable],,null]"
  configHelper = class com.ibm.ws.app.manager.module.ApplicationNestedConfigHelper@b212bdc
    appInfo = class com.ibm.ws.app.manager.internal.ApplicationInstallInfo@1a6af81d
    serialVersionUID = -3174031738676705046
    $$$tc$$$ = class com.ibm.websphere.ras.TraceComponent@74f4f04a
      strings[0] = "TraceComponent[com.ibm.ws.app.manager.module.ApplicationNestedConfigHelper,class com.ibm.ws.app.manager.module.ApplicationNestedConfigHelper,[applications, app.manager],,null]"
  applicationInformation = class com.ibm.ws.app.manager.internal.ApplicationInstallInfo@1a6af81d
    _config = class com.ibm.ws.app.manager.internal.ApplicationConfig@75dad3af
      tc = class com.ibm.websphere.ras.TraceComponent@108524b2
      _configPid = "com.ibm.ws.app.manager_65"
      _config = class com.ibm.ws.config.admin.ConfigurationDictionary@1fc5df0d
      _applicationManager = class com.ibm.ws.app.manager.ApplicationManager@26748e9b
      _location = "RegistrationAppWeb.war"
      _type = "war"
      _name = "RegistrationAppWeb"
      _notificationBroadcasterSupport = class javax.management.NotificationBroadcasterSupport@53b0abf2
      ONE_TIME_JANDEX_MSGS_DISPLAYED = true
    _handlerInfo = class java.util.concurrent.atomic.AtomicReference@77942618
      serialVersionUID = -1848883965231344442
      VALUE = class java.lang.invoke.VarHandleObjects$FieldInstanceReadWrite@207ba4d9
      value = class com.ibm.ws.app.manager.war.internal.WARDeployedAppInfo@7028e3ce
    _container = class java.util.concurrent.atomic.AtomicReference@4b079a1d
      serialVersionUID = -1848883965231344442
      VALUE = class java.lang.invoke.VarHandleObjects$FieldInstanceReadWrite@207ba4d9
      value = class com.ibm.ws.adaptable.module.internal.AdaptableContainerImpl@281f660b
    _resolvedLocation = class java.util.concurrent.atomic.AtomicReference@189c8d9e
      serialVersionUID = -1848883965231344442
      VALUE = class java.lang.invoke.VarHandleObjects$FieldInstanceReadWrite@207ba4d9
      value = class com.ibm.ws.kernel.service.location.internal.LocalFileResource@6ca6e200
    _handler = class com.ibm.ws.app.manager.war.internal.WARApplicationHandlerImpl@3b786289
      futureMonitor = class com.ibm.ws.threading.internal.FutureMonitorImpl@24fb1bba
      deployedAppFactory = class com.ibm.ws.app.manager.war.internal.WARDeployedAppInfoFactoryImpl@7070b827
      serialVersionUID = 4622845147410944782
      $$$tc$$$ = class com.ibm.websphere.ras.TraceComponent@5296c7a3
    _ami = class java.util.concurrent.atomic.AtomicReference@6d8a3718
      serialVersionUID = -1848883965231344442
      VALUE = class java.lang.invoke.VarHandleObjects$FieldInstanceReadWrite@207ba4d9
      value = class com.ibm.wsspi.application.handler.DefaultApplicationMonitoringInformation@12c3708a
    _updateHandler = class com.ibm.ws.app.manager.internal.statemachine.ApplicationStateMachineImpl@1aaa8fc6
      _tc = class com.ibm.websphere.ras.TraceComponent@40eb31de
      EMPTY_FUTURE_ARRAY = interface java.util.concurrent.Future[0]
      asmSequenceNumber = class java.util.concurrent.atomic.AtomicLong@2bc5b929
      _qscaCounter = class java.util.concurrent.atomic.AtomicInteger@7f5791df
      _failedThrowable = null
      _interruptibleLock = class com.ibm.ws.app.manager.internal.statemachine.ApplicationStateMachineImpl$2@176ec262
      _interruptible = false
      _performingQueuedActions = true
      _queuedActions = class java.util.concurrent.ConcurrentLinkedQueue@206f65d2
      _callbackState = class java.util.concurrent.atomic.AtomicReference@26659c07
      blockAppStartingFutures = class java.util.Collections$SetFromMap@657f287d
      waitingForAppHandlerFuture = class java.util.concurrent.atomic.AtomicReference@4639b62
      waitingForExplicitStartFuture = class java.util.concurrent.atomic.AtomicReference@5f793fc9
      completionListener = class java.util.concurrent.atomic.AtomicReference@55f60585
      _notifyAppStopped = class java.util.concurrent.ConcurrentLinkedQueue@49d6e386
      _notifyAppStarting = class java.util.concurrent.ConcurrentLinkedQueue@51f6c955
      _notifyAppInstallCalled = class java.util.concurrent.ConcurrentLinkedQueue@476733d5
      _notifyAppStarted = class java.util.concurrent.ConcurrentLinkedQueue@22d8cc91
      _notifyAppRemoved = class java.util.concurrent.ConcurrentLinkedQueue@5c6cd19f
      _stateLock = class com.ibm.ws.app.manager.internal.statemachine.ApplicationStateMachineImpl$3@3b370726
      _internalState = class java.util.concurrent.atomic.AtomicReference@45b0720e
      _currentAction = class java.util.concurrent.atomic.AtomicReference@21e8926d
      _rfa = class java.util.concurrent.atomic.AtomicReference@1b325fe6
      _appInstallInfo = class java.util.concurrent.atomic.AtomicReference@183f6591
      _update = class java.util.concurrent.atomic.AtomicBoolean@5e59449a
      _appConfig = class java.util.concurrent.atomic.AtomicReference@3b47cec6
      _nextAppConfig = class java.util.concurrent.atomic.AtomicReference@32036b27
      _appContainer = class java.util.concurrent.atomic.AtomicReference@51f3831b
      _resolvedLocation = class java.util.concurrent.atomic.AtomicReference@451a602b
      _handler = class java.util.concurrent.atomic.AtomicReference@402eb7b0
      _asmSeqNo = 0
      _ctx = class org.eclipse.osgi.internal.framework.BundleContextImpl@53d1dddc
      _locAdmin = class com.ibm.ws.kernel.service.location.internal.WsLocationAdminImpl@69dda6c1
      _futureMonitor = class com.ibm.ws.threading.internal.FutureMonitorImpl@24fb1bba
      _artifactFactory = class com.ibm.ws.artifact.internal.ArtifactContainerFactoryService@32f62c36
      _moduleFactory = class com.ibm.ws.adaptable.module.internal.AdaptableModuleFactoryImpl@3a40ddfa
      _executorService = class com.ibm.ws.threading.internal.ExecutorServiceImpl@7d09eef
      _scheduledExecutorService = class com.ibm.ws.threading.internal.ScheduledExecutorImpl@3bfdb7a
      _asmHelper = class com.ibm.ws.app.manager.internal.ApplicationConfigurator$NamedApplication@30d79c39
      _appMonitor = class com.ibm.ws.app.manager.internal.monitor.ApplicationMonitor@7fe5267c
      enterStateCalled = class java.util.concurrent.atomic.AtomicBoolean@7c71322a
      serialVersionUID = -1399093980790866556
      serialVersionUID = 5501066335104962649
      $$$tc$$$ = class com.ibm.websphere.ras.TraceComponent@3aee3df
    serialVersionUID = 2630639237123415755
    $$$tc$$$ = class com.ibm.websphere.ras.TraceComponent@43ff7db7
      strings[0] = "TraceComponent[com.ibm.ws.app.manager.internal.ApplicationInstallInfo,class com.ibm.ws.app.manager.internal.ApplicationInstallInfo,[applications, app.manager],com.ibm.ws.app.manager.internal.resources.AppManagerMessages,null]"
  serialVersionUID = -505303337196743781
  $$$tc$$$ = class com.ibm.websphere.ras.TraceComponent@3d12201e
    strings[0] = "TraceComponent[com.ibm.ws.container.service.app.deploy.internal.ApplicationInfoImpl,class com.ibm.ws.container.service.app.deploy.internal.ApplicationInfoImpl,[container.service],com.ibm.ws.container.service.resources.Messages,null]"

