------Start of DE processing------ = [18/12/18 22:52:27:129 CET]
Exception = com.ibm.ws.container.service.state.StateChangeException
Source = com.ibm.ws.app.manager.module.internal.DeployedAppInfoBase
probeid = 384
Stack Dump = com.ibm.ws.container.service.state.StateChangeException: org.jboss.weld.exceptions.DefinitionException: WELD-000075: Normal scoped managed bean implementation class has a public field:  [EnhancedAnnotatedFieldImpl] public net.wasdev.reg.Attendees.attendees
	at com.ibm.ws.container.service.state.internal.ApplicationStateManager.fireStarting(ApplicationStateManager.java:32)
	at com.ibm.ws.container.service.state.internal.StateChangeServiceImpl.fireApplicationStarting(StateChangeServiceImpl.java:50)
	at com.ibm.ws.app.manager.module.internal.DeployedAppInfoBase.preDeployApp(DeployedAppInfoBase.java:383)
	at com.ibm.ws.app.manager.module.internal.DeployedAppInfoBase.deployApp(DeployedAppInfoBase.java:412)
	at com.ibm.ws.app.manager.war.internal.WARApplicationHandlerImpl.install(WARApplicationHandlerImpl.java:65)
	at com.ibm.ws.app.manager.internal.statemachine.StartAction.execute(StartAction.java:140)
	at com.ibm.ws.app.manager.internal.statemachine.ApplicationStateMachineImpl.enterState(ApplicationStateMachineImpl.java:1258)
	at com.ibm.ws.app.manager.internal.statemachine.ApplicationStateMachineImpl.run(ApplicationStateMachineImpl.java:873)
	at com.ibm.ws.threading.internal.ExecutorServiceImpl$RunnableWrapper.run(ExecutorServiceImpl.java:232)
	at java.base/java.util.concurrent.ThreadPoolExecutor.runWorker(ThreadPoolExecutor.java:1128)
	at java.base/java.util.concurrent.ThreadPoolExecutor$Worker.run(ThreadPoolExecutor.java:628)
	at java.base/java.lang.Thread.run(Thread.java:834)
Caused by: org.jboss.weld.exceptions.DefinitionException: WELD-000075: Normal scoped managed bean implementation class has a public field:  [EnhancedAnnotatedFieldImpl] public net.wasdev.reg.Attendees.attendees
	at org.jboss.weld.bean.ManagedBean.checkBeanImplementation(ManagedBean.java:231)
	at org.jboss.weld.bean.AbstractClassBean.internalInitialize(AbstractClassBean.java:74)
	at org.jboss.weld.bean.ManagedBean.internalInitialize(ManagedBean.java:105)
	at org.jboss.weld.bean.RIBean.initialize(RIBean.java:69)
	at org.jboss.weld.bootstrap.ConcurrentBeanDeployer$4.doWork(ConcurrentBeanDeployer.java:96)
	at org.jboss.weld.bootstrap.ConcurrentBeanDeployer$4.doWork(ConcurrentBeanDeployer.java:93)
	at org.jboss.weld.executor.IterativeWorkerTaskFactory$1.call(IterativeWorkerTaskFactory.java:62)
	at org.jboss.weld.executor.IterativeWorkerTaskFactory$1.call(IterativeWorkerTaskFactory.java:55)
	at com.ibm.ws.threading.internal.PolicyTaskFutureImpl.run(PolicyTaskFutureImpl.java:692)
	at com.ibm.ws.threading.internal.PolicyExecutorImpl.runTask(PolicyExecutorImpl.java:1128)
	at com.ibm.ws.threading.internal.PolicyExecutorImpl.invokeAll(PolicyExecutorImpl.java:677)
	at com.ibm.ws.concurrent.internal.ManagedExecutorServiceImpl.invokeAll(ManagedExecutorServiceImpl.java:377)
	at org.jboss.weld.executor.AbstractExecutorServices.invokeAllAndCheckForExceptions(AbstractExecutorServices.java:59)
	at org.jboss.weld.executor.AbstractExecutorServices.invokeAllAndCheckForExceptions(AbstractExecutorServices.java:67)
	at org.jboss.weld.bootstrap.ConcurrentBeanDeployer.initializeBeans(ConcurrentBeanDeployer.java:93)
	at org.jboss.weld.bootstrap.BeanDeployer.deploy(BeanDeployer.java:330)
	at org.jboss.weld.bootstrap.BeanDeployment.deployBeans(BeanDeployment.java:264)
	at org.jboss.weld.bootstrap.WeldStartup.deployBeans(WeldStartup.java:447)
	at org.jboss.weld.bootstrap.WeldBootstrap.deployBeans(WeldBootstrap.java:86)
	at com.ibm.ws.cdi.impl.CDIContainerImpl.startInitialization(CDIContainerImpl.java:151)
	at com.ibm.ws.cdi.liberty.CDIRuntimeImpl.applicationStarting(CDIRuntimeImpl.java:438)
	at com.ibm.ws.container.service.state.internal.ApplicationStateManager.fireStarting(ApplicationStateManager.java:28)
	... 11 more

Dump of callerThis
Object type = com.ibm.ws.app.manager.war.internal.WARDeployedAppInfo
  CONTEXT_ROOT = "context-root"
  webModuleHandler = class com.ibm.ws.app.manager.web.internal.WebModuleHandlerImpl@649a2548
    serialVersionUID = 4795602325763828210
    $$$tc$$$ = class com.ibm.websphere.ras.TraceComponent@6fc4a095
      strings[0] = "TraceComponent[com.ibm.ws.app.manager.web.internal.WebModuleHandlerImpl,class com.ibm.ws.app.manager.web.internal.WebModuleHandlerImpl,[webcontainer, applications, app.manager],com.ibm.ws.app.manager.war.internal.resources.Messages,null]"
    futureMonitor = class com.ibm.ws.threading.internal.FutureMonitorImpl@495e78cf
    metaDataService = class com.ibm.ws.container.service.metadata.internal.MetaDataServiceImpl@6d4e5caf
    stateChangeService = class com.ibm.ws.container.service.state.internal.StateChangeServiceImpl@271508d7
    moduleRuntimeContainer = class com.ibm.ws.webcontainer.osgi.WebContainer@5839b744
      tc = class com.ibm.websphere.ras.TraceComponent@44ee1ea3
      CLASS_NAME = "com.ibm.ws.webcontainer.osgi.WebContainer"
      initialized = true
      eventService = class com.ibm.ws.event.internal.EventEngineImpl@6e45f172
      futureMonitor = class com.ibm.ws.threading.internal.FutureMonitorImpl@495e78cf
      classLoadingSRRef = class com.ibm.wsspi.kernel.service.utils.AtomicServiceReference@61ea2e74
      sessionHelperSRRef = class com.ibm.wsspi.kernel.service.utils.AtomicServiceReference@2dd82a1a
      cacheManagerSRRef = class com.ibm.wsspi.kernel.service.utils.AtomicServiceReference@5be95606
      injectionEngineSRRef = class com.ibm.wsspi.kernel.service.utils.AtomicServiceReference@1ae6f268
      managedObjectServiceSRRef = class com.ibm.wsspi.kernel.service.utils.AtomicServiceReference@2acff6ce
      backgroundWebAppStartFutures = class com.ibm.ws.webcontainer.util.OneTimeUseArrayList@462b8177
      REFERENCE_WEB_MBEAN_RUNTIME = "webMBeanRuntime"
      webMBeanRuntimeServiceRef = class com.ibm.wsspi.kernel.service.utils.AtomicServiceReference@5763b6d2
      servletContainerInitializers = class com.ibm.wsspi.kernel.service.utils.ConcurrentServiceReferenceSet@7abb7be4
      es = class com.ibm.ws.threading.internal.ExecutorServiceImpl@653ff8e7
      locationServiceRef = class java.util.concurrent.atomic.AtomicReference@2f979bfb
      transferContextServiceRef = class com.ibm.wsspi.kernel.service.utils.ConcurrentServiceReferenceSet@35ad9747
      encodingServiceRef = class java.util.concurrent.atomic.AtomicReference@7f327206
      instance = class java.util.concurrent.atomic.AtomicReference@5e77525f
      vhostManager = class com.ibm.ws.webcontainer.osgi.DynamicVirtualHostManager@4d2c4229
      metaDataService = class com.ibm.ws.container.service.metadata.internal.MetaDataServiceImpl@6d4e5caf
      j2eeNameFactory = class com.ibm.ws.container.service.metadata.internal.J2EENameFactoryImpl@14e2e364
      context = class org.apache.felix.scr.impl.manager.ComponentContextImpl@782c01bc
      contextRoots = class java.util.Collections$SynchronizedSet@1cad414c
      pendingContextRoots = class java.util.HashMap@333f75fa
      deployedModuleMap = class java.util.concurrent.ConcurrentHashMap@30c5593a
      connContextPool = class com.ibm.ws.webcontainer40.osgi.srt.factory.SRTConnectionContextPool40Impl@28fc8f7f
      DEFAULT_PORT = "*"
      DEFAULT_VHOST_NAME = "default_host"
      cachedServerInfo = null
      lock = class com.ibm.ws.webcontainer.osgi.WebContainer$1@5e2d1c0d
      webAppFactory = class com.ibm.ws.webcontainer40.osgi.webapp.factory.WebAppFactory40Impl@16f53297
      requestFactory = class com.ibm.ws.webcontainer40.osgi.response.factory.IRequestResponseFactory40Impl@c63a5fa
      responseFactory = class com.ibm.ws.webcontainer40.osgi.response.factory.IRequestResponseFactory40Impl@c63a5fa
      asyncContextFactory = class com.ibm.ws.webcontainer40.async.factory.AsyncContextFactory40Impl@40a8547e
      DEFAULT_MAX_VERSION = 30
      versionRef = class org.eclipse.osgi.internal.serviceregistry.ServiceReferenceImpl@76d3e512
      serverStopping = class com.ibm.ws.staticvalue.StaticValue$FinalSingleton@498d10d5
      modulesStarting = 0
      uriMatcherFactory = class com.ibm.wsspi.webcontainer40.util.factory.URIMatcherFactory40Impl@58d0306b
      SPEC_LEVEL_UNLOADED = -1
      SPEC_LEVEL_30 = 30
      SPEC_LEVEL_31 = 31
      SPEC_LEVEL_40 = 40
      DEFAULT_SPEC_LEVEL = 30
      loadedContainerSpecLevel = 40
      ISO = "ISO-8859-1"
      encoding = "UTF-8"
      decode = true
      wcconfig = class com.ibm.ws.webcontainer.osgi.WebContainerConfiguration@334b1197
      applicationListeners = class java.util.ArrayList@12e1b493
      servletListeners = class java.util.ArrayList@4beb8dcc
      servletErrorListeners = class java.util.ArrayList@5d01a4c6
      servletInvocationListeners = class java.util.ArrayList@362dc158
      filterInvocationListeners = class java.util.ArrayList@2977be22
      filterErrorListeners = class java.util.ArrayList@3ee5c32d
      filterListeners = class java.util.ArrayList@6e9267a3
      servletRequestListeners = class java.util.ArrayList@366d5c28
      servletRequestAttributeListeners = class java.util.ArrayList@22ff7269
      servletContextListeners = class java.util.ArrayList@329321b0
      servletContextAttributeListeners = class java.util.ArrayList@4f41e73e
      sessionListeners = class java.util.ArrayList@13916ee2
      sessionIdListeners = class java.util.ArrayList@4a242ac3
      sessionAttributeListeners = class java.util.ArrayList@61911c96
      DEFAULT_HOST = "default_host"
      _initialized = true
      logger = class com.ibm.ws.logging.internal.WsLogger@21297f8d
      CLASS_NAME = "com.ibm.ws.webcontainer.internal.WebContainer"
      nls = class com.ibm.ejs.ras.TraceNLS@39d7f334
      self = class java.util.concurrent.atomic.AtomicReference@52cea4ff
      _cipherToBit = class java.util.HashMap@3b52679c
      cacheKeyStringBuilder = class com.ibm.ws.util.WSThreadLocal@516da26c
      listenersInitialized = false
      webConProperties = class java.util.Properties@5725a526
      sessionRegistry = null
      isStopped = false
      readWriteLockForStopping = class java.util.concurrent.locks.ReentrantReadWriteLock@706b0a61
      urlPrefix = ";jsessionid="
      extensionFactories = class java.util.ArrayList@58aded77
      postInitExtensionFactories = null
      httpResponseListeners = class java.util.ArrayList@646f4acc
      servletContainerInitializers = class java.util.ServiceLoader@1e99dff2
      auditManager = class com.ibm.websphere.security.audit.context.AuditManager@3689f642
      threadLocal = class java.lang.ThreadLocal@1f873b1
      invocationCacheSize = 500
      decodePlusSign = true
      _cacheMap = class java.util.concurrent.ConcurrentHashMap@1fdf6068
      _cacheSize = class java.util.concurrent.atomic.AtomicInteger@4fe94a2e
      vHostCompatFlag = false
      platformHelper = class com.ibm.ws.webcontainer.PlatformHelper@362b9e77
      isDefaultTempDir = true
      tempDir = null
      servletCachingInitNeeded = true
      appInstallBegun = false
      cacheServletWrapperFactory = class com.ibm.ws.webcontainer40.servlet.factory.CacheServletWrapperFactory40Impl@748c16f8
      commands = class java.util.ArrayList@10b4e421
      requestMapper = class com.ibm.ws.webcontainer.util.VirtualHostContextRootMapper@15097423
      parent = null
      name = "Was.webcontainer"
      isAlive = true
      subElements = null
      attributes = null
      config = null
      serialVersionUID = -8271459000149267764
      $$$tc$$$ = class com.ibm.websphere.ras.TraceComponent@75b15ed
    firstFailure = null
    serialVersionUID = -4563697739413190872
    $$$tc$$$ = class com.ibm.websphere.ras.TraceComponent@2eec13c8
      strings[0] = "TraceComponent[com.ibm.ws.app.manager.module.internal.ModuleHandlerBase,class com.ibm.ws.app.manager.module.internal.ModuleHandlerBase,[applications, app.manager],,null]"
  webContainerModuleInfo = class com.ibm.ws.app.manager.module.internal.SimpleDeployedAppInfoBase$WebModuleContainerInfo@614adf70
    contextRoot = null
    defaultContextRoot = "RegistrationAppWeb"
    serialVersionUID = -8158961796913348204
    $$$tc$$$ = class com.ibm.websphere.ras.TraceComponent@f8cbc0c
      strings[0] = "TraceComponent[com.ibm.ws.app.manager.module.internal.SimpleDeployedAppInfoBase$WebModuleContainerInfo,class com.ibm.ws.app.manager.module.internal.SimpleDeployedAppInfoBase$WebModuleContainerInfo,[applications, app.manager],,null]"
    moduleHandler = class com.ibm.ws.app.manager.web.internal.WebModuleHandlerImpl@649a2548
    moduleMetaDataExtenders = class java.util.concurrent.CopyOnWriteArrayList@7f563aba
      serialVersionUID = 8673264195747942595
      lock = class java.lang.Object@353c0835
      array = class java.lang.Object[3]
    nestedModuleMetaDataFactories = class java.util.concurrent.CopyOnWriteArrayList@4822cefe
      serialVersionUID = 8673264195747942595
      lock = class java.lang.Object@69bf36aa
      array = class java.lang.Object[1]
    nestedModules = null
    moduleName = "RegistrationAppWeb"
    moduleDD = class com.ibm.ws.javaee.ddmodel.web.common.WebAppType@7ef4a97b
      version = class com.ibm.ws.javaee.ddmodel.TokenType@5852b170
      metadata_complete = null
      module_name = null
      absolute_ordering = null
      serialVersionUID = 4092807504738198665
      $$$tc$$$ = class com.ibm.websphere.ras.TraceComponent@2f7bcceb
      description = null
      display_name = class com.ibm.ws.javaee.ddmodel.common.DisplayNameType$ListType@6ef8c44f
      icon = null
      distributable = null
      context_param = null
      filter = null
      filter_mapping = null
      listener = null
      servlet = null
      servlet_mapping = null
      session_config = null
      mime_mapping = null
      welcome_file_list = class com.ibm.ws.javaee.ddmodel.web.common.WelcomeFileListType@5539ef7e
      error_page = null
      jsp_config = null
      security_constraint = null
      deny_uncovered_http_methods = null
      login_config = null
      security_role = null
      message_destination = null
      locale_encoding_mapping_list = null
      default_context_path = null
      request_encoding = null
      response_encoding = null
      servletNameToServletMap = null
      filterNameToFilterMap = null
      ejbRefNameToEJBLocalRefMap = null
      ejbRefNameToEJBRefMap = null
      resourceEnvRefNameToResourceEnvRefMap = null
      messageDestinationRefNameToMessageDestinationRefMap = null
      resRefNameToResourceRefMap = null
      envEntryNameToEnvEntryMap = null
      roleNameToSecurityRoleMap = null
      roleLinkToSecurityRoleRefMap = null
      handlerNameToHandlerMap = null
      path = "WEB-INF/web.xml"
      idMap = class com.ibm.ws.javaee.ddmodel.DDParser$ComponentIDMap@32760c65
      serialVersionUID = 5321339975883512588
      $$$tc$$$ = class com.ibm.websphere.ras.TraceComponent@2e6ac1ff
      post_construct = null
      pre_destroy = null
      serialVersionUID = 1102064201943992836
      $$$tc$$$ = class com.ibm.websphere.ras.TraceComponent@351680d1
      env_entry = null
      ejb_ref = null
      ejb_local_ref = null
      resource_ref = null
      resource_env_ref = null
      message_destination_ref = null
      persistence_context_ref = null
      persistence_unit_ref = null
      data_source = null
      jms_connection_factory = null
      jms_destination = null
      mail_session = null
      connection_factory = null
      administered_object = null
      serialVersionUID = 8931982405528922228
      $$$tc$$$ = class com.ibm.websphere.ras.TraceComponent@34f0b944
      service_ref = null
      serialVersionUID = -6199862059825607270
      $$$tc$$$ = class com.ibm.websphere.ras.TraceComponent@2f65c053
      nilled = false
      serialVersionUID = -2826386306561723362
      $$$tc$$$ = class com.ibm.websphere.ras.TraceComponent@1edd0cc
    moduleInfo = class com.ibm.ws.app.manager.module.internal.WebModuleInfoImpl@7e475c60
      contextRoot = "/RegistrationAppWeb"
      isDefaultContextRootUsed = true
      serialVersionUID = -1540279394520440503
      $$$tc$$$ = class com.ibm.websphere.ras.TraceComponent@653494ac
      tc = class com.ibm.websphere.ras.TraceComponent@2575a106
      appInfo = class com.ibm.ws.container.service.app.deploy.internal.ApplicationInfoImpl@5142ab1f
      moduleName = "RegistrationAppWeb"
      path = "RegistrationAppWeb.war"
      moduleContainer = class com.ibm.ws.adaptable.module.internal.AdaptableContainerImpl@c598a8a
      altDDEntry = null
      moduleClassesContainers = class java.util.ArrayList@35430f55
      classLoaderFactory = class com.ibm.ws.app.manager.war.internal.WARDeployedAppInfo@3fae0d17
      containerInfoType = class com.ibm.ws.container.service.app.deploy.ContainerInfo$Type@7b8e7974
      classLoader = class com.ibm.ws.classloading.internal.AppClassLoader@134981a0
      moduleMetaData = class com.ibm.ws.webcontainer.osgi.metadata.WebModuleMetaDataImpl@2b1dde6f
      nestedModuleMetaDataTypes = null
      nestedModuleMetaDataValues = null
      serialVersionUID = 3986734351620206554
    serialVersionUID = 8693907776607441911
    $$$tc$$$ = class com.ibm.websphere.ras.TraceComponent@2e9ea325
      strings[0] = "TraceComponent[com.ibm.ws.app.manager.module.internal.SimpleDeployedAppInfoBase$ModuleContainerInfoBase,class com.ibm.ws.app.manager.module.internal.SimpleDeployedAppInfoBase$ModuleContainerInfoBase,[applications, app.manager],,null]"
    type = class com.ibm.ws.container.service.app.deploy.ContainerInfo$Type@7b8e7974
      MANIFEST_CLASSPATH = class com.ibm.ws.container.service.app.deploy.ContainerInfo$Type@79fe2295
      WEB_INF_CLASSES = class com.ibm.ws.container.service.app.deploy.ContainerInfo$Type@7f305bb8
      WEB_INF_LIB = class com.ibm.ws.container.service.app.deploy.ContainerInfo$Type@2a9889cb
      EAR_LIB = class com.ibm.ws.container.service.app.deploy.ContainerInfo$Type@63ea089c
      WEB_MODULE = class com.ibm.ws.container.service.app.deploy.ContainerInfo$Type@7b8e7974
      EJB_MODULE = class com.ibm.ws.container.service.app.deploy.ContainerInfo$Type@6b8874fe
      CLIENT_MODULE = class com.ibm.ws.container.service.app.deploy.ContainerInfo$Type@16980fac
      RAR_MODULE = class com.ibm.ws.container.service.app.deploy.ContainerInfo$Type@78201a65
      JAR_MODULE = class com.ibm.ws.container.service.app.deploy.ContainerInfo$Type@4b3d4315
      SHARED_LIB = class com.ibm.ws.container.service.app.deploy.ContainerInfo$Type@633ae108
      $VALUES = class com.ibm.ws.container.service.app.deploy.ContainerInfo$Type[10]
      $$$tc$$$ = class com.ibm.websphere.ras.TraceComponent@7fff5cf0
      name = "WEB_MODULE"
      ordinal = 4
    name = "RegistrationAppWeb.war"
    container = class com.ibm.ws.adaptable.module.internal.AdaptableContainerImpl@c598a8a
      root = class com.ibm.ws.adaptable.module.internal.AdaptableContainerImpl@c598a8a
      rootOverlay = class com.ibm.ws.artifact.overlay.internal.DirectoryBasedOverlayContainerImpl@4dd4aa02
      factoryHolder = class com.ibm.ws.adaptable.module.internal.AdaptableModuleFactoryImpl@5118b195
      delegate = class com.ibm.ws.artifact.overlay.internal.DirectoryBasedOverlayContainerImpl@4dd4aa02
      notifier = class com.ibm.ws.adaptable.module.internal.NotifierImpl@7c7a6604
      serialVersionUID = -5621513278641113667
      $$$tc$$$ = class com.ibm.websphere.ras.TraceComponent@5b914ad3
    altDDEntry = null
    classesContainerInfo = class java.util.ArrayList@35430f55
      serialVersionUID = 8683452581122892189
      DEFAULT_CAPACITY = 10
      EMPTY_ELEMENTDATA = class java.lang.Object[0]
      DEFAULTCAPACITY_EMPTY_ELEMENTDATA = class java.lang.Object[0]
      elementData = class java.lang.Object[10]
      size = 2
      MAX_ARRAY_SIZE = 2147483639
      modCount = 3
      MAX_ARRAY_SIZE = 2147483639
    serialVersionUID = 7427332431485745589
    $$$tc$$$ = class com.ibm.websphere.ras.TraceComponent@10925783
      strings[0] = "TraceComponent[com.ibm.ws.app.manager.module.internal.SimpleDeployedAppInfoBase$ExtendedContainerInfo,class com.ibm.ws.app.manager.module.internal.SimpleDeployedAppInfoBase$ExtendedContainerInfo,[applications, app.manager],,null]"
  DYNAMIC_IMPORT_PACKAGE_LIST = class java.util.Collections$UnmodifiableRandomAccessList@7e930328
    serialVersionUID = -2542308836966382001
    serialVersionUID = -283967356065247728
    list = class java.util.Arrays$ArrayList@30acb14e
      serialVersionUID = -2764017481108945198
      a = class java.lang.String[1]
      modCount = 0
      MAX_ARRAY_SIZE = 2147483639
    serialVersionUID = 1820017752578914078
    c = class java.util.Arrays$ArrayList@30acb14e
  serialVersionUID = -6153587016903242961
  $$$tc$$$ = class com.ibm.websphere.ras.TraceComponent@172e074f
    strings[0] = "TraceComponent[com.ibm.ws.app.manager.war.internal.WARDeployedAppInfo,class com.ibm.ws.app.manager.war.internal.WARDeployedAppInfo,[webcontainer, applications, app.manager],com.ibm.ws.app.manager.war.internal.resources.Messages,null]"
  _tc = class com.ibm.websphere.ras.TraceComponent@581c7e93
    strings[0] = "TraceComponent[com.ibm.ws.app.manager.module.internal.DeployedAppInfoBase,class com.ibm.ws.app.manager.module.internal.DeployedAppInfoBase,[app.manager],com.ibm.ws.app.manager.module.internal.resources.Messages,null]"
  PERMISSION_XML = "permissions.xml"
  applicationInformation = class com.ibm.ws.app.manager.internal.ApplicationInstallInfo@16eaae78
    _config = class com.ibm.ws.app.manager.internal.ApplicationConfig@1341bd78
      tc = class com.ibm.websphere.ras.TraceComponent@345c700d
      _configPid = "com.ibm.ws.app.manager_65"
      _config = class com.ibm.ws.config.admin.ConfigurationDictionary@62da5353
      _applicationManager = class com.ibm.ws.app.manager.ApplicationManager@73cdaa1c
      _location = "RegistrationAppWeb.war"
      _type = "war"
      _name = "RegistrationAppWeb"
      _notificationBroadcasterSupport = class javax.management.NotificationBroadcasterSupport@7f8fee9f
      ONE_TIME_JANDEX_MSGS_DISPLAYED = true
    _handlerInfo = class java.util.concurrent.atomic.AtomicReference@8ce1de2
      serialVersionUID = -1848883965231344442
      VALUE = class java.lang.invoke.VarHandleObjects$FieldInstanceReadWrite@6ad572e7
      value = class com.ibm.ws.app.manager.war.internal.WARDeployedAppInfo@3fae0d17
    _container = class java.util.concurrent.atomic.AtomicReference@7ce99287
      serialVersionUID = -1848883965231344442
      VALUE = class java.lang.invoke.VarHandleObjects$FieldInstanceReadWrite@6ad572e7
      value = class com.ibm.ws.adaptable.module.internal.AdaptableContainerImpl@c598a8a
    _resolvedLocation = class java.util.concurrent.atomic.AtomicReference@3f337a0c
      serialVersionUID = -1848883965231344442
      VALUE = class java.lang.invoke.VarHandleObjects$FieldInstanceReadWrite@6ad572e7
      value = class com.ibm.ws.kernel.service.location.internal.LocalFileResource@2271328a
    _handler = class com.ibm.ws.app.manager.war.internal.WARApplicationHandlerImpl@2107baef
      futureMonitor = class com.ibm.ws.threading.internal.FutureMonitorImpl@495e78cf
      deployedAppFactory = class com.ibm.ws.app.manager.war.internal.WARDeployedAppInfoFactoryImpl@11c46bb7
      serialVersionUID = 4622845147410944782
      $$$tc$$$ = class com.ibm.websphere.ras.TraceComponent@5bfeb4b7
    _ami = class java.util.concurrent.atomic.AtomicReference@59de9220
      serialVersionUID = -1848883965231344442
      VALUE = class java.lang.invoke.VarHandleObjects$FieldInstanceReadWrite@6ad572e7
      value = class com.ibm.wsspi.application.handler.DefaultApplicationMonitoringInformation@c82684a
    _updateHandler = class com.ibm.ws.app.manager.internal.statemachine.ApplicationStateMachineImpl@69135e36
      _tc = class com.ibm.websphere.ras.TraceComponent@e4c5598
      EMPTY_FUTURE_ARRAY = interface java.util.concurrent.Future[0]
      asmSequenceNumber = class java.util.concurrent.atomic.AtomicLong@8776e7a
      _qscaCounter = class java.util.concurrent.atomic.AtomicInteger@557d5208
      _failedThrowable = null
      _interruptibleLock = class com.ibm.ws.app.manager.internal.statemachine.ApplicationStateMachineImpl$2@18ec8f56
      _interruptible = false
      _performingQueuedActions = true
      _queuedActions = class java.util.concurrent.ConcurrentLinkedQueue@528e3d9a
      _callbackState = class java.util.concurrent.atomic.AtomicReference@61b98d0f
      blockAppStartingFutures = class java.util.Collections$SetFromMap@5e6b7e22
      waitingForAppHandlerFuture = class java.util.concurrent.atomic.AtomicReference@2281dc86
      waitingForExplicitStartFuture = class java.util.concurrent.atomic.AtomicReference@1c057a1
      completionListener = class java.util.concurrent.atomic.AtomicReference@2cbc7363
      _notifyAppStopped = class java.util.concurrent.ConcurrentLinkedQueue@292392b8
      _notifyAppStarting = class java.util.concurrent.ConcurrentLinkedQueue@56a0ef6
      _notifyAppInstallCalled = class java.util.concurrent.ConcurrentLinkedQueue@6143ca5
      _notifyAppStarted = class java.util.concurrent.ConcurrentLinkedQueue@497c606f
      _notifyAppRemoved = class java.util.concurrent.ConcurrentLinkedQueue@7c7f9daa
      _stateLock = class com.ibm.ws.app.manager.internal.statemachine.ApplicationStateMachineImpl$3@29b7316d
      _internalState = class java.util.concurrent.atomic.AtomicReference@e61c1ea
      _currentAction = class java.util.concurrent.atomic.AtomicReference@2434b751
      _rfa = class java.util.concurrent.atomic.AtomicReference@2426fcb0
      _appInstallInfo = class java.util.concurrent.atomic.AtomicReference@340a9d00
      _update = class java.util.concurrent.atomic.AtomicBoolean@34e464fa
      _appConfig = class java.util.concurrent.atomic.AtomicReference@356bc308
      _nextAppConfig = class java.util.concurrent.atomic.AtomicReference@26bb6a69
      _appContainer = class java.util.concurrent.atomic.AtomicReference@46390123
      _resolvedLocation = class java.util.concurrent.atomic.AtomicReference@516d6eaa
      _handler = class java.util.concurrent.atomic.AtomicReference@3af5940c
      _asmSeqNo = 0
      _ctx = class org.eclipse.osgi.internal.framework.BundleContextImpl@5db2b2d0
      _locAdmin = class com.ibm.ws.kernel.service.location.internal.WsLocationAdminImpl@47604919
      _futureMonitor = class com.ibm.ws.threading.internal.FutureMonitorImpl@495e78cf
      _artifactFactory = class com.ibm.ws.artifact.internal.ArtifactContainerFactoryService@737c4770
      _moduleFactory = class com.ibm.ws.adaptable.module.internal.AdaptableModuleFactoryImpl@5118b195
      _executorService = class com.ibm.ws.threading.internal.ExecutorServiceImpl@653ff8e7
      _scheduledExecutorService = class com.ibm.ws.threading.internal.ScheduledExecutorImpl@20d24dd8
      _asmHelper = class com.ibm.ws.app.manager.internal.ApplicationConfigurator$NamedApplication@9532384
      _appMonitor = class com.ibm.ws.app.manager.internal.monitor.ApplicationMonitor@1a70d10d
      enterStateCalled = class java.util.concurrent.atomic.AtomicBoolean@b2652f4
      serialVersionUID = -1399093980790866556
      serialVersionUID = 5501066335104962649
      $$$tc$$$ = class com.ibm.websphere.ras.TraceComponent@6e765f0f
    serialVersionUID = 2630639237123415755
    $$$tc$$$ = class com.ibm.websphere.ras.TraceComponent@49c8b5a
      strings[0] = "TraceComponent[com.ibm.ws.app.manager.internal.ApplicationInstallInfo,class com.ibm.ws.app.manager.internal.ApplicationInstallInfo,[applications, app.manager],com.ibm.ws.app.manager.internal.resources.AppManagerMessages,null]"
  location = "/Users/kurtrogiers/lab/wlp/usr/servers/defaultServer/apps/RegistrationAppWeb.war.xml"
  classLoadingService = class com.ibm.ws.classloading.internal.ClassLoadingServiceImpl@6337ec41
    tc = class com.ibm.websphere.ras.TraceComponent@5ffe8736
      strings[0] = "TraceComponent[com.ibm.ws.classloading.internal.ClassLoadingServiceImpl,class com.ibm.ws.classloading.internal.ClassLoadingServiceImpl,[ClassLoadingService],com.ibm.ws.classloading.internal.resources.ClassLoadingServiceMessages,null]"
    leakDetectionMap = class java.util.HashMap@2876c9f6
      serialVersionUID = 362498820763181265
      DEFAULT_INITIAL_CAPACITY = 16
      MAXIMUM_CAPACITY = 1073741824
      DEFAULT_LOAD_FACTOR = 0.75
      TREEIFY_THRESHOLD = 8
      UNTREEIFY_THRESHOLD = 6
      MIN_TREEIFY_CAPACITY = 64
      table = null
      entrySet = null
      size = 0
      modCount = 0
      threshold = 0
      loadFactor = 0.75
      keySet = null
      values = null
    TCCL_LOCK_WAIT = 15000
    REFERENCE_GENERATORS = "generators"
    bundleContext = class org.eclipse.osgi.internal.framework.BundleContextImpl@75301040
    aclStore = class com.ibm.ws.classloading.internal.util.CanonicalStore@515c3a70
      map = class java.util.concurrent.ConcurrentHashMap@37a3aa02
      q = class com.ibm.ws.classloading.internal.util.RefQueue@7b76d289
      serialVersionUID = 6715157558227169968
      $$$tc$$$ = class com.ibm.websphere.ras.TraceComponent@4902208e
    tcclStore = class com.ibm.ws.classloading.internal.util.CanonicalStore@436d8886
      map = class java.util.concurrent.ConcurrentHashMap@2895fd4b
      q = class com.ibm.ws.classloading.internal.util.RefQueue@683ddeac
      serialVersionUID = 6715157558227169968
      $$$tc$$$ = class com.ibm.websphere.ras.TraceComponent@4902208e
    tcclStoreLock = class java.util.concurrent.locks.ReentrantLock@5ccf882d
      serialVersionUID = 7373984872572414699
      sync = class java.util.concurrent.locks.ReentrantLock$NonfairSync@4080159a
    digraph = class org.eclipse.equinox.internal.region.StandardRegionDigraph@42e8c33b
      EMPTY_EDGE_SET = class java.util.Collections$UnmodifiableSet@37cd64f4
      monitor = class java.lang.Object@459c56e7
      regions = class java.util.HashMap@1a8a4bec
      bundleIdToRegionMapping = class org.eclipse.equinox.internal.region.StandardBundleIdToRegionMapping@306e3fb
      edges = class java.util.HashMap@5fb0cdab
      bundleContext = class org.eclipse.osgi.internal.framework.BundleContextImpl@5c089b2f
      threadLocal = class java.lang.ThreadLocal@78bc83d4
      subgraphTraverser = class org.eclipse.equinox.internal.region.SubgraphTraverser@30a17204
      bundleCollisionHook = class org.eclipse.equinox.internal.region.hook.RegionBundleCollisionHook@48c46d0
      bundleEventHook = class org.eclipse.equinox.internal.region.hook.RegionBundleEventHook@5d881e7f
      bundleFindHook = class org.eclipse.equinox.internal.region.hook.RegionBundleFindHook@41b69439
      serviceEventHook = class org.eclipse.equinox.internal.region.hook.RegionServiceEventHook@7a3cef59
      serviceFindHook = class org.eclipse.equinox.internal.region.hook.RegionServiceFindHook@1c609c08
      resolverHookFactory = class org.eclipse.equinox.internal.region.hook.RegionResolverHookFactory@106121d
      origin = null
      originUpdateCount = -1
      updateCount = class java.util.concurrent.atomic.AtomicLong@74644958
      defaultRegion = null
    redefiner = class com.ibm.ws.classloading.internal.util.ClassRedefiner@7257feac
      tc = class com.ibm.websphere.ras.TraceComponent@1afc1b46
      LS = "
"
      inst = class com.ibm.ws.kernel.launch.internal.TraceInstrumentation@4d82a04a
      serialVersionUID = 2420101865139508526
    listener = class com.ibm.ws.classloading.internal.ClassLoadingServiceImpl$1@5dd161d8
      this$0 = class com.ibm.ws.classloading.internal.ClassLoadingServiceImpl@6337ec41
      serialVersionUID = -9159707349812113172
      $$$tc$$$ = class com.ibm.websphere.ras.TraceComponent@466a265d
    classloaders = class java.util.Collections$SynchronizedMap@7d7f14af
      serialVersionUID = 1978198479659022715
      m = class java.util.HashMap@371c2e6f
      mutex = class java.util.Collections$SynchronizedMap@7d7f14af
      keySet = null
      entrySet = null
      values = null
    resourceProviders = class com.ibm.ws.classloading.internal.CompositeResourceProvider@798ae120
      lockFactory = class java.util.concurrent.locks.ReentrantReadWriteLock@21331439
      providerMap = class com.ibm.ws.classloading.internal.util.MultiMap@b5ea102
      serialVersionUID = -5576435894946156347
      $$$tc$$$ = class com.ibm.websphere.ras.TraceComponent@48c5e3ff
    rememberedBundles = class java.util.concurrent.ConcurrentHashMap@34e5c223
      serialVersionUID = 7249069246763182397
      MAXIMUM_CAPACITY = 1073741824
      DEFAULT_CAPACITY = 16
      MAX_ARRAY_SIZE = 2147483639
      DEFAULT_CONCURRENCY_LEVEL = 16
      LOAD_FACTOR = 0.75
      TREEIFY_THRESHOLD = 8
      UNTREEIFY_THRESHOLD = 6
      MIN_TREEIFY_CAPACITY = 64
      MIN_TRANSFER_STRIDE = 16
      RESIZE_STAMP_BITS = 16
      MAX_RESIZERS = 65535
      RESIZE_STAMP_SHIFT = 16
      MOVED = -1
      TREEBIN = -2
      RESERVED = -3
      HASH_BITS = 2147483647
      NCPU = 12
      serialPersistentFields = class java.io.ObjectStreamField[3]
      table = class java.util.concurrent.ConcurrentHashMap$Node[16]
      nextTable = null
      baseCount = 1
      sizeCtl = 12
      transferIndex = 0
      cellsBusy = 0
      counterCells = null
      keySet = null
      values = null
      entrySet = null
      U = class jdk.internal.misc.Unsafe@6fc2cf50
      SIZECTL = 20
      TRANSFERINDEX = 32
      BASECOUNT = 24
      CELLSBUSY = 36
      CELLVALUE = 144
      ABASE = 16
      ASHIFT = 2
      keySet = null
      values = null
    collectedBundles = class java.lang.ref.ReferenceQueue@626cbac6
      NULL = class java.lang.ref.ReferenceQueue$Null@2e2594ac
      ENQUEUED = class java.lang.ref.ReferenceQueue$Null@17979da8
      lock = class java.lang.ref.ReferenceQueue$Lock@2ebcc1bf
      head = null
      queueLength = 0
      $assertionsDisabled = true
    generatorRefs = class com.ibm.wsspi.kernel.service.utils.ConcurrentServiceReferenceSet@67b30048
      referenceName = "generators"
      contextRef = class java.util.concurrent.atomic.AtomicReference@6c067704
      elementMap = class java.util.LinkedHashMap@5880e92d
      elementSet = class java.util.concurrent.ConcurrentSkipListSet@264a4196
      elementSetUnsorted = false
      serialVersionUID = 756240983881166148
      $$$tc$$$ = class com.ibm.websphere.ras.TraceComponent@526ed74a
    generatorManager = class com.ibm.ws.classloading.internal.ClassGeneratorManager@499e6e7f
      tc = class com.ibm.websphere.ras.TraceComponent@2d938043
      generatorRefs = class com.ibm.wsspi.kernel.service.utils.ConcurrentServiceReferenceSet@67b30048
      serialVersionUID = 4152663586056483310
    appExtLibs = class java.util.concurrent.CopyOnWriteArrayList@537059b5
      serialVersionUID = 8673264195747942595
      lock = class java.lang.Object@110ae654
      array = class java.lang.Object[0]
    metaInfServicesProviders = class java.util.concurrent.ConcurrentHashMap@54cd7397
      serialVersionUID = 7249069246763182397
      MAXIMUM_CAPACITY = 1073741824
      DEFAULT_CAPACITY = 16
      MAX_ARRAY_SIZE = 2147483639
      DEFAULT_CONCURRENCY_LEVEL = 16
      LOAD_FACTOR = 0.75
      TREEIFY_THRESHOLD = 8
      UNTREEIFY_THRESHOLD = 6
      MIN_TREEIFY_CAPACITY = 64
      MIN_TRANSFER_STRIDE = 16
      RESIZE_STAMP_BITS = 16
      MAX_RESIZERS = 65535
      RESIZE_STAMP_SHIFT = 16
      MOVED = -1
      TREEBIN = -2
      RESERVED = -3
      HASH_BITS = 2147483647
      NCPU = 12
      serialPersistentFields = class java.io.ObjectStreamField[3]
      table = null
      nextTable = null
      baseCount = 0
      sizeCtl = 0
      transferIndex = 0
      cellsBusy = 0
      counterCells = null
      keySet = null
      values = null
      entrySet = null
      U = class jdk.internal.misc.Unsafe@6fc2cf50
      SIZECTL = 20
      TRANSFERINDEX = 32
      BASECOUNT = 24
      CELLSBUSY = 36
      CELLVALUE = 144
      ABASE = 16
      ASHIFT = 2
      keySet = null
      values = null
    metaInfServicesRefs = class com.ibm.wsspi.kernel.service.utils.ConcurrentServiceReferenceMap@2b839806
      referenceName = "MetaInfServicesProvider"
      context = class org.apache.felix.scr.impl.manager.ComponentContextImpl@78fc7820
      elementMap = class java.util.concurrent.ConcurrentHashMap@2f4feb1f
      serialVersionUID = 6980924785166233786
      $$$tc$$$ = class com.ibm.websphere.ras.TraceComponent@68142009
    protectionDomainMap = class java.util.HashMap@1154e69f
      serialVersionUID = 362498820763181265
      DEFAULT_INITIAL_CAPACITY = 16
      MAXIMUM_CAPACITY = 1073741824
      DEFAULT_LOAD_FACTOR = 0.75
      TREEIFY_THRESHOLD = 8
      UNTREEIFY_THRESHOLD = 6
      MIN_TREEIFY_CAPACITY = 64
      table = null
      entrySet = null
      size = 0
      modCount = 0
      threshold = 0
      loadFactor = 0.75
      keySet = null
      values = null
    metadataIdentifierService = class com.ibm.ws.container.service.metadata.internal.MetaDataServiceImpl@6d4e5caf
    globalSharedLibrary = class java.util.concurrent.atomic.AtomicReference@40b8a8f1
      serialVersionUID = -1848883965231344442
      VALUE = class java.lang.invoke.VarHandleObjects$FieldInstanceReadWrite@6ad572e7
      value = null
    serialVersionUID = -1838778944052667322
  globalSharedLibrary = class com.ibm.ws.library.internal.SharedLibraryImpl@685fce4d
    tc = class com.ibm.websphere.ras.TraceComponent@45c5f150
      strings[0] = "TraceComponent[com.ibm.ws.library.internal.SharedLibraryImpl,class com.ibm.ws.library.internal.SharedLibraryImpl,[SharedLibrary],com.ibm.ws.classloading.internal.resources.ClassLoadingServiceMessages,null]"
    EMPTY_LIBRARY_LISTENERS = interface com.ibm.wsspi.library.LibraryChangeListener[0]
    deleted = false
    libraryListenersTracker = class org.osgi.util.tracker.ServiceTracker@4c1b720f
      DEBUG = false
      context = class org.eclipse.osgi.internal.framework.BundleContextImpl@75301040
      filter = class org.eclipse.osgi.internal.framework.FilterImpl@15f5a208
      customizer = class org.osgi.util.tracker.ServiceTracker@4c1b720f
      listenerFilter = "(&(objectClass=com.ibm.wsspi.library.LibraryChangeListener)(|(library=global)(libraryRef=*com.ibm.ws.classloading.sharedlibrary_55*)))"
      trackClass = null
      trackReference = null
      tracked = class org.osgi.util.tracker.ServiceTracker$Tracked@3d847311
      cachedReference = null
      cachedService = null
    libraryReg = class org.eclipse.osgi.internal.serviceregistry.ServiceRegistrationImpl@664087d8
      registry = class org.eclipse.osgi.internal.serviceregistry.ServiceRegistry@3b093082
      context = class org.eclipse.osgi.internal.framework.BundleContextImpl@75301040
      bundle = class org.eclipse.osgi.internal.framework.EquinoxBundle@2c5cabb6
      clazzes = class java.lang.String[1]
      service = class com.ibm.ws.library.internal.SharedLibraryImpl@685fce4d
      reference = class org.eclipse.osgi.internal.serviceregistry.ServiceReferenceImpl@9230e0e
      contextsUsing = class java.util.ArrayList@bb42e6b
      properties = class java.util.Collections$UnmodifiableMap@794b82bf
      serviceid = 306
      serviceranking = 2
      registrationLock = class java.lang.Object@30f12f57
      state = 0
      REGISTERED = 0
      UNREGISTERING = 1
      UNREGISTERED = 2
      FRAMEWORK_SET_SERVICE_PROPERTIES_COUNT = 4
      $assertionsDisabled = true
    ctx = class org.eclipse.osgi.internal.framework.BundleContextImpl@75301040
      findHookName = "org.osgi.framework.hooks.bundle.FindHook"
      valid = true
      bundle = class org.eclipse.osgi.internal.framework.EquinoxBundle@2c5cabb6
      container = class org.eclipse.osgi.internal.framework.EquinoxContainer@32803943
      debug = class org.eclipse.osgi.internal.debug.Debug@61070a00
      servicesInUse = class java.util.HashMap@320fce35
      activator = null
      contextLock = class java.lang.Object@49f7e609
    classLoadingService = class com.ibm.ws.classloading.internal.ClassLoadingServiceImpl@6337ec41
    configAdmin = class com.ibm.ws.config.admin.internal.ConfigurationAdminImpl@69d7a042
      tc = class com.ibm.websphere.ras.TraceComponent@1e9390aa
      bundle = class org.eclipse.osgi.internal.framework.EquinoxBundle@2c5cabb6
      caFactory = class com.ibm.ws.config.admin.internal.ConfigAdminServiceFactory@537ed2fc
      serialVersionUID = 3160799878770679122
    resolvedBasePath = "/Users/kurtrogiers/lab/wlp/usr/servers/defaultServer/"
    generationLock = class com.ibm.ws.library.internal.SharedLibraryImpl$1@7d31a05c
      this$0 = class com.ibm.ws.library.internal.SharedLibraryImpl@685fce4d
      serialVersionUID = 2483639803450672373
      $$$tc$$$ = class com.ibm.websphere.ras.TraceComponent@592d6d40
    currentGeneration = class com.ibm.ws.library.internal.LibraryGeneration@68a7ab29
      tc = class com.ibm.websphere.ras.TraceComponent@17676c97
      nextInt = class java.util.concurrent.atomic.AtomicInteger@5796077d
      libraryId = "global"
      genId = 2
      libraryProps = class java.util.Hashtable@1b07ef2c
      filesetRefs = class java.util.Collections$UnmodifiableRandomAccessList@7e554d5a
      apiTypeVisibility = class java.util.RegularEnumSet@73751241
      files = class java.util.Collections$EmptyList@4428c393
      folders = class java.util.ArrayList@143f5ebd
      fileAndFolderContainers = class java.util.Collections$EmptyList@4428c393
      filesets = class java.util.concurrent.ArrayBlockingQueue@30e5bd99
      filesetListenerRegs = class java.util.concurrent.ConcurrentLinkedQueue@648e1942
      cancelled = false
      library = class com.ibm.ws.library.internal.SharedLibraryImpl@685fce4d
      serialVersionUID = 6965220007121905717
    nextGeneration = class com.ibm.ws.library.internal.LibraryGeneration@68a7ab29
    artifactContainerFactory = class com.ibm.ws.library.internal.SharedLibraryFactory$1@7fbb3738
      this$0 = class com.ibm.ws.library.internal.SharedLibraryFactory@59fa68e8
      serialVersionUID = 7730244564205089330
      $$$tc$$$ = class com.ibm.websphere.ras.TraceComponent@11c79a61
    packageExporter = class com.ibm.ws.library.internal.LibraryPackageExporter@2bba5d3d
      EXPORTER_POSTFIX = "_library_exporter"
      REGION_EXPORT_TO_LIBERTY = "liberty.library.export.to.liberty"
      REGION_EXPORT_TO_OSGI_APPS = "liberty.library.export.to.osgi.app"
      REGION_KERNEL = "org.eclipse.equinox.region.kernel"
      counter = class java.util.concurrent.atomic.AtomicLong@66a55f1c
      context = class org.eclipse.osgi.internal.framework.BundleContextImpl@75301040
      digraph = class org.eclipse.equinox.internal.region.StandardRegionDigraph@42e8c33b
      bundleToLibrary = class java.util.concurrent.ConcurrentHashMap@7d030690
      libraryToVisibility = class java.util.concurrent.ConcurrentHashMap@2dc40d3c
      serialVersionUID = 8074378969667956573
      $$$tc$$$ = class com.ibm.websphere.ras.TraceComponent@7ee8381b
    serialVersionUID = 6288237618632180389
  sharedLibDeploymentInfo = class com.ibm.ws.app.manager.module.internal.DeployedAppInfoBase$SharedLibDeploymentInfo@5dda166b
    bundleContext = class org.eclipse.osgi.internal.framework.BundleContextImpl@1a2c286d
      findHookName = "org.osgi.framework.hooks.bundle.FindHook"
      valid = true
      bundle = class org.eclipse.osgi.internal.framework.EquinoxBundle@159b182f
      container = class org.eclipse.osgi.internal.framework.EquinoxContainer@32803943
      debug = class org.eclipse.osgi.internal.debug.Debug@61070a00
      servicesInUse = class java.util.HashMap@7bddabda
      activator = null
      contextLock = class java.lang.Object@5184fd19
    locAdmin = class com.ibm.ws.kernel.service.location.internal.WsLocationAdminImpl@47604919
      tc = class com.ibm.websphere.ras.TraceComponent@4ca373fb
      LOC_INTERNAL_LIB_DIR = "wlp.lib.dir"
      LOC_AREA_NAME_APPS = "shared/apps/"
      LOC_AREA_NAME_CONFIG = "shared/config/"
      LOC_AREA_NAME_RESC = "shared/resources/"
      LOC_AREA_NAME_STATE = "logs/state/"
      LOC_AREA_NAME_SERVERS = "servers/"
      LOC_AREA_NAME_CLIENTS = "clients/"
      LOC_AREA_NAME_WORKING = "workarea/"
      LOC_AREA_NAME_EXTENSION = "extension/"
      instance = class com.ibm.ws.staticvalue.StaticValue$FinalSingleton@5809717
      installRoot = class com.ibm.ws.kernel.service.location.internal.SymbolicRootResource@4bfcab0e
      installParentRoot = class com.ibm.ws.kernel.service.location.internal.SymbolicRootResource@6c1e575e
      userRoot = class com.ibm.ws.kernel.service.location.internal.SymbolicRootResource@66fceb95
      usrExtensionRoot = class com.ibm.ws.kernel.service.location.internal.SymbolicRootResource@67c5e072
      serverConfigDir = class com.ibm.ws.kernel.service.location.internal.SymbolicRootResource@49cf835f
      serverOutputDir = class com.ibm.ws.kernel.service.location.internal.SymbolicRootResource@49cf835f
      bootstrapLib = class com.ibm.ws.kernel.service.location.internal.LocalFileResource@57f5899f
      serverWorkarea = class com.ibm.ws.kernel.service.location.internal.LocalFileResource@565470b7
      serverState = class com.ibm.ws.kernel.service.location.internal.LocalFileResource@1e5adc7f
      sharedAppsRoot = class com.ibm.ws.kernel.service.location.internal.SymbolicRootResource@2bba7190
      sharedConfigRoot = class com.ibm.ws.kernel.service.location.internal.SymbolicRootResource@5078bc09
      sharedResourceRoot = class com.ibm.ws.kernel.service.location.internal.SymbolicRootResource@25dcaf79
      tmpRoot = class com.ibm.ws.kernel.service.location.internal.SymbolicRootResource@6dad3699
      serverName = "defaultServer"
      resourcePaths = class java.util.ArrayList@1563ec4d
      resourceGroups = class java.util.HashMap@6e821c
      commonRoot = class com.ibm.ws.kernel.service.location.internal.VirtualRootResource@4009520f
      serialVersionUID = 7766352982799267432
    artifactFactory = class com.ibm.ws.artifact.internal.ArtifactContainerFactoryService@737c4770
      CATEGORY_PROP_NAME = "category"
      ENTRY_KEY = "com.ibm.wsspi.artifact.ArtifactEntry"
      helperMap = class com.ibm.wsspi.kernel.service.utils.ConcurrentServiceReferenceSetMap@9bed377
      contributorMap = class com.ibm.wsspi.kernel.service.utils.ConcurrentServiceReferenceSetMap@5ce7d9c1
      helperCategoryMap = class com.ibm.wsspi.kernel.service.utils.ConcurrentServiceReferenceSetMap@4b948385
      contributorCategoryMap = class com.ibm.wsspi.kernel.service.utils.ConcurrentServiceReferenceSetMap@1d34559d
      categories = class java.util.Collections$SynchronizedSet@626e1827
      baseProperties = class org.apache.felix.scr.impl.helper.ReadOnlyDictionary@25ec7a
      serialVersionUID = -3101641399269402013
      $$$tc$$$ = class com.ibm.websphere.ras.TraceComponent@1af8a927
    moduleFactory = class com.ibm.ws.adaptable.module.internal.AdaptableModuleFactoryImpl@5118b195
      adapterFactoryService = class com.ibm.ws.adaptable.module.internal.AdapterFactoryServiceImpl@62649e4
      containerFactory = class com.ibm.ws.artifact.internal.ArtifactContainerFactoryService@737c4770
      overlayContainerFactory = class com.ibm.ws.artifact.overlay.internal.OverlayContainerFactoryImpl@348d0344
      serialVersionUID = 4200251809856292987
      $$$tc$$$ = class com.ibm.websphere.ras.TraceComponent@7643c46e
    classesContainerInfo = class java.util.ArrayList@5148a75b
      serialVersionUID = 8683452581122892189
      DEFAULT_CAPACITY = 10
      EMPTY_ELEMENTDATA = class java.lang.Object[0]
      DEFAULTCAPACITY_EMPTY_ELEMENTDATA = class java.lang.Object[0]
      elementData = class java.lang.Object[0]
      size = 0
      MAX_ARRAY_SIZE = 2147483639
      modCount = 0
      MAX_ARRAY_SIZE = 2147483639
    serialVersionUID = -9033256786848720484
    $$$tc$$$ = class com.ibm.websphere.ras.TraceComponent@53d533cd
      strings[0] = "TraceComponent[com.ibm.ws.app.manager.module.internal.DeployedAppInfoBase$SharedLibDeploymentInfo,class com.ibm.ws.app.manager.module.internal.DeployedAppInfoBase$SharedLibDeploymentInfo,[applications, app.manager],,null]"
  futureMonitor = class com.ibm.ws.threading.internal.FutureMonitorImpl@495e78cf
    _monitor = class java.util.concurrent.ConcurrentLinkedQueue@fcbe5a8
      serialVersionUID = 196745693267521676
      head = class java.util.concurrent.ConcurrentLinkedQueue$Node@75fd73a1
      tail = class java.util.concurrent.ConcurrentLinkedQueue$Node@75fd73a1
      MAX_HOPS = 8
      HEAD = class java.lang.invoke.VarHandleObjects$FieldInstanceReadWrite@24b2f7fe
      TAIL = class java.lang.invoke.VarHandleObjects$FieldInstanceReadWrite@70a2907b
      ITEM = class java.lang.invoke.VarHandleObjects$FieldInstanceReadWrite@1103566c
      NEXT = class java.lang.invoke.VarHandleObjects$FieldInstanceReadWrite@4085a11d
      MAX_ARRAY_SIZE = 2147483639
    _executor = class com.ibm.ws.threading.internal.ScheduledExecutorImpl@20d24dd8
      threadGroupName = "Scheduled Executor Thread Group"
      executor = class com.ibm.ws.threading.internal.ExecutorServiceImpl@653ff8e7
      serialVersionUID = -9110693807503469597
      $$$tc$$$ = class com.ibm.websphere.ras.TraceComponent@51c991c7
      continueExistingPeriodicTasksAfterShutdown = false
      executeExistingDelayedTasksAfterShutdown = true
      removeOnCancel = false
      sequencer = class java.util.concurrent.atomic.AtomicLong@6d3522c1
      DEFAULT_KEEPALIVE_MILLIS = 10
      ctl = class java.util.concurrent.atomic.AtomicInteger@4389bee8
      COUNT_BITS = 29
      COUNT_MASK = 536870911
      RUNNING = -536870912
      SHUTDOWN = 0
      STOP = 536870912
      TIDYING = 1073741824
      TERMINATED = 1610612736
      workQueue = class java.util.concurrent.ScheduledThreadPoolExecutor$DelayedWorkQueue@5ece436d
      mainLock = class java.util.concurrent.locks.ReentrantLock@6ee0bb5e
      workers = class java.util.HashSet@2a07af69
      termination = class java.util.concurrent.locks.AbstractQueuedSynchronizer$ConditionObject@24772a3f
      largestPoolSize = 1
      completedTaskCount = 0
      threadFactory = class com.ibm.ws.threading.internal.ThreadFactoryImpl@63dfb0e3
      handler = class java.util.concurrent.ThreadPoolExecutor$AbortPolicy@74b42716
      keepAliveTime = 10000000
      allowCoreThreadTimeOut = false
      corePoolSize = 1
      maximumPoolSize = 2147483647
      defaultHandler = class java.util.concurrent.ThreadPoolExecutor$AbortPolicy@74b42716
      shutdownPerm = class java.lang.RuntimePermission@690fdd6d
      ONLY_ONE = true
      $assertionsDisabled = true
    _threadRunning = class java.util.concurrent.atomic.AtomicBoolean@1cf907b4
      serialVersionUID = 4654671469794556979
      VALUE = class java.lang.invoke.VarHandleInts$FieldInstanceReadWrite@3e153a9b
      value = 0
    _thread = class com.ibm.ws.threading.internal.FutureMonitorImpl$1@4344409b
      this$0 = class com.ibm.ws.threading.internal.FutureMonitorImpl@495e78cf
      serialVersionUID = 2422512430832938099
      $$$tc$$$ = class com.ibm.websphere.ras.TraceComponent@1f2e4403
    serialVersionUID = 2765238413969174390
    $$$tc$$$ = class com.ibm.websphere.ras.TraceComponent@298b110c
      strings[0] = "TraceComponent[com.ibm.ws.threading.internal.FutureMonitorImpl,class com.ibm.ws.threading.internal.FutureMonitorImpl,[Threading],com.ibm.ws.threading.internal.resources.ThreadingMessages,null]"
  configAdmin = class com.ibm.ws.config.admin.internal.ConfigurationAdminImpl@3b36d4bb
    tc = class com.ibm.websphere.ras.TraceComponent@1e9390aa
      strings[0] = "TraceComponent[com.ibm.ws.config.admin.internal.ConfigurationAdminImpl,class com.ibm.ws.config.admin.internal.ConfigurationAdminImpl,[config],com.ibm.ws.config.internal.resources.ConfigMessages,null]"
    bundle = class org.eclipse.osgi.internal.framework.EquinoxBundle@159b182f
      equinoxContainer = class org.eclipse.osgi.internal.framework.EquinoxContainer@32803943
      module = class org.eclipse.osgi.internal.framework.EquinoxBundle$EquinoxModule@31be7708
      monitor = class java.lang.Object@40c5001f
      context = class org.eclipse.osgi.internal.framework.BundleContextImpl@1a2c286d
      signerInfos = null
      $SWITCH_TABLE$org$eclipse$osgi$container$Module$State = {1,2,3,4,5,6,7} /* array length = 7 */
    caFactory = class com.ibm.ws.config.admin.internal.ConfigAdminServiceFactory@537ed2fc
      tc = class com.ibm.websphere.ras.TraceComponent@36f26b00
      configurationPermission = class org.osgi.service.cm.ConfigurationPermission@6b147a1a
      INDEX_DICTIONARY = 0
      INDEX_LOCATION = 1
      INDEX_METATYPE_PROCESSED = 2
      INDEX_IN_OVERRIDES_FILE = 3
      INDEX_REFERENCES = 4
      INDEX_UNIQUES = 5
      bundleContext = class org.eclipse.osgi.internal.framework.BundleContextImpl@3fda60a
      msTracker = class com.ibm.ws.config.admin.internal.ManagedServiceTracker@5cb60eb5
      msfTracker = class com.ibm.ws.config.admin.internal.ManagedServiceFactoryTracker@2c0c16c
      pluginManager = class com.ibm.ws.config.admin.internal.PluginManager@219e2ce7
      configurationStore = class com.ibm.ws.config.admin.internal.ConfigurationStore@69924664
      updateQueue = class com.ibm.ws.config.admin.internal.UpdateQueue@5bd3e45
      ced = class com.ibm.ws.config.admin.internal.ConfigEventDispatcher@1f2543f
      idMap = class java.util.Collections$SynchronizedMap@51dba9f2
      referenceMap = class java.util.Collections$SynchronizedMap@2a0164cb
      variableRegistryTracker = class org.osgi.util.tracker.ServiceTracker@46a238d8
      variableRegistry = class com.ibm.ws.kernel.service.location.internal.VariableRegistryHelper@55e2df9f
      configurationAdminRef = class org.eclipse.osgi.internal.serviceregistry.ServiceRegistrationImpl@6705ca85
      serialVersionUID = 6695202270027014725
    serialVersionUID = 3160799878770679122
  libraryConfigHelper = class com.ibm.ws.classloading.ClassLoaderConfigHelper@67bf6278
    tc = class com.ibm.websphere.ras.TraceComponent@4e3717a1
      strings[0] = "TraceComponent[com.ibm.ws.classloading.ClassLoaderConfigHelper,class com.ibm.ws.classloading.ClassLoaderConfigHelper,[ClassLoadingService],com.ibm.ws.classloading.internal.resources.ClassLoadingServiceMessages,null]"
    DEFAULT_API_TYPES = class java.util.RegularEnumSet@216b83ed
      serialVersionUID = 3411599620347842686
      elements = 23
      elementType = class java.lang.Class@abb0bbe
      universe = class com.ibm.wsspi.classloading.ApiType[5]
      MAX_ARRAY_SIZE = 2147483639
    sharedLibraries = class java.util.Collections$EmptyList@4428c393
      serialVersionUID = 8842843931221139166
      modCount = 0
      MAX_ARRAY_SIZE = 2147483639
    commonLibraries = class java.util.Collections$EmptyList@4428c393
    classProviders = class java.util.Collections$EmptyList@4428c393
    sharedLibrariesPids = null
    commonLibrariesPids = null
    isDelegateLast = false
    apiTypes = class java.util.RegularEnumSet@216b83ed
    classLoaderConfigProps = null
    serialVersionUID = 7643888529935916418
  isDelegateLast = false
  permissionManager = class com.ibm.ws.classloading.java2sec.PermissionManager@7104f564
    tc = class com.ibm.websphere.ras.TraceComponent@245b3b41
      strings[0] = "TraceComponent[com.ibm.ws.classloading.java2sec.PermissionManager,class com.ibm.ws.classloading.java2sec.PermissionManager,[Java2SecurityUtil],com.ibm.ws.classloading.internal.resources.Java2SecurityUtilMessages,null]"
    classLoadingService = class com.ibm.ws.classloading.internal.ClassLoadingServiceImpl@6337ec41
    DEFAULT_SERVER_RESTRICTABLE_PERMISSIONS = class java.security.Permission[4]
      Permission[0] = class java.lang.RuntimePermission@2f0417e3
      Permission[1] = class java.lang.RuntimePermission@697a6c11
      Permission[2] = class java.security.SecurityPermission@5cb43917
      Permission[3] = class javax.security.auth.AuthPermission@38a89d96
    DEFAULT_CLIENT_RESTRICTABLE_PERMISSIONS = class java.security.Permission[3]
      Permission[0] = class java.lang.RuntimePermission@59f8bb5d
      Permission[1] = class java.security.SecurityPermission@6125b788
      Permission[2] = class javax.security.auth.AuthPermission@7fa75c46
    isServer = true
    wsjarUrlStreamHandlerAvailable = true
    restrictablePermissions = class java.util.ArrayList@5edd9b3a
      serialVersionUID = 8683452581122892189
      DEFAULT_CAPACITY = 10
      EMPTY_ELEMENTDATA = class java.lang.Object[0]
      DEFAULTCAPACITY_EMPTY_ELEMENTDATA = class java.lang.Object[0]
      elementData = class java.lang.Object[10]
      size = 4
      MAX_ARRAY_SIZE = 2147483639
      modCount = 4
      MAX_ARRAY_SIZE = 2147483639
    grantedPermissions = class java.util.ArrayList@4a75f37b
      serialVersionUID = 8683452581122892189
      DEFAULT_CAPACITY = 10
      EMPTY_ELEMENTDATA = class java.lang.Object[0]
      DEFAULTCAPACITY_EMPTY_ELEMENTDATA = class java.lang.Object[0]
      elementData = class java.lang.Object[10]
      size = 1
      MAX_ARRAY_SIZE = 2147483639
      modCount = 1
      MAX_ARRAY_SIZE = 2147483639
    KEY_PERMISSION = "permission"
    INCORRECT_PERMISSION_CONFIGURATION = "INCORRECT_PERMISSION_CONFIGURATION"
    PERMISSION_CLASSNOTFOUND = "PERMISSION_CLASSNOTFOUND"
    SERVER_XML = "server.xml"
    CLIENT_XML = "client.xml"
    originationFile = "server.xml"
    permissions = class com.ibm.wsspi.kernel.service.utils.ConcurrentServiceReferenceSet@32fdf2a1
      referenceName = "permission"
      contextRef = class java.util.concurrent.atomic.AtomicReference@1c2b8f3a
      elementMap = class java.util.LinkedHashMap@1572d0fe
      elementSet = class java.util.concurrent.ConcurrentSkipListSet@3e73af1
      elementSetUnsorted = false
      serialVersionUID = 756240983881166148
      $$$tc$$$ = class com.ibm.websphere.ras.TraceComponent@526ed74a
    codeBasePermissionMap = class java.util.HashMap@a6bf5e4
      serialVersionUID = 362498820763181265
      DEFAULT_INITIAL_CAPACITY = 16
      MAXIMUM_CAPACITY = 1073741824
      DEFAULT_LOAD_FACTOR = 0.75
      TREEIFY_THRESHOLD = 8
      UNTREEIFY_THRESHOLD = 6
      MIN_TREEIFY_CAPACITY = 64
      table = null
      entrySet = null
      size = 0
      modCount = 0
      threshold = 0
      loadFactor = 0.75
      keySet = class java.util.HashMap$KeySet@3fb2e888
      values = null
    permissionXMLPermissionMap = class java.util.HashMap@38ddabd8
      serialVersionUID = 362498820763181265
      DEFAULT_INITIAL_CAPACITY = 16
      MAXIMUM_CAPACITY = 1073741824
      DEFAULT_LOAD_FACTOR = 0.75
      TREEIFY_THRESHOLD = 8
      UNTREEIFY_THRESHOLD = 6
      MIN_TREEIFY_CAPACITY = 64
      table = null
      entrySet = null
      size = 0
      modCount = 0
      threshold = 0
      loadFactor = 0.75
      keySet = null
      values = null
    serialVersionUID = -5043611968709568417
  permissionsConfig = null
  serialVersionUID = 5168023053972273360
  appInfo = class com.ibm.ws.container.service.app.deploy.internal.ApplicationInfoImpl@5142ab1f
    appName = "RegistrationAppWeb"
    appMetaData = class com.ibm.ws.container.service.app.deploy.internal.ApplicationMetaDataImpl@fa286d4
      j2eeName = class com.ibm.ws.container.service.metadata.internal.J2EENameImpl@f6b6553
      serialVersionUID = -7906531148367236579
      $$$tc$$$ = class com.ibm.websphere.ras.TraceComponent@1fcfaa25
      tc = class com.ibm.websphere.ras.TraceComponent@28b0ae05
      NUM_STATIC_SLOTS = 4
      ID_UNINITIALIZED = -1
      id = 0
      metaDataInterface = class java.lang.Class@88be401
      staticSlots = class java.lang.Object[4]
      dynamicSlots = class java.lang.Object[4]
    appContainer = class com.ibm.ws.adaptable.module.internal.AdaptableContainerImpl@c598a8a
    configHelper = class com.ibm.ws.app.manager.module.ApplicationNestedConfigHelper@67e45b1
      appInfo = class com.ibm.ws.app.manager.internal.ApplicationInstallInfo@16eaae78
      serialVersionUID = -3174031738676705046
      $$$tc$$$ = class com.ibm.websphere.ras.TraceComponent@2cf5df7f
    applicationInformation = class com.ibm.ws.app.manager.internal.ApplicationInstallInfo@16eaae78
    serialVersionUID = -505303337196743781
    $$$tc$$$ = class com.ibm.websphere.ras.TraceComponent@7c3f4eb8
      strings[0] = "TraceComponent[com.ibm.ws.container.service.app.deploy.internal.ApplicationInfoImpl,class com.ibm.ws.container.service.app.deploy.internal.ApplicationInfoImpl,[container.service],com.ibm.ws.container.service.resources.Messages,null]"
  modulesDeployed = class java.util.ArrayList@7ce0dc61
    serialVersionUID = 8683452581122892189
    DEFAULT_CAPACITY = 10
    EMPTY_ELEMENTDATA = class java.lang.Object[0]
    DEFAULTCAPACITY_EMPTY_ELEMENTDATA = class java.lang.Object[0]
    elementData = class java.lang.Object[10]
      Object[0] = class com.ibm.ws.app.manager.module.internal.DeployedModuleInfoImpl@7f3b98d3
      Object[1] = null
      Object[2] = null
      Object[3] = null
      Object[4] = null
      Object[5] = null
      Object[6] = null
      Object[7] = null
      Object[8] = null
      Object[9] = null
    size = 1
    MAX_ARRAY_SIZE = 2147483639
    modCount = 1
    MAX_ARRAY_SIZE = 2147483639
  starting = true
  started = false
  appInfoFactory = class com.ibm.ws.container.service.app.deploy.internal.ApplicationInfoFactoryImpl@71fe5c4a
    j2eeNameFactory = class com.ibm.wsspi.kernel.service.utils.AtomicServiceReference@5bf93b56
      referenceName = "j2eeNameFactory"
      tuple = class java.util.concurrent.atomic.AtomicReference@509423db
      serialVersionUID = 2226592364007985000
      $$$tc$$$ = class com.ibm.websphere.ras.TraceComponent@67f69e3d
    names = class java.util.HashSet@ed23de3
      serialVersionUID = -5024744406713321676
      map = class java.util.HashMap@3ef6e4cd
      PRESENT = class java.lang.Object@51981d74
      MAX_ARRAY_SIZE = 2147483639
    serialVersionUID = 7443990212682384945
    $$$tc$$$ = class com.ibm.websphere.ras.TraceComponent@59312ec0
      strings[0] = "TraceComponent[com.ibm.ws.container.service.app.deploy.internal.ApplicationInfoFactoryImpl,class com.ibm.ws.container.service.app.deploy.internal.ApplicationInfoFactoryImpl,[container.service],com.ibm.ws.container.service.resources.Messages,null]"
  metaDataService = class com.ibm.ws.container.service.metadata.internal.MetaDataServiceImpl@6d4e5caf
    applicationMetaDataManager = class com.ibm.ws.container.service.metadata.internal.ApplicationMetaDataManager@55f2f14f
      serialVersionUID = 1843747281024490904
      $$$tc$$$ = class com.ibm.websphere.ras.TraceComponent@25b8b88e
      listeners = class com.ibm.wsspi.kernel.service.utils.ConcurrentServiceReferenceSet@20dfb743
      metaDataIDs = class com.ibm.ws.container.service.metadata.internal.IndexList@66db31be
      metaDatas = class java.util.ArrayList@241f0c5a
      slotIDs = class com.ibm.ws.container.service.metadata.internal.IndexList@4c32253e
      serialVersionUID = 5464421863354792977
      $$$tc$$$ = class com.ibm.websphere.ras.TraceComponent@287930d2
    moduleMetaDataManager = class com.ibm.ws.container.service.metadata.internal.ModuleMetaDataManager@a41342
      serialVersionUID = 2513574389899327209
      $$$tc$$$ = class com.ibm.websphere.ras.TraceComponent@62c3b972
      listeners = class com.ibm.wsspi.kernel.service.utils.ConcurrentServiceReferenceSet@6e2c458
      metaDataIDs = class com.ibm.ws.container.service.metadata.internal.IndexList@4cb576e2
      metaDatas = class java.util.ArrayList@cd9862b
      slotIDs = class com.ibm.ws.container.service.metadata.internal.IndexList@5f205f89
      serialVersionUID = 5464421863354792977
      $$$tc$$$ = class com.ibm.websphere.ras.TraceComponent@287930d2
    componentMetaDataManager = class com.ibm.ws.container.service.metadata.internal.ComponentMetaDataManager@6e50e834
      serialVersionUID = 8629793739641703882
      $$$tc$$$ = class com.ibm.websphere.ras.TraceComponent@6705dae3
      listeners = class com.ibm.wsspi.kernel.service.utils.ConcurrentServiceReferenceSet@35ef607b
      metaDataIDs = class com.ibm.ws.container.service.metadata.internal.IndexList@3619a318
      metaDatas = class java.util.ArrayList@c933798
      slotIDs = class com.ibm.ws.container.service.metadata.internal.IndexList@12ed2dd0
      serialVersionUID = 5464421863354792977
      $$$tc$$$ = class com.ibm.websphere.ras.TraceComponent@287930d2
    methodMetaDataManager = class com.ibm.ws.container.service.metadata.internal.MethodMetaDataManager@71af657c
      serialVersionUID = -3308748211841563417
      $$$tc$$$ = class com.ibm.websphere.ras.TraceComponent@60b3c644
      listeners = class com.ibm.wsspi.kernel.service.utils.ConcurrentServiceReferenceSet@5a3c655d
      metaDataIDs = class com.ibm.ws.container.service.metadata.internal.IndexList@31587f7d
      metaDatas = class java.util.ArrayList@282eecf4
      slotIDs = class com.ibm.ws.container.service.metadata.internal.IndexList@e62eee8
      serialVersionUID = 5464421863354792977
      $$$tc$$$ = class com.ibm.websphere.ras.TraceComponent@287930d2
    appModuleNameToModuleContainer = class java.util.concurrent.ConcurrentHashMap@33158a8f
      serialVersionUID = 7249069246763182397
      MAXIMUM_CAPACITY = 1073741824
      DEFAULT_CAPACITY = 16
      MAX_ARRAY_SIZE = 2147483639
      DEFAULT_CONCURRENCY_LEVEL = 16
      LOAD_FACTOR = 0.75
      TREEIFY_THRESHOLD = 8
      UNTREEIFY_THRESHOLD = 6
      MIN_TREEIFY_CAPACITY = 64
      MIN_TRANSFER_STRIDE = 16
      RESIZE_STAMP_BITS = 16
      MAX_RESIZERS = 65535
      RESIZE_STAMP_SHIFT = 16
      MOVED = -1
      TREEBIN = -2
      RESERVED = -3
      HASH_BITS = 2147483647
      NCPU = 12
      serialPersistentFields = class java.io.ObjectStreamField[3]
      table = null
      nextTable = null
      baseCount = 0
      sizeCtl = 0
      transferIndex = 0
      cellsBusy = 0
      counterCells = null
      keySet = null
      values = null
      entrySet = null
      U = class jdk.internal.misc.Unsafe@6fc2cf50
      SIZECTL = 20
      TRANSFERINDEX = 32
      BASECOUNT = 24
      CELLSBUSY = 36
      CELLVALUE = 144
      ABASE = 16
      ASHIFT = 2
      keySet = null
      values = null
    jeeNameToComponentMetaData = class java.util.concurrent.ConcurrentHashMap@138bb1ac
      serialVersionUID = 7249069246763182397
      MAXIMUM_CAPACITY = 1073741824
      DEFAULT_CAPACITY = 16
      MAX_ARRAY_SIZE = 2147483639
      DEFAULT_CONCURRENCY_LEVEL = 16
      LOAD_FACTOR = 0.75
      TREEIFY_THRESHOLD = 8
      UNTREEIFY_THRESHOLD = 6
      MIN_TREEIFY_CAPACITY = 64
      MIN_TRANSFER_STRIDE = 16
      RESIZE_STAMP_BITS = 16
      MAX_RESIZERS = 65535
      RESIZE_STAMP_SHIFT = 16
      MOVED = -1
      TREEBIN = -2
      RESERVED = -3
      HASH_BITS = 2147483647
      NCPU = 12
      serialPersistentFields = class java.io.ObjectStreamField[3]
      table = null
      nextTable = null
      baseCount = 0
      sizeCtl = 0
      transferIndex = 0
      cellsBusy = 0
      counterCells = null
      keySet = null
      values = null
      entrySet = null
      U = class jdk.internal.misc.Unsafe@6fc2cf50
      SIZECTL = 20
      TRANSFERINDEX = 32
      BASECOUNT = 24
      CELLSBUSY = 36
      CELLVALUE = 144
      ABASE = 16
      ASHIFT = 2
      keySet = null
      values = null
    deferredMetaDataFactories = class com.ibm.wsspi.kernel.service.utils.ConcurrentServiceReferenceSet@7a73faa1
      referenceName = "deferredMetaDataFactory"
      contextRef = class java.util.concurrent.atomic.AtomicReference@dbcd679
      elementMap = class java.util.LinkedHashMap@70bd3a58
      elementSet = class java.util.concurrent.ConcurrentSkipListSet@c854df4
      elementSetUnsorted = false
      serialVersionUID = 756240983881166148
      $$$tc$$$ = class com.ibm.websphere.ras.TraceComponent@526ed74a
    deferredMetaDataInitializers = class com.ibm.wsspi.kernel.service.utils.ConcurrentServiceReferenceMap@707df416
      referenceName = "deferredMetaDataFactory"
      context = class org.apache.felix.scr.impl.manager.ComponentContextImpl@5ccf7b4e
      elementMap = class java.util.concurrent.ConcurrentHashMap@27b502ac
      serialVersionUID = 6980924785166233786
      $$$tc$$$ = class com.ibm.websphere.ras.TraceComponent@68142009
    serialVersionUID = -2494605732980966097
    $$$tc$$$ = class com.ibm.websphere.ras.TraceComponent@b40c182
      strings[0] = "TraceComponent[com.ibm.ws.container.service.metadata.internal.MetaDataServiceImpl,class com.ibm.ws.container.service.metadata.internal.MetaDataServiceImpl,[Runtime],,null]"
  stateChangeService = class com.ibm.ws.container.service.state.internal.StateChangeServiceImpl@271508d7
    applicationStateManager = class com.ibm.ws.container.service.state.internal.ApplicationStateManager@67ba54e3
      serialVersionUID = -6685368059484454124
      $$$tc$$$ = class com.ibm.websphere.ras.TraceComponent@4aa3917e
      listeners = class com.ibm.wsspi.kernel.service.utils.ConcurrentServiceReferenceSet@657c9b90
      serialVersionUID = 2284273176985484160
      $$$tc$$$ = class com.ibm.websphere.ras.TraceComponent@169ead47
    moduleStateManager = class com.ibm.ws.container.service.state.internal.ModuleStateManager@6fa35964
      serialVersionUID = -5540260902341249963
      $$$tc$$$ = class com.ibm.websphere.ras.TraceComponent@3997447e
      listeners = class com.ibm.wsspi.kernel.service.utils.ConcurrentServiceReferenceSet@72c2c750
      serialVersionUID = 2284273176985484160
      $$$tc$$$ = class com.ibm.websphere.ras.TraceComponent@169ead47
    serialVersionUID = -537917915330350560
    $$$tc$$$ = class com.ibm.websphere.ras.TraceComponent@4bbbff97
      strings[0] = "TraceComponent[com.ibm.ws.container.service.state.internal.StateChangeServiceImpl,class com.ibm.ws.container.service.state.internal.StateChangeServiceImpl,[Runtime],,null]"
  moduleClassesInfo = class com.ibm.ws.app.manager.module.internal.SimpleDeployedAppInfoBase$ModuleClassesInfoProvider@3bb72bb7
    entryContainerInfosMap = class java.util.HashMap@5d566993
      serialVersionUID = 362498820763181265
      DEFAULT_INITIAL_CAPACITY = 16
      MAXIMUM_CAPACITY = 1073741824
      DEFAULT_LOAD_FACTOR = 0.75
      TREEIFY_THRESHOLD = 8
      UNTREEIFY_THRESHOLD = 6
      MIN_TREEIFY_CAPACITY = 64
      table = null
      entrySet = null
      size = 0
      modCount = 0
      threshold = 0
      loadFactor = 0.75
      keySet = null
      values = null
    serialVersionUID = -70332790531324534
    $$$tc$$$ = class com.ibm.websphere.ras.TraceComponent@19a244e7
      strings[0] = "TraceComponent[com.ibm.ws.app.manager.module.internal.SimpleDeployedAppInfoBase$ModuleClassesInfoProvider,class com.ibm.ws.app.manager.module.internal.SimpleDeployedAppInfoBase$ModuleClassesInfoProvider,[applications, app.manager],,null]"
  moduleContainerInfos = class java.util.ArrayList@414efb74
    serialVersionUID = 8683452581122892189
    DEFAULT_CAPACITY = 10
    EMPTY_ELEMENTDATA = class java.lang.Object[0]
    DEFAULTCAPACITY_EMPTY_ELEMENTDATA = class java.lang.Object[0]
    elementData = class java.lang.Object[10]
      Object[0] = class com.ibm.ws.app.manager.module.internal.SimpleDeployedAppInfoBase$WebModuleContainerInfo@614adf70
      Object[1] = null
      Object[2] = null
      Object[3] = null
      Object[4] = null
      Object[5] = null
      Object[6] = null
      Object[7] = null
      Object[8] = null
      Object[9] = null
    size = 1
    MAX_ARRAY_SIZE = 2147483639
    modCount = 1
    MAX_ARRAY_SIZE = 2147483639
  activeModuleHandlers = class java.util.IdentityHashMap@42d1f31b
    DEFAULT_CAPACITY = 32
    MINIMUM_CAPACITY = 4
    MAXIMUM_CAPACITY = 536870912
    table = class java.lang.Object[16]
      Object[0] = null
      Object[1] = null
      Object[2] = null
      Object[3] = null
      Object[4] = null
      Object[5] = null
      Object[6] = null
      Object[7] = null
      Object[8] = null
      Object[9] = null
      Object[10] = null
      Object[11] = null
      Object[12] = null
      Object[13] = null
      Object[14] = null
      Object[15] = null
    size = 0
    modCount = 2
    NULL_KEY = class java.lang.Object@2ef74824
    entrySet = null
    serialVersionUID = 8188218128353913216
    keySet = null
    values = null
  serialVersionUID = 7078125893012250887
  $$$tc$$$ = class com.ibm.websphere.ras.TraceComponent@61ce47ee
    strings[0] = "TraceComponent[com.ibm.ws.app.manager.module.internal.SimpleDeployedAppInfoBase,class com.ibm.ws.app.manager.module.internal.SimpleDeployedAppInfoBase,[applications, app.manager],,null]"

Dump of objectArray[0]
Object type = com.ibm.ws.threading.internal.NonCancelableResultFuture
  _done = false
  _result = null
  _failure = null
  _listeners = class java.util.concurrent.ConcurrentLinkedQueue@72bf0660
    serialVersionUID = 196745693267521676
    head = class java.util.concurrent.ConcurrentLinkedQueue$Node@1565048a
      item = null
      next = null
    tail = class java.util.concurrent.ConcurrentLinkedQueue$Node@1565048a
    MAX_HOPS = 8
    HEAD = class java.lang.invoke.VarHandleObjects$FieldInstanceReadWrite@24b2f7fe
      FORM = class java.lang.invoke.VarForm@5252beb3
      fieldOffset = 12
      receiverType = class java.lang.Class@57e1b0c
      fieldType = class java.lang.Class@4232c52b
      FORM = class java.lang.invoke.VarForm@21f49c09
      vform = class java.lang.invoke.VarForm@5252beb3
      typesAndInvokers = null
      AIOOBE_SUPPLIER = class jdk.internal.util.Preconditions$1@743b4a4c
      VFORM_OFFSET = 12
      $assertionsDisabled = true
    TAIL = class java.lang.invoke.VarHandleObjects$FieldInstanceReadWrite@70a2907b
      FORM = class java.lang.invoke.VarForm@5252beb3
      fieldOffset = 16
      receiverType = class java.lang.Class@57e1b0c
      fieldType = class java.lang.Class@4232c52b
      FORM = class java.lang.invoke.VarForm@21f49c09
      vform = class java.lang.invoke.VarForm@5252beb3
      typesAndInvokers = null
      AIOOBE_SUPPLIER = class jdk.internal.util.Preconditions$1@743b4a4c
      VFORM_OFFSET = 12
      $assertionsDisabled = true
    ITEM = class java.lang.invoke.VarHandleObjects$FieldInstanceReadWrite@1103566c
      FORM = class java.lang.invoke.VarForm@5252beb3
      fieldOffset = 12
      receiverType = class java.lang.Class@4232c52b
      fieldType = class java.lang.Class@55054057
      FORM = class java.lang.invoke.VarForm@21f49c09
      vform = class java.lang.invoke.VarForm@5252beb3
      typesAndInvokers = null
      AIOOBE_SUPPLIER = class jdk.internal.util.Preconditions$1@743b4a4c
      VFORM_OFFSET = 12
      $assertionsDisabled = true
    NEXT = class java.lang.invoke.VarHandleObjects$FieldInstanceReadWrite@4085a11d
      FORM = class java.lang.invoke.VarForm@5252beb3
      fieldOffset = 16
      receiverType = class java.lang.Class@4232c52b
      fieldType = class java.lang.Class@4232c52b
      FORM = class java.lang.invoke.VarForm@21f49c09
      vform = class java.lang.invoke.VarForm@5252beb3
      typesAndInvokers = null
      AIOOBE_SUPPLIER = class jdk.internal.util.Preconditions$1@743b4a4c
      VFORM_OFFSET = 12
      $assertionsDisabled = true
    MAX_ARRAY_SIZE = 2147483639
  _notifiedListeners = class java.util.concurrent.atomic.AtomicBoolean@7b680afa
    serialVersionUID = 4654671469794556979
    VALUE = class java.lang.invoke.VarHandleInts$FieldInstanceReadWrite@3e153a9b
      FORM = class java.lang.invoke.VarForm@45489dad
      fieldOffset = 12
      receiverType = class java.lang.Class@4b6995df
      FORM = class java.lang.invoke.VarForm@35d8536b
      vform = class java.lang.invoke.VarForm@45489dad
      typesAndInvokers = null
      AIOOBE_SUPPLIER = class jdk.internal.util.Preconditions$1@743b4a4c
      VFORM_OFFSET = 12
      $assertionsDisabled = true
    value = 0
  serialVersionUID = -296387658814354272
  $$$tc$$$ = class com.ibm.websphere.ras.TraceComponent@d6d72f9
    strings[0] = "TraceComponent[com.ibm.ws.threading.internal.NonCancelableResultFuture,class com.ibm.ws.threading.internal.NonCancelableResultFuture,[Threading],com.ibm.ws.threading.internal.resources.ThreadingMessages,null]"

