------Start of DE processing------ = [18/12/18 23:00:05:684 CET]
Exception = com.ibm.ws.container.service.state.StateChangeException
Source = com.ibm.ws.app.manager.module.internal.DeployedAppInfoBase
probeid = 384
Stack Dump = com.ibm.ws.container.service.state.StateChangeException: org.jboss.weld.exceptions.DefinitionException: WELD-000075: Normal scoped managed bean implementation class has a public field:  [EnhancedAnnotatedFieldImpl] public net.wasdev.reg.Attendees.attendees
	at com.ibm.ws.container.service.state.internal.ApplicationStateManager.fireStarting(ApplicationStateManager.java:32)
	at com.ibm.ws.container.service.state.internal.StateChangeServiceImpl.fireApplicationStarting(StateChangeServiceImpl.java:50)
	at com.ibm.ws.app.manager.module.internal.DeployedAppInfoBase.preDeployApp(DeployedAppInfoBase.java:383)
	at com.ibm.ws.app.manager.module.internal.DeployedAppInfoBase.deployApp(DeployedAppInfoBase.java:412)
	at com.ibm.ws.app.manager.war.internal.WARApplicationHandlerImpl.install(WARApplicationHandlerImpl.java:65)
	at com.ibm.ws.app.manager.internal.statemachine.StartAction.execute(StartAction.java:140)
	at com.ibm.ws.app.manager.internal.statemachine.ApplicationStateMachineImpl.enterState(ApplicationStateMachineImpl.java:1258)
	at com.ibm.ws.app.manager.internal.statemachine.ApplicationStateMachineImpl.run(ApplicationStateMachineImpl.java:873)
	at com.ibm.ws.threading.internal.ExecutorServiceImpl$RunnableWrapper.run(ExecutorServiceImpl.java:232)
	at java.base/java.util.concurrent.ThreadPoolExecutor.runWorker(ThreadPoolExecutor.java:1128)
	at java.base/java.util.concurrent.ThreadPoolExecutor$Worker.run(ThreadPoolExecutor.java:628)
	at java.base/java.lang.Thread.run(Thread.java:834)
Caused by: org.jboss.weld.exceptions.DefinitionException: WELD-000075: Normal scoped managed bean implementation class has a public field:  [EnhancedAnnotatedFieldImpl] public net.wasdev.reg.Attendees.attendees
	at org.jboss.weld.bean.ManagedBean.checkBeanImplementation(ManagedBean.java:231)
	at org.jboss.weld.bean.AbstractClassBean.internalInitialize(AbstractClassBean.java:74)
	at org.jboss.weld.bean.ManagedBean.internalInitialize(ManagedBean.java:105)
	at org.jboss.weld.bean.RIBean.initialize(RIBean.java:69)
	at org.jboss.weld.bootstrap.ConcurrentBeanDeployer$4.doWork(ConcurrentBeanDeployer.java:96)
	at org.jboss.weld.bootstrap.ConcurrentBeanDeployer$4.doWork(ConcurrentBeanDeployer.java:93)
	at org.jboss.weld.executor.IterativeWorkerTaskFactory$1.call(IterativeWorkerTaskFactory.java:62)
	at org.jboss.weld.executor.IterativeWorkerTaskFactory$1.call(IterativeWorkerTaskFactory.java:55)
	at com.ibm.ws.threading.internal.PolicyTaskFutureImpl.run(PolicyTaskFutureImpl.java:692)
	at com.ibm.ws.threading.internal.PolicyExecutorImpl.runTask(PolicyExecutorImpl.java:1128)
	at com.ibm.ws.threading.internal.PolicyExecutorImpl$GlobalPoolTask.run(PolicyExecutorImpl.java:186)
	... 3 more

Dump of callerThis
Object type = com.ibm.ws.app.manager.war.internal.WARDeployedAppInfo
  CONTEXT_ROOT = "context-root"
  webModuleHandler = class com.ibm.ws.app.manager.web.internal.WebModuleHandlerImpl@1bfd71fb
    serialVersionUID = 4795602325763828210
    $$$tc$$$ = class com.ibm.websphere.ras.TraceComponent@2e2cd06e
      strings[0] = "TraceComponent[com.ibm.ws.app.manager.web.internal.WebModuleHandlerImpl,class com.ibm.ws.app.manager.web.internal.WebModuleHandlerImpl,[webcontainer, applications, app.manager],com.ibm.ws.app.manager.war.internal.resources.Messages,null]"
    futureMonitor = class com.ibm.ws.threading.internal.FutureMonitorImpl@6a3ee2cb
    metaDataService = class com.ibm.ws.container.service.metadata.internal.MetaDataServiceImpl@262ac0f4
    stateChangeService = class com.ibm.ws.container.service.state.internal.StateChangeServiceImpl@5b689eba
    moduleRuntimeContainer = class com.ibm.ws.webcontainer.osgi.WebContainer@14e7280d
      tc = class com.ibm.websphere.ras.TraceComponent@73b861c0
      CLASS_NAME = "com.ibm.ws.webcontainer.osgi.WebContainer"
      initialized = true
      eventService = class com.ibm.ws.event.internal.EventEngineImpl@720eac4a
      futureMonitor = class com.ibm.ws.threading.internal.FutureMonitorImpl@6a3ee2cb
      classLoadingSRRef = class com.ibm.wsspi.kernel.service.utils.AtomicServiceReference@348b6a5f
      sessionHelperSRRef = class com.ibm.wsspi.kernel.service.utils.AtomicServiceReference@14b8832c
      cacheManagerSRRef = class com.ibm.wsspi.kernel.service.utils.AtomicServiceReference@794fe9d6
      injectionEngineSRRef = class com.ibm.wsspi.kernel.service.utils.AtomicServiceReference@7e246649
      managedObjectServiceSRRef = class com.ibm.wsspi.kernel.service.utils.AtomicServiceReference@11123240
      backgroundWebAppStartFutures = class com.ibm.ws.webcontainer.util.OneTimeUseArrayList@416372ad
      REFERENCE_WEB_MBEAN_RUNTIME = "webMBeanRuntime"
      webMBeanRuntimeServiceRef = class com.ibm.wsspi.kernel.service.utils.AtomicServiceReference@47e4320e
      servletContainerInitializers = class com.ibm.wsspi.kernel.service.utils.ConcurrentServiceReferenceSet@1a2f0295
      es = class com.ibm.ws.threading.internal.ExecutorServiceImpl@2788c3c2
      locationServiceRef = class java.util.concurrent.atomic.AtomicReference@1a2fa3a2
      transferContextServiceRef = class com.ibm.wsspi.kernel.service.utils.ConcurrentServiceReferenceSet@40034c50
      encodingServiceRef = class java.util.concurrent.atomic.AtomicReference@2611621c
      instance = class java.util.concurrent.atomic.AtomicReference@44c8e7e1
      vhostManager = class com.ibm.ws.webcontainer.osgi.DynamicVirtualHostManager@239d6e69
      metaDataService = class com.ibm.ws.container.service.metadata.internal.MetaDataServiceImpl@262ac0f4
      j2eeNameFactory = class com.ibm.ws.container.service.metadata.internal.J2EENameFactoryImpl@7926c786
      context = class org.apache.felix.scr.impl.manager.ComponentContextImpl@540a5b3c
      contextRoots = class java.util.Collections$SynchronizedSet@57fe59b3
      pendingContextRoots = class java.util.HashMap@1fd88b03
      deployedModuleMap = class java.util.concurrent.ConcurrentHashMap@500d6589
      connContextPool = class com.ibm.ws.webcontainer40.osgi.srt.factory.SRTConnectionContextPool40Impl@5658170f
      DEFAULT_PORT = "*"
      DEFAULT_VHOST_NAME = "default_host"
      cachedServerInfo = null
      lock = class com.ibm.ws.webcontainer.osgi.WebContainer$1@734eefb6
      webAppFactory = class com.ibm.ws.webcontainer40.osgi.webapp.factory.WebAppFactory40Impl@2815f24f
      requestFactory = class com.ibm.ws.webcontainer40.osgi.response.factory.IRequestResponseFactory40Impl@138febe9
      responseFactory = class com.ibm.ws.webcontainer40.osgi.response.factory.IRequestResponseFactory40Impl@138febe9
      asyncContextFactory = class com.ibm.ws.webcontainer40.async.factory.AsyncContextFactory40Impl@5f966f8
      DEFAULT_MAX_VERSION = 30
      versionRef = class org.eclipse.osgi.internal.serviceregistry.ServiceReferenceImpl@1ce1aae
      serverStopping = class com.ibm.ws.staticvalue.StaticValue$FinalSingleton@64e0752
      modulesStarting = 0
      uriMatcherFactory = class com.ibm.wsspi.webcontainer40.util.factory.URIMatcherFactory40Impl@6af264d1
      SPEC_LEVEL_UNLOADED = -1
      SPEC_LEVEL_30 = 30
      SPEC_LEVEL_31 = 31
      SPEC_LEVEL_40 = 40
      DEFAULT_SPEC_LEVEL = 30
      loadedContainerSpecLevel = 40
      ISO = "ISO-8859-1"
      encoding = "UTF-8"
      decode = true
      wcconfig = class com.ibm.ws.webcontainer.osgi.WebContainerConfiguration@5598749b
      applicationListeners = class java.util.ArrayList@231a9ded
      servletListeners = class java.util.ArrayList@5ab7b1b3
      servletErrorListeners = class java.util.ArrayList@6e7fcfad
      servletInvocationListeners = class java.util.ArrayList@78d54255
      filterInvocationListeners = class java.util.ArrayList@f574d57
      filterErrorListeners = class java.util.ArrayList@680a5f27
      filterListeners = class java.util.ArrayList@7818f72c
      servletRequestListeners = class java.util.ArrayList@2a0dd590
      servletRequestAttributeListeners = class java.util.ArrayList@1f850873
      servletContextListeners = class java.util.ArrayList@254c9fc3
      servletContextAttributeListeners = class java.util.ArrayList@1a52add1
      sessionListeners = class java.util.ArrayList@5e374a5e
      sessionIdListeners = class java.util.ArrayList@69c6177b
      sessionAttributeListeners = class java.util.ArrayList@28352f07
      DEFAULT_HOST = "default_host"
      _initialized = true
      logger = class com.ibm.ws.logging.internal.WsLogger@270633f5
      CLASS_NAME = "com.ibm.ws.webcontainer.internal.WebContainer"
      nls = class com.ibm.ejs.ras.TraceNLS@4387e8f1
      self = class java.util.concurrent.atomic.AtomicReference@1aa34235
      _cipherToBit = class java.util.HashMap@1b6f0b71
      cacheKeyStringBuilder = class com.ibm.ws.util.WSThreadLocal@de00a72
      listenersInitialized = false
      webConProperties = class java.util.Properties@71dcab5f
      sessionRegistry = null
      isStopped = false
      readWriteLockForStopping = class java.util.concurrent.locks.ReentrantReadWriteLock@71eeedbb
      urlPrefix = ";jsessionid="
      extensionFactories = class java.util.ArrayList@12b95474
      postInitExtensionFactories = null
      httpResponseListeners = class java.util.ArrayList@1f077fcb
      servletContainerInitializers = class java.util.ServiceLoader@b95a927
      auditManager = class com.ibm.websphere.security.audit.context.AuditManager@d101edb
      threadLocal = class java.lang.ThreadLocal@55d2f1f9
      invocationCacheSize = 500
      decodePlusSign = true
      _cacheMap = class java.util.concurrent.ConcurrentHashMap@710f35af
      _cacheSize = class java.util.concurrent.atomic.AtomicInteger@57756638
      vHostCompatFlag = false
      platformHelper = class com.ibm.ws.webcontainer.PlatformHelper@5a1e4ccb
      isDefaultTempDir = true
      tempDir = null
      servletCachingInitNeeded = true
      appInstallBegun = false
      cacheServletWrapperFactory = class com.ibm.ws.webcontainer40.servlet.factory.CacheServletWrapperFactory40Impl@18013348
      commands = class java.util.ArrayList@102bcfaa
      requestMapper = class com.ibm.ws.webcontainer.util.VirtualHostContextRootMapper@6c932f31
      parent = null
      name = "Was.webcontainer"
      isAlive = true
      subElements = null
      attributes = null
      config = null
      serialVersionUID = -8271459000149267764
      $$$tc$$$ = class com.ibm.websphere.ras.TraceComponent@1afd1f3a
    firstFailure = null
    serialVersionUID = -4563697739413190872
    $$$tc$$$ = class com.ibm.websphere.ras.TraceComponent@18b2f856
      strings[0] = "TraceComponent[com.ibm.ws.app.manager.module.internal.ModuleHandlerBase,class com.ibm.ws.app.manager.module.internal.ModuleHandlerBase,[applications, app.manager],,null]"
  webContainerModuleInfo = class com.ibm.ws.app.manager.module.internal.SimpleDeployedAppInfoBase$WebModuleContainerInfo@c086a2
    contextRoot = null
    defaultContextRoot = "RegistrationAppWeb"
    serialVersionUID = -8158961796913348204
    $$$tc$$$ = class com.ibm.websphere.ras.TraceComponent@207e3213
      strings[0] = "TraceComponent[com.ibm.ws.app.manager.module.internal.SimpleDeployedAppInfoBase$WebModuleContainerInfo,class com.ibm.ws.app.manager.module.internal.SimpleDeployedAppInfoBase$WebModuleContainerInfo,[applications, app.manager],,null]"
    moduleHandler = class com.ibm.ws.app.manager.web.internal.WebModuleHandlerImpl@1bfd71fb
    moduleMetaDataExtenders = class java.util.concurrent.CopyOnWriteArrayList@5ac9c63a
      serialVersionUID = 8673264195747942595
      lock = class java.lang.Object@30a0a0b4
      array = class java.lang.Object[3]
    nestedModuleMetaDataFactories = class java.util.concurrent.CopyOnWriteArrayList@1fbcf07c
      serialVersionUID = 8673264195747942595
      lock = class java.lang.Object@df70d1f
      array = class java.lang.Object[1]
    nestedModules = null
    moduleName = "RegistrationAppWeb"
    moduleDD = class com.ibm.ws.javaee.ddmodel.web.common.WebAppType@483ef7ae
      version = class com.ibm.ws.javaee.ddmodel.TokenType@2d8da3b2
      metadata_complete = null
      module_name = null
      absolute_ordering = null
      serialVersionUID = 4092807504738198665
      $$$tc$$$ = class com.ibm.websphere.ras.TraceComponent@5bedd95c
      description = null
      display_name = class com.ibm.ws.javaee.ddmodel.common.DisplayNameType$ListType@249d1a2b
      icon = null
      distributable = null
      context_param = null
      filter = null
      filter_mapping = null
      listener = null
      servlet = null
      servlet_mapping = null
      session_config = null
      mime_mapping = null
      welcome_file_list = class com.ibm.ws.javaee.ddmodel.web.common.WelcomeFileListType@54a2df70
      error_page = null
      jsp_config = null
      security_constraint = null
      deny_uncovered_http_methods = null
      login_config = null
      security_role = null
      message_destination = null
      locale_encoding_mapping_list = null
      default_context_path = null
      request_encoding = null
      response_encoding = null
      servletNameToServletMap = null
      filterNameToFilterMap = null
      ejbRefNameToEJBLocalRefMap = null
      ejbRefNameToEJBRefMap = null
      resourceEnvRefNameToResourceEnvRefMap = null
      messageDestinationRefNameToMessageDestinationRefMap = null
      resRefNameToResourceRefMap = null
      envEntryNameToEnvEntryMap = null
      roleNameToSecurityRoleMap = null
      roleLinkToSecurityRoleRefMap = null
      handlerNameToHandlerMap = null
      path = "WEB-INF/web.xml"
      idMap = class com.ibm.ws.javaee.ddmodel.DDParser$ComponentIDMap@c9ae9e0
      serialVersionUID = 5321339975883512588
      $$$tc$$$ = class com.ibm.websphere.ras.TraceComponent@5f4400d
      post_construct = null
      pre_destroy = null
      serialVersionUID = 1102064201943992836
      $$$tc$$$ = class com.ibm.websphere.ras.TraceComponent@4cf246a1
      env_entry = null
      ejb_ref = null
      ejb_local_ref = null
      resource_ref = null
      resource_env_ref = null
      message_destination_ref = null
      persistence_context_ref = null
      persistence_unit_ref = null
      data_source = null
      jms_connection_factory = null
      jms_destination = null
      mail_session = null
      connection_factory = null
      administered_object = null
      serialVersionUID = 8931982405528922228
      $$$tc$$$ = class com.ibm.websphere.ras.TraceComponent@66dd9374
      service_ref = null
      serialVersionUID = -6199862059825607270
      $$$tc$$$ = class com.ibm.websphere.ras.TraceComponent@10675c42
      nilled = false
      serialVersionUID = -2826386306561723362
      $$$tc$$$ = class com.ibm.websphere.ras.TraceComponent@525397a0
    moduleInfo = class com.ibm.ws.app.manager.module.internal.WebModuleInfoImpl@28bb6011
      contextRoot = "/RegistrationAppWeb"
      isDefaultContextRootUsed = true
      serialVersionUID = -1540279394520440503
      $$$tc$$$ = class com.ibm.websphere.ras.TraceComponent@515ff3c3
      tc = class com.ibm.websphere.ras.TraceComponent@2f7c1e47
      appInfo = class com.ibm.ws.container.service.app.deploy.internal.ApplicationInfoImpl@4371e808
      moduleName = "RegistrationAppWeb"
      path = "RegistrationAppWeb.war"
      moduleContainer = class com.ibm.ws.adaptable.module.internal.AdaptableContainerImpl@43e3ce5b
      altDDEntry = null
      moduleClassesContainers = class java.util.ArrayList@530408cd
      classLoaderFactory = class com.ibm.ws.app.manager.war.internal.WARDeployedAppInfo@6b70d6a4
      containerInfoType = class com.ibm.ws.container.service.app.deploy.ContainerInfo$Type@47e8fe1c
      classLoader = class com.ibm.ws.classloading.internal.AppClassLoader@c58e12d
      moduleMetaData = class com.ibm.ws.webcontainer.osgi.metadata.WebModuleMetaDataImpl@577afe7c
      nestedModuleMetaDataTypes = null
      nestedModuleMetaDataValues = null
      serialVersionUID = 3986734351620206554
    serialVersionUID = 8693907776607441911
    $$$tc$$$ = class com.ibm.websphere.ras.TraceComponent@353bff99
      strings[0] = "TraceComponent[com.ibm.ws.app.manager.module.internal.SimpleDeployedAppInfoBase$ModuleContainerInfoBase,class com.ibm.ws.app.manager.module.internal.SimpleDeployedAppInfoBase$ModuleContainerInfoBase,[applications, app.manager],,null]"
    type = class com.ibm.ws.container.service.app.deploy.ContainerInfo$Type@47e8fe1c
      MANIFEST_CLASSPATH = class com.ibm.ws.container.service.app.deploy.ContainerInfo$Type@382c048f
      WEB_INF_CLASSES = class com.ibm.ws.container.service.app.deploy.ContainerInfo$Type@27608bee
      WEB_INF_LIB = class com.ibm.ws.container.service.app.deploy.ContainerInfo$Type@12702ab6
      EAR_LIB = class com.ibm.ws.container.service.app.deploy.ContainerInfo$Type@1cd1c6
      WEB_MODULE = class com.ibm.ws.container.service.app.deploy.ContainerInfo$Type@47e8fe1c
      EJB_MODULE = class com.ibm.ws.container.service.app.deploy.ContainerInfo$Type@584ca536
      CLIENT_MODULE = class com.ibm.ws.container.service.app.deploy.ContainerInfo$Type@7b506a2a
      RAR_MODULE = class com.ibm.ws.container.service.app.deploy.ContainerInfo$Type@6866da6c
      JAR_MODULE = class com.ibm.ws.container.service.app.deploy.ContainerInfo$Type@e12a447
      SHARED_LIB = class com.ibm.ws.container.service.app.deploy.ContainerInfo$Type@334ac5a6
      $VALUES = class com.ibm.ws.container.service.app.deploy.ContainerInfo$Type[10]
      $$$tc$$$ = class com.ibm.websphere.ras.TraceComponent@2c5e4d8f
      name = "WEB_MODULE"
      ordinal = 4
    name = "RegistrationAppWeb.war"
    container = class com.ibm.ws.adaptable.module.internal.AdaptableContainerImpl@43e3ce5b
      root = class com.ibm.ws.adaptable.module.internal.AdaptableContainerImpl@43e3ce5b
      rootOverlay = class com.ibm.ws.artifact.overlay.internal.DirectoryBasedOverlayContainerImpl@6b6f6b8
      factoryHolder = class com.ibm.ws.adaptable.module.internal.AdaptableModuleFactoryImpl@673a5ffa
      delegate = class com.ibm.ws.artifact.overlay.internal.DirectoryBasedOverlayContainerImpl@6b6f6b8
      notifier = class com.ibm.ws.adaptable.module.internal.NotifierImpl@55ba41fc
      serialVersionUID = -5621513278641113667
      $$$tc$$$ = class com.ibm.websphere.ras.TraceComponent@710eb4d4
    altDDEntry = null
    classesContainerInfo = class java.util.ArrayList@530408cd
      serialVersionUID = 8683452581122892189
      DEFAULT_CAPACITY = 10
      EMPTY_ELEMENTDATA = class java.lang.Object[0]
      DEFAULTCAPACITY_EMPTY_ELEMENTDATA = class java.lang.Object[0]
      elementData = class java.lang.Object[10]
      size = 2
      MAX_ARRAY_SIZE = 2147483639
      modCount = 3
      MAX_ARRAY_SIZE = 2147483639
    serialVersionUID = 7427332431485745589
    $$$tc$$$ = class com.ibm.websphere.ras.TraceComponent@34c48488
      strings[0] = "TraceComponent[com.ibm.ws.app.manager.module.internal.SimpleDeployedAppInfoBase$ExtendedContainerInfo,class com.ibm.ws.app.manager.module.internal.SimpleDeployedAppInfoBase$ExtendedContainerInfo,[applications, app.manager],,null]"
  DYNAMIC_IMPORT_PACKAGE_LIST = class java.util.Collections$UnmodifiableRandomAccessList@434cb797
    serialVersionUID = -2542308836966382001
    serialVersionUID = -283967356065247728
    list = class java.util.Arrays$ArrayList@11545b20
      serialVersionUID = -2764017481108945198
      a = class java.lang.String[1]
      modCount = 0
      MAX_ARRAY_SIZE = 2147483639
    serialVersionUID = 1820017752578914078
    c = class java.util.Arrays$ArrayList@11545b20
  serialVersionUID = -6153587016903242961
  $$$tc$$$ = class com.ibm.websphere.ras.TraceComponent@729f130
    strings[0] = "TraceComponent[com.ibm.ws.app.manager.war.internal.WARDeployedAppInfo,class com.ibm.ws.app.manager.war.internal.WARDeployedAppInfo,[webcontainer, applications, app.manager],com.ibm.ws.app.manager.war.internal.resources.Messages,null]"
  _tc = class com.ibm.websphere.ras.TraceComponent@26554348
    strings[0] = "TraceComponent[com.ibm.ws.app.manager.module.internal.DeployedAppInfoBase,class com.ibm.ws.app.manager.module.internal.DeployedAppInfoBase,[app.manager],com.ibm.ws.app.manager.module.internal.resources.Messages,null]"
  PERMISSION_XML = "permissions.xml"
  applicationInformation = class com.ibm.ws.app.manager.internal.ApplicationInstallInfo@17760b3a
    _config = class com.ibm.ws.app.manager.internal.ApplicationConfig@4e6a053
      tc = class com.ibm.websphere.ras.TraceComponent@73f0df4c
      _configPid = "com.ibm.ws.app.manager_65"
      _config = class com.ibm.ws.config.admin.ConfigurationDictionary@69c2513f
      _applicationManager = class com.ibm.ws.app.manager.ApplicationManager@336c424c
      _location = "RegistrationAppWeb.war"
      _type = "war"
      _name = "RegistrationAppWeb"
      _notificationBroadcasterSupport = class javax.management.NotificationBroadcasterSupport@153d8648
      ONE_TIME_JANDEX_MSGS_DISPLAYED = true
    _handlerInfo = class java.util.concurrent.atomic.AtomicReference@35549541
      serialVersionUID = -1848883965231344442
      VALUE = class java.lang.invoke.VarHandleObjects$FieldInstanceReadWrite@7fc08ebe
      value = class com.ibm.ws.app.manager.war.internal.WARDeployedAppInfo@6b70d6a4
    _container = class java.util.concurrent.atomic.AtomicReference@24c99e
      serialVersionUID = -1848883965231344442
      VALUE = class java.lang.invoke.VarHandleObjects$FieldInstanceReadWrite@7fc08ebe
      value = class com.ibm.ws.adaptable.module.internal.AdaptableContainerImpl@43e3ce5b
    _resolvedLocation = class java.util.concurrent.atomic.AtomicReference@796ddc7
      serialVersionUID = -1848883965231344442
      VALUE = class java.lang.invoke.VarHandleObjects$FieldInstanceReadWrite@7fc08ebe
      value = class com.ibm.ws.kernel.service.location.internal.LocalFileResource@6cd955dc
    _handler = class com.ibm.ws.app.manager.war.internal.WARApplicationHandlerImpl@3643015e
      futureMonitor = class com.ibm.ws.threading.internal.FutureMonitorImpl@6a3ee2cb
      deployedAppFactory = class com.ibm.ws.app.manager.war.internal.WARDeployedAppInfoFactoryImpl@274094f6
      serialVersionUID = 4622845147410944782
      $$$tc$$$ = class com.ibm.websphere.ras.TraceComponent@26a92473
    _ami = class java.util.concurrent.atomic.AtomicReference@27ac644a
      serialVersionUID = -1848883965231344442
      VALUE = class java.lang.invoke.VarHandleObjects$FieldInstanceReadWrite@7fc08ebe
      value = class com.ibm.wsspi.application.handler.DefaultApplicationMonitoringInformation@59fdda42
    _updateHandler = class com.ibm.ws.app.manager.internal.statemachine.ApplicationStateMachineImpl@1e23118
      _tc = class com.ibm.websphere.ras.TraceComponent@44605dd0
      EMPTY_FUTURE_ARRAY = interface java.util.concurrent.Future[0]
      asmSequenceNumber = class java.util.concurrent.atomic.AtomicLong@416f673a
      _qscaCounter = class java.util.concurrent.atomic.AtomicInteger@3899b699
      _failedThrowable = null
      _interruptibleLock = class com.ibm.ws.app.manager.internal.statemachine.ApplicationStateMachineImpl$2@553182d8
      _interruptible = false
      _performingQueuedActions = true
      _queuedActions = class java.util.concurrent.ConcurrentLinkedQueue@44aa4beb
      _callbackState = class java.util.concurrent.atomic.AtomicReference@7e46b2f3
      blockAppStartingFutures = class java.util.Collections$SetFromMap@b9eeedc
      waitingForAppHandlerFuture = class java.util.concurrent.atomic.AtomicReference@52609a35
      waitingForExplicitStartFuture = class java.util.concurrent.atomic.AtomicReference@44037681
      completionListener = class java.util.concurrent.atomic.AtomicReference@f9995d8
      _notifyAppStopped = class java.util.concurrent.ConcurrentLinkedQueue@730d62f9
      _notifyAppStarting = class java.util.concurrent.ConcurrentLinkedQueue@25eaff9f
      _notifyAppInstallCalled = class java.util.concurrent.ConcurrentLinkedQueue@7a8222dd
      _notifyAppStarted = class java.util.concurrent.ConcurrentLinkedQueue@39f64f00
      _notifyAppRemoved = class java.util.concurrent.ConcurrentLinkedQueue@2174f86d
      _stateLock = class com.ibm.ws.app.manager.internal.statemachine.ApplicationStateMachineImpl$3@5390fddb
      _internalState = class java.util.concurrent.atomic.AtomicReference@386fa9be
      _currentAction = class java.util.concurrent.atomic.AtomicReference@336a6ffc
      _rfa = class java.util.concurrent.atomic.AtomicReference@35db5e6c
      _appInstallInfo = class java.util.concurrent.atomic.AtomicReference@61711329
      _update = class java.util.concurrent.atomic.AtomicBoolean@241664e0
      _appConfig = class java.util.concurrent.atomic.AtomicReference@44e3fa11
      _nextAppConfig = class java.util.concurrent.atomic.AtomicReference@2ba4f4df
      _appContainer = class java.util.concurrent.atomic.AtomicReference@42a552d9
      _resolvedLocation = class java.util.concurrent.atomic.AtomicReference@55030f09
      _handler = class java.util.concurrent.atomic.AtomicReference@eeb54ca
      _asmSeqNo = 0
      _ctx = class org.eclipse.osgi.internal.framework.BundleContextImpl@45e7c5ab
      _locAdmin = class com.ibm.ws.kernel.service.location.internal.WsLocationAdminImpl@2655bc4
      _futureMonitor = class com.ibm.ws.threading.internal.FutureMonitorImpl@6a3ee2cb
      _artifactFactory = class com.ibm.ws.artifact.internal.ArtifactContainerFactoryService@1e4c02ac
      _moduleFactory = class com.ibm.ws.adaptable.module.internal.AdaptableModuleFactoryImpl@673a5ffa
      _executorService = class com.ibm.ws.threading.internal.ExecutorServiceImpl@2788c3c2
      _scheduledExecutorService = class com.ibm.ws.threading.internal.ScheduledExecutorImpl@73918efd
      _asmHelper = class com.ibm.ws.app.manager.internal.ApplicationConfigurator$NamedApplication@5159643e
      _appMonitor = class com.ibm.ws.app.manager.internal.monitor.ApplicationMonitor@5b824030
      enterStateCalled = class java.util.concurrent.atomic.AtomicBoolean@46b7c931
      serialVersionUID = -1399093980790866556
      serialVersionUID = 5501066335104962649
      $$$tc$$$ = class com.ibm.websphere.ras.TraceComponent@23c63eb5
    serialVersionUID = 2630639237123415755
    $$$tc$$$ = class com.ibm.websphere.ras.TraceComponent@722df457
      strings[0] = "TraceComponent[com.ibm.ws.app.manager.internal.ApplicationInstallInfo,class com.ibm.ws.app.manager.internal.ApplicationInstallInfo,[applications, app.manager],com.ibm.ws.app.manager.internal.resources.AppManagerMessages,null]"
  location = "/Users/kurtrogiers/lab/wlp/usr/servers/defaultServer/apps/RegistrationAppWeb.war.xml"
  classLoadingService = class com.ibm.ws.classloading.internal.ClassLoadingServiceImpl@579cd244
    tc = class com.ibm.websphere.ras.TraceComponent@405d8369
      strings[0] = "TraceComponent[com.ibm.ws.classloading.internal.ClassLoadingServiceImpl,class com.ibm.ws.classloading.internal.ClassLoadingServiceImpl,[ClassLoadingService],com.ibm.ws.classloading.internal.resources.ClassLoadingServiceMessages,null]"
    leakDetectionMap = class java.util.HashMap@18560b59
      serialVersionUID = 362498820763181265
      DEFAULT_INITIAL_CAPACITY = 16
      MAXIMUM_CAPACITY = 1073741824
      DEFAULT_LOAD_FACTOR = 0.75
      TREEIFY_THRESHOLD = 8
      UNTREEIFY_THRESHOLD = 6
      MIN_TREEIFY_CAPACITY = 64
      table = null
      entrySet = null
      size = 0
      modCount = 0
      threshold = 0
      loadFactor = 0.75
      keySet = null
      values = null
    TCCL_LOCK_WAIT = 15000
    REFERENCE_GENERATORS = "generators"
    bundleContext = class org.eclipse.osgi.internal.framework.BundleContextImpl@6e2a063c
    aclStore = class com.ibm.ws.classloading.internal.util.CanonicalStore@3d33583
      map = class java.util.concurrent.ConcurrentHashMap@5f38f422
      q = class com.ibm.ws.classloading.internal.util.RefQueue@79769990
      serialVersionUID = 6715157558227169968
      $$$tc$$$ = class com.ibm.websphere.ras.TraceComponent@31eeedce
    tcclStore = class com.ibm.ws.classloading.internal.util.CanonicalStore@1613d627
      map = class java.util.concurrent.ConcurrentHashMap@108448e9
      q = class com.ibm.ws.classloading.internal.util.RefQueue@36da7f8b
      serialVersionUID = 6715157558227169968
      $$$tc$$$ = class com.ibm.websphere.ras.TraceComponent@31eeedce
    tcclStoreLock = class java.util.concurrent.locks.ReentrantLock@7376bdab
      serialVersionUID = 7373984872572414699
      sync = class java.util.concurrent.locks.ReentrantLock$NonfairSync@394a8a1f
    digraph = class org.eclipse.equinox.internal.region.StandardRegionDigraph@5bd27c5f
      EMPTY_EDGE_SET = class java.util.Collections$UnmodifiableSet@6448ffa
      monitor = class java.lang.Object@28cf9cbd
      regions = class java.util.HashMap@45936829
      bundleIdToRegionMapping = class org.eclipse.equinox.internal.region.StandardBundleIdToRegionMapping@5d950b07
      edges = class java.util.HashMap@7f8c6410
      bundleContext = class org.eclipse.osgi.internal.framework.BundleContextImpl@5c089b2f
      threadLocal = class java.lang.ThreadLocal@2b723528
      subgraphTraverser = class org.eclipse.equinox.internal.region.SubgraphTraverser@75fed24f
      bundleCollisionHook = class org.eclipse.equinox.internal.region.hook.RegionBundleCollisionHook@c632c4
      bundleEventHook = class org.eclipse.equinox.internal.region.hook.RegionBundleEventHook@1c767a28
      bundleFindHook = class org.eclipse.equinox.internal.region.hook.RegionBundleFindHook@2697d7fb
      serviceEventHook = class org.eclipse.equinox.internal.region.hook.RegionServiceEventHook@25f815cc
      serviceFindHook = class org.eclipse.equinox.internal.region.hook.RegionServiceFindHook@149953a5
      resolverHookFactory = class org.eclipse.equinox.internal.region.hook.RegionResolverHookFactory@3b91cc24
      origin = null
      originUpdateCount = -1
      updateCount = class java.util.concurrent.atomic.AtomicLong@2321fca2
      defaultRegion = null
    redefiner = class com.ibm.ws.classloading.internal.util.ClassRedefiner@41b7358b
      tc = class com.ibm.websphere.ras.TraceComponent@79029dd3
      LS = "
"
      inst = class com.ibm.ws.kernel.launch.internal.TraceInstrumentation@481ef574
      serialVersionUID = 2420101865139508526
    listener = class com.ibm.ws.classloading.internal.ClassLoadingServiceImpl$1@491d6174
      this$0 = class com.ibm.ws.classloading.internal.ClassLoadingServiceImpl@579cd244
      serialVersionUID = -9159707349812113172
      $$$tc$$$ = class com.ibm.websphere.ras.TraceComponent@54e34bf7
    classloaders = class java.util.Collections$SynchronizedMap@f400619
      serialVersionUID = 1978198479659022715
      m = class java.util.HashMap@1e7bf37d
      mutex = class java.util.Collections$SynchronizedMap@f400619
      keySet = null
      entrySet = null
      values = null
    resourceProviders = class com.ibm.ws.classloading.internal.CompositeResourceProvider@4738b32a
      lockFactory = class java.util.concurrent.locks.ReentrantReadWriteLock@6b08c36a
      providerMap = class com.ibm.ws.classloading.internal.util.MultiMap@446ba0e0
      serialVersionUID = -5576435894946156347
      $$$tc$$$ = class com.ibm.websphere.ras.TraceComponent@554b5878
    rememberedBundles = class java.util.concurrent.ConcurrentHashMap@3f5bcd2b
      serialVersionUID = 7249069246763182397
      MAXIMUM_CAPACITY = 1073741824
      DEFAULT_CAPACITY = 16
      MAX_ARRAY_SIZE = 2147483639
      DEFAULT_CONCURRENCY_LEVEL = 16
      LOAD_FACTOR = 0.75
      TREEIFY_THRESHOLD = 8
      UNTREEIFY_THRESHOLD = 6
      MIN_TREEIFY_CAPACITY = 64
      MIN_TRANSFER_STRIDE = 16
      RESIZE_STAMP_BITS = 16
      MAX_RESIZERS = 65535
      RESIZE_STAMP_SHIFT = 16
      MOVED = -1
      TREEBIN = -2
      RESERVED = -3
      HASH_BITS = 2147483647
      NCPU = 12
      serialPersistentFields = class java.io.ObjectStreamField[3]
      table = class java.util.concurrent.ConcurrentHashMap$Node[16]
      nextTable = null
      baseCount = 1
      sizeCtl = 12
      transferIndex = 0
      cellsBusy = 0
      counterCells = null
      keySet = null
      values = null
      entrySet = null
      U = class jdk.internal.misc.Unsafe@6995e52c
      SIZECTL = 20
      TRANSFERINDEX = 32
      BASECOUNT = 24
      CELLSBUSY = 36
      CELLVALUE = 144
      ABASE = 16
      ASHIFT = 2
      keySet = null
      values = null
    collectedBundles = class java.lang.ref.ReferenceQueue@1d6f1d75
      NULL = class java.lang.ref.ReferenceQueue$Null@776bf840
      ENQUEUED = class java.lang.ref.ReferenceQueue$Null@276ac760
      lock = class java.lang.ref.ReferenceQueue$Lock@6186b892
      head = null
      queueLength = 0
      $assertionsDisabled = true
    generatorRefs = class com.ibm.wsspi.kernel.service.utils.ConcurrentServiceReferenceSet@1210a00f
      referenceName = "generators"
      contextRef = class java.util.concurrent.atomic.AtomicReference@512ecb25
      elementMap = class java.util.LinkedHashMap@361f68a0
      elementSet = class java.util.concurrent.ConcurrentSkipListSet@362df552
      elementSetUnsorted = false
      serialVersionUID = 756240983881166148
      $$$tc$$$ = class com.ibm.websphere.ras.TraceComponent@5f124266
    generatorManager = class com.ibm.ws.classloading.internal.ClassGeneratorManager@1033e084
      tc = class com.ibm.websphere.ras.TraceComponent@4f97b9d4
      generatorRefs = class com.ibm.wsspi.kernel.service.utils.ConcurrentServiceReferenceSet@1210a00f
      serialVersionUID = 4152663586056483310
    appExtLibs = class java.util.concurrent.CopyOnWriteArrayList@71e0553c
      serialVersionUID = 8673264195747942595
      lock = class java.lang.Object@18771c8e
      array = class java.lang.Object[0]
    metaInfServicesProviders = class java.util.concurrent.ConcurrentHashMap@14016ac0
      serialVersionUID = 7249069246763182397
      MAXIMUM_CAPACITY = 1073741824
      DEFAULT_CAPACITY = 16
      MAX_ARRAY_SIZE = 2147483639
      DEFAULT_CONCURRENCY_LEVEL = 16
      LOAD_FACTOR = 0.75
      TREEIFY_THRESHOLD = 8
      UNTREEIFY_THRESHOLD = 6
      MIN_TREEIFY_CAPACITY = 64
      MIN_TRANSFER_STRIDE = 16
      RESIZE_STAMP_BITS = 16
      MAX_RESIZERS = 65535
      RESIZE_STAMP_SHIFT = 16
      MOVED = -1
      TREEBIN = -2
      RESERVED = -3
      HASH_BITS = 2147483647
      NCPU = 12
      serialPersistentFields = class java.io.ObjectStreamField[3]
      table = null
      nextTable = null
      baseCount = 0
      sizeCtl = 0
      transferIndex = 0
      cellsBusy = 0
      counterCells = null
      keySet = null
      values = null
      entrySet = null
      U = class jdk.internal.misc.Unsafe@6995e52c
      SIZECTL = 20
      TRANSFERINDEX = 32
      BASECOUNT = 24
      CELLSBUSY = 36
      CELLVALUE = 144
      ABASE = 16
      ASHIFT = 2
      keySet = null
      values = null
    metaInfServicesRefs = class com.ibm.wsspi.kernel.service.utils.ConcurrentServiceReferenceMap@386a097
      referenceName = "MetaInfServicesProvider"
      context = class org.apache.felix.scr.impl.manager.ComponentContextImpl@c73831b
      elementMap = class java.util.concurrent.ConcurrentHashMap@36443c75
      serialVersionUID = 6980924785166233786
      $$$tc$$$ = class com.ibm.websphere.ras.TraceComponent@4257b642
    protectionDomainMap = class java.util.HashMap@cbe47a3
      serialVersionUID = 362498820763181265
      DEFAULT_INITIAL_CAPACITY = 16
      MAXIMUM_CAPACITY = 1073741824
      DEFAULT_LOAD_FACTOR = 0.75
      TREEIFY_THRESHOLD = 8
      UNTREEIFY_THRESHOLD = 6
      MIN_TREEIFY_CAPACITY = 64
      table = null
      entrySet = null
      size = 0
      modCount = 0
      threshold = 0
      loadFactor = 0.75
      keySet = null
      values = null
    metadataIdentifierService = class com.ibm.ws.container.service.metadata.internal.MetaDataServiceImpl@262ac0f4
    globalSharedLibrary = class java.util.concurrent.atomic.AtomicReference@7f84aabd
      serialVersionUID = -1848883965231344442
      VALUE = class java.lang.invoke.VarHandleObjects$FieldInstanceReadWrite@7fc08ebe
      value = null
    serialVersionUID = -1838778944052667322
  globalSharedLibrary = class com.ibm.ws.library.internal.SharedLibraryImpl@7af71c87
    tc = class com.ibm.websphere.ras.TraceComponent@4dc834e
      strings[0] = "TraceComponent[com.ibm.ws.library.internal.SharedLibraryImpl,class com.ibm.ws.library.internal.SharedLibraryImpl,[SharedLibrary],com.ibm.ws.classloading.internal.resources.ClassLoadingServiceMessages,null]"
    EMPTY_LIBRARY_LISTENERS = interface com.ibm.wsspi.library.LibraryChangeListener[0]
    deleted = false
    libraryListenersTracker = class org.osgi.util.tracker.ServiceTracker@42f53c0f
      DEBUG = false
      context = class org.eclipse.osgi.internal.framework.BundleContextImpl@6e2a063c
      filter = class org.eclipse.osgi.internal.framework.FilterImpl@1558ee7f
      customizer = class org.osgi.util.tracker.ServiceTracker@42f53c0f
      listenerFilter = "(&(objectClass=com.ibm.wsspi.library.LibraryChangeListener)(|(library=global)(libraryRef=*com.ibm.ws.classloading.sharedlibrary_55*)))"
      trackClass = null
      trackReference = null
      tracked = class org.osgi.util.tracker.ServiceTracker$Tracked@e73400f
      cachedReference = null
      cachedService = null
    libraryReg = class org.eclipse.osgi.internal.serviceregistry.ServiceRegistrationImpl@52e99bd3
      registry = class org.eclipse.osgi.internal.serviceregistry.ServiceRegistry@3f81529a
      context = class org.eclipse.osgi.internal.framework.BundleContextImpl@6e2a063c
      bundle = class org.eclipse.osgi.internal.framework.EquinoxBundle@73a13866
      clazzes = class java.lang.String[1]
      service = class com.ibm.ws.library.internal.SharedLibraryImpl@7af71c87
      reference = class org.eclipse.osgi.internal.serviceregistry.ServiceReferenceImpl@2439dc57
      contextsUsing = class java.util.ArrayList@417ac97c
      properties = class java.util.Collections$UnmodifiableMap@745a464b
      serviceid = 306
      serviceranking = 2
      registrationLock = class java.lang.Object@22af5e12
      state = 0
      REGISTERED = 0
      UNREGISTERING = 1
      UNREGISTERED = 2
      FRAMEWORK_SET_SERVICE_PROPERTIES_COUNT = 4
      $assertionsDisabled = true
    ctx = class org.eclipse.osgi.internal.framework.BundleContextImpl@6e2a063c
      findHookName = "org.osgi.framework.hooks.bundle.FindHook"
      valid = true
      bundle = class org.eclipse.osgi.internal.framework.EquinoxBundle@73a13866
      container = class org.eclipse.osgi.internal.framework.EquinoxContainer@4cbdbab1
      debug = class org.eclipse.osgi.internal.debug.Debug@3eb8a319
      servicesInUse = class java.util.HashMap@5490882d
      activator = null
      contextLock = class java.lang.Object@43a0b15e
    classLoadingService = class com.ibm.ws.classloading.internal.ClassLoadingServiceImpl@579cd244
    configAdmin = class com.ibm.ws.config.admin.internal.ConfigurationAdminImpl@5b4480ef
      tc = class com.ibm.websphere.ras.TraceComponent@99c3e06
      bundle = class org.eclipse.osgi.internal.framework.EquinoxBundle@73a13866
      caFactory = class com.ibm.ws.config.admin.internal.ConfigAdminServiceFactory@6756183c
      serialVersionUID = 3160799878770679122
    resolvedBasePath = "/Users/kurtrogiers/lab/wlp/usr/servers/defaultServer/"
    generationLock = class com.ibm.ws.library.internal.SharedLibraryImpl$1@1e37b439
      this$0 = class com.ibm.ws.library.internal.SharedLibraryImpl@7af71c87
      serialVersionUID = 2483639803450672373
      $$$tc$$$ = class com.ibm.websphere.ras.TraceComponent@aecb691
    currentGeneration = class com.ibm.ws.library.internal.LibraryGeneration@21b6a02b
      tc = class com.ibm.websphere.ras.TraceComponent@183acc4f
      nextInt = class java.util.concurrent.atomic.AtomicInteger@6fb1752b
      libraryId = "global"
      genId = 2
      libraryProps = class java.util.Hashtable@343f54d4
      filesetRefs = class java.util.Collections$UnmodifiableRandomAccessList@600c322
      apiTypeVisibility = class java.util.RegularEnumSet@7861a2bd
      files = class java.util.Collections$EmptyList@185c0aed
      folders = class java.util.ArrayList@1c1d98b7
      fileAndFolderContainers = class java.util.Collections$EmptyList@185c0aed
      filesets = class java.util.concurrent.ArrayBlockingQueue@52caf614
      filesetListenerRegs = class java.util.concurrent.ConcurrentLinkedQueue@525336bc
      cancelled = false
      library = class com.ibm.ws.library.internal.SharedLibraryImpl@7af71c87
      serialVersionUID = 6965220007121905717
    nextGeneration = class com.ibm.ws.library.internal.LibraryGeneration@21b6a02b
    artifactContainerFactory = class com.ibm.ws.library.internal.SharedLibraryFactory$1@4a48f556
      this$0 = class com.ibm.ws.library.internal.SharedLibraryFactory@43a945e2
      serialVersionUID = 7730244564205089330
      $$$tc$$$ = class com.ibm.websphere.ras.TraceComponent@77334cba
    packageExporter = class com.ibm.ws.library.internal.LibraryPackageExporter@35f45708
      EXPORTER_POSTFIX = "_library_exporter"
      REGION_EXPORT_TO_LIBERTY = "liberty.library.export.to.liberty"
      REGION_EXPORT_TO_OSGI_APPS = "liberty.library.export.to.osgi.app"
      REGION_KERNEL = "org.eclipse.equinox.region.kernel"
      counter = class java.util.concurrent.atomic.AtomicLong@6bf1d392
      context = class org.eclipse.osgi.internal.framework.BundleContextImpl@6e2a063c
      digraph = class org.eclipse.equinox.internal.region.StandardRegionDigraph@5bd27c5f
      bundleToLibrary = class java.util.concurrent.ConcurrentHashMap@3fd02b23
      libraryToVisibility = class java.util.concurrent.ConcurrentHashMap@6d2911b0
      serialVersionUID = 8074378969667956573
      $$$tc$$$ = class com.ibm.websphere.ras.TraceComponent@7c542ff8
    serialVersionUID = 6288237618632180389
  sharedLibDeploymentInfo = class com.ibm.ws.app.manager.module.internal.DeployedAppInfoBase$SharedLibDeploymentInfo@34de032d
    bundleContext = class org.eclipse.osgi.internal.framework.BundleContextImpl@526f44d7
      findHookName = "org.osgi.framework.hooks.bundle.FindHook"
      valid = true
      bundle = class org.eclipse.osgi.internal.framework.EquinoxBundle@3c11a4ff
      container = class org.eclipse.osgi.internal.framework.EquinoxContainer@4cbdbab1
      debug = class org.eclipse.osgi.internal.debug.Debug@3eb8a319
      servicesInUse = class java.util.HashMap@405aec32
      activator = null
      contextLock = class java.lang.Object@4b53f39b
    locAdmin = class com.ibm.ws.kernel.service.location.internal.WsLocationAdminImpl@2655bc4
      tc = class com.ibm.websphere.ras.TraceComponent@2a5689c7
      LOC_INTERNAL_LIB_DIR = "wlp.lib.dir"
      LOC_AREA_NAME_APPS = "shared/apps/"
      LOC_AREA_NAME_CONFIG = "shared/config/"
      LOC_AREA_NAME_RESC = "shared/resources/"
      LOC_AREA_NAME_STATE = "logs/state/"
      LOC_AREA_NAME_SERVERS = "servers/"
      LOC_AREA_NAME_CLIENTS = "clients/"
      LOC_AREA_NAME_WORKING = "workarea/"
      LOC_AREA_NAME_EXTENSION = "extension/"
      instance = class com.ibm.ws.staticvalue.StaticValue$FinalSingleton@21e9a8f1
      installRoot = class com.ibm.ws.kernel.service.location.internal.SymbolicRootResource@7909a179
      installParentRoot = class com.ibm.ws.kernel.service.location.internal.SymbolicRootResource@32889728
      userRoot = class com.ibm.ws.kernel.service.location.internal.SymbolicRootResource@6b3ef988
      usrExtensionRoot = class com.ibm.ws.kernel.service.location.internal.SymbolicRootResource@7fc7a3e
      serverConfigDir = class com.ibm.ws.kernel.service.location.internal.SymbolicRootResource@33ca11d1
      serverOutputDir = class com.ibm.ws.kernel.service.location.internal.SymbolicRootResource@33ca11d1
      bootstrapLib = class com.ibm.ws.kernel.service.location.internal.LocalFileResource@458df157
      serverWorkarea = class com.ibm.ws.kernel.service.location.internal.LocalFileResource@59e3b2d7
      serverState = class com.ibm.ws.kernel.service.location.internal.LocalFileResource@3d2a0e5f
      sharedAppsRoot = class com.ibm.ws.kernel.service.location.internal.SymbolicRootResource@5e0dd4b2
      sharedConfigRoot = class com.ibm.ws.kernel.service.location.internal.SymbolicRootResource@7420916d
      sharedResourceRoot = class com.ibm.ws.kernel.service.location.internal.SymbolicRootResource@3091e034
      tmpRoot = class com.ibm.ws.kernel.service.location.internal.SymbolicRootResource@5da4588f
      serverName = "defaultServer"
      resourcePaths = class java.util.ArrayList@6d3cafcd
      resourceGroups = class java.util.HashMap@1de7e0fe
      commonRoot = class com.ibm.ws.kernel.service.location.internal.VirtualRootResource@22482336
      serialVersionUID = 7766352982799267432
    artifactFactory = class com.ibm.ws.artifact.internal.ArtifactContainerFactoryService@1e4c02ac
      CATEGORY_PROP_NAME = "category"
      ENTRY_KEY = "com.ibm.wsspi.artifact.ArtifactEntry"
      helperMap = class com.ibm.wsspi.kernel.service.utils.ConcurrentServiceReferenceSetMap@1a0fff55
      contributorMap = class com.ibm.wsspi.kernel.service.utils.ConcurrentServiceReferenceSetMap@4b7f5f69
      helperCategoryMap = class com.ibm.wsspi.kernel.service.utils.ConcurrentServiceReferenceSetMap@1c8f79be
      contributorCategoryMap = class com.ibm.wsspi.kernel.service.utils.ConcurrentServiceReferenceSetMap@77283dd
      categories = class java.util.Collections$SynchronizedSet@62623131
      baseProperties = class org.apache.felix.scr.impl.helper.ReadOnlyDictionary@53d7ae03
      serialVersionUID = -3101641399269402013
      $$$tc$$$ = class com.ibm.websphere.ras.TraceComponent@3967eda8
    moduleFactory = class com.ibm.ws.adaptable.module.internal.AdaptableModuleFactoryImpl@673a5ffa
      adapterFactoryService = class com.ibm.ws.adaptable.module.internal.AdapterFactoryServiceImpl@302bac06
      containerFactory = class com.ibm.ws.artifact.internal.ArtifactContainerFactoryService@1e4c02ac
      overlayContainerFactory = class com.ibm.ws.artifact.overlay.internal.OverlayContainerFactoryImpl@5a86ab1b
      serialVersionUID = 4200251809856292987
      $$$tc$$$ = class com.ibm.websphere.ras.TraceComponent@6591f1b
    classesContainerInfo = class java.util.ArrayList@f8d41b7
      serialVersionUID = 8683452581122892189
      DEFAULT_CAPACITY = 10
      EMPTY_ELEMENTDATA = class java.lang.Object[0]
      DEFAULTCAPACITY_EMPTY_ELEMENTDATA = class java.lang.Object[0]
      elementData = class java.lang.Object[0]
      size = 0
      MAX_ARRAY_SIZE = 2147483639
      modCount = 0
      MAX_ARRAY_SIZE = 2147483639
    serialVersionUID = -9033256786848720484
    $$$tc$$$ = class com.ibm.websphere.ras.TraceComponent@3dc5f9ab
      strings[0] = "TraceComponent[com.ibm.ws.app.manager.module.internal.DeployedAppInfoBase$SharedLibDeploymentInfo,class com.ibm.ws.app.manager.module.internal.DeployedAppInfoBase$SharedLibDeploymentInfo,[applications, app.manager],,null]"
  futureMonitor = class com.ibm.ws.threading.internal.FutureMonitorImpl@6a3ee2cb
    _monitor = class java.util.concurrent.ConcurrentLinkedQueue@6adf8256
      serialVersionUID = 196745693267521676
      head = class java.util.concurrent.ConcurrentLinkedQueue$Node@2152da9f
      tail = class java.util.concurrent.ConcurrentLinkedQueue$Node@2152da9f
      MAX_HOPS = 8
      HEAD = class java.lang.invoke.VarHandleObjects$FieldInstanceReadWrite@38f03bc2
      TAIL = class java.lang.invoke.VarHandleObjects$FieldInstanceReadWrite@2e71fac3
      ITEM = class java.lang.invoke.VarHandleObjects$FieldInstanceReadWrite@6c6d1562
      NEXT = class java.lang.invoke.VarHandleObjects$FieldInstanceReadWrite@6407ac69
      MAX_ARRAY_SIZE = 2147483639
    _executor = class com.ibm.ws.threading.internal.ScheduledExecutorImpl@73918efd
      threadGroupName = "Scheduled Executor Thread Group"
      executor = class com.ibm.ws.threading.internal.ExecutorServiceImpl@2788c3c2
      serialVersionUID = -9110693807503469597
      $$$tc$$$ = class com.ibm.websphere.ras.TraceComponent@1f8465c9
      continueExistingPeriodicTasksAfterShutdown = false
      executeExistingDelayedTasksAfterShutdown = true
      removeOnCancel = false
      sequencer = class java.util.concurrent.atomic.AtomicLong@2ce99fd3
      DEFAULT_KEEPALIVE_MILLIS = 10
      ctl = class java.util.concurrent.atomic.AtomicInteger@77773c85
      COUNT_BITS = 29
      COUNT_MASK = 536870911
      RUNNING = -536870912
      SHUTDOWN = 0
      STOP = 536870912
      TIDYING = 1073741824
      TERMINATED = 1610612736
      workQueue = class java.util.concurrent.ScheduledThreadPoolExecutor$DelayedWorkQueue@73196bea
      mainLock = class java.util.concurrent.locks.ReentrantLock@2a80850d
      workers = class java.util.HashSet@4a779089
      termination = class java.util.concurrent.locks.AbstractQueuedSynchronizer$ConditionObject@42a0e56
      largestPoolSize = 1
      completedTaskCount = 0
      threadFactory = class com.ibm.ws.threading.internal.ThreadFactoryImpl@3c547302
      handler = class java.util.concurrent.ThreadPoolExecutor$AbortPolicy@12d23168
      keepAliveTime = 10000000
      allowCoreThreadTimeOut = false
      corePoolSize = 1
      maximumPoolSize = 2147483647
      defaultHandler = class java.util.concurrent.ThreadPoolExecutor$AbortPolicy@12d23168
      shutdownPerm = class java.lang.RuntimePermission@64571863
      ONLY_ONE = true
      $assertionsDisabled = true
    _threadRunning = class java.util.concurrent.atomic.AtomicBoolean@34c3d47
      serialVersionUID = 4654671469794556979
      VALUE = class java.lang.invoke.VarHandleInts$FieldInstanceReadWrite@4ad13bcc
      value = 0
    _thread = class com.ibm.ws.threading.internal.FutureMonitorImpl$1@716616d0
      this$0 = class com.ibm.ws.threading.internal.FutureMonitorImpl@6a3ee2cb
      serialVersionUID = 2422512430832938099
      $$$tc$$$ = class com.ibm.websphere.ras.TraceComponent@3db428cc
    serialVersionUID = 2765238413969174390
    $$$tc$$$ = class com.ibm.websphere.ras.TraceComponent@3bc71e47
      strings[0] = "TraceComponent[com.ibm.ws.threading.internal.FutureMonitorImpl,class com.ibm.ws.threading.internal.FutureMonitorImpl,[Threading],com.ibm.ws.threading.internal.resources.ThreadingMessages,null]"
  configAdmin = class com.ibm.ws.config.admin.internal.ConfigurationAdminImpl@718c9a85
    tc = class com.ibm.websphere.ras.TraceComponent@99c3e06
      strings[0] = "TraceComponent[com.ibm.ws.config.admin.internal.ConfigurationAdminImpl,class com.ibm.ws.config.admin.internal.ConfigurationAdminImpl,[config],com.ibm.ws.config.internal.resources.ConfigMessages,null]"
    bundle = class org.eclipse.osgi.internal.framework.EquinoxBundle@3c11a4ff
      equinoxContainer = class org.eclipse.osgi.internal.framework.EquinoxContainer@4cbdbab1
      module = class org.eclipse.osgi.internal.framework.EquinoxBundle$EquinoxModule@1bd16d53
      monitor = class java.lang.Object@6e4e23bf
      context = class org.eclipse.osgi.internal.framework.BundleContextImpl@526f44d7
      signerInfos = null
      $SWITCH_TABLE$org$eclipse$osgi$container$Module$State = {1,2,3,4,5,6,7} /* array length = 7 */
    caFactory = class com.ibm.ws.config.admin.internal.ConfigAdminServiceFactory@6756183c
      tc = class com.ibm.websphere.ras.TraceComponent@7cc40193
      configurationPermission = class org.osgi.service.cm.ConfigurationPermission@6fa8d74
      INDEX_DICTIONARY = 0
      INDEX_LOCATION = 1
      INDEX_METATYPE_PROCESSED = 2
      INDEX_IN_OVERRIDES_FILE = 3
      INDEX_REFERENCES = 4
      INDEX_UNIQUES = 5
      bundleContext = class org.eclipse.osgi.internal.framework.BundleContextImpl@2b9b68a2
      msTracker = class com.ibm.ws.config.admin.internal.ManagedServiceTracker@4b0d2e22
      msfTracker = class com.ibm.ws.config.admin.internal.ManagedServiceFactoryTracker@62ee6a26
      pluginManager = class com.ibm.ws.config.admin.internal.PluginManager@23cf8d1d
      configurationStore = class com.ibm.ws.config.admin.internal.ConfigurationStore@718c353d
      updateQueue = class com.ibm.ws.config.admin.internal.UpdateQueue@53d26910
      ced = class com.ibm.ws.config.admin.internal.ConfigEventDispatcher@42fc9616
      idMap = class java.util.Collections$SynchronizedMap@1d045c31
      referenceMap = class java.util.Collections$SynchronizedMap@db1a771
      variableRegistryTracker = class org.osgi.util.tracker.ServiceTracker@4d6bc53e
      variableRegistry = class com.ibm.ws.kernel.service.location.internal.VariableRegistryHelper@6b81b6a3
      configurationAdminRef = class org.eclipse.osgi.internal.serviceregistry.ServiceRegistrationImpl@3e799f0
      serialVersionUID = 6695202270027014725
    serialVersionUID = 3160799878770679122
  libraryConfigHelper = class com.ibm.ws.classloading.ClassLoaderConfigHelper@5c7a0323
    tc = class com.ibm.websphere.ras.TraceComponent@2a429782
      strings[0] = "TraceComponent[com.ibm.ws.classloading.ClassLoaderConfigHelper,class com.ibm.ws.classloading.ClassLoaderConfigHelper,[ClassLoadingService],com.ibm.ws.classloading.internal.resources.ClassLoadingServiceMessages,null]"
    DEFAULT_API_TYPES = class java.util.RegularEnumSet@1b075909
      serialVersionUID = 3411599620347842686
      elements = 23
      elementType = class java.lang.Class@340ff0a3
      universe = class com.ibm.wsspi.classloading.ApiType[5]
      MAX_ARRAY_SIZE = 2147483639
    sharedLibraries = class java.util.Collections$EmptyList@185c0aed
      serialVersionUID = 8842843931221139166
      modCount = 0
      MAX_ARRAY_SIZE = 2147483639
    commonLibraries = class java.util.Collections$EmptyList@185c0aed
    classProviders = class java.util.Collections$EmptyList@185c0aed
    sharedLibrariesPids = null
    commonLibrariesPids = null
    isDelegateLast = false
    apiTypes = class java.util.RegularEnumSet@1b075909
    classLoaderConfigProps = null
    serialVersionUID = 7643888529935916418
  isDelegateLast = false
  permissionManager = class com.ibm.ws.classloading.java2sec.PermissionManager@3054a8cc
    tc = class com.ibm.websphere.ras.TraceComponent@4fefc12e
      strings[0] = "TraceComponent[com.ibm.ws.classloading.java2sec.PermissionManager,class com.ibm.ws.classloading.java2sec.PermissionManager,[Java2SecurityUtil],com.ibm.ws.classloading.internal.resources.Java2SecurityUtilMessages,null]"
    classLoadingService = class com.ibm.ws.classloading.internal.ClassLoadingServiceImpl@579cd244
    DEFAULT_SERVER_RESTRICTABLE_PERMISSIONS = class java.security.Permission[4]
      Permission[0] = class java.lang.RuntimePermission@223678d8
      Permission[1] = class java.lang.RuntimePermission@2f51252f
      Permission[2] = class java.security.SecurityPermission@565bf123
      Permission[3] = class javax.security.auth.AuthPermission@1e500b5
    DEFAULT_CLIENT_RESTRICTABLE_PERMISSIONS = class java.security.Permission[3]
      Permission[0] = class java.lang.RuntimePermission@29d0feb9
      Permission[1] = class java.security.SecurityPermission@74f3385d
      Permission[2] = class javax.security.auth.AuthPermission@31f52d79
    isServer = true
    wsjarUrlStreamHandlerAvailable = true
    restrictablePermissions = class java.util.ArrayList@2805d852
      serialVersionUID = 8683452581122892189
      DEFAULT_CAPACITY = 10
      EMPTY_ELEMENTDATA = class java.lang.Object[0]
      DEFAULTCAPACITY_EMPTY_ELEMENTDATA = class java.lang.Object[0]
      elementData = class java.lang.Object[10]
      size = 4
      MAX_ARRAY_SIZE = 2147483639
      modCount = 4
      MAX_ARRAY_SIZE = 2147483639
    grantedPermissions = class java.util.ArrayList@720e4ead
      serialVersionUID = 8683452581122892189
      DEFAULT_CAPACITY = 10
      EMPTY_ELEMENTDATA = class java.lang.Object[0]
      DEFAULTCAPACITY_EMPTY_ELEMENTDATA = class java.lang.Object[0]
      elementData = class java.lang.Object[10]
      size = 1
      MAX_ARRAY_SIZE = 2147483639
      modCount = 1
      MAX_ARRAY_SIZE = 2147483639
    KEY_PERMISSION = "permission"
    INCORRECT_PERMISSION_CONFIGURATION = "INCORRECT_PERMISSION_CONFIGURATION"
    PERMISSION_CLASSNOTFOUND = "PERMISSION_CLASSNOTFOUND"
    SERVER_XML = "server.xml"
    CLIENT_XML = "client.xml"
    originationFile = "server.xml"
    permissions = class com.ibm.wsspi.kernel.service.utils.ConcurrentServiceReferenceSet@76016bbb
      referenceName = "permission"
      contextRef = class java.util.concurrent.atomic.AtomicReference@3b524b9c
      elementMap = class java.util.LinkedHashMap@6fc9a846
      elementSet = class java.util.concurrent.ConcurrentSkipListSet@519f5210
      elementSetUnsorted = false
      serialVersionUID = 756240983881166148
      $$$tc$$$ = class com.ibm.websphere.ras.TraceComponent@5f124266
    codeBasePermissionMap = class java.util.HashMap@601c688c
      serialVersionUID = 362498820763181265
      DEFAULT_INITIAL_CAPACITY = 16
      MAXIMUM_CAPACITY = 1073741824
      DEFAULT_LOAD_FACTOR = 0.75
      TREEIFY_THRESHOLD = 8
      UNTREEIFY_THRESHOLD = 6
      MIN_TREEIFY_CAPACITY = 64
      table = null
      entrySet = null
      size = 0
      modCount = 0
      threshold = 0
      loadFactor = 0.75
      keySet = class java.util.HashMap$KeySet@612a64fd
      values = null
    permissionXMLPermissionMap = class java.util.HashMap@66ddfb95
      serialVersionUID = 362498820763181265
      DEFAULT_INITIAL_CAPACITY = 16
      MAXIMUM_CAPACITY = 1073741824
      DEFAULT_LOAD_FACTOR = 0.75
      TREEIFY_THRESHOLD = 8
      UNTREEIFY_THRESHOLD = 6
      MIN_TREEIFY_CAPACITY = 64
      table = null
      entrySet = null
      size = 0
      modCount = 0
      threshold = 0
      loadFactor = 0.75
      keySet = null
      values = null
    serialVersionUID = -5043611968709568417
  permissionsConfig = null
  serialVersionUID = 5168023053972273360
  appInfo = class com.ibm.ws.container.service.app.deploy.internal.ApplicationInfoImpl@4371e808
    appName = "RegistrationAppWeb"
    appMetaData = class com.ibm.ws.container.service.app.deploy.internal.ApplicationMetaDataImpl@1357f890
      j2eeName = class com.ibm.ws.container.service.metadata.internal.J2EENameImpl@3fcbc4d0
      serialVersionUID = -7906531148367236579
      $$$tc$$$ = class com.ibm.websphere.ras.TraceComponent@345cb0e3
      tc = class com.ibm.websphere.ras.TraceComponent@2374cd56
      NUM_STATIC_SLOTS = 4
      ID_UNINITIALIZED = -1
      id = 0
      metaDataInterface = class java.lang.Class@2dffef29
      staticSlots = class java.lang.Object[4]
      dynamicSlots = class java.lang.Object[4]
    appContainer = class com.ibm.ws.adaptable.module.internal.AdaptableContainerImpl@43e3ce5b
    configHelper = class com.ibm.ws.app.manager.module.ApplicationNestedConfigHelper@71187c15
      appInfo = class com.ibm.ws.app.manager.internal.ApplicationInstallInfo@17760b3a
      serialVersionUID = -3174031738676705046
      $$$tc$$$ = class com.ibm.websphere.ras.TraceComponent@4bd2de67
    applicationInformation = class com.ibm.ws.app.manager.internal.ApplicationInstallInfo@17760b3a
    serialVersionUID = -505303337196743781
    $$$tc$$$ = class com.ibm.websphere.ras.TraceComponent@2288ab66
      strings[0] = "TraceComponent[com.ibm.ws.container.service.app.deploy.internal.ApplicationInfoImpl,class com.ibm.ws.container.service.app.deploy.internal.ApplicationInfoImpl,[container.service],com.ibm.ws.container.service.resources.Messages,null]"
  modulesDeployed = class java.util.ArrayList@5fb18398
    serialVersionUID = 8683452581122892189
    DEFAULT_CAPACITY = 10
    EMPTY_ELEMENTDATA = class java.lang.Object[0]
    DEFAULTCAPACITY_EMPTY_ELEMENTDATA = class java.lang.Object[0]
    elementData = class java.lang.Object[10]
      Object[0] = class com.ibm.ws.app.manager.module.internal.DeployedModuleInfoImpl@545b8a36
      Object[1] = null
      Object[2] = null
      Object[3] = null
      Object[4] = null
      Object[5] = null
      Object[6] = null
      Object[7] = null
      Object[8] = null
      Object[9] = null
    size = 1
    MAX_ARRAY_SIZE = 2147483639
    modCount = 1
    MAX_ARRAY_SIZE = 2147483639
  starting = true
  started = false
  appInfoFactory = class com.ibm.ws.container.service.app.deploy.internal.ApplicationInfoFactoryImpl@271e1df5
    j2eeNameFactory = class com.ibm.wsspi.kernel.service.utils.AtomicServiceReference@38bfa127
      referenceName = "j2eeNameFactory"
      tuple = class java.util.concurrent.atomic.AtomicReference@2daa66b1
      serialVersionUID = 2226592364007985000
      $$$tc$$$ = class com.ibm.websphere.ras.TraceComponent@4cd75d83
    names = class java.util.HashSet@15b5417d
      serialVersionUID = -5024744406713321676
      map = class java.util.HashMap@6f9aec2
      PRESENT = class java.lang.Object@5471d15f
      MAX_ARRAY_SIZE = 2147483639
    serialVersionUID = 7443990212682384945
    $$$tc$$$ = class com.ibm.websphere.ras.TraceComponent@20f4564f
      strings[0] = "TraceComponent[com.ibm.ws.container.service.app.deploy.internal.ApplicationInfoFactoryImpl,class com.ibm.ws.container.service.app.deploy.internal.ApplicationInfoFactoryImpl,[container.service],com.ibm.ws.container.service.resources.Messages,null]"
  metaDataService = class com.ibm.ws.container.service.metadata.internal.MetaDataServiceImpl@262ac0f4
    applicationMetaDataManager = class com.ibm.ws.container.service.metadata.internal.ApplicationMetaDataManager@42f73b5d
      serialVersionUID = 1843747281024490904
      $$$tc$$$ = class com.ibm.websphere.ras.TraceComponent@458f6fef
      listeners = class com.ibm.wsspi.kernel.service.utils.ConcurrentServiceReferenceSet@5205d8d1
      metaDataIDs = class com.ibm.ws.container.service.metadata.internal.IndexList@19a8e2fb
      metaDatas = class java.util.ArrayList@2e5d39d5
      slotIDs = class com.ibm.ws.container.service.metadata.internal.IndexList@2e54ab7c
      serialVersionUID = 5464421863354792977
      $$$tc$$$ = class com.ibm.websphere.ras.TraceComponent@7e1bb479
    moduleMetaDataManager = class com.ibm.ws.container.service.metadata.internal.ModuleMetaDataManager@6319ed1b
      serialVersionUID = 2513574389899327209
      $$$tc$$$ = class com.ibm.websphere.ras.TraceComponent@15f96311
      listeners = class com.ibm.wsspi.kernel.service.utils.ConcurrentServiceReferenceSet@7cfb3a9e
      metaDataIDs = class com.ibm.ws.container.service.metadata.internal.IndexList@7ce50b9a
      metaDatas = class java.util.ArrayList@27d3abd3
      slotIDs = class com.ibm.ws.container.service.metadata.internal.IndexList@7d9400af
      serialVersionUID = 5464421863354792977
      $$$tc$$$ = class com.ibm.websphere.ras.TraceComponent@7e1bb479
    componentMetaDataManager = class com.ibm.ws.container.service.metadata.internal.ComponentMetaDataManager@1bea88f7
      serialVersionUID = 8629793739641703882
      $$$tc$$$ = class com.ibm.websphere.ras.TraceComponent@5c3322e1
      listeners = class com.ibm.wsspi.kernel.service.utils.ConcurrentServiceReferenceSet@7e49d5c0
      metaDataIDs = class com.ibm.ws.container.service.metadata.internal.IndexList@56c88bb1
      metaDatas = class java.util.ArrayList@276817cf
      slotIDs = class com.ibm.ws.container.service.metadata.internal.IndexList@737e6998
      serialVersionUID = 5464421863354792977
      $$$tc$$$ = class com.ibm.websphere.ras.TraceComponent@7e1bb479
    methodMetaDataManager = class com.ibm.ws.container.service.metadata.internal.MethodMetaDataManager@28d44df1
      serialVersionUID = -3308748211841563417
      $$$tc$$$ = class com.ibm.websphere.ras.TraceComponent@1ccbfad0
      listeners = class com.ibm.wsspi.kernel.service.utils.ConcurrentServiceReferenceSet@3f222020
      metaDataIDs = class com.ibm.ws.container.service.metadata.internal.IndexList@18f2a302
      metaDatas = class java.util.ArrayList@556592d4
      slotIDs = class com.ibm.ws.container.service.metadata.internal.IndexList@cbb6a4f
      serialVersionUID = 5464421863354792977
      $$$tc$$$ = class com.ibm.websphere.ras.TraceComponent@7e1bb479
    appModuleNameToModuleContainer = class java.util.concurrent.ConcurrentHashMap@5302b665
      serialVersionUID = 7249069246763182397
      MAXIMUM_CAPACITY = 1073741824
      DEFAULT_CAPACITY = 16
      MAX_ARRAY_SIZE = 2147483639
      DEFAULT_CONCURRENCY_LEVEL = 16
      LOAD_FACTOR = 0.75
      TREEIFY_THRESHOLD = 8
      UNTREEIFY_THRESHOLD = 6
      MIN_TREEIFY_CAPACITY = 64
      MIN_TRANSFER_STRIDE = 16
      RESIZE_STAMP_BITS = 16
      MAX_RESIZERS = 65535
      RESIZE_STAMP_SHIFT = 16
      MOVED = -1
      TREEBIN = -2
      RESERVED = -3
      HASH_BITS = 2147483647
      NCPU = 12
      serialPersistentFields = class java.io.ObjectStreamField[3]
      table = null
      nextTable = null
      baseCount = 0
      sizeCtl = 0
      transferIndex = 0
      cellsBusy = 0
      counterCells = null
      keySet = null
      values = null
      entrySet = null
      U = class jdk.internal.misc.Unsafe@6995e52c
      SIZECTL = 20
      TRANSFERINDEX = 32
      BASECOUNT = 24
      CELLSBUSY = 36
      CELLVALUE = 144
      ABASE = 16
      ASHIFT = 2
      keySet = null
      values = null
    jeeNameToComponentMetaData = class java.util.concurrent.ConcurrentHashMap@7fdfe82b
      serialVersionUID = 7249069246763182397
      MAXIMUM_CAPACITY = 1073741824
      DEFAULT_CAPACITY = 16
      MAX_ARRAY_SIZE = 2147483639
      DEFAULT_CONCURRENCY_LEVEL = 16
      LOAD_FACTOR = 0.75
      TREEIFY_THRESHOLD = 8
      UNTREEIFY_THRESHOLD = 6
      MIN_TREEIFY_CAPACITY = 64
      MIN_TRANSFER_STRIDE = 16
      RESIZE_STAMP_BITS = 16
      MAX_RESIZERS = 65535
      RESIZE_STAMP_SHIFT = 16
      MOVED = -1
      TREEBIN = -2
      RESERVED = -3
      HASH_BITS = 2147483647
      NCPU = 12
      serialPersistentFields = class java.io.ObjectStreamField[3]
      table = null
      nextTable = null
      baseCount = 0
      sizeCtl = 0
      transferIndex = 0
      cellsBusy = 0
      counterCells = null
      keySet = null
      values = null
      entrySet = null
      U = class jdk.internal.misc.Unsafe@6995e52c
      SIZECTL = 20
      TRANSFERINDEX = 32
      BASECOUNT = 24
      CELLSBUSY = 36
      CELLVALUE = 144
      ABASE = 16
      ASHIFT = 2
      keySet = null
      values = null
    deferredMetaDataFactories = class com.ibm.wsspi.kernel.service.utils.ConcurrentServiceReferenceSet@30bd7a17
      referenceName = "deferredMetaDataFactory"
      contextRef = class java.util.concurrent.atomic.AtomicReference@52eb2d37
      elementMap = class java.util.LinkedHashMap@c0ab2ab
      elementSet = class java.util.concurrent.ConcurrentSkipListSet@4b5ea16e
      elementSetUnsorted = false
      serialVersionUID = 756240983881166148
      $$$tc$$$ = class com.ibm.websphere.ras.TraceComponent@5f124266
    deferredMetaDataInitializers = class com.ibm.wsspi.kernel.service.utils.ConcurrentServiceReferenceMap@3a8c1234
      referenceName = "deferredMetaDataFactory"
      context = class org.apache.felix.scr.impl.manager.ComponentContextImpl@12159fb0
      elementMap = class java.util.concurrent.ConcurrentHashMap@2cfe194d
      serialVersionUID = 6980924785166233786
      $$$tc$$$ = class com.ibm.websphere.ras.TraceComponent@4257b642
    serialVersionUID = -2494605732980966097
    $$$tc$$$ = class com.ibm.websphere.ras.TraceComponent@f769b3e
      strings[0] = "TraceComponent[com.ibm.ws.container.service.metadata.internal.MetaDataServiceImpl,class com.ibm.ws.container.service.metadata.internal.MetaDataServiceImpl,[Runtime],,null]"
  stateChangeService = class com.ibm.ws.container.service.state.internal.StateChangeServiceImpl@5b689eba
    applicationStateManager = class com.ibm.ws.container.service.state.internal.ApplicationStateManager@138b1b78
      serialVersionUID = -6685368059484454124
      $$$tc$$$ = class com.ibm.websphere.ras.TraceComponent@5185aad8
      listeners = class com.ibm.wsspi.kernel.service.utils.ConcurrentServiceReferenceSet@5f53a865
      serialVersionUID = 2284273176985484160
      $$$tc$$$ = class com.ibm.websphere.ras.TraceComponent@5d51ac00
    moduleStateManager = class com.ibm.ws.container.service.state.internal.ModuleStateManager@2e2e6f8
      serialVersionUID = -5540260902341249963
      $$$tc$$$ = class com.ibm.websphere.ras.TraceComponent@33b8d009
      listeners = class com.ibm.wsspi.kernel.service.utils.ConcurrentServiceReferenceSet@6e9e29d3
      serialVersionUID = 2284273176985484160
      $$$tc$$$ = class com.ibm.websphere.ras.TraceComponent@5d51ac00
    serialVersionUID = -537917915330350560
    $$$tc$$$ = class com.ibm.websphere.ras.TraceComponent@2a27e93f
      strings[0] = "TraceComponent[com.ibm.ws.container.service.state.internal.StateChangeServiceImpl,class com.ibm.ws.container.service.state.internal.StateChangeServiceImpl,[Runtime],,null]"
  moduleClassesInfo = class com.ibm.ws.app.manager.module.internal.SimpleDeployedAppInfoBase$ModuleClassesInfoProvider@796767f6
    entryContainerInfosMap = class java.util.HashMap@16c1bbf3
      serialVersionUID = 362498820763181265
      DEFAULT_INITIAL_CAPACITY = 16
      MAXIMUM_CAPACITY = 1073741824
      DEFAULT_LOAD_FACTOR = 0.75
      TREEIFY_THRESHOLD = 8
      UNTREEIFY_THRESHOLD = 6
      MIN_TREEIFY_CAPACITY = 64
      table = null
      entrySet = null
      size = 0
      modCount = 0
      threshold = 0
      loadFactor = 0.75
      keySet = null
      values = null
    serialVersionUID = -70332790531324534
    $$$tc$$$ = class com.ibm.websphere.ras.TraceComponent@7d44a226
      strings[0] = "TraceComponent[com.ibm.ws.app.manager.module.internal.SimpleDeployedAppInfoBase$ModuleClassesInfoProvider,class com.ibm.ws.app.manager.module.internal.SimpleDeployedAppInfoBase$ModuleClassesInfoProvider,[applications, app.manager],,null]"
  moduleContainerInfos = class java.util.ArrayList@3d64d49c
    serialVersionUID = 8683452581122892189
    DEFAULT_CAPACITY = 10
    EMPTY_ELEMENTDATA = class java.lang.Object[0]
    DEFAULTCAPACITY_EMPTY_ELEMENTDATA = class java.lang.Object[0]
    elementData = class java.lang.Object[10]
      Object[0] = class com.ibm.ws.app.manager.module.internal.SimpleDeployedAppInfoBase$WebModuleContainerInfo@c086a2
      Object[1] = null
      Object[2] = null
      Object[3] = null
      Object[4] = null
      Object[5] = null
      Object[6] = null
      Object[7] = null
      Object[8] = null
      Object[9] = null
    size = 1
    MAX_ARRAY_SIZE = 2147483639
    modCount = 1
    MAX_ARRAY_SIZE = 2147483639
  activeModuleHandlers = class java.util.IdentityHashMap@318bab08
    DEFAULT_CAPACITY = 32
    MINIMUM_CAPACITY = 4
    MAXIMUM_CAPACITY = 536870912
    table = class java.lang.Object[16]
      Object[0] = null
      Object[1] = null
      Object[2] = null
      Object[3] = null
      Object[4] = null
      Object[5] = null
      Object[6] = null
      Object[7] = null
      Object[8] = null
      Object[9] = null
      Object[10] = null
      Object[11] = null
      Object[12] = null
      Object[13] = null
      Object[14] = null
      Object[15] = null
    size = 0
    modCount = 2
    NULL_KEY = class java.lang.Object@147f2c80
    entrySet = null
    serialVersionUID = 8188218128353913216
    keySet = null
    values = null
  serialVersionUID = 7078125893012250887
  $$$tc$$$ = class com.ibm.websphere.ras.TraceComponent@79e03b0f
    strings[0] = "TraceComponent[com.ibm.ws.app.manager.module.internal.SimpleDeployedAppInfoBase,class com.ibm.ws.app.manager.module.internal.SimpleDeployedAppInfoBase,[applications, app.manager],,null]"

Dump of objectArray[0]
Object type = com.ibm.ws.threading.internal.NonCancelableResultFuture
  _done = false
  _result = null
  _failure = null
  _listeners = class java.util.concurrent.ConcurrentLinkedQueue@37b140ce
    serialVersionUID = 196745693267521676
    head = class java.util.concurrent.ConcurrentLinkedQueue$Node@65be1a90
      item = null
      next = null
    tail = class java.util.concurrent.ConcurrentLinkedQueue$Node@65be1a90
    MAX_HOPS = 8
    HEAD = class java.lang.invoke.VarHandleObjects$FieldInstanceReadWrite@38f03bc2
      FORM = class java.lang.invoke.VarForm@7b5be97e
      fieldOffset = 12
      receiverType = class java.lang.Class@57e1b0c
      fieldType = class java.lang.Class@4232c52b
      FORM = class java.lang.invoke.VarForm@3182e402
      vform = class java.lang.invoke.VarForm@7b5be97e
      typesAndInvokers = null
      AIOOBE_SUPPLIER = class jdk.internal.util.Preconditions$1@3553a8cc
      VFORM_OFFSET = 12
      $assertionsDisabled = true
    TAIL = class java.lang.invoke.VarHandleObjects$FieldInstanceReadWrite@2e71fac3
      FORM = class java.lang.invoke.VarForm@7b5be97e
      fieldOffset = 16
      receiverType = class java.lang.Class@57e1b0c
      fieldType = class java.lang.Class@4232c52b
      FORM = class java.lang.invoke.VarForm@3182e402
      vform = class java.lang.invoke.VarForm@7b5be97e
      typesAndInvokers = null
      AIOOBE_SUPPLIER = class jdk.internal.util.Preconditions$1@3553a8cc
      VFORM_OFFSET = 12
      $assertionsDisabled = true
    ITEM = class java.lang.invoke.VarHandleObjects$FieldInstanceReadWrite@6c6d1562
      FORM = class java.lang.invoke.VarForm@7b5be97e
      fieldOffset = 12
      receiverType = class java.lang.Class@4232c52b
      fieldType = class java.lang.Class@55054057
      FORM = class java.lang.invoke.VarForm@3182e402
      vform = class java.lang.invoke.VarForm@7b5be97e
      typesAndInvokers = null
      AIOOBE_SUPPLIER = class jdk.internal.util.Preconditions$1@3553a8cc
      VFORM_OFFSET = 12
      $assertionsDisabled = true
    NEXT = class java.lang.invoke.VarHandleObjects$FieldInstanceReadWrite@6407ac69
      FORM = class java.lang.invoke.VarForm@7b5be97e
      fieldOffset = 16
      receiverType = class java.lang.Class@4232c52b
      fieldType = class java.lang.Class@4232c52b
      FORM = class java.lang.invoke.VarForm@3182e402
      vform = class java.lang.invoke.VarForm@7b5be97e
      typesAndInvokers = null
      AIOOBE_SUPPLIER = class jdk.internal.util.Preconditions$1@3553a8cc
      VFORM_OFFSET = 12
      $assertionsDisabled = true
    MAX_ARRAY_SIZE = 2147483639
  _notifiedListeners = class java.util.concurrent.atomic.AtomicBoolean@d7968a8
    serialVersionUID = 4654671469794556979
    VALUE = class java.lang.invoke.VarHandleInts$FieldInstanceReadWrite@4ad13bcc
      FORM = class java.lang.invoke.VarForm@100ab525
      fieldOffset = 12
      receiverType = class java.lang.Class@4b6995df
      FORM = class java.lang.invoke.VarForm@340d7d73
      vform = class java.lang.invoke.VarForm@100ab525
      typesAndInvokers = null
      AIOOBE_SUPPLIER = class jdk.internal.util.Preconditions$1@3553a8cc
      VFORM_OFFSET = 12
      $assertionsDisabled = true
    value = 0
  serialVersionUID = -296387658814354272
  $$$tc$$$ = class com.ibm.websphere.ras.TraceComponent@f0d73eb
    strings[0] = "TraceComponent[com.ibm.ws.threading.internal.NonCancelableResultFuture,class com.ibm.ws.threading.internal.NonCancelableResultFuture,[Threading],com.ibm.ws.threading.internal.resources.ThreadingMessages,null]"

