------Start of DE processing------ = [18/12/18 21:43:27:833 CET]
Exception = javax.servlet.ServletException
Source = com.ibm.ws.webcontainer.filter.WebAppFilterChain.doFilter
probeid = 82
Stack Dump = javax.servlet.ServletException: SRVE0207E: Uncaught initialization exception created by servlet
	at com.ibm.ws.webcontainer.servlet.ServletWrapper.init(ServletWrapper.java:366)
	at com.ibm.ws.webcontainer.servlet.ServletWrapper.handleRequest(ServletWrapper.java:598)
	at com.ibm.ws.webcontainer.servlet.ServletWrapper.handleRequest(ServletWrapper.java:440)
	at com.ibm.ws.webcontainer.filter.WebAppFilterChain.invokeTarget(WebAppFilterChain.java:182)
	at com.ibm.ws.webcontainer.filter.WebAppFilterChain.doFilter(WebAppFilterChain.java:93)
	at com.ibm.ws.security.jaspi.JaspiServletFilter.doFilter(JaspiServletFilter.java:56)
	at com.ibm.ws.webcontainer.filter.FilterInstanceWrapper.doFilter(FilterInstanceWrapper.java:201)
	at com.ibm.ws.webcontainer.filter.WebAppFilterChain.doFilter(WebAppFilterChain.java:90)
	at com.ibm.ws.webcontainer.filter.WebAppFilterManager.doFilter(WebAppFilterManager.java:996)
	at com.ibm.ws.webcontainer.filter.WebAppFilterManager.invokeFilters(WebAppFilterManager.java:1134)
	at com.ibm.ws.webcontainer.webapp.WebApp.handleRequest(WebApp.java:4954)
	at com.ibm.ws.webcontainer.osgi.DynamicVirtualHost$2.handleRequest(DynamicVirtualHost.java:314)
	at com.ibm.ws.webcontainer.WebContainer.handleRequest(WebContainer.java:996)
	at com.ibm.ws.webcontainer.osgi.DynamicVirtualHost$2.run(DynamicVirtualHost.java:279)
	at com.ibm.ws.http.dispatcher.internal.channel.HttpDispatcherLink$TaskWrapper.run(HttpDispatcherLink.java:1023)
	at com.ibm.ws.http.dispatcher.internal.channel.HttpDispatcherLink.wrapHandlerAndExecute(HttpDispatcherLink.java:417)
	at com.ibm.ws.http.dispatcher.internal.channel.HttpDispatcherLink.ready(HttpDispatcherLink.java:376)
	at com.ibm.ws.http.channel.internal.inbound.HttpInboundLink.handleDiscrimination(HttpInboundLink.java:532)
	at com.ibm.ws.http.channel.internal.inbound.HttpInboundLink.handleNewRequest(HttpInboundLink.java:466)
	at com.ibm.ws.http.channel.internal.inbound.HttpInboundLink.processRequest(HttpInboundLink.java:331)
	at com.ibm.ws.http.channel.internal.inbound.HttpICLReadCallback.complete(HttpICLReadCallback.java:70)
	at com.ibm.ws.tcpchannel.internal.WorkQueueManager.requestComplete(WorkQueueManager.java:501)
	at com.ibm.ws.tcpchannel.internal.WorkQueueManager.attemptIO(WorkQueueManager.java:571)
	at com.ibm.ws.tcpchannel.internal.WorkQueueManager.workerRun(WorkQueueManager.java:926)
	at com.ibm.ws.tcpchannel.internal.WorkQueueManager$Worker.run(WorkQueueManager.java:1015)
	at com.ibm.ws.threading.internal.ExecutorServiceImpl$RunnableWrapper.run(ExecutorServiceImpl.java:232)
	at java.base/java.util.concurrent.ThreadPoolExecutor.runWorker(ThreadPoolExecutor.java:1128)
	at java.base/java.util.concurrent.ThreadPoolExecutor$Worker.run(ThreadPoolExecutor.java:628)
	at java.base/java.lang.Thread.run(Thread.java:834)
Caused by: org.apache.cxf.service.factory.ServiceConstructionException
	at org.apache.cxf.jaxrs.JAXRSServerFactoryBean.create(JAXRSServerFactoryBean.java:225)
	at com.ibm.ws.jaxrs20.server.JaxRsWebEndpointImpl.init(JaxRsWebEndpointImpl.java:70)
	at com.ibm.websphere.jaxrs.server.IBMRestServlet.init(IBMRestServlet.java:64)
	at com.ibm.ws.webcontainer.servlet.ServletWrapper.init(ServletWrapper.java:297)
	... 28 more
Caused by: org.apache.cxf.service.factory.ServiceConstructionException: No resource classes found
	at org.apache.cxf.jaxrs.AbstractJAXRSFactoryBean.checkResources(AbstractJAXRSFactoryBean.java:317)
	at com.ibm.ws.jaxrs20.server.LibertyJaxRsServerFactoryBean.checkResources(LibertyJaxRsServerFactoryBean.java:690)
	at org.apache.cxf.jaxrs.JAXRSServerFactoryBean.create(JAXRSServerFactoryBean.java:160)
	... 31 more

Dump of callerThis
Object type = com.ibm.ws.webcontainer.filter.WebAppFilterChain
  _filters = class java.util.ArrayList@19efc633
    serialVersionUID = 8683452581122892189
    DEFAULT_CAPACITY = 10
    EMPTY_ELEMENTDATA = class java.lang.Object[0]
    DEFAULTCAPACITY_EMPTY_ELEMENTDATA = class java.lang.Object[0]
    elementData = class java.lang.Object[5]
      Object[0] = class com.ibm.ws.webcontainer.filter.FilterInstanceWrapper@79c64f58
      Object[1] = null
      Object[2] = null
      Object[3] = null
      Object[4] = null
    size = 1
    MAX_ARRAY_SIZE = 2147483639
    modCount = 1
    MAX_ARRAY_SIZE = 2147483639
  _currentFilterIndex = 1
  _numberOfFilters = 1
  requestProcessor = class com.ibm.ws.webcontainer.osgi.servlet.ServletWrapper@217bef37
    serialVersionUID = 1
    _mo = null
    serialVersionUID = -4479626085298397598
    notifyInvocationListeners = false
    UNINITIALIZED_STATE = -1
    AVAILABLE_STATE = 0
    UNAVAILABLE_STATE = 1
    UNAVAILABLE_PERMANENTLY_STATE = 2
    collabHelper = class com.ibm.ws.webcontainer.osgi.collaborator.CollaboratorHelperImpl@190b6bfb
    nServicing = class java.util.concurrent.atomic.AtomicInteger@6df0c96c
      serialVersionUID = 6214790243416807050
      U = class jdk.internal.misc.Unsafe@7d094c2e
      VALUE = 12
      value = 0
      serialVersionUID = -8742448824652078965
    lastAccessTime = 1545165804583
    state = -1
    logger = class com.ibm.ws.logging.internal.WsLogger@7a55095c
      tc = class com.ibm.websphere.ras.TraceComponent@2901364e
      ivCachedResourceBundleName = "com.ibm.ws.webcontainer.resources.Messages"
      ivCachedResourceBundle = class com.ibm.ws.webcontainer.resources.Messages@18b88325
      ivComponent = null
      ivOrganization = null
      ivProduct = null
      ivMinimumLocalizationLevelIntValue = 625
      ivTC = class com.ibm.websphere.ras.TraceComponent@6fcfdc67
      loggerRegistrationComponent = class java.lang.ThreadLocal@1f57a104
      emptyHandlers = class java.util.logging.Handler[0]
      offValue = 2147483647
      SYSTEM_LOGGER_RB_NAME = "sun.util.logging.resources.logging"
      SYSTEM_BUNDLE = class java.util.logging.Logger$LoggerBundle@2e888a0a
      NO_RESOURCE_BUNDLE = class java.util.logging.Logger$LoggerBundle@c75415e
      config = class java.util.logging.Logger$ConfigurationData@20258723
      manager = class com.ibm.ws.kernel.boot.logging.WsLogManager@5453525c
      name = "com.ibm.ws.webcontainer.servlet"
      loggerBundle = class java.util.logging.Logger$LoggerBundle@3e615a06
      anonymous = false
      catalog = class com.ibm.ws.webcontainer.resources.Messages@18b88325
      catalogName = "com.ibm.ws.webcontainer.resources.Messages"
      catalogLocale = class java.util.Locale@14a8038e
      treeLock = class java.lang.Object@5aa772f5
      parent = class com.ibm.ws.logging.internal.WsLogger@6ea2b2cd
      kids = null
      callerModuleRef = class java.lang.ref.WeakReference@32dfb597
      isSystemLogger = false
      GLOBAL_LOGGER_NAME = "global"
      global = class java.util.logging.Logger@7ee92d9
    CLASS_NAME = "com.ibm.ws.webcontainer.servlet.ServletWrapper"
    nls = class com.ibm.ejs.ras.TraceNLS@110514d3
      resolver = class com.ibm.ws.logging.internal.TraceNLSResolver@593da62e
      finder = class com.ibm.ws.logging.internal.StackFinder@57640bbf
      ivBundleName = "com.ibm.ws.webcontainer.resources.Messages"
      caller = class java.lang.Class@2d7f0065
    servletConfig = class com.ibm.ws.webcontainer.servlet.ServletConfig@44a16c69
      logger = class com.ibm.ws.logging.internal.WsLogger@7a55095c
      CLASS_NAME = "com.ibm.ws.webcontainer.servlet.ServletConfig"
      nls = class com.ibm.ejs.ras.TraceNLS@7f945a83
      liberty_nls = class com.ibm.ejs.ras.TraceNLS@7534e98a
      enabled = true
      servletName = "net.wasdev.reg.RegApp"
      className = null
      mappings = class java.util.ArrayList@2b15fc0a
      startUpWeight = null
      DEFAULT_STARTUP = -1
      isCachingEnabled = true
      isStatisticsEnabled = true
      isInternal = false
      metaData = class com.ibm.ws.webcontainer.osgi.metadata.WebComponentMetaDataImpl@1210b80a
      singleThreadModelServlet = false
      isJsp = false
      webAppConfig = class com.ibm.ws.webcontainer.osgi.webapp.WebAppConfiguration@10e06955
      servletWrapper = class com.ibm.ws.webcontainer.osgi.servlet.ServletWrapper@217bef37
      servletClass = class java.lang.Class@598d31bc
      servlet = class com.ibm.websphere.jaxrs.server.IBMRestServlet@630de668
      addedToLoadOnStartup = true
      previousWeight = null
      multipartConfig = null
      multipartConfigBaseLocation = null
      runAsRole = null
      servletSecurityElement = null
      declareRolesAnnotation = null
      logger = class com.ibm.ws.logging.internal.WsLogger@7a55095c
      CLASS_NAME = "com.ibm.ws.webcontainer.servlet.TargetConfig"
      initParams = null
      fileName = null
      displayName = null
      name = "net.wasdev.reg.RegApp"
      description = null
      smallIcon = null
      largeIcon = null
      context = class com.ibm.ws.webcontainer40.facade.ServletContextFacade40@a58de32
      className = null
      asyncSupported = true
      _id = "net.wasdev.reg.RegApp"
      _attributes = null
      serialVersionUID = 7511545662945734886
      $$$tc$$$ = class com.ibm.websphere.ras.TraceComponent@31b4cd6e
    context = class com.ibm.ws.webcontainer40.osgi.webapp.WebApp40@6e4fc07f
    target = class com.ibm.websphere.jaxrs.server.IBMRestServlet@630de668
      serialVersionUID = -6835560282014155024
      KNOWN_HTTP_VERBS = class java.util.Arrays$ArrayList@6028c0fc
      HTML_CONTENT_TYPE = "text/html"
      endpoint = class com.ibm.ws.jaxrs20.server.JaxRsWebEndpointImpl@f2794ce
      collaborator = class com.ibm.ws.webcontainer.osgi.collaborator.WebAppNameSpaceCollaboratorImpl@4be542b9
      providerFactoryService = class com.ibm.ws.jaxrs20.component.JaxRsProviderFactory@43c27256
      $$$tc$$$ = class com.ibm.websphere.ras.TraceComponent@7f9b6846
      METHOD_DELETE = "DELETE"
      METHOD_HEAD = "HEAD"
      METHOD_GET = "GET"
      METHOD_OPTIONS = "OPTIONS"
      METHOD_POST = "POST"
      METHOD_PUT = "PUT"
      METHOD_TRACE = "TRACE"
      HEADER_IFMODSINCE = "If-Modified-Since"
      HEADER_LASTMOD = "Last-Modified"
      LSTRING_FILE = "javax.servlet.http.LocalStrings"
      lStrings = class java.util.PropertyResourceBundle@5462105a
      LSTRING_FILE = "javax.servlet.LocalStrings"
      lStrings = class java.util.PropertyResourceBundle@4d64509f
      config = class com.ibm.ws.webcontainer.servlet.ServletConfig@44a16c69
    cacheWrappers = null
    targetLoader = null
    evtSource = class com.ibm.ws.webcontainer.webapp.WebAppEventSource@31c01cbc
    event = class com.ibm.websphere.servlet.event.ServletEvent@8da25db
      serialVersionUID = 3906650803920713522
      _servletName = "net.wasdev.reg.RegApp"
      _servletClassName = "com.ibm.websphere.jaxrs.server.IBMRestServlet"
      $$$tc$$$ = class com.ibm.websphere.ras.TraceComponent@50e0060b
      serialVersionUID = 3546927969739289392
      _context = class com.ibm.ws.webcontainer40.facade.ServletContextFacade40@a58de32
      _servletNames = class com.ibm.ws.webcontainer.util.EmptyEnumeration@679e1529
      $$$tc$$$ = class com.ibm.websphere.ras.TraceComponent@4624da02
      serialVersionUID = 5516075349620653480
      source = class com.ibm.ws.webcontainer.osgi.servlet.ServletWrapper@217bef37
    unavailableMessage = null
    unavailableUntil = -1
    isSTM = false
    internalServlet = false
    webAppInvocationCollaborators = null
    platformHelper = class com.ibm.ws.webcontainer.PlatformHelper@47d7c28d
    webAppNameSpaceCollab = class com.ibm.ws.webcontainer.osgi.collaborator.WebAppNameSpaceCollaboratorImpl@4be542b9
    txCollab = class com.ibm.ws.transaction.services.WebAppTransactionCollaboratorImpl@7a718285
    connCollab = class com.ibm.ws.webcontainer.collaborator.ConnectionCollaborator@235c84ed
    suppressServletExceptionLogging = false
    throwExceptionEnum = class java.util.RegularEnumSet@5ae6f9a1
      serialVersionUID = 3411599620347842686
      elements = 256
      elementType = class java.lang.Class@27c51271
      universe = class com.ibm.wsspi.webcontainer.collaborator.CollaboratorInvocationEnum[9]
      MAX_ARRAY_SIZE = 2147483639
    discernUnavailableServlet = false
    reInitServletonInitUnavailableException = true
    destroyServletonServiceUnavailableException = false
    servlet23 = true
    PARAMS_HEAD_TRACE = class java.lang.Class[2]
      Class[0] = class java.lang.Class@201e1673
      Class[1] = class java.lang.Class@4b6fdb22
    defaultHeadMethodInUse = false
    defaultTraceMethodInUse = false
    checkedForDefaultMethods = null
    defaultTraceRequestBehavior = false
    defaultHeadRequestBehavior = false
    useOriginalRequestState = false
    warningStatusSet = false
    LSTRING_FILE = "javax.servlet.LocalStrings"
    lStrings = class java.util.PropertyResourceBundle@4d64509f
      encoding = ""
      lookup = class java.util.HashMap@79a42946
      INITIAL_CACHE_SIZE = 32
      NONEXISTENT_BUNDLE = class java.util.ResourceBundle$2@14c09600
      cacheList = class java.util.concurrent.ConcurrentHashMap@20785e60
      referenceQueue = class java.lang.ref.ReferenceQueue@57369023
      parent = null
      locale = class java.util.Locale@f806d9a
      name = "javax.servlet.LocalStrings"
      expired = false
      cacheKey = class java.util.ResourceBundle$CacheKey@1f608afc
      keySet = null
      UNKNOWN_FORMAT = ""
      TRACE_ON = false
      $assertionsDisabled = true
    config = null
  _filtersDefined = true
  logger = class com.ibm.ws.logging.internal.WsLogger@546914e9
    tc = class com.ibm.websphere.ras.TraceComponent@2901364e
      strings[0] = "TraceComponent[com.ibm.ws.logging.internal.WsLogger,class com.ibm.ws.logging.internal.WsLogger,[logging],com.ibm.ws.logging.internal.resources.LoggingMessages,null]"
    ivCachedResourceBundleName = null
    ivCachedResourceBundle = null
    ivComponent = null
    ivOrganization = null
    ivProduct = null
    ivMinimumLocalizationLevelIntValue = 625
    ivTC = class com.ibm.websphere.ras.TraceComponent@4cb74fcb
      strings[0] = "TraceComponent[com.ibm.ws.webcontainer.filter,class com.ibm.wsspi.webcontainer.logging.LoggerFactory$1,[com.ibm.ws.webcontainer.filter],null,null]"
    loggerRegistrationComponent = class java.lang.ThreadLocal@1f57a104
      threadLocalHashCode = -500282817
      nextHashCode = class java.util.concurrent.atomic.AtomicInteger@30d79cea
      HASH_INCREMENT = 1640531527
    emptyHandlers = class java.util.logging.Handler[0]
    offValue = 2147483647
    SYSTEM_LOGGER_RB_NAME = "sun.util.logging.resources.logging"
    SYSTEM_BUNDLE = class java.util.logging.Logger$LoggerBundle@2e888a0a
      resourceBundleName = "sun.util.logging.resources.logging"
      userBundle = null
    NO_RESOURCE_BUNDLE = class java.util.logging.Logger$LoggerBundle@c75415e
      resourceBundleName = null
      userBundle = null
    config = class java.util.logging.Logger$ConfigurationData@519a1187
      delegate = class java.util.logging.Logger$ConfigurationData@519a1187
      useParentHandlers = true
      filter = null
      levelObject = class java.util.logging.Level@2d6be0c8
      levelValue = 800
      handlers = class java.util.concurrent.CopyOnWriteArrayList@53061a9c
    manager = class com.ibm.ws.kernel.boot.logging.WsLogManager@5453525c
      CLASS_NAME = "com.ibm.ws.kernel.boot.logging.WsLogManager"
      CONFIGURE_BY_SERVER_PROPERTY_NAME = "java.util.logging.configureByServer"
      CONFIGURE_BY_LOGGING_PROPERTIES_FILE = "java.util.logging.configureByLoggingPropertiesFile"
      configureByServer = true
      configureByLoggingProperties = false
      wsLogger = class java.lang.reflect.Constructor@300619e7
      resetEnabled = true
      svBinaryLoggingEnable = false
      manager = class com.ibm.ws.kernel.boot.logging.WsLogManager@5453525c
      props = class java.util.Properties@2074bb21
      defaultLevel = class java.util.logging.Level@2d6be0c8
      systemContext = class java.util.logging.LogManager$SystemLoggerContext@52eb6247
      userContext = class java.util.logging.LogManager$LoggerContext@72ca1331
      rootLogger = class java.util.logging.LogManager$RootLogger@7283f5ae
      readPrimordialConfiguration = true
      STATE_INITIALIZED = 0
      STATE_INITIALIZING = 1
      STATE_READING_CONFIG = 2
      STATE_UNINITIALIZED = 3
      STATE_SHUTDOWN = 4
      globalHandlersState = 0
      configurationLock = class java.util.concurrent.locks.ReentrantLock@772bf56c
      closeOnResetLoggers = class java.util.concurrent.CopyOnWriteArrayList@7edb4894
      listeners = class java.util.Collections$SynchronizedMap@5caa9fe5
      initializedCalled = true
      initializationDone = true
      contextsMap = null
      loggerRefQueue = class java.lang.ref.ReferenceQueue@31692f5b
      MAX_ITERATIONS = 400
      controlPermission = class java.util.logging.LoggingPermission@19413c8f
      LOGGING_MXBEAN_NAME = "java.util.logging:type=Logging"
      $assertionsDisabled = true
    name = "com.ibm.ws.webcontainer.filter"
    loggerBundle = class java.util.logging.Logger$LoggerBundle@2721012c
      resourceBundleName = "com.ibm.ws.webcontainer.resources.Messages"
      userBundle = null
    anonymous = false
    catalog = class com.ibm.ws.webcontainer.resources.Messages@18b88325
      resources = class [Ljava.lang.Object;[334]
      lookup = class java.util.HashMap@1e7fccfa
      INITIAL_CACHE_SIZE = 32
      NONEXISTENT_BUNDLE = class java.util.ResourceBundle$2@14c09600
      cacheList = class java.util.concurrent.ConcurrentHashMap@20785e60
      referenceQueue = class java.lang.ref.ReferenceQueue@57369023
      parent = null
      locale = class java.util.Locale@f806d9a
      name = "com.ibm.ws.webcontainer.resources.Messages"
      expired = false
      cacheKey = class java.util.ResourceBundle$CacheKey@3e92d749
      keySet = null
      UNKNOWN_FORMAT = ""
      TRACE_ON = false
      $assertionsDisabled = true
    catalogName = "com.ibm.ws.webcontainer.resources.Messages"
    catalogLocale = class java.util.Locale@14a8038e
      LOCALECACHE = class java.util.Locale$Cache@3e55d989
      ENGLISH = class java.util.Locale@1f0d0cb9
      FRENCH = class java.util.Locale@4e76436a
      GERMAN = class java.util.Locale@1701922f
      ITALIAN = class java.util.Locale@70888d7
      JAPANESE = class java.util.Locale@7097244b
      KOREAN = class java.util.Locale@c064420
      CHINESE = class java.util.Locale@170d3f65
      SIMPLIFIED_CHINESE = class java.util.Locale@54005363
      TRADITIONAL_CHINESE = class java.util.Locale@1dfc80d4
      FRANCE = class java.util.Locale@23e5f00f
      GERMANY = class java.util.Locale@5ded0501
      ITALY = class java.util.Locale@ba0de94
      JAPAN = class java.util.Locale@72231514
      KOREA = class java.util.Locale@7ecae6d7
      CHINA = class java.util.Locale@54005363
      PRC = class java.util.Locale@54005363
      TAIWAN = class java.util.Locale@1dfc80d4
      UK = class java.util.Locale@4b3a2102
      US = class java.util.Locale@46e3028f
      CANADA = class java.util.Locale@2c8224f2
      CANADA_FRENCH = class java.util.Locale@55783eb
      ROOT = class java.util.Locale@f806d9a
      PRIVATE_USE_EXTENSION = x
      UNICODE_LOCALE_EXTENSION = u
      serialVersionUID = 9149081749638150636
      DISPLAY_LANGUAGE = 0
      DISPLAY_COUNTRY = 1
      DISPLAY_VARIANT = 2
      DISPLAY_SCRIPT = 3
      DISPLAY_UEXT_KEY = 4
      DISPLAY_UEXT_TYPE = 5
      baseLocale = class sun.util.locale.BaseLocale@41c57f03
      localeExtensions = null
      hashCodeValue = 104870303
      defaultLocale = class java.util.Locale@14a8038e
      defaultDisplayLocale = null
      defaultFormatLocale = class java.util.Locale@14a8038e
      languageTag = "nl-BE"
      serialPersistentFields = class java.io.ObjectStreamField[6]
      isoLanguages = null
      isoCountries = null
      $assertionsDisabled = true
    treeLock = class java.lang.Object@5aa772f5
    parent = class com.ibm.ws.logging.internal.WsLogger@6ea2b2cd
      tc = class com.ibm.websphere.ras.TraceComponent@2901364e
      ivCachedResourceBundleName = "com.ibm.ws.webcontainer.resources.Messages"
      ivCachedResourceBundle = class com.ibm.ws.webcontainer.resources.Messages@62dba9b2
      ivComponent = null
      ivOrganization = null
      ivProduct = null
      ivMinimumLocalizationLevelIntValue = 625
      ivTC = class com.ibm.websphere.ras.TraceComponent@73412b78
      loggerRegistrationComponent = class java.lang.ThreadLocal@1f57a104
      emptyHandlers = class java.util.logging.Handler[0]
      offValue = 2147483647
      SYSTEM_LOGGER_RB_NAME = "sun.util.logging.resources.logging"
      SYSTEM_BUNDLE = class java.util.logging.Logger$LoggerBundle@2e888a0a
      NO_RESOURCE_BUNDLE = class java.util.logging.Logger$LoggerBundle@c75415e
      config = class java.util.logging.Logger$ConfigurationData@2af5785c
      manager = class com.ibm.ws.kernel.boot.logging.WsLogManager@5453525c
      name = "com.ibm.ws.webcontainer"
      loggerBundle = class java.util.logging.Logger$LoggerBundle@6aaec8c0
      anonymous = false
      catalog = class com.ibm.ws.webcontainer.resources.Messages@62dba9b2
      catalogName = "com.ibm.ws.webcontainer.resources.Messages"
      catalogLocale = class java.util.Locale@14a8038e
      treeLock = class java.lang.Object@5aa772f5
      parent = class java.util.logging.LogManager$RootLogger@7283f5ae
      kids = class java.util.ArrayList@4573a08b
      callerModuleRef = class java.lang.ref.WeakReference@7ada07ae
      isSystemLogger = false
      GLOBAL_LOGGER_NAME = "global"
      global = class java.util.logging.Logger@7ee92d9
    kids = null
    callerModuleRef = class java.lang.ref.WeakReference@43e92025
      referent = class java.lang.Module@5f3a22a5
      queue = class java.lang.ref.ReferenceQueue$Null@3527ad36
      next = null
      discovered = null
      processPendingLock = class java.lang.Object@54fff2a3
      processPendingActive = false
    isSystemLogger = false
    GLOBAL_LOGGER_NAME = "global"
    global = class java.util.logging.Logger@7ee92d9
      emptyHandlers = class java.util.logging.Handler[0]
      offValue = 2147483647
      SYSTEM_LOGGER_RB_NAME = "sun.util.logging.resources.logging"
      SYSTEM_BUNDLE = class java.util.logging.Logger$LoggerBundle@2e888a0a
      NO_RESOURCE_BUNDLE = class java.util.logging.Logger$LoggerBundle@c75415e
      config = class java.util.logging.Logger$ConfigurationData@322f4afc
      manager = class com.ibm.ws.kernel.boot.logging.WsLogManager@5453525c
      name = "global"
      loggerBundle = class java.util.logging.Logger$LoggerBundle@c75415e
      anonymous = false
      catalog = null
      catalogName = null
      catalogLocale = null
      treeLock = class java.lang.Object@5aa772f5
      parent = class java.util.logging.LogManager$RootLogger@7283f5ae
      kids = null
      callerModuleRef = null
      isSystemLogger = true
      GLOBAL_LOGGER_NAME = "global"
      global = class java.util.logging.Logger@7ee92d9
  CLASS_NAME = "com.ibm.ws.webcontainer.filter.WebAppFilterChain"
  webapp = class com.ibm.ws.webcontainer40.osgi.webapp.WebApp40@6e4fc07f
    tc = class com.ibm.websphere.ras.TraceComponent@6e98989e
      strings[0] = "TraceComponent[com.ibm.ws.webcontainer40.osgi.webapp.WebApp40,class com.ibm.ws.webcontainer40.osgi.webapp.WebApp40,[webcontainer],com.ibm.ws.webcontainer31.resources.Messages,null]"
    servlet40NLS = class com.ibm.ejs.ras.TraceNLS@280648e9
      resolver = class com.ibm.ws.logging.internal.TraceNLSResolver@593da62e
      finder = class com.ibm.ws.logging.internal.StackFinder@57640bbf
      ivBundleName = "com.ibm.ws.webcontainer40.resources.Messages"
      caller = class java.lang.Class@1bb21dbb
    CLASS_NAME = "com.ibm.ws.webcontainer40.osgi.webapp.WebApp40"
    defaultSessionTimeout = 30
    tc = class com.ibm.websphere.ras.TraceComponent@436da92b
      strings[0] = "TraceComponent[com.ibm.ws.webcontainer31.osgi.webapp.WebApp31,class com.ibm.ws.webcontainer31.osgi.webapp.WebApp31,[webcontainer],com.ibm.ws.webcontainer31.resources.Messages,null]"
    CLASS_NAME = "com.ibm.ws.webcontainer31.osgi.webapp.WebApp31"
    servlet31NLS = class com.ibm.ejs.ras.TraceNLS@5b96e8ec
      resolver = class com.ibm.ws.logging.internal.TraceNLSResolver@593da62e
      finder = class com.ibm.ws.logging.internal.StackFinder@57640bbf
      ivBundleName = "com.ibm.ws.webcontainer31.resources.Messages"
      caller = class java.lang.Class@241047b9
    validListenerClasses = class java.lang.Class[7]
      Class[0] = class java.lang.Class@160811d8
      Class[1] = class java.lang.Class@56945ac
      Class[2] = class java.lang.Class@315d6e6
      Class[3] = class java.lang.Class@576ac47f
      Class[4] = class java.lang.Class@339fee3
      Class[5] = class java.lang.Class@348ed331
      Class[6] = class java.lang.Class@769b9165
    wsocServHandler = class com.ibm.ws.wsoc.external.WsocHandlerImpl@78be1036
      tc = class com.ibm.websphere.ras.TraceComponent@6e81297
      noMoreAddsCalled = true
      serialVersionUID = -2067291126638824067
    tc = class com.ibm.websphere.ras.TraceComponent@6f33d7ed
      strings[0] = "TraceComponent[com.ibm.ws.webcontainer.osgi.webapp.WebApp,class com.ibm.ws.webcontainer.osgi.webapp.WebApp,[webcontainer],com.ibm.ws.webcontainer.resources.LShimMessages,null]"
    CLASS_NAME = "com.ibm.ws.webcontainer.osgi.webapp.WebApp"
    metaDataService = class com.ibm.ws.container.service.metadata.internal.MetaDataServiceImpl@62e55ec8
      applicationMetaDataManager = class com.ibm.ws.container.service.metadata.internal.ApplicationMetaDataManager@d3f48ea
      moduleMetaDataManager = class com.ibm.ws.container.service.metadata.internal.ModuleMetaDataManager@4d280c37
      componentMetaDataManager = class com.ibm.ws.container.service.metadata.internal.ComponentMetaDataManager@5d9a4f7b
      methodMetaDataManager = class com.ibm.ws.container.service.metadata.internal.MethodMetaDataManager@7a26d9ad
      appModuleNameToModuleContainer = class java.util.concurrent.ConcurrentHashMap@da9b61b
      jeeNameToComponentMetaData = class java.util.concurrent.ConcurrentHashMap@6d5a2d
      deferredMetaDataFactories = class com.ibm.wsspi.kernel.service.utils.ConcurrentServiceReferenceSet@f032ccc
      deferredMetaDataInitializers = class com.ibm.wsspi.kernel.service.utils.ConcurrentServiceReferenceMap@43a46730
      serialVersionUID = -2494605732980966097
      $$$tc$$$ = class com.ibm.websphere.ras.TraceComponent@5981855e
    namespacePopulated = false
    referenceContext = class com.ibm.ws.injectionengine.osgi.internal.OSGiReferenceContextImpl@5b422fe2
      scopeData = class com.ibm.ws.injectionengine.osgi.internal.OSGiInjectionScopeData@51241086
      serialVersionUID = 521511923892134915
      $$$tc$$$ = class com.ibm.websphere.ras.TraceComponent@53c566df
      CLASS_NAME = "com.ibm.ws.injectionengine.ReferenceContextImpl"
      tc = class com.ibm.websphere.ras.TraceComponent@1f85ed50
      ivInjectionEngine = class com.ibm.ws.injectionengine.osgi.internal.OSGiInjectionEngineImpl@3a85877e
      ivProviders = class java.util.ArrayList@5e218d6
      ivComponentJavaContext = null
      ivComponentNameSpace = null
      ivJavaColonCompEnvMap = class java.util.LinkedHashMap@1436568f
      ivEjbContext10 = class java.util.Properties@2f9fa493
      ivResourceRefConfigList = class com.ibm.ws.resource.internal.ResourceRefConfigListImpl@39b77869
      isAlreadyProcessed = true
      ivProcessFailure = null
      ivInjectionTargetMap = class java.util.concurrent.ConcurrentHashMap@2c86f321
      svInjTarMapCacheSize = 256
      ivDeclaredInjectionTargets = class java.util.HashMap@a225a10
      ivProcessedInjectionClasses = class java.util.HashSet@58cbdcfb
      ivProcessedInjectionBindings = class java.util.LinkedHashSet@5a3d93bb
      ivAnyProcessDynamic = true
      ivCheckAppConfig = false
    j2eeNameFactory = class com.ibm.ws.container.service.metadata.internal.J2EENameFactoryImpl@e580bf0
      serialVersionUID = 3486344295038028821
      $$$tc$$$ = class com.ibm.websphere.ras.TraceComponent@5c709818
    moduleLoader = class com.ibm.ws.classloading.internal.AppClassLoader@5471ec3c
      tc = class com.ibm.websphere.ras.TraceComponent@7af3bb7b
      PARENT_FIRST_SEARCH_ORDER = class java.util.Collections$UnmodifiableRandomAccessList@564fec22
      CLASS_LOADING_TRACE_PREFIX = "com.ibm.ws.class.load."
      DEFAULT_PACKAGE = "default.package"
      perPackageClassLoadingTraceComponents = class java.util.concurrent.ConcurrentHashMap@676c216f
      config = class com.ibm.ws.classloading.internal.ClassLoaderConfigurationImpl@8bca17
      privateLibraries = null
      delegateLoaders = class com.ibm.ws.classloading.internal.util.CompositeIterable@e15797f
      nativeLibraryFiles = class java.util.ArrayList@2712ba63
      transformers = class java.util.ArrayList@217390b7
      apiAccess = class com.ibm.ws.classloading.internal.GatewayClassLoader@d9d8eae
      generator = class com.ibm.ws.classloading.internal.ClassGeneratorManager@7ff62dfc
      protectionDomains = class java.util.concurrent.ConcurrentHashMap@5a0d6dfc
      parent = class com.ibm.ws.classloading.internal.GatewayClassLoader@d9d8eae
      serialVersionUID = -1542993300419972783
      tc = class com.ibm.websphere.ras.TraceComponent@2c5f6321
      smartClassPath = class com.ibm.ws.classloading.internal.ContainerClassLoader$SmartClassPathImpl@1be2986b
      nativeLibraryContainers = class java.util.ArrayList@2a316466
      redefiner = class com.ibm.ws.classloading.internal.util.ClassRedefiner@327cc1a9
      hook = null
      mapCreationQueue = class java.util.concurrent.Executors$FinalizableDelegatedExecutorService@4985732c
      serialVersionUID = -5001410721240711
      serialVersionUID = -7411549862368381758
      $$$tc$$$ = class com.ibm.websphere.ras.TraceComponent@379d30d5
      serialVersionUID = -4868702105808481416
      $$$tc$$$ = class com.ibm.websphere.ras.TraceComponent@1256e27e
      serialVersionUID = 2596921220292114344
      $$$tc$$$ = class com.ibm.websphere.ras.TraceComponent@753ce692
      initialized = true
      pdcache = class java.util.concurrent.ConcurrentHashMap@462b9bb7
      parent = class com.ibm.ws.classloading.internal.GatewayClassLoader@d9d8eae
      name = null
      unnamedModule = class java.lang.Module@6798c540
      nameAndId = "com.ibm.ws.classloading.internal.AppClassLoader @5471ec3c"
      parallelLockMap = null
      package2certs = class java.util.Hashtable@333d3193
      nocerts = class java.security.cert.Certificate[0]
      classes = class java.util.Vector@514328cb
      defaultDomain = class java.security.ProtectionDomain@4b2fe777
      packages = class java.util.concurrent.ConcurrentHashMap@6a3c9997
      scl = class jdk.internal.loader.ClassLoaders$AppClassLoader@512ddf17
      usr_paths = class java.lang.String[6]
      sys_paths = class java.lang.String[1]
      loadedLibraryNames = class java.util.HashSet@38befab3
      systemNativeLibraries = class java.util.concurrent.ConcurrentHashMap@63448c59
      nativeLibraries = null
      assertionLock = class com.ibm.ws.classloading.internal.AppClassLoader@5471ec3c
      defaultAssertionStatus = false
      packageAssertionStatus = null
      classAssertionStatus = null
      classLoaderValueMap = null
      $assertionsDisabled = true
    webAppConfig = class com.ibm.ws.webcontainer.osgi.webapp.WebAppConfiguration@10e06955
      webModuleMetaData = class com.ibm.ws.webcontainer.osgi.metadata.WebModuleMetaDataImpl@55b89026
      webComponentMetaData = class com.ibm.ws.webcontainer.osgi.metadata.WebComponentMetaDataImpl@9b65b09
      dVirtualHost = class com.ibm.ws.webcontainer.osgi.DynamicVirtualHost@33ad9793
      orderedLibPaths = class java.util.Collections$UnmodifiableRandomAccessList@506780cc
      bundleHeaders = null
      cdiEnabled = true
      CLASS_NAME = "com.ibm.ws.webcontainer.webapp.WebAppConfiguration"
      logger = class com.ibm.ws.logging.internal.WsLogger@38cc9736
      tc = class com.ibm.websphere.ras.TraceComponent@2f77f2ba
      nls = class com.ibm.ejs.ras.TraceNLS@5ff96f0e
      version = 30
      contextRoot = "/RegistrationAppWeb"
      isDefaultContextRootUsed = true
      sessionTimeout = 0
      moduleSessionTimeoutSet = false
      moduleSessionTrackingModeSet = false
      sessionCookieConfig = class com.ibm.ws.session.SessionCookieConfigImpl@696f9f01
      hasProgrammaticCookieConfig = false
      sessionDefaultTrackingModeSet = class java.util.RegularEnumSet@633d8656
      sessionManagerConfig = class com.ibm.ws.session.SessionManagerConfig@6e7a0cfd
      displayName = "RegistrationAppWeb"
      description = null
      reloadInterval = 0
      distributable = false
      denyUncoveredHttpMethods = false
      reloadingEnabled = false
      serveServletsByClassnameEnabled = false
      defaultErrorPage = null
      additionalClassPath = null
      fileServingEnabled = null
      directoryBrowsingEnabled = false
      autoRequestEncoding = false
      autoResponseEncoding = false
      autoLoadFilters = false
      requestListeners = null
      requestAttributeListeners = null
      sessionListeners = null
      localeMap = null
      moduleName = "RegistrationAppWeb"
      j2eeModuleName = "RegistrationAppWeb.war"
      moduleId = null
      isSyncToThreadEnabled = false
      encodeDispatchedRequestURI = false
      isSystemApp = false
      ardEnabled = false
      ardDispatchType = null
      listeners = class java.util.ArrayList@204babfe
      welcomeFileList = class java.util.ArrayList@34de21e6
      servletMappings = class java.util.HashMap@21dc37eb
      lastIndexBeforeDeclaredFilters = 1
      filterMappings = class java.util.ArrayList@2edc0ab0
      servletInfo = class java.util.concurrent.ConcurrentHashMap@533540ce
      filterInfo = class java.util.HashMap@16a19a5f
      mimeMappings = class java.util.HashMap@5602840f
      mimeFilters = null
      isMimeFilteringEnabled = false
      theWebGroup = null
      jspAttributes = class java.util.HashMap@18458df5
      fileServingAttributes = class java.util.HashMap@610f9d03
      invokerAttributes = class java.util.HashMap@7be6901f
      contextParams = class java.util.HashMap@39864190
      virtualHost = "default_host"
      exceptionErrorPages = class java.util.HashMap@d184970
      codeErrorPages = class java.util.HashMap@10623a55
      tagLibList = null
      precompileJsps = false
      webApp = class com.ibm.ws.webcontainer40.osgi.webapp.WebApp40@6e4fc07f
      virtualHostList = class java.util.Collections$EmptyList@5f4b362e
      appStartupWeight = 0
      moduleStartupWeight = 0
      metaDataComplete = false
      classesToScan = class java.util.ArrayList@54ca7696
      uriFilterMappingInfos = class java.util.ArrayList@1bd6e6b6
      servletFilterMappingInfos = null
      dynamicServletRegistrationMap = null
      applicationName = "RegistrationAppWeb"
      libBinPathList = class java.util.ArrayList@1a67c70b
      webXmlDefinedListeners = class java.util.HashSet@1c9b782f
      allRefs = class java.util.EnumMap@1be2c3ec
      allRefBindings = class java.util.EnumMap@37ad7570
      envEntryValues = class java.util.HashMap@13d6a311
      resourceRefConfigList = null
      disallowAllFileServingProp = "false"
      disallowServeServletsByClassnameProp = "true"
      disableStaticMappingCache = false
      jspCachedLocations = class java.util.HashMap@544beb44
      primedSTSHeader = "NoValue"
      enablemultireadofpostdata = false
      requestEncoding = null
      responseEncoding = null
      NULLSERVLETNAME = "com.ibm.ws.webcontainer.NullServletName"
      _id = "WebAppGeneratedId1"
      _attributes = null
      serialVersionUID = 7511545662945734886
      $$$tc$$$ = class com.ibm.websphere.ras.TraceComponent@31b4cd6e
    extensionProcessingDisabled = false
    managedObjectService = class com.ibm.ws.cdi.impl.managedobject.CDIManagedObjectService@68d53417
      cdiServiceRef = class com.ibm.wsspi.kernel.service.utils.AtomicServiceReference@23871b1a
      defaultMOSRef = class com.ibm.wsspi.kernel.service.utils.AtomicServiceReference@4d75914e
      cdiRuntime = class com.ibm.ws.cdi.liberty.CDIRuntimeImpl@7e375504
      serialVersionUID = 6431825704414919683
      $$$tc$$$ = class com.ibm.websphere.ras.TraceComponent@45aa8e5e
    GenPluginCfgMB = null
    internalServletMetaData = interface com.ibm.wsspi.webcontainer.metadata.WebComponentMetaData[2]
      WebComponentMetaData[0] = null
      WebComponentMetaData[1] = null
    loginProcessor = null
    logoutProcessor = null
    collabHelper = class com.ibm.ws.webcontainer.osgi.collaborator.CollaboratorHelperImpl@190b6bfb
      webAppInvCollabs = class java.util.Collections$UnmodifiableSet@7ca17c33
      securityDomainForApp = null
      logger = class com.ibm.ws.logging.internal.WsLogger@339d0d3d
      staticDefaultSecurityCollaborator = class com.ibm.ws.webcontainer.collaborator.WebAppSecurityCollaborator@2e9ef993
      logger = class com.ibm.ws.logging.internal.WsLogger@5d95dec3
      CLASS_NAME = "com.ibm.wsspi.webcontainer.collaborator.CollaboratorHelper"
      webApp = class com.ibm.ws.webcontainer40.osgi.webapp.WebApp40@6e4fc07f
      securityCollaborator = class com.ibm.ws.webcontainer.security.WebAppSecurityCollaboratorImpl@2aa271a6
      nameSpaceCollaborator = class com.ibm.ws.webcontainer.osgi.collaborator.WebAppNameSpaceCollaboratorImpl@4be542b9
      transactionCollaborator = class com.ibm.ws.transaction.services.WebAppTransactionCollaboratorImpl@7a718285
      connectionCollaborator = class com.ibm.ws.webcontainer.collaborator.ConnectionCollaborator@235c84ed
      allCollabEnum = class java.util.RegularEnumSet@718d652a
      servlet_23_or_greater = true
      DEFER_SERVLET_REQUEST_LISTENER_DESTROY_ON_ERROR = false
    envObject = class com.ibm.ws.util.WSThreadLocal@370151c7
      tc = class com.ibm.ejs.ras.TraceComponent@650df798
      count = 9
      index = 4
      SUSPECTED_MISUSAGE_THRESHOLD = 200
      threadLocalHashCode = -224065163
      nextHashCode = class java.util.concurrent.atomic.AtomicInteger@30d79cea
      HASH_INCREMENT = 1640531527
    orderedLibPaths = class java.util.Collections$UnmodifiableRandomAccessList@506780cc
      serialVersionUID = -2542308836966382001
      serialVersionUID = -283967356065247728
      list = class java.util.ArrayList@41396c26
      serialVersionUID = 1820017752578914078
      c = class java.util.ArrayList@41396c26
    perm = class com.ibm.websphere.security.WebSphereRuntimePermission@51f98ea3
      serialVersionUID = -3306242789188168337
      $$$tc$$$ = class com.ibm.websphere.ras.TraceComponent@1902846d
      serialVersionUID = 6279438298436773498
      wildcard = false
      path = "accessServletContext"
      exitVM = false
      serialVersionUID = -5636570222231596674
      name = "accessServletContext"
    WELCOME_FILE_LIST = "com.ibm.ws.webcontainer.config.WelcomeFileList"
    DIR_BROWSING_MAPPING = "__dirBrowsing__1545165803355"
    FILTER_PROXY_MAPPING = "/__filterProxy__1545165803355"
    logger = class com.ibm.ws.logging.internal.WsLogger@38cc9736
      tc = class com.ibm.websphere.ras.TraceComponent@2901364e
      ivCachedResourceBundleName = null
      ivCachedResourceBundle = null
      ivComponent = null
      ivOrganization = null
      ivProduct = null
      ivMinimumLocalizationLevelIntValue = 625
      ivTC = class com.ibm.websphere.ras.TraceComponent@3fc3a6cf
      loggerRegistrationComponent = class java.lang.ThreadLocal@1f57a104
      emptyHandlers = class java.util.logging.Handler[0]
      offValue = 2147483647
      SYSTEM_LOGGER_RB_NAME = "sun.util.logging.resources.logging"
      SYSTEM_BUNDLE = class java.util.logging.Logger$LoggerBundle@2e888a0a
      NO_RESOURCE_BUNDLE = class java.util.logging.Logger$LoggerBundle@c75415e
      config = class java.util.logging.Logger$ConfigurationData@36055234
      manager = class com.ibm.ws.kernel.boot.logging.WsLogManager@5453525c
      name = "com.ibm.ws.webcontainer.webapp"
      loggerBundle = class java.util.logging.Logger$LoggerBundle@1e69889c
      anonymous = false
      catalog = class com.ibm.ws.webcontainer.resources.Messages@62dba9b2
      catalogName = "com.ibm.ws.webcontainer.resources.Messages"
      catalogLocale = class java.util.Locale@14a8038e
      treeLock = class java.lang.Object@5aa772f5
      parent = class com.ibm.ws.logging.internal.WsLogger@6ea2b2cd
      kids = null
      callerModuleRef = class java.lang.ref.WeakReference@3fbcae7
      isSystemLogger = false
      GLOBAL_LOGGER_NAME = "global"
      global = class java.util.logging.Logger@7ee92d9
    CLASS_NAME = "com.ibm.ws.webcontainer.webapp.WebApp"
    loader = class com.ibm.ws.classloading.internal.ThreadContextClassLoader@74fd11cf
      tc = class com.ibm.websphere.ras.TraceComponent@24fb4748
      bundle = class java.util.concurrent.atomic.AtomicReference@1f25c7c8
      key = "WebModule:RegistrationAppWeb#RegistrationAppWeb.war"
      refCount = class java.util.concurrent.atomic.AtomicInteger@74f2789d
      appLoader = class com.ibm.ws.classloading.internal.AppClassLoader@5471ec3c
      clSvc = class com.ibm.ws.classloading.internal.ClassLoadingServiceImpl@415e71cc
      serialVersionUID = 846416563800781557
      followOnClassLoaders = class java.util.ArrayList@7b2b2411
      serialVersionUID = -5107316606107305512
      $$$tc$$$ = class com.ibm.websphere.ras.TraceComponent@43e03bc0
      serialVersionUID = -4868702105808481416
      $$$tc$$$ = class com.ibm.websphere.ras.TraceComponent@1256e27e
      serialVersionUID = 2596921220292114344
      $$$tc$$$ = class com.ibm.websphere.ras.TraceComponent@753ce692
      initialized = true
      pdcache = class java.util.concurrent.ConcurrentHashMap@4a01a73b
      parent = class com.ibm.ws.classloading.internal.GatewayClassLoader@7ea97ed0
      name = null
      unnamedModule = class java.lang.Module@9e30075
      nameAndId = "com.ibm.ws.classloading.internal.ThreadContextClassLoader @74fd11cf"
      parallelLockMap = null
      package2certs = class java.util.Hashtable@2d501876
      nocerts = class java.security.cert.Certificate[0]
      classes = class java.util.Vector@1fb2cc01
      defaultDomain = class java.security.ProtectionDomain@3d1b784a
      packages = class java.util.concurrent.ConcurrentHashMap@7ae438ad
      scl = class jdk.internal.loader.ClassLoaders$AppClassLoader@512ddf17
      usr_paths = class java.lang.String[6]
      sys_paths = class java.lang.String[1]
      loadedLibraryNames = class java.util.HashSet@38befab3
      systemNativeLibraries = class java.util.concurrent.ConcurrentHashMap@63448c59
      nativeLibraries = null
      assertionLock = class com.ibm.ws.classloading.internal.ThreadContextClassLoader@74fd11cf
      defaultAssertionStatus = false
      packageAssertionStatus = null
      classAssertionStatus = null
      classLoaderValueMap = class java.util.concurrent.ConcurrentHashMap@64f84f7a
      $assertionsDisabled = true
    facade = class com.ibm.ws.webcontainer40.facade.ServletContextFacade40@a58de32
      context = class com.ibm.ws.webcontainer40.osgi.webapp.WebApp40@6e4fc07f
    features = class java.util.ArrayList@57e7681
      serialVersionUID = 8683452581122892189
      DEFAULT_CAPACITY = 10
      EMPTY_ELEMENTDATA = class java.lang.Object[0]
      DEFAULTCAPACITY_EMPTY_ELEMENTDATA = class java.lang.Object[0]
      elementData = class java.lang.Object[0]
      size = 0
      MAX_ARRAY_SIZE = 2147483639
      modCount = 0
      MAX_ARRAY_SIZE = 2147483639
    applicationName = "RegistrationAppWeb"
    config = class com.ibm.ws.webcontainer.osgi.webapp.WebAppConfiguration@10e06955
    securityEnabledForApp = true
    webExtensionProcessor = class com.ibm.ws.webcontainer.osgi.extension.WebExtensionProcessor@6973f702
      webApp = class com.ibm.ws.webcontainer40.osgi.webapp.WebApp40@6e4fc07f
      extensionContext = class com.ibm.ws.webcontainer40.osgi.webapp.WebApp40@6e4fc07f
    production = true
    isServlet23 = true
    contextPath = "/RegistrationAppWeb"
    internalServletList = class [Ljava.lang.String;[2]
      String[][0] = class java.lang.String[2]
      String[][1] = class java.lang.String[2]
    BY_NAME_ONLY = "/_1545165803356_/"
    filterManager = class com.ibm.ws.webcontainer.osgi.filter.WebAppFilterManagerImpl@28cbbc94
      _filterWrappers = class java.util.Hashtable@78cf9ff1
      chainCache = class java.util.Collections$SynchronizedMap@1970a552
      forwardChainCache = class java.util.Collections$SynchronizedMap@13bb08bc
      includeChainCache = class java.util.Collections$SynchronizedMap@4c9b5cee
      errorChainCache = class java.util.Collections$SynchronizedMap@48af629b
      _filtersDefined = true
      FMI_MAPPING_SINGLE_SLASH = 0
      FMI_MAPPING_PATH_MATCH = 1
      FMI_MAPPING_EXTENSION_MATCH = 2
      FMI_MAPPING_EXACT_MATCH = 3
      logger = class com.ibm.ws.logging.internal.WsLogger@546914e9
      CLASS_NAME = "com.ibm.ws.webcontainer.filter.WebAppFilterManager"
      nls = class com.ibm.ejs.ras.TraceNLS@1fdc0830
      webAppConfig = class com.ibm.ws.webcontainer.osgi.webapp.WebAppConfiguration@10e06955
      webApp = class com.ibm.ws.webcontainer40.osgi.webapp.WebApp40@6e4fc07f
      collabHelper = class com.ibm.ws.webcontainer.osgi.collaborator.CollaboratorHelperImpl@190b6bfb
      webAppNameSpaceCollab = class com.ibm.ws.webcontainer.osgi.collaborator.WebAppNameSpaceCollaboratorImpl@4be542b9
      secCollab = class com.ibm.ws.webcontainer.security.WebAppSecurityCollaboratorImpl@2aa271a6
      sessionSecurityIntegrationEnabled = true
      assumeFilterSuccessOnSecurityError = false
      useOriginalRequestState = false
      _evtSource = class com.ibm.ws.webcontainer.webapp.WebAppEventSource@31c01cbc
      defaultComponentMetaData = class com.ibm.ws.webcontainer.osgi.metadata.WebComponentMetaDataImpl@9b65b09
      DEFER_SERVLET_REQUEST_LISTENER_DESTROY_ON_ERROR = false
    documentRoot = null
    SERVLET_API_VERSION = "Servlet 2.5"
    disableServletAuditLogging = -1
    serverInfo = "IBM WebSphere Liberty/18.0.0.4"
    sessionCtx = class com.ibm.ws.webcontainer31.session.impl.HttpSessionContext31Impl@28ca3a49
      methodClassName = "HttpSessionContextImpl"
      _smc = class com.ibm.ws.session.SessionManagerConfig@6e7a0cfd
      sessionStoreService = null
      _sap = class com.ibm.ws.session.SessionApplicationParameters@6e6936cc
      _coreHttpSessionManager = class com.ibm.ws.session.SessionManager@273dad6
      _coreHttpAppSessionManager = null
      _sam = class com.ibm.ws.webcontainer.session.impl.SessionAffinityManagerImpl@1b49194e
      isSIPApplication = false
      sessionAttributeListener = true
      sessionListener = true
      mHttpSessionAttributeListeners = class java.util.ArrayList@25eaf33e
      mHttpSessionListeners = class java.util.ArrayList@2927e19
      mHttpSessionIdListeners = class java.util.ArrayList@1eaba1f7
      mHttpSessionAttributeListenersJ2eeNames = class java.util.ArrayList@4dfb4805
      mHttpSessionListenersJ2eeNames = class java.util.ArrayList@3ffa2187
      mHttpSessionIdListenersJ2eeNames = class java.util.ArrayList@2e89e2d7
      mLocalHost = null
      _refCount = 1
      currentThreadSacHashtable = null
      methodClassName = "SessionContext"
      ANONYMOUS_USER = "anonymous"
      wasHttpSessionObserver = class com.ibm.ws.session.WasHttpSessionObserver@6d6e4ae8
      wasHttpSessionAttributeObserver = null
      _invalidator = class com.ibm.ws.session.SessionInvalidatorWithThreadPool@7ac28c20
      _storer = class com.ibm.ws.session.EOSSessionStorer@145a7ce6
      wasHttpAppSessionObserver = null
      mHttpAppSessionListeners = null
      cmvcInfo = "CMVC Version 1.9 6/24/07 11:12:24"
      _loggedVersion = true
      CREATE_CORE_SESSION_MANAGER = 0
      GET_REQUESTED_SESSION_ID = 1
      GET_IHTTP_SESSION = 2
      SESSION_PRE_INVOKE = 3
      SESSION_POST_INVOKE = 4
      STOP = 5
      STOP_LISTENERS = 6
      IS_VALID = 7
      ENCODE_URL = 8
      SHOULD_ENCODE_URL = 9
      IS_PROTOCOL_SWITCH = 10
      GET_LOCAL_HOST = 11
      ADD_HTTP_SESSION_ATTRIBUTE_LISTENER = 12
      ADD_HTTP_SESSION_LISTENER = 13
      GET_SESSION_AFFINITY_CONTEXT = 14
      CHECK_SECURITY = 15
      INVALIDATE = 16
      CHECK_SESSSIONID_IS_RIGHT_LENGTH = 17
      LOCK_SESSION = 18
      UNLOCK_SESSION = 19
      ADD_HTTP_SESSION_ID_LISTENER = 20
      methodNames = class java.lang.String[21]
    eventSource = class com.ibm.ws.webcontainer.webapp.WebAppEventSource@31c01cbc
      _invocationListeners = class com.ibm.ws.webcontainer.util.EventListeners@12bd3ec8
      _servletListeners = class com.ibm.ws.webcontainer.util.EventListeners@9117109
      _errorListeners = class com.ibm.ws.webcontainer.util.EventListeners@3e4e2439
      _applicationListeners = class com.ibm.ws.webcontainer.util.EventListeners@4b87c388
      _filterInvocationListeners = class com.ibm.ws.webcontainer.util.EventListeners@30b7ff4e
      _filterListeners = class com.ibm.ws.webcontainer.util.EventListeners@32ac5968
      _filterErrorListeners = class com.ibm.ws.webcontainer.util.EventListeners@7d8ccce8
    nls = class com.ibm.ejs.ras.TraceNLS@4b4bf561
      resolver = class com.ibm.ws.logging.internal.TraceNLSResolver@593da62e
      finder = class com.ibm.ws.logging.internal.StackFinder@57640bbf
      ivBundleName = "com.ibm.ws.webcontainer.resources.Messages"
      caller = class java.lang.Class@4d597815
    liberty_nls = class com.ibm.ejs.ras.TraceNLS@3e11cf80
      resolver = class com.ibm.ws.logging.internal.TraceNLSResolver@593da62e
      finder = class com.ibm.ws.logging.internal.StackFinder@57640bbf
      ivBundleName = "com.ibm.ws.webcontainer.resources.LShimMessages"
      caller = class java.lang.Class@4d597815
    error_nls = class com.ibm.ejs.ras.TraceNLS@58ebc9ad
      resolver = class com.ibm.ws.logging.internal.TraceNLSResolver@593da62e
      finder = class com.ibm.ws.logging.internal.StackFinder@57640bbf
      ivBundleName = "com.ibm.ws.webcontainer.resources.ErrorPage"
      caller = class java.lang.Class@4d597815
    sessionListeners = class java.util.ArrayList@218aa88b
      serialVersionUID = 8683452581122892189
      DEFAULT_CAPACITY = 10
      EMPTY_ELEMENTDATA = class java.lang.Object[0]
      DEFAULTCAPACITY_EMPTY_ELEMENTDATA = class java.lang.Object[0]
      elementData = class java.lang.Object[10]
      size = 4
      MAX_ARRAY_SIZE = 2147483639
      modCount = 5
      MAX_ARRAY_SIZE = 2147483639
    sessionIdListeners = class java.util.ArrayList@357eb126
      serialVersionUID = 8683452581122892189
      DEFAULT_CAPACITY = 10
      EMPTY_ELEMENTDATA = class java.lang.Object[0]
      DEFAULTCAPACITY_EMPTY_ELEMENTDATA = class java.lang.Object[0]
      elementData = class java.lang.Object[0]
      size = 0
      MAX_ARRAY_SIZE = 2147483639
      modCount = 0
      MAX_ARRAY_SIZE = 2147483639
    sessionAttrListeners = class java.util.ArrayList@5a315c6
      serialVersionUID = 8683452581122892189
      DEFAULT_CAPACITY = 10
      EMPTY_ELEMENTDATA = class java.lang.Object[0]
      DEFAULTCAPACITY_EMPTY_ELEMENTDATA = class java.lang.Object[0]
      elementData = class java.lang.Object[10]
      size = 1
      MAX_ARRAY_SIZE = 2147483639
      modCount = 2
      MAX_ARRAY_SIZE = 2147483639
    addedSessionListeners = class java.util.ArrayList@303027e
      serialVersionUID = 8683452581122892189
      DEFAULT_CAPACITY = 10
      EMPTY_ELEMENTDATA = class java.lang.Object[0]
      DEFAULTCAPACITY_EMPTY_ELEMENTDATA = class java.lang.Object[0]
      elementData = class java.lang.Object[0]
      size = 0
      MAX_ARRAY_SIZE = 2147483639
      modCount = 0
      MAX_ARRAY_SIZE = 2147483639
    addedSessionAttrListeners = class java.util.ArrayList@77b92c65
      serialVersionUID = 8683452581122892189
      DEFAULT_CAPACITY = 10
      EMPTY_ELEMENTDATA = class java.lang.Object[0]
      DEFAULTCAPACITY_EMPTY_ELEMENTDATA = class java.lang.Object[0]
      elementData = class java.lang.Object[0]
      size = 0
      MAX_ARRAY_SIZE = 2147483639
      modCount = 0
      MAX_ARRAY_SIZE = 2147483639
    servletContextListeners = class java.util.ArrayList@378e4435
      serialVersionUID = 8683452581122892189
      DEFAULT_CAPACITY = 10
      EMPTY_ELEMENTDATA = class java.lang.Object[0]
      DEFAULTCAPACITY_EMPTY_ELEMENTDATA = class java.lang.Object[0]
      elementData = class java.lang.Object[10]
      size = 6
      MAX_ARRAY_SIZE = 2147483639
      modCount = 7
      MAX_ARRAY_SIZE = 2147483639
    servletContextLAttrListeners = class java.util.ArrayList@2a1e6a27
      serialVersionUID = 8683452581122892189
      DEFAULT_CAPACITY = 10
      EMPTY_ELEMENTDATA = class java.lang.Object[0]
      DEFAULTCAPACITY_EMPTY_ELEMENTDATA = class java.lang.Object[0]
      elementData = class java.lang.Object[10]
      size = 1
      MAX_ARRAY_SIZE = 2147483639
      modCount = 2
      MAX_ARRAY_SIZE = 2147483639
    servletRequestListeners = class java.util.ArrayList@31959de8
      serialVersionUID = 8683452581122892189
      DEFAULT_CAPACITY = 10
      EMPTY_ELEMENTDATA = class java.lang.Object[0]
      DEFAULTCAPACITY_EMPTY_ELEMENTDATA = class java.lang.Object[0]
      elementData = class java.lang.Object[10]
      size = 3
      MAX_ARRAY_SIZE = 2147483639
      modCount = 4
      MAX_ARRAY_SIZE = 2147483639
    servletRequestLAttrListeners = class java.util.ArrayList@f7145bb
      serialVersionUID = 8683452581122892189
      DEFAULT_CAPACITY = 10
      EMPTY_ELEMENTDATA = class java.lang.Object[0]
      DEFAULTCAPACITY_EMPTY_ELEMENTDATA = class java.lang.Object[0]
      elementData = class java.lang.Object[10]
      size = 1
      MAX_ARRAY_SIZE = 2147483639
      modCount = 2
      MAX_ARRAY_SIZE = 2147483639
    prependSlashToResource = false
    destroyed = false
    webAppNameSpaceCollab = class com.ibm.ws.webcontainer.osgi.collaborator.WebAppNameSpaceCollaboratorImpl@4be542b9
      cmdai = class com.ibm.ws.threadContext.ComponentMetaDataAccessorImpl@862cb52
    txCollab = class com.ibm.ws.transaction.services.WebAppTransactionCollaboratorImpl@7a718285
      tc = class com.ibm.websphere.ras.TraceComponent@77e3388f
      ltCurrentRef = class com.ibm.wsspi.kernel.service.utils.AtomicServiceReference@3e12207d
      tranMgrRef = class com.ibm.wsspi.kernel.service.utils.AtomicServiceReference@601dc947
      userTranRef = class com.ibm.wsspi.kernel.service.utils.AtomicServiceReference@6c185ed3
      uowCallbackRef = class com.ibm.wsspi.kernel.service.utils.AtomicServiceReference@7683614b
      serialVersionUID = -8319003162899973281
    sessionActivationListeners = class java.util.ArrayList@4a9b078c
      serialVersionUID = 8683452581122892189
      DEFAULT_CAPACITY = 10
      EMPTY_ELEMENTDATA = class java.lang.Object[0]
      DEFAULTCAPACITY_EMPTY_ELEMENTDATA = class java.lang.Object[0]
      elementData = class java.lang.Object[0]
      size = 0
      MAX_ARRAY_SIZE = 2147483639
      modCount = 1
      MAX_ARRAY_SIZE = 2147483639
    sessionBindingListeners = class java.util.ArrayList@138d13aa
      serialVersionUID = 8683452581122892189
      DEFAULT_CAPACITY = 10
      EMPTY_ELEMENTDATA = class java.lang.Object[0]
      DEFAULTCAPACITY_EMPTY_ELEMENTDATA = class java.lang.Object[0]
      elementData = class java.lang.Object[0]
      size = 0
      MAX_ARRAY_SIZE = 2147483639
      modCount = 1
      MAX_ARRAY_SIZE = 2147483639
    scratchdir = null
    jspClassLoaderLimit = 0
    jspClassLoaderExclusionList = null
    jspClassLoadersMap = null
    jspClassLoaderLimitTrackIF = false
    defaultExtProc = null
    directoryBrowsingServlet = null
    cdiContexts = class java.util.concurrent.ConcurrentHashMap@e6ab6ee
      serialVersionUID = 7249069246763182397
      MAXIMUM_CAPACITY = 1073741824
      DEFAULT_CAPACITY = 16
      MAX_ARRAY_SIZE = 2147483639
      DEFAULT_CONCURRENCY_LEVEL = 16
      LOAD_FACTOR = 0.75
      TREEIFY_THRESHOLD = 8
      UNTREEIFY_THRESHOLD = 6
      MIN_TREEIFY_CAPACITY = 64
      MIN_TRANSFER_STRIDE = 16
      RESIZE_STAMP_BITS = 16
      MAX_RESIZERS = 65535
      RESIZE_STAMP_SHIFT = 16
      MOVED = -1
      TREEBIN = -2
      RESERVED = -3
      HASH_BITS = 2147483647
      NCPU = 12
      serialPersistentFields = class java.io.ObjectStreamField[3]
      table = null
      nextTable = null
      baseCount = 0
      sizeCtl = 0
      transferIndex = 0
      cellsBusy = 0
      counterCells = null
      keySet = null
      values = null
      entrySet = null
      U = class jdk.internal.misc.Unsafe@7d094c2e
      SIZECTL = 20
      TRANSFERINDEX = 32
      BASECOUNT = 24
      CELLSBUSY = 36
      CELLVALUE = 144
      ABASE = 16
      ASHIFT = 2
      keySet = null
      values = null
    moduleConfig = class com.ibm.ws.webcontainer.osgi.container.DeployedModule@bb36605
      tc = class com.ibm.websphere.ras.TraceComponent@452e85c2
      loader = class com.ibm.ws.classloading.internal.ThreadContextClassLoader@74fd11cf
      webApp = class com.ibm.ws.webcontainer40.osgi.webapp.WebApp40@6e4fc07f
      webAppConfig = class com.ibm.ws.webcontainer.osgi.webapp.WebAppConfiguration@10e06955
      contextRootAdded = null
      properContextRoot = "/RegistrationAppWeb"
      mappingContextRoot = "/RegistrationAppWeb/*"
      serialVersionUID = -2104814060051592457
      $$$tc$$$ = class com.ibm.websphere.ras.TraceComponent@15abc7d5
    extensionFactories = class java.util.ArrayList@1986a798
      serialVersionUID = 8683452581122892189
      DEFAULT_CAPACITY = 10
      EMPTY_ELEMENTDATA = class java.lang.Object[0]
      DEFAULTCAPACITY_EMPTY_ELEMENTDATA = class java.lang.Object[0]
      elementData = class java.lang.Object[10]
      size = 6
      MAX_ARRAY_SIZE = 2147483639
      modCount = 12
      MAX_ARRAY_SIZE = 2147483639
    initialized = true
    lock = class com.ibm.ws.webcontainer.webapp.WebApp$1@62ede741
      this$0 = class com.ibm.ws.webcontainer40.osgi.webapp.WebApp40@6e4fc07f
    afterServletContextCreated = false
    redirectContextRoot = false
    errorExceptionTypeFirst = false
    initFilterBeforeServletInit = false
    sortedServletConfigs = class java.util.ArrayList@39ebe034
      serialVersionUID = 8683452581122892189
      DEFAULT_CAPACITY = 10
      EMPTY_ELEMENTDATA = class java.lang.Object[0]
      DEFAULTCAPACITY_EMPTY_ELEMENTDATA = class java.lang.Object[0]
      elementData = class java.lang.Object[10]
      size = 1
      MAX_ARRAY_SIZE = 2147483639
      modCount = 1
      MAX_ARRAY_SIZE = 2147483639
    effectiveMajorVersion = 3
    effectiveMinorVersion = 0
    canAddServletContextListener = true
    withinContextInitOfProgAddListener = false
    lastProgAddListenerInitialized = "com.ibm.ws.cache.CacheServiceImpl"
    webInfLibClassloader = null
    metaInfCache = class com.ibm.ws.webcontainer.webapp.WebApp$2@29f82a42
      this$0 = class com.ibm.ws.webcontainer40.osgi.webapp.WebApp40@6e4fc07f
      serialVersionUID = 3801124242820219131
      head = null
      tail = null
      accessOrder = true
      serialVersionUID = 362498820763181265
      DEFAULT_INITIAL_CAPACITY = 16
      MAXIMUM_CAPACITY = 1073741824
      DEFAULT_LOAD_FACTOR = 0.75
      TREEIFY_THRESHOLD = 8
      UNTREEIFY_THRESHOLD = 6
      MIN_TREEIFY_CAPACITY = 64
      table = null
      entrySet = null
      size = 0
      modCount = 0
      threshold = 32
      loadFactor = 1.0
      keySet = null
      values = null
    useMetaInfCache = true
    SUN_CONFIGURE_LISTENER_CLASSNAME = "com.sun.faces.config.ConfigureListener"
    MYFACES_LIFECYCLE_LISTENER_CLASSNAME = "org.apache.myfaces.webapp.StartupServletContextListener"
    JSF_IMPL_ENABLED_PARAM = "com.ibm.ws.jsf.JSF_IMPL_ENABLED"
    JSF_IMPL_ENABLED_CUSTOM = "Custom"
    JSF_IMPL_ENABLED_NONE = "None"
    staticDocRoot = class com.ibm.ws.webcontainer.util.DocumentRootUtils@5eee282
      logger = class com.ibm.ws.logging.internal.WsLogger@3dfa58db
      CLASS_NAME = "com.ibm.ws.webcontainer.util.DocumentRootUtils"
      useContentLength = false
      matchedFile = null
      matchedZipFile = null
      matchedEntry = null
      matchedURL = null
      edrRoot = null
      pfedrRoot = null
      ctxt = class com.ibm.ws.webcontainer40.osgi.webapp.WebApp40@6e4fc07f
      baseDir = null
      edr = null
      pfedr = null
      metaInfRes = null
      searchpfEDR = false
      searchEDR = false
      searchMetaInfRes = true
      matchFromEDR = false
      matchFromMetaInfRes = false
      matchIsADirectory = false
      appConfig = class com.ibm.ws.webcontainer.osgi.webapp.WebAppConfiguration@10e06955
      attributeType = "staticFile"
      STATIC_FILE = "staticFile"
      JSP = "jsp"
      PFEDR = "preFragmentExtendedDocumentRoot"
      EDR = "extendedDocumentRoot"
    jspDocRoot = class com.ibm.ws.webcontainer.util.DocumentRootUtils@8b4da91
      logger = class com.ibm.ws.logging.internal.WsLogger@3dfa58db
      CLASS_NAME = "com.ibm.ws.webcontainer.util.DocumentRootUtils"
      useContentLength = false
      matchedFile = null
      matchedZipFile = null
      matchedEntry = null
      matchedURL = null
      edrRoot = null
      pfedrRoot = null
      ctxt = class com.ibm.ws.webcontainer40.osgi.webapp.WebApp40@6e4fc07f
      baseDir = null
      edr = null
      pfedr = null
      metaInfRes = null
      searchpfEDR = false
      searchEDR = false
      searchMetaInfRes = true
      matchFromEDR = false
      matchFromMetaInfRes = false
      matchIsADirectory = false
      appConfig = class com.ibm.ws.webcontainer.osgi.webapp.WebAppConfiguration@10e06955
      attributeType = "jsp"
      STATIC_FILE = "staticFile"
      JSP = "jsp"
      PFEDR = "preFragmentExtendedDocumentRoot"
      EDR = "extendedDocumentRoot"
    container = class com.ibm.ws.adaptable.module.internal.AdaptableContainerImpl@49e9ca9b
      root = class com.ibm.ws.adaptable.module.internal.AdaptableContainerImpl@49e9ca9b
      rootOverlay = class com.ibm.ws.artifact.overlay.internal.DirectoryBasedOverlayContainerImpl@67188844
      factoryHolder = class com.ibm.ws.adaptable.module.internal.AdaptableModuleFactoryImpl@3fb70bd4
      delegate = class com.ibm.ws.artifact.overlay.internal.DirectoryBasedOverlayContainerImpl@67188844
      notifier = class com.ibm.ws.adaptable.module.internal.NotifierImpl@15fa8cfb
      serialVersionUID = -5621513278641113667
      $$$tc$$$ = class com.ibm.websphere.ras.TraceComponent@263b8ef9
    metaInfResourceFinder = class com.ibm.ws.webcontainer.util.MetaInfResourceFinder@6e3861f3
      jarResourceContainers = class java.util.ArrayList@6845dee8
      container = class com.ibm.ws.adaptable.module.internal.AdaptableContainerImpl@49e9ca9b
    postConstructMethods = class com.ibm.ws.webcontainer.webapp.WebApp$AnnotatedMethods@6faec4c
      annotationClass = class java.lang.Class@1070df64
      noOpClassNames = class java.util.HashSet@59bbbf82
      annotatedMethodNames = class java.util.concurrent.ConcurrentHashMap@5614730
      EMPTY_METHODS = class java.lang.reflect.Method[0]
    preDestroyMethods = class com.ibm.ws.webcontainer.webapp.WebApp$AnnotatedMethods@7472f4e3
      annotationClass = class java.lang.Class@191d683c
      noOpClassNames = class java.util.HashSet@6a8296a6
      annotatedMethodNames = class java.util.concurrent.ConcurrentHashMap@4cfa45a
      EMPTY_METHODS = class java.lang.reflect.Method[0]
    OBJ_EMPTY = class java.lang.Object[0]
    CLASS_EMPTY = class java.lang.Class[0]
    DEFAULT_JSP_EXTENSIONS = class java.util.ArrayList@5a3cd8ae
      serialVersionUID = 8683452581122892189
      DEFAULT_CAPACITY = 10
      EMPTY_ELEMENTDATA = class java.lang.Object[0]
      DEFAULTCAPACITY_EMPTY_ELEMENTDATA = class java.lang.Object[0]
      elementData = class java.lang.Object[10]
      size = 4
      MAX_ARRAY_SIZE = 2147483639
      modCount = 4
      MAX_ARRAY_SIZE = 2147483639
    DEFER_SERVLET_REQUEST_LISTENER_DESTROY_ON_ERROR = false
    DO_ACCEPT_PARTIAL = true
    DO_NOT_ACCEPT_PARTIAL = false
    DO_ACCEPT_EXCLUDED = true
    DO_NOT_ACCEPT_EXCLUDED = false
    commands = class java.util.ArrayList@77260de3
      serialVersionUID = 8683452581122892189
      DEFAULT_CAPACITY = 10
      EMPTY_ELEMENTDATA = class java.lang.Object[0]
      DEFAULTCAPACITY_EMPTY_ELEMENTDATA = class java.lang.Object[0]
      elementData = class java.lang.Object[3]
      size = 0
      MAX_ARRAY_SIZE = 2147483639
      modCount = 0
      MAX_ARRAY_SIZE = 2147483639
    requestMapper = class com.ibm.wsspi.webcontainer.util.URIMapper@26ef07c7
      matcher = class com.ibm.wsspi.webcontainer40.util.URIMatcher40@67681e63
    parent = class com.ibm.ws.webcontainer.osgi.webapp.WebGroup@45592a15
      tc = class com.ibm.websphere.ras.TraceComponent@61ae7325
      logger = class com.ibm.ws.logging.internal.WsLogger@38cc9736
      CLASS_NAME = "com.ibm.ws.webcontainer.webapp.WebGroup"
      sessUrlRewritePrefix = ";jsessionid="
      qMark = "?"
      config = class com.ibm.ws.webcontainer.osgi.webapp.WebGroupConfiguration@73f85d51
      webApp = class com.ibm.ws.webcontainer40.osgi.webapp.WebApp40@6e4fc07f
      commands = class java.util.ArrayList@183ff7f2
      requestMapper = null
      parent = class com.ibm.ws.webcontainer.osgi.DynamicVirtualHost@33ad9793
      name = "/RegistrationAppWeb/*"
      isAlive = true
      subElements = class java.util.HashMap@7d8e73da
      attributes = null
      config = null
      serialVersionUID = -8271459000149267764
      $$$tc$$$ = class com.ibm.websphere.ras.TraceComponent@5e0a7512
    name = "RegistrationAppWeb"
    isAlive = true
    subElements = null
    attributes = class java.util.concurrent.ConcurrentHashMap@799c63b8
      serialVersionUID = 7249069246763182397
      MAXIMUM_CAPACITY = 1073741824
      DEFAULT_CAPACITY = 16
      MAX_ARRAY_SIZE = 2147483639
      DEFAULT_CONCURRENCY_LEVEL = 16
      LOAD_FACTOR = 0.75
      TREEIFY_THRESHOLD = 8
      UNTREEIFY_THRESHOLD = 6
      MIN_TREEIFY_CAPACITY = 64
      MIN_TRANSFER_STRIDE = 16
      RESIZE_STAMP_BITS = 16
      MAX_RESIZERS = 65535
      RESIZE_STAMP_SHIFT = 16
      MOVED = -1
      TREEBIN = -2
      RESERVED = -3
      HASH_BITS = 2147483647
      NCPU = 12
      serialPersistentFields = class java.io.ObjectStreamField[3]
      table = class java.util.concurrent.ConcurrentHashMap$Node[32]
      nextTable = null
      baseCount = 22
      sizeCtl = 24
      transferIndex = 0
      cellsBusy = 0
      counterCells = null
      keySet = null
      values = null
      entrySet = null
      U = class jdk.internal.misc.Unsafe@7d094c2e
      SIZECTL = 20
      TRANSFERINDEX = 32
      BASECOUNT = 24
      CELLSBUSY = 36
      CELLVALUE = 144
      ABASE = 16
      ASHIFT = 2
      keySet = null
      values = null
    config = null
    serialVersionUID = -8271459000149267764
    $$$tc$$$ = class com.ibm.websphere.ras.TraceComponent@5e0a7512
      strings[0] = "TraceComponent[com.ibm.ws.container.AbstractContainer,class com.ibm.ws.container.AbstractContainer,[],null,null]"

