------Start of DE processing------ = [18/12/18 22:39:10:111 CET]
Exception = com.ibm.wsspi.adaptable.module.UnableToAdaptException
Source = com.ibm.ws.app.manager.module.internal.ContextRootUtil
probeid = 43
Stack Dump = com.ibm.wsspi.adaptable.module.UnableToAdaptException: com.ibm.ws.javaee.ddmodel.DDParser$ParseException: CWWKC2272E: An error occurred while parsing the /WEB-INF/web.xml deployment descriptor on line 8. The error message was: ParseError at [row,col]:[8,174]
Message: http://www.w3.org/TR/1999/REC-xml-names-19990114#AttributePrefixUnbound?web-app&xsi:schemaLocation&xsi
	at com.ibm.ws.javaee.ddmodel.web.WebAppEntryAdapter.adapt(WebAppEntryAdapter.java:61)
	at com.ibm.ws.javaee.ddmodel.web.WebAppEntryAdapter.adapt(WebAppEntryAdapter.java:26)
	at com.ibm.ws.adaptable.module.internal.AdapterFactoryServiceImpl.adapt(AdapterFactoryServiceImpl.java:227)
	at com.ibm.ws.adaptable.module.internal.AdaptableEntryImpl.adapt(AdaptableEntryImpl.java:121)
	at com.ibm.ws.javaee.ddmodel.web.WebAppAdapter.adapt(WebAppAdapter.java:38)
	at com.ibm.ws.javaee.ddmodel.web.WebAppAdapter.adapt(WebAppAdapter.java:24)
	at com.ibm.ws.adaptable.module.internal.AdapterFactoryServiceImpl.adapt(AdapterFactoryServiceImpl.java:196)
	at com.ibm.ws.adaptable.module.internal.AdaptableContainerImpl.adapt(AdaptableContainerImpl.java:170)
	at com.ibm.ws.javaee.ddmodel.webext.WebExtAdapter.adapt(WebExtAdapter.java:50)
	at com.ibm.ws.javaee.ddmodel.webext.WebExtAdapter.adapt(WebExtAdapter.java:35)
	at com.ibm.ws.adaptable.module.internal.AdapterFactoryServiceImpl.adapt(AdapterFactoryServiceImpl.java:196)
	at com.ibm.ws.adaptable.module.internal.AdaptableContainerImpl.adapt(AdaptableContainerImpl.java:170)
	at com.ibm.ws.app.manager.module.internal.ContextRootUtil.getContextRoot(ContextRootUtil.java:38)
	at com.ibm.ws.app.manager.war.internal.WARDeployedAppInfo.<init>(WARDeployedAppInfo.java:62)
	at com.ibm.ws.app.manager.war.internal.WARDeployedAppInfoFactoryImpl.createDeployedAppInfo(WARDeployedAppInfoFactoryImpl.java:118)
	at com.ibm.ws.app.manager.war.internal.WARDeployedAppInfoFactoryImpl.createDeployedAppInfo(WARDeployedAppInfoFactoryImpl.java:33)
	at com.ibm.ws.app.manager.war.internal.WARApplicationHandlerImpl.setUpApplicationMonitoring(WARApplicationHandlerImpl.java:49)
	at com.ibm.ws.app.manager.internal.statemachine.StartAction.execute(StartAction.java:136)
	at com.ibm.ws.app.manager.internal.statemachine.ApplicationStateMachineImpl.enterState(ApplicationStateMachineImpl.java:1258)
	at com.ibm.ws.app.manager.internal.statemachine.ApplicationStateMachineImpl.run(ApplicationStateMachineImpl.java:873)
	at com.ibm.ws.threading.internal.ExecutorServiceImpl$RunnableWrapper.run(ExecutorServiceImpl.java:232)
	at java.base/java.util.concurrent.ThreadPoolExecutor.runWorker(ThreadPoolExecutor.java:1128)
	at java.base/java.util.concurrent.ThreadPoolExecutor$Worker.run(ThreadPoolExecutor.java:628)
	at java.base/java.lang.Thread.run(Thread.java:834)
Caused by: com.ibm.ws.javaee.ddmodel.DDParser$ParseException: CWWKC2272E: An error occurred while parsing the /WEB-INF/web.xml deployment descriptor on line 8. The error message was: ParseError at [row,col]:[8,174]
Message: http://www.w3.org/TR/1999/REC-xml-names-19990114#AttributePrefixUnbound?web-app&xsi:schemaLocation&xsi
	at com.ibm.ws.javaee.ddmodel.DDParser.parseToRootElement(DDParser.java:418)
	at com.ibm.ws.javaee.ddmodel.DDParser.parseRootElement(DDParser.java:572)
	at com.ibm.ws.javaee.ddmodel.web.WebAppDDParser.parse(WebAppDDParser.java:32)
	at com.ibm.ws.javaee.ddmodel.web.WebAppEntryAdapter.adapt(WebAppEntryAdapter.java:59)
	... 23 more
Caused by: javax.xml.stream.XMLStreamException: ParseError at [row,col]:[8,174]
Message: http://www.w3.org/TR/1999/REC-xml-names-19990114#AttributePrefixUnbound?web-app&xsi:schemaLocation&xsi
	at java.xml/com.sun.org.apache.xerces.internal.impl.XMLStreamReaderImpl.next(XMLStreamReaderImpl.java:652)
	at com.ibm.ws.javaee.ddmodel.DDParser.parseToRootElement(DDParser.java:415)
	... 26 more

Dump of callerThis
null
Dump of objectArray[0]
Object type = com.ibm.ws.adaptable.module.internal.AdaptableContainerImpl
  root = class com.ibm.ws.adaptable.module.internal.AdaptableContainerImpl@5b12923f
  rootOverlay = class com.ibm.ws.artifact.overlay.internal.DirectoryBasedOverlayContainerImpl@7581e624
    base = class com.ibm.ws.artifact.loose.internal.LooseArchive@1b697c1
      cacheDir = class java.io.File@70456afe
      xmlFile = class java.io.File@6edfb8f7
      parent = null
      cfh = class com.ibm.ws.artifact.loose.internal.LooseContainerFactoryHelper@984ce7b
      pathInParent = null
      _entries = class java.util.ArrayList@51e8afe2
      tc = class com.ibm.websphere.ras.TraceComponent@6236a2dc
      artifactNotifier = null
      serialVersionUID = 345486831272892625
    maskSet = class java.util.HashSet@5cca4afb
      serialVersionUID = -5024744406713321676
      map = class java.util.HashMap@44e4735d
      PRESENT = class java.lang.Object@554b1c28
      MAX_ARRAY_SIZE = 2147483639
    cfHolder = class com.ibm.ws.artifact.overlay.internal.OverlayContainerFactoryImpl@14b314c9
    fileOverlayContainer = class com.ibm.ws.artifact.file.internal.FileContainer@79e91859
      containerFactoryHolder = class com.ibm.ws.artifact.file.internal.FileContainerFactory@1fb0e95
      parent = null
      thisInParent = null
      dir = class java.io.File@75f05ef1
      cacheDir = class java.io.File@404dc711
      isRoot = true
      root = class com.ibm.ws.artifact.file.internal.FileContainer@79e91859
      artifactNotifier = class com.ibm.ws.artifact.file.FileArtifactNotifier@4338c16b
      serialVersionUID = -542248409847968651
      $$$tc$$$ = class com.ibm.websphere.ras.TraceComponent@6a890dde
    overlayDirectory = class java.io.File@75f05ef1
      fs = class java.io.UnixFileSystem@1e0a5650
      path = "/Users/kurtrogiers/lab/wlp/usr/servers/defaultServer/workarea/org.eclipse.osgi/75/data/cacheAdapt/com.ibm.ws.app.manager_65/.overlay"
      status = class java.io.File$PathStatus@4001aa18
      prefixLength = 1
      separatorChar = /
      separator = "/"
      pathSeparatorChar = :
      pathSeparator = ":"
      UNSAFE = class jdk.internal.misc.Unsafe@361f09ae
      PATH_OFFSET = 16
      PREFIX_LENGTH_OFFSET = 12
      serialVersionUID = 301077366599181567
      filePath = null
      $assertionsDisabled = true
    cacheDirForOverlay = class java.io.File@404dc711
      fs = class java.io.UnixFileSystem@1e0a5650
      path = "/Users/kurtrogiers/lab/wlp/usr/servers/defaultServer/workarea/org.eclipse.osgi/75/data/cacheOverlay/com.ibm.ws.app.manager_65"
      status = class java.io.File$PathStatus@4001aa18
      prefixLength = 1
      separatorChar = /
      separator = "/"
      pathSeparatorChar = :
      pathSeparator = ":"
      UNSAFE = class jdk.internal.misc.Unsafe@361f09ae
      PATH_OFFSET = 16
      PREFIX_LENGTH_OFFSET = 12
      serialVersionUID = 301077366599181567
      filePath = null
      $assertionsDisabled = true
    overlayNotifier = class com.ibm.ws.artifact.overlay.internal.DirectoryBasedOverlayNotifier@4e5ed071
      root = class com.ibm.ws.artifact.overlay.internal.DirectoryBasedOverlayContainerImpl@7581e624
      overlayContainer = class com.ibm.ws.artifact.file.internal.FileContainer@79e91859
      overlaidContainer = class com.ibm.ws.artifact.loose.internal.LooseArchive@1b697c1
      listeningToContainers = false
      listeners = class java.util.concurrent.ConcurrentHashMap@14527120
      pathsMonitored = class java.util.HashSet@b7349a0
      parentNotifier = null
      pathOfEntryInParent = null
      id = null
      serialVersionUID = -5716655730663296309
      $$$tc$$$ = class com.ibm.websphere.ras.TraceComponent@1b804d4f
    enclosingContainer = null
    entryInEnclosingContainer = null
    nestedOverlays = class java.util.concurrent.ConcurrentHashMap@7f442233
      serialVersionUID = 7249069246763182397
      MAXIMUM_CAPACITY = 1073741824
      DEFAULT_CAPACITY = 16
      MAX_ARRAY_SIZE = 2147483639
      DEFAULT_CONCURRENCY_LEVEL = 16
      LOAD_FACTOR = 0.75
      TREEIFY_THRESHOLD = 8
      UNTREEIFY_THRESHOLD = 6
      MIN_TREEIFY_CAPACITY = 64
      MIN_TRANSFER_STRIDE = 16
      RESIZE_STAMP_BITS = 16
      MAX_RESIZERS = 65535
      RESIZE_STAMP_SHIFT = 16
      MOVED = -1
      TREEBIN = -2
      RESERVED = -3
      HASH_BITS = 2147483647
      NCPU = 12
      serialPersistentFields = class java.io.ObjectStreamField[3]
      table = null
      nextTable = null
      baseCount = 0
      sizeCtl = 0
      transferIndex = 0
      cellsBusy = 0
      counterCells = null
      keySet = null
      values = null
      entrySet = null
      U = class jdk.internal.misc.Unsafe@361f09ae
      SIZECTL = 20
      TRANSFERINDEX = 32
      BASECOUNT = 24
      CELLSBUSY = 36
      CELLVALUE = 144
      ABASE = 16
      ASHIFT = 2
      keySet = null
      values = null
    cacheStore = class com.ibm.ws.artifact.overlay.internal.OverlayCache@8b4fcfc
      cache = class java.util.HashMap@368db0a8
      serialVersionUID = -7877512378170016077
      $$$tc$$$ = class com.ibm.websphere.ras.TraceComponent@294b5508
    parentOverlay = null
    isPassThroughMode = true
    serialVersionUID = -1690795617118238166
    $$$tc$$$ = class com.ibm.websphere.ras.TraceComponent@6d2a536c
      strings[0] = "TraceComponent[com.ibm.ws.artifact.overlay.internal.DirectoryBasedOverlayContainerImpl,class com.ibm.ws.artifact.overlay.internal.DirectoryBasedOverlayContainerImpl,[archive.overlay],,null]"
  factoryHolder = class com.ibm.ws.adaptable.module.internal.AdaptableModuleFactoryImpl@725cf99f
    adapterFactoryService = class com.ibm.ws.adaptable.module.internal.AdapterFactoryServiceImpl@4a42fc70
      toType = "toType"
      priv = class com.ibm.ws.kernel.service.util.SecureAction@92b84c3
      containerHelperMap = class com.ibm.wsspi.kernel.service.utils.ConcurrentServiceReferenceSetMap@6eb27020
      entryHelperMap = class com.ibm.wsspi.kernel.service.utils.ConcurrentServiceReferenceSetMap@63158b82
      containerToTypes = class java.util.Collections$SynchronizedSet@690c8fd
      entryToTypes = class java.util.Collections$SynchronizedSet@53485970
      baseProperties = class org.apache.felix.scr.impl.helper.ReadOnlyDictionary@2e860049
      serialVersionUID = 5945907930609928466
      $$$tc$$$ = class com.ibm.websphere.ras.TraceComponent@66833a46
    containerFactory = class com.ibm.ws.artifact.internal.ArtifactContainerFactoryService@6ef96ff4
      CATEGORY_PROP_NAME = "category"
      ENTRY_KEY = "com.ibm.wsspi.artifact.ArtifactEntry"
      helperMap = class com.ibm.wsspi.kernel.service.utils.ConcurrentServiceReferenceSetMap@3b599a48
      contributorMap = class com.ibm.wsspi.kernel.service.utils.ConcurrentServiceReferenceSetMap@5955bed2
      helperCategoryMap = class com.ibm.wsspi.kernel.service.utils.ConcurrentServiceReferenceSetMap@17498e2f
      contributorCategoryMap = class com.ibm.wsspi.kernel.service.utils.ConcurrentServiceReferenceSetMap@4c9a649e
      categories = class java.util.Collections$SynchronizedSet@3b663c9f
      baseProperties = class org.apache.felix.scr.impl.helper.ReadOnlyDictionary@4fb1b60f
      serialVersionUID = -3101641399269402013
      $$$tc$$$ = class com.ibm.websphere.ras.TraceComponent@3967eda8
    overlayContainerFactory = class com.ibm.ws.artifact.overlay.internal.OverlayContainerFactoryImpl@14b314c9
      containerFactory = class com.ibm.ws.artifact.internal.ArtifactContainerFactoryService@6ef96ff4
      serialVersionUID = 6296466117843221178
      $$$tc$$$ = class com.ibm.websphere.ras.TraceComponent@c3563b9
    serialVersionUID = 4200251809856292987
    $$$tc$$$ = class com.ibm.websphere.ras.TraceComponent@6591f1b
      strings[0] = "TraceComponent[com.ibm.ws.adaptable.module.internal.AdaptableModuleFactoryImpl,class com.ibm.ws.adaptable.module.internal.AdaptableModuleFactoryImpl,[archive.adaptable],,null]"
  delegate = class com.ibm.ws.artifact.overlay.internal.DirectoryBasedOverlayContainerImpl@7581e624
  notifier = null
  serialVersionUID = -5621513278641113667
  $$$tc$$$ = class com.ibm.websphere.ras.TraceComponent@263b8ef9
    strings[0] = "TraceComponent[com.ibm.ws.adaptable.module.internal.AdaptableContainerImpl,class com.ibm.ws.adaptable.module.internal.AdaptableContainerImpl,[archive.adaptable],,null]"

