------Start of DE processing------ = [18/12/18 22:39:10:181 CET]
Exception = java.lang.IllegalStateException
Source = com.ibm.ws.app.manager.internal.statemachine.StartAction
probeid = 145
Stack Dump = java.lang.IllegalStateException: com.ibm.wsspi.adaptable.module.UnableToAdaptException: com.ibm.ws.javaee.ddmodel.DDParser$ParseException: CWWKC2272E: An error occurred while parsing the /WEB-INF/web.xml deployment descriptor on line 8. The error message was: ParseError at [row,col]:[8,174]
Message: http://www.w3.org/TR/1999/REC-xml-names-19990114#AttributePrefixUnbound?web-app&xsi:schemaLocation&xsi
	at com.ibm.ws.app.manager.war.internal.WARApplicationHandlerImpl.setUpApplicationMonitoring(WARApplicationHandlerImpl.java:51)
	at com.ibm.ws.app.manager.internal.statemachine.StartAction.execute(StartAction.java:136)
	at com.ibm.ws.app.manager.internal.statemachine.ApplicationStateMachineImpl.enterState(ApplicationStateMachineImpl.java:1258)
	at com.ibm.ws.app.manager.internal.statemachine.ApplicationStateMachineImpl.run(ApplicationStateMachineImpl.java:873)
	at com.ibm.ws.threading.internal.ExecutorServiceImpl$RunnableWrapper.run(ExecutorServiceImpl.java:232)
	at java.base/java.util.concurrent.ThreadPoolExecutor.runWorker(ThreadPoolExecutor.java:1128)
	at java.base/java.util.concurrent.ThreadPoolExecutor$Worker.run(ThreadPoolExecutor.java:628)
	at java.base/java.lang.Thread.run(Thread.java:834)
Caused by: com.ibm.wsspi.adaptable.module.UnableToAdaptException: com.ibm.ws.javaee.ddmodel.DDParser$ParseException: CWWKC2272E: An error occurred while parsing the /WEB-INF/web.xml deployment descriptor on line 8. The error message was: ParseError at [row,col]:[8,174]
Message: http://www.w3.org/TR/1999/REC-xml-names-19990114#AttributePrefixUnbound?web-app&xsi:schemaLocation&xsi
	at com.ibm.ws.javaee.ddmodel.web.WebAppEntryAdapter.adapt(WebAppEntryAdapter.java:61)
	at com.ibm.ws.javaee.ddmodel.web.WebAppEntryAdapter.adapt(WebAppEntryAdapter.java:26)
	at com.ibm.ws.adaptable.module.internal.AdapterFactoryServiceImpl.adapt(AdapterFactoryServiceImpl.java:227)
	at com.ibm.ws.adaptable.module.internal.AdaptableEntryImpl.adapt(AdaptableEntryImpl.java:121)
	at com.ibm.ws.javaee.ddmodel.web.WebAppAdapter.adapt(WebAppAdapter.java:38)
	at com.ibm.ws.javaee.ddmodel.web.WebAppAdapter.adapt(WebAppAdapter.java:24)
	at com.ibm.ws.adaptable.module.internal.AdapterFactoryServiceImpl.adapt(AdapterFactoryServiceImpl.java:196)
	at com.ibm.ws.adaptable.module.internal.AdaptableContainerImpl.adapt(AdaptableContainerImpl.java:170)
	at com.ibm.ws.app.manager.module.internal.SimpleDeployedAppInfoBase$ModuleContainerInfoBase.<init>(SimpleDeployedAppInfoBase.java:153)
	at com.ibm.ws.app.manager.module.internal.SimpleDeployedAppInfoBase$WebModuleContainerInfo.<init>(SimpleDeployedAppInfoBase.java:320)
	at com.ibm.ws.app.manager.war.internal.WARDeployedAppInfo.<init>(WARDeployedAppInfo.java:64)
	at com.ibm.ws.app.manager.war.internal.WARDeployedAppInfoFactoryImpl.createDeployedAppInfo(WARDeployedAppInfoFactoryImpl.java:118)
	at com.ibm.ws.app.manager.war.internal.WARDeployedAppInfoFactoryImpl.createDeployedAppInfo(WARDeployedAppInfoFactoryImpl.java:33)
	at com.ibm.ws.app.manager.war.internal.WARApplicationHandlerImpl.setUpApplicationMonitoring(WARApplicationHandlerImpl.java:49)
	... 7 more
Caused by: com.ibm.ws.javaee.ddmodel.DDParser$ParseException: CWWKC2272E: An error occurred while parsing the /WEB-INF/web.xml deployment descriptor on line 8. The error message was: ParseError at [row,col]:[8,174]
Message: http://www.w3.org/TR/1999/REC-xml-names-19990114#AttributePrefixUnbound?web-app&xsi:schemaLocation&xsi
	at com.ibm.ws.javaee.ddmodel.DDParser.parseToRootElement(DDParser.java:418)
	at com.ibm.ws.javaee.ddmodel.DDParser.parseRootElement(DDParser.java:572)
	at com.ibm.ws.javaee.ddmodel.web.WebAppDDParser.parse(WebAppDDParser.java:32)
	at com.ibm.ws.javaee.ddmodel.web.WebAppEntryAdapter.adapt(WebAppEntryAdapter.java:59)
	... 20 more
Caused by: javax.xml.stream.XMLStreamException: ParseError at [row,col]:[8,174]
Message: http://www.w3.org/TR/1999/REC-xml-names-19990114#AttributePrefixUnbound?web-app&xsi:schemaLocation&xsi
	at java.xml/com.sun.org.apache.xerces.internal.impl.XMLStreamReaderImpl.next(XMLStreamReaderImpl.java:652)
	at com.ibm.ws.javaee.ddmodel.DDParser.parseToRootElement(DDParser.java:415)
	... 23 more

Dump of callerThis
Object type = com.ibm.ws.app.manager.internal.statemachine.StartAction
  _tc = class com.ibm.websphere.ras.TraceComponent@26fcb58d
    strings[0] = "TraceComponent[com.ibm.ws.app.manager.internal.statemachine.StartAction,class com.ibm.ws.app.manager.internal.statemachine.StartAction,[applications, app.manager],com.ibm.ws.app.manager.internal.resources.AppManagerMessages,null]"
  _config = class com.ibm.ws.app.manager.internal.ApplicationConfig@1e7e89b2
    tc = class com.ibm.websphere.ras.TraceComponent@6ec5b51c
      strings[0] = "TraceComponent[com.ibm.ws.app.manager.internal.ApplicationConfig,class com.ibm.ws.app.manager.internal.ApplicationConfig,[applications, app.manager],com.ibm.ws.app.manager.internal.resources.AppManagerMessages,null]"
    _configPid = "com.ibm.ws.app.manager_65"
    _config = class com.ibm.ws.config.admin.ConfigurationDictionary@58dd75e1
      serialVersionUID = 7966152868712543805
      simpleTypes = class java.util.Arrays$ArrayList@2f456949
      primitiveArrayTypes = class java.util.Arrays$ArrayList@184a8315
      simpleArrayTypes = class java.util.Arrays$ArrayList@3507af80
      extendedTypes = class java.util.Arrays$ArrayList@50b078ea
      CASE_INSENSITIVE = class com.ibm.ws.config.admin.ConfigurationDictionary$CaseInsensitive@671b1c66
      properties = class java.util.Collections$SynchronizedMap@543b4c94
    _applicationManager = class com.ibm.ws.app.manager.ApplicationManager@d79191b
      expandApps = true
      useJandex = false
      startTimeout = 30
      stopTimeout = 30
      serialVersionUID = -5714171545272003139
      $$$tc$$$ = class com.ibm.websphere.ras.TraceComponent@2bb4f0d8
    _location = "RegistrationAppWeb.war"
    _type = "war"
    _name = "RegistrationAppWeb"
    _notificationBroadcasterSupport = class javax.management.NotificationBroadcasterSupport@180a1ff3
      listenerList = class java.util.concurrent.CopyOnWriteArrayList@6fd867a6
      executor = class com.ibm.ws.threading.internal.ExecutorServiceImpl@a8cc487
      notifInfo = class javax.management.MBeanNotificationInfo[2]
      defaultExecutor = class javax.management.NotificationBroadcasterSupport$1@7f5a5753
      NO_NOTIFICATION_INFO = class javax.management.MBeanNotificationInfo[0]
      logger = class com.sun.jmx.remote.util.ClassLogger@30cdbd9
    ONE_TIME_JANDEX_MSGS_DISPLAYED = true
  _aii = class com.ibm.ws.app.manager.internal.ApplicationInstallInfo@2c5f6321
    _config = class com.ibm.ws.app.manager.internal.ApplicationConfig@1e7e89b2
    _handlerInfo = class java.util.concurrent.atomic.AtomicReference@49b4ab30
      serialVersionUID = -1848883965231344442
      VALUE = class java.lang.invoke.VarHandleObjects$FieldInstanceReadWrite@7cecd0e9
      value = null
    _container = class java.util.concurrent.atomic.AtomicReference@17f1214b
      serialVersionUID = -1848883965231344442
      VALUE = class java.lang.invoke.VarHandleObjects$FieldInstanceReadWrite@7cecd0e9
      value = class com.ibm.ws.adaptable.module.internal.AdaptableContainerImpl@5b12923f
    _resolvedLocation = class java.util.concurrent.atomic.AtomicReference@40e00eff
      serialVersionUID = -1848883965231344442
      VALUE = class java.lang.invoke.VarHandleObjects$FieldInstanceReadWrite@7cecd0e9
      value = class com.ibm.ws.kernel.service.location.internal.LocalFileResource@703cd2d4
    _handler = class com.ibm.ws.app.manager.war.internal.WARApplicationHandlerImpl@b8532bb
      futureMonitor = class com.ibm.ws.threading.internal.FutureMonitorImpl@6d3c8bca
      deployedAppFactory = class com.ibm.ws.app.manager.war.internal.WARDeployedAppInfoFactoryImpl@197a3c98
      serialVersionUID = 4622845147410944782
      $$$tc$$$ = class com.ibm.websphere.ras.TraceComponent@26a92473
    _ami = class java.util.concurrent.atomic.AtomicReference@2ab92c48
      serialVersionUID = -1848883965231344442
      VALUE = class java.lang.invoke.VarHandleObjects$FieldInstanceReadWrite@7cecd0e9
      value = null
    _updateHandler = class com.ibm.ws.app.manager.internal.statemachine.ApplicationStateMachineImpl@46b8ef04
      _tc = class com.ibm.websphere.ras.TraceComponent@3f798fbe
      EMPTY_FUTURE_ARRAY = interface java.util.concurrent.Future[0]
      asmSequenceNumber = class java.util.concurrent.atomic.AtomicLong@7b32abd6
      _qscaCounter = class java.util.concurrent.atomic.AtomicInteger@7af3bb7b
      _failedThrowable = null
      _interruptibleLock = class com.ibm.ws.app.manager.internal.statemachine.ApplicationStateMachineImpl$2@4932abb9
      _interruptible = false
      _performingQueuedActions = true
      _queuedActions = class java.util.concurrent.ConcurrentLinkedQueue@18fd0eb
      _callbackState = class java.util.concurrent.atomic.AtomicReference@6f8da717
      blockAppStartingFutures = class java.util.Collections$SetFromMap@8c2e1fe
      waitingForAppHandlerFuture = class java.util.concurrent.atomic.AtomicReference@5471ec3c
      waitingForExplicitStartFuture = class java.util.concurrent.atomic.AtomicReference@2b0676d1
      completionListener = class java.util.concurrent.atomic.AtomicReference@29b1c9b9
      _notifyAppStopped = class java.util.concurrent.ConcurrentLinkedQueue@36630060
      _notifyAppStarting = class java.util.concurrent.ConcurrentLinkedQueue@6d280a9c
      _notifyAppInstallCalled = class java.util.concurrent.ConcurrentLinkedQueue@75005916
      _notifyAppStarted = class java.util.concurrent.ConcurrentLinkedQueue@52dbaa0e
      _notifyAppRemoved = class java.util.concurrent.ConcurrentLinkedQueue@7c15c035
      _stateLock = class com.ibm.ws.app.manager.internal.statemachine.ApplicationStateMachineImpl$3@51c449c1
      _internalState = class java.util.concurrent.atomic.AtomicReference@267b6206
      _currentAction = class java.util.concurrent.atomic.AtomicReference@297f371d
      _rfa = class java.util.concurrent.atomic.AtomicReference@7b395e6f
      _appInstallInfo = class java.util.concurrent.atomic.AtomicReference@8c08a88
      _update = class java.util.concurrent.atomic.AtomicBoolean@7556a2c4
      _appConfig = class java.util.concurrent.atomic.AtomicReference@25c1b4ac
      _nextAppConfig = class java.util.concurrent.atomic.AtomicReference@143a5c5d
      _appContainer = class java.util.concurrent.atomic.AtomicReference@18220098
      _resolvedLocation = class java.util.concurrent.atomic.AtomicReference@58a2d1da
      _handler = class java.util.concurrent.atomic.AtomicReference@70ee6ab6
      _asmSeqNo = 0
      _ctx = class org.eclipse.osgi.internal.framework.BundleContextImpl@45e7c5ab
      _locAdmin = class com.ibm.ws.kernel.service.location.internal.WsLocationAdminImpl@13b00190
      _futureMonitor = class com.ibm.ws.threading.internal.FutureMonitorImpl@6d3c8bca
      _artifactFactory = class com.ibm.ws.artifact.internal.ArtifactContainerFactoryService@6ef96ff4
      _moduleFactory = class com.ibm.ws.adaptable.module.internal.AdaptableModuleFactoryImpl@725cf99f
      _executorService = class com.ibm.ws.threading.internal.ExecutorServiceImpl@a8cc487
      _scheduledExecutorService = class com.ibm.ws.threading.internal.ScheduledExecutorImpl@69545c0d
      _asmHelper = class com.ibm.ws.app.manager.internal.ApplicationConfigurator$NamedApplication@61a133b4
      _appMonitor = class com.ibm.ws.app.manager.internal.monitor.ApplicationMonitor@36f00842
      enterStateCalled = class java.util.concurrent.atomic.AtomicBoolean@3e5ef8c4
      serialVersionUID = -1399093980790866556
      serialVersionUID = 5501066335104962649
      $$$tc$$$ = class com.ibm.websphere.ras.TraceComponent@30080aa7
    serialVersionUID = 2630639237123415755
    $$$tc$$$ = class com.ibm.websphere.ras.TraceComponent@76af00d5
      strings[0] = "TraceComponent[com.ibm.ws.app.manager.internal.ApplicationInstallInfo,class com.ibm.ws.app.manager.internal.ApplicationInstallInfo,[applications, app.manager],com.ibm.ws.app.manager.internal.resources.AppManagerMessages,null]"
  _callback = class java.util.concurrent.atomic.AtomicReference@4b307222
    serialVersionUID = -1848883965231344442
    VALUE = class java.lang.invoke.VarHandleObjects$FieldInstanceReadWrite@7cecd0e9
      FORM = class java.lang.invoke.VarForm@2c39dfb
      fieldOffset = 12
      receiverType = class java.lang.Class@4eb7f003
      fieldType = class java.lang.Class@55054057
      FORM = class java.lang.invoke.VarForm@121ae3ed
      vform = class java.lang.invoke.VarForm@2c39dfb
      typesAndInvokers = null
      AIOOBE_SUPPLIER = class jdk.internal.util.Preconditions$1@69ad7fff
      VFORM_OFFSET = 12
      $assertionsDisabled = true
    value = class com.ibm.ws.app.manager.internal.statemachine.ApplicationStateMachineImpl$StartActionCallback@30a96018
      immediateCallbackResult = class java.util.concurrent.atomic.AtomicReference@3644964f
      this$0 = class com.ibm.ws.app.manager.internal.statemachine.ApplicationStateMachineImpl@46b8ef04
      serialVersionUID = 6735534421474643855
      $$$tc$$$ = class com.ibm.websphere.ras.TraceComponent@6b03bb2d
  _monitor = class com.ibm.ws.threading.internal.FutureMonitorImpl@6d3c8bca
    _monitor = class java.util.concurrent.ConcurrentLinkedQueue@57d32241
      serialVersionUID = 196745693267521676
      head = class java.util.concurrent.ConcurrentLinkedQueue$Node@3d3d56b3
      tail = class java.util.concurrent.ConcurrentLinkedQueue$Node@3d3d56b3
      MAX_HOPS = 8
      HEAD = class java.lang.invoke.VarHandleObjects$FieldInstanceReadWrite@50de3918
      TAIL = class java.lang.invoke.VarHandleObjects$FieldInstanceReadWrite@cd814e8
      ITEM = class java.lang.invoke.VarHandleObjects$FieldInstanceReadWrite@67d96386
      NEXT = class java.lang.invoke.VarHandleObjects$FieldInstanceReadWrite@30063900
      MAX_ARRAY_SIZE = 2147483639
    _executor = class com.ibm.ws.threading.internal.ScheduledExecutorImpl@69545c0d
      threadGroupName = "Scheduled Executor Thread Group"
      executor = class com.ibm.ws.threading.internal.ExecutorServiceImpl@a8cc487
      serialVersionUID = -9110693807503469597
      $$$tc$$$ = class com.ibm.websphere.ras.TraceComponent@1f8465c9
      continueExistingPeriodicTasksAfterShutdown = false
      executeExistingDelayedTasksAfterShutdown = true
      removeOnCancel = false
      sequencer = class java.util.concurrent.atomic.AtomicLong@7f0bcc8a
      DEFAULT_KEEPALIVE_MILLIS = 10
      ctl = class java.util.concurrent.atomic.AtomicInteger@1e8597dd
      COUNT_BITS = 29
      COUNT_MASK = 536870911
      RUNNING = -536870912
      SHUTDOWN = 0
      STOP = 536870912
      TIDYING = 1073741824
      TERMINATED = 1610612736
      workQueue = class java.util.concurrent.ScheduledThreadPoolExecutor$DelayedWorkQueue@5e1e3e6d
      mainLock = class java.util.concurrent.locks.ReentrantLock@325a71d5
      workers = class java.util.HashSet@13948488
      termination = class java.util.concurrent.locks.AbstractQueuedSynchronizer$ConditionObject@211dd258
      largestPoolSize = 1
      completedTaskCount = 0
      threadFactory = class com.ibm.ws.threading.internal.ThreadFactoryImpl@6fea6197
      handler = class java.util.concurrent.ThreadPoolExecutor$AbortPolicy@586d0826
      keepAliveTime = 10000000
      allowCoreThreadTimeOut = false
      corePoolSize = 1
      maximumPoolSize = 2147483647
      defaultHandler = class java.util.concurrent.ThreadPoolExecutor$AbortPolicy@586d0826
      shutdownPerm = class java.lang.RuntimePermission@172d8e61
      ONLY_ONE = true
      $assertionsDisabled = true
    _threadRunning = class java.util.concurrent.atomic.AtomicBoolean@545d92b9
      serialVersionUID = 4654671469794556979
      VALUE = class java.lang.invoke.VarHandleInts$FieldInstanceReadWrite@375629ec
      value = 0
    _thread = class com.ibm.ws.threading.internal.FutureMonitorImpl$1@3da67a
      this$0 = class com.ibm.ws.threading.internal.FutureMonitorImpl@6d3c8bca
      serialVersionUID = 2422512430832938099
      $$$tc$$$ = class com.ibm.websphere.ras.TraceComponent@3db428cc
    serialVersionUID = 2765238413969174390
    $$$tc$$$ = class com.ibm.websphere.ras.TraceComponent@3bc71e47
      strings[0] = "TraceComponent[com.ibm.ws.threading.internal.FutureMonitorImpl,class com.ibm.ws.threading.internal.FutureMonitorImpl,[Threading],com.ibm.ws.threading.internal.resources.ThreadingMessages,null]"
  _startTime = class java.util.concurrent.atomic.AtomicLong@cad6d30
    serialVersionUID = 1927816293512124184
    VM_SUPPORTS_LONG_CAS = true
    U = class jdk.internal.misc.Unsafe@361f09ae
      Failed to resolve fields for jdk.internal.misc.Unsafe = "java.lang.reflect.InaccessibleObjectException: Unable to make field private static final jdk.internal.misc.Unsafe jdk.internal.misc.Unsafe.theUnsafe accessible: module java.base does not "opens jdk.internal.misc" to unnamed module @448ff1a8
	at java.base/java.lang.reflect.AccessibleObject.checkCanSetAccessible(AccessibleObject.java:340)
	at java.base/java.lang.reflect.AccessibleObject.checkCanSetAccessible(AccessibleObject.java:280)
	at java.base/java.lang.reflect.Field.checkCanSetAccessible(Field.java:176)
	at java.base/java.lang.reflect.AccessibleObject.setAccessible(AccessibleObject.java:123)
	at com.ibm.ws.logging.internal.impl.IntrospectionLevelMember$2.run(IntrospectionLevelMember.java:316)
	at com.ibm.ws.logging.internal.impl.IntrospectionLevelMember$2.run(IntrospectionLevelMember.java:310)
	at java.base/java.security.AccessController.doPrivileged(Native Method)
	at com.ibm.ws.logging.internal.impl.IntrospectionLevelMember.getFields(IntrospectionLevelMember.java:310)
	at com.ibm.ws.logging.internal.impl.IntrospectionLevelMember.introspectViaReflection(IntrospectionLevelMember.java:199)
	at com.ibm.ws.logging.internal.impl.IntrospectionLevelMember.getChildren(IntrospectionLevelMember.java:163)
	at com.ibm.ws.logging.internal.impl.IntrospectionLevel.getNextLevel(IntrospectionLevel.java:100)
	at com.ibm.ws.logging.internal.impl.IncidentStreamImpl.introspect(IncidentStreamImpl.java:437)
	at com.ibm.ws.logging.internal.impl.IncidentStreamImpl.introspectAndWrite(IncidentStreamImpl.java:129)
	at com.ibm.ws.logging.internal.impl.IncidentStreamImpl.introspectAndWriteLine(IncidentStreamImpl.java:164)
	at com.ibm.ws.logging.internal.impl.IncidentLogger.logIncident(IncidentLogger.java:97)
	at com.ibm.ws.logging.internal.impl.IncidentLogger.logIncident(IncidentLogger.java:35)
	at com.ibm.ws.logging.internal.impl.IncidentImpl.log(IncidentImpl.java:249)
	at com.ibm.ws.logging.internal.impl.BaseFFDCService.log(BaseFFDCService.java:239)
	at com.ibm.ws.logging.internal.impl.BaseFFDCService.processException(BaseFFDCService.java:216)
	at com.ibm.ws.ffdc.FFDCFilter.processException(FFDCFilter.java:94)
	at com.ibm.ws.app.manager.internal.statemachine.StartAction.execute(StartAction.java:145)
	at com.ibm.ws.app.manager.internal.statemachine.ApplicationStateMachineImpl.enterState(ApplicationStateMachineImpl.java:1258)
	at com.ibm.ws.app.manager.internal.statemachine.ApplicationStateMachineImpl.run(ApplicationStateMachineImpl.java:873)
	at com.ibm.ws.threading.internal.ExecutorServiceImpl$RunnableWrapper.run(ExecutorServiceImpl.java:232)
	at java.base/java.util.concurrent.ThreadPoolExecutor.runWorker(ThreadPoolExecutor.java:1128)
	at java.base/java.util.concurrent.ThreadPoolExecutor$Worker.run(ThreadPoolExecutor.java:628)
	at java.base/java.lang.Thread.run(Thread.java:834)
"
    VALUE = 16
    value = 1545169150075
    serialVersionUID = -8742448824652078965
  _appMonitor = class com.ibm.ws.app.manager.internal.monitor.ApplicationMonitor@36f00842
    tc = class com.ibm.websphere.ras.TraceComponent@49536ece
      strings[0] = "TraceComponent[com.ibm.ws.app.manager.internal.monitor.ApplicationMonitor,class com.ibm.ws.app.manager.internal.monitor.ApplicationMonitor,[applications, app.manager],com.ibm.ws.app.manager.internal.resources.AppManagerMessages,null]"
    _config = class java.util.concurrent.atomic.AtomicReference@391e39d4
      serialVersionUID = -1848883965231344442
      VALUE = class java.lang.invoke.VarHandleObjects$FieldInstanceReadWrite@7cecd0e9
      value = class com.ibm.ws.app.manager.internal.monitor.ApplicationMonitorConfig@6d989598
    _executorService = class java.util.concurrent.atomic.AtomicReference@3720750f
      serialVersionUID = -1848883965231344442
      VALUE = class java.lang.invoke.VarHandleObjects$FieldInstanceReadWrite@7cecd0e9
      value = class com.ibm.ws.threading.internal.ScheduledExecutorImpl@69545c0d
    _appListeners = class java.util.concurrent.ConcurrentHashMap@309adc62
      serialVersionUID = 7249069246763182397
      MAXIMUM_CAPACITY = 1073741824
      DEFAULT_CAPACITY = 16
      MAX_ARRAY_SIZE = 2147483639
      DEFAULT_CONCURRENCY_LEVEL = 16
      LOAD_FACTOR = 0.75
      TREEIFY_THRESHOLD = 8
      UNTREEIFY_THRESHOLD = 6
      MIN_TREEIFY_CAPACITY = 64
      MIN_TRANSFER_STRIDE = 16
      RESIZE_STAMP_BITS = 16
      MAX_RESIZERS = 65535
      RESIZE_STAMP_SHIFT = 16
      MOVED = -1
      TREEBIN = -2
      RESERVED = -3
      HASH_BITS = 2147483647
      NCPU = 12
      serialPersistentFields = class java.io.ObjectStreamField[3]
      table = null
      nextTable = null
      baseCount = 0
      sizeCtl = 0
      transferIndex = 0
      cellsBusy = 0
      counterCells = null
      keySet = null
      values = class java.util.concurrent.ConcurrentHashMap$ValuesView@203f7129
      entrySet = null
      U = class jdk.internal.misc.Unsafe@361f09ae
      SIZECTL = 20
      TRANSFERINDEX = 32
      BASECOUNT = 24
      CELLSBUSY = 36
      CELLVALUE = 144
      ABASE = 16
      ASHIFT = 2
      keySet = null
      values = null
    serialVersionUID = -6677716415972806660
  _update = false
  _slowMessageAction = class java.util.concurrent.atomic.AtomicReference@565dd11f
    serialVersionUID = -1848883965231344442
    VALUE = class java.lang.invoke.VarHandleObjects$FieldInstanceReadWrite@7cecd0e9
    value = class com.ibm.ws.threading.internal.SchedulingHelper@339650be
      m_callable = class java.util.concurrent.Executors$RunnableAdapter@687bd9dc
      m_isDone = false
      m_cancelResult = false
      m_schedFuture = class java.util.concurrent.ScheduledThreadPoolExecutor$ScheduledFutureTask@4c042393
      m_coordinationLatch = class java.util.concurrent.CountDownLatch@37d633ab
      m_executor = class com.ibm.ws.threading.internal.ExecutorServiceImpl@a8cc487
      m_defaultFuture = null
      m_pendingException = null
      m_scheduledExecutorQueue = class java.util.concurrent.ScheduledThreadPoolExecutor$DelayedWorkQueue@5e1e3e6d
      serialVersionUID = 2955063284661034074
      $$$tc$$$ = class com.ibm.websphere.ras.TraceComponent@1bc062ef
  _listener = class com.ibm.ws.app.manager.internal.statemachine.StartAction$1@672ecc41
    this$0 = class com.ibm.ws.app.manager.internal.statemachine.StartAction@49e9ca9b
    serialVersionUID = 276196939532533882
    $$$tc$$$ = class com.ibm.websphere.ras.TraceComponent@5ae0ce1e
      strings[0] = "TraceComponent[com.ibm.ws.app.manager.internal.statemachine.StartAction$1,class com.ibm.ws.app.manager.internal.statemachine.StartAction$1,[applications, app.manager],com.ibm.ws.app.manager.internal.resources.AppManagerMessages,null]"
  serialVersionUID = 673965255474898916

Dump of objectArray[0]
Object type = com.ibm.ws.threading.internal.ScheduledExecutorImpl
  threadGroupName = "Scheduled Executor Thread Group"
  executor = class com.ibm.ws.threading.internal.ExecutorServiceImpl@a8cc487
    threadPool = class java.util.concurrent.ThreadPoolExecutor@101d8cf7
      ctl = class java.util.concurrent.atomic.AtomicInteger@261d66a1
      COUNT_BITS = 29
      COUNT_MASK = 536870911
      RUNNING = -536870912
      SHUTDOWN = 0
      STOP = 536870912
      TIDYING = 1073741824
      TERMINATED = 1610612736
      workQueue = class com.ibm.ws.threading.internal.BoundedBuffer@672b71d1
      mainLock = class java.util.concurrent.locks.ReentrantLock@458bd45b
      workers = class java.util.HashSet@4a301e80
      termination = class java.util.concurrent.locks.AbstractQueuedSynchronizer$ConditionObject@7d54109
      largestPoolSize = 18
      completedTaskCount = 0
      threadFactory = class com.ibm.ws.threading.internal.ThreadFactoryImpl@3b4c1ddb
      handler = class com.ibm.ws.threading.internal.ExecutorServiceImpl$ExpandPolicy@207e3fe5
      keepAliveTime = 60000000000
      allowCoreThreadTimeOut = false
      corePoolSize = 24
      maximumPoolSize = 24
      defaultHandler = class java.util.concurrent.ThreadPoolExecutor$AbortPolicy@586d0826
      shutdownPerm = class java.lang.RuntimePermission@172d8e61
      ONLY_ONE = true
      $assertionsDisabled = true
    threadPoolController = class com.ibm.ws.threading.internal.ThreadPoolController@396a9307
      tc = class com.ibm.websphere.ras.TraceComponent@17e3a84d
      interval = 1500
      hangInterval = 250
      hangResolutionCountdown = 0
      hangResolutionCycles = 3
      hangBufferPoolSize = 0
      controllerCyclesWithoutHang = 0
      noHangCyclesThreshold = 8
      compareRange = 4
      NUMBER_CPUS = 12
      controllerCycle = 0
      distributionReset = false
      poolIncrement = 1
      poolDecrement = 1
      maxThreadsPoolDecrement = 1
      poolChangeBasis = 12
      poolIncrementBoundLow = 192
      poolIncrementBoundMedium = 768
      poolIncrementMax = 48
      poolIncrementMin = 1
      POOL_INCREMENT_MIN_DEFAULT = 1
      POOL_INCREMENT_MAX_DEFAULT = 48
      minimumDesiredPoolSizeAdjustments = 10
      targetPoolSize = 24
      consecutiveTargetPoolSizeWrong = 0
      MAX_CONSECUTIVE_TARGET_POOLSIZE_WRONG = 3
      highCpu = 90
      lowTputThreadsRatio = 1.0
      dataAgePruneLevel = 5.0
      compareSpanPruneMultiplier = 2
      tputRatioPruneLevel = 5.0
      poolTputRatioHigh = 5.0
      poolTputRatioLow = 3.0
      compareSpanRatioMultiplier = 2
      growScoreFilterLevel = 0.5
      shrinkScoreFilterLevel = 0.5
      growShrinkDiffFilter = 0.25
      resetDistroStdDevEwmaRatio = 0.1
      resetDistroNewTputEwmaRatio = 0.5
      resetDistroConsecutiveOutliers = 5.0
      processCpuUtil = -1.0
      systemCpuUtil = -1.0
      cpuUtil = -1.0
      MAX_INTERVALS_WITHOUT_CHANGE = 5
      EMPTY_QUEUE_SHRINK_MAGIC_PER_INTERVAL = 0.04
      IDLE_INTERVALS_BEFORE_PAUSE = 3
      MAX_OUTLIER_AFTER_CHANGE_BEFORE_RESET = 10
      MAX_THREADS_TO_BREAK_HANG = 1536
      executorService = class com.ibm.ws.threading.internal.ExecutorServiceImpl@a8cc487
      lastAction = class com.ibm.ws.threading.internal.ThreadPoolController$LastAction@632fede2
      timer = class java.util.Timer@1b3b8c38
      activeTask = class com.ibm.ws.threading.internal.IntervalTask@65d7efbd
      paused = false
      lastTimerPop = 1545169146456
      previousCompleted = 0
      previousThroughput = 0.0
      consecutiveQueueEmptyCount = 0
      consecutiveNoAdjustment = 0
      consecutiveOutlierAfterAdjustment = 0
      consecutiveIdleCount = 0
      maxThreads = 2147483647
      coreThreads = 24
      threadRange = 2147483623
      threadPool = class java.util.concurrent.ThreadPoolExecutor@101d8cf7
      threadStats = class java.util.TreeMap@576cc5d0
      poolSizeWhenHangDetected = -1
      hangIntervalCounter = 0
      hangMaxThreadsMessageEmitted = false
      serialVersionUID = 6509656087705674651
    poolName = "Default Executor"
    componentConfig = class org.apache.felix.scr.impl.helper.ReadOnlyDictionary@35fc93a0
      m_delegate = class java.util.Hashtable@71f9e406
      m_serviceReference = null
    interceptorsActive = false
    interceptors = class java.util.concurrent.CopyOnWriteArraySet@24827f67
      serialVersionUID = 5457747651344034263
      al = class java.util.concurrent.CopyOnWriteArrayList@f80169c
      MAX_ARRAY_SIZE = 2147483639
    threadFactory = null
    serverStopping = false
    phaser = class java.util.concurrent.Phaser@58043534
      state = 196611
      MAX_PARTIES = 65535
      MAX_PHASE = 2147483647
      PARTIES_SHIFT = 16
      PHASE_SHIFT = 32
      UNARRIVED_MASK = 65535
      PARTIES_MASK = 4294901760
      COUNTS_MASK = 4294967295
      TERMINATION_BIT = -9223372036854775808
      ONE_ARRIVAL = 1
      ONE_PARTY = 65536
      ONE_DEREGISTER = 65537
      EMPTY = 1
      parent = null
      root = class java.util.concurrent.Phaser@58043534
      evenQ = class java.util.concurrent.atomic.AtomicReference@385604a9
      oddQ = class java.util.concurrent.atomic.AtomicReference@1281a5a1
      NCPU = 12
      SPINS_PER_ARRIVAL = 256
      STATE = class java.lang.invoke.VarHandleLongs$FieldInstanceReadWrite@1063950b
    serialVersionUID = 2662528932208584803
    $$$tc$$$ = class com.ibm.websphere.ras.TraceComponent@1e40ead8
      strings[0] = "TraceComponent[com.ibm.ws.threading.internal.ExecutorServiceImpl,class com.ibm.ws.threading.internal.ExecutorServiceImpl,[Threading],com.ibm.ws.threading.internal.resources.ThreadingMessages,null]"
  serialVersionUID = -9110693807503469597
  $$$tc$$$ = class com.ibm.websphere.ras.TraceComponent@1f8465c9
    strings[0] = "TraceComponent[com.ibm.ws.threading.internal.ScheduledExecutorImpl,class com.ibm.ws.threading.internal.ScheduledExecutorImpl,[Threading],com.ibm.ws.threading.internal.resources.ThreadingMessages,null]"
  continueExistingPeriodicTasksAfterShutdown = false
  executeExistingDelayedTasksAfterShutdown = true
  removeOnCancel = false
  sequencer = class java.util.concurrent.atomic.AtomicLong@7f0bcc8a
    serialVersionUID = 1927816293512124184
    VM_SUPPORTS_LONG_CAS = true
    U = class jdk.internal.misc.Unsafe@361f09ae
      Failed to resolve fields for jdk.internal.misc.Unsafe = "java.lang.reflect.InaccessibleObjectException: Unable to make field private static final jdk.internal.misc.Unsafe jdk.internal.misc.Unsafe.theUnsafe accessible: module java.base does not "opens jdk.internal.misc" to unnamed module @448ff1a8
	at java.base/java.lang.reflect.AccessibleObject.checkCanSetAccessible(AccessibleObject.java:340)
	at java.base/java.lang.reflect.AccessibleObject.checkCanSetAccessible(AccessibleObject.java:280)
	at java.base/java.lang.reflect.Field.checkCanSetAccessible(Field.java:176)
	at java.base/java.lang.reflect.AccessibleObject.setAccessible(AccessibleObject.java:123)
	at com.ibm.ws.logging.internal.impl.IntrospectionLevelMember$2.run(IntrospectionLevelMember.java:316)
	at com.ibm.ws.logging.internal.impl.IntrospectionLevelMember$2.run(IntrospectionLevelMember.java:310)
	at java.base/java.security.AccessController.doPrivileged(Native Method)
	at com.ibm.ws.logging.internal.impl.IntrospectionLevelMember.getFields(IntrospectionLevelMember.java:310)
	at com.ibm.ws.logging.internal.impl.IntrospectionLevelMember.introspectViaReflection(IntrospectionLevelMember.java:199)
	at com.ibm.ws.logging.internal.impl.IntrospectionLevelMember.getChildren(IntrospectionLevelMember.java:163)
	at com.ibm.ws.logging.internal.impl.IntrospectionLevel.getNextLevel(IntrospectionLevel.java:100)
	at com.ibm.ws.logging.internal.impl.IncidentStreamImpl.introspect(IncidentStreamImpl.java:437)
	at com.ibm.ws.logging.internal.impl.IncidentStreamImpl.introspectAndWrite(IncidentStreamImpl.java:129)
	at com.ibm.ws.logging.internal.impl.IncidentStreamImpl.introspectAndWriteLine(IncidentStreamImpl.java:164)
	at com.ibm.ws.logging.internal.impl.IncidentLogger.logIncident(IncidentLogger.java:102)
	at com.ibm.ws.logging.internal.impl.IncidentLogger.logIncident(IncidentLogger.java:35)
	at com.ibm.ws.logging.internal.impl.IncidentImpl.log(IncidentImpl.java:249)
	at com.ibm.ws.logging.internal.impl.BaseFFDCService.log(BaseFFDCService.java:239)
	at com.ibm.ws.logging.internal.impl.BaseFFDCService.processException(BaseFFDCService.java:216)
	at com.ibm.ws.ffdc.FFDCFilter.processException(FFDCFilter.java:94)
	at com.ibm.ws.app.manager.internal.statemachine.StartAction.execute(StartAction.java:145)
	at com.ibm.ws.app.manager.internal.statemachine.ApplicationStateMachineImpl.enterState(ApplicationStateMachineImpl.java:1258)
	at com.ibm.ws.app.manager.internal.statemachine.ApplicationStateMachineImpl.run(ApplicationStateMachineImpl.java:873)
	at com.ibm.ws.threading.internal.ExecutorServiceImpl$RunnableWrapper.run(ExecutorServiceImpl.java:232)
	at java.base/java.util.concurrent.ThreadPoolExecutor.runWorker(ThreadPoolExecutor.java:1128)
	at java.base/java.util.concurrent.ThreadPoolExecutor$Worker.run(ThreadPoolExecutor.java:628)
	at java.base/java.lang.Thread.run(Thread.java:834)
"
    VALUE = 16
    value = 31
    serialVersionUID = -8742448824652078965
  DEFAULT_KEEPALIVE_MILLIS = 10
  ctl = class java.util.concurrent.atomic.AtomicInteger@1e8597dd
    serialVersionUID = 6214790243416807050
    U = class jdk.internal.misc.Unsafe@361f09ae
    VALUE = 12
    value = -536870911
    serialVersionUID = -8742448824652078965
  COUNT_BITS = 29
  COUNT_MASK = 536870911
  RUNNING = -536870912
  SHUTDOWN = 0
  STOP = 536870912
  TIDYING = 1073741824
  TERMINATED = 1610612736
  workQueue = class java.util.concurrent.ScheduledThreadPoolExecutor$DelayedWorkQueue@5e1e3e6d
    INITIAL_CAPACITY = 16
    queue = interface java.util.concurrent.RunnableScheduledFuture[16]
      RunnableScheduledFuture[0] = class com.ibm.ws.threading.internal.SchedulingHelper@7f341327
      RunnableScheduledFuture[1] = class com.ibm.ws.threading.internal.SchedulingHelper@4814cd81
      RunnableScheduledFuture[2] = class com.ibm.ws.threading.internal.SchedulingHelper@456355ff
      RunnableScheduledFuture[3] = class com.ibm.ws.threading.internal.SchedulingHelper@7ef6043
      RunnableScheduledFuture[4] = class com.ibm.ws.threading.internal.SchedulingHelper@589de6b2
      RunnableScheduledFuture[5] = class com.ibm.ws.threading.internal.SchedulingHelper@339650be
      RunnableScheduledFuture[6] = class com.ibm.ws.threading.internal.SchedulingHelper@360b40e5
      RunnableScheduledFuture[7] = class com.ibm.ws.threading.internal.SchedulingHelper@69982776
      RunnableScheduledFuture[8] = class com.ibm.ws.threading.internal.SchedulingHelper@1509bf7e
      RunnableScheduledFuture[9] = class com.ibm.ws.threading.internal.SchedulingHelper@2296631b
      RunnableScheduledFuture[10] = class com.ibm.ws.threading.internal.SchedulingHelper@4ef603c4
      RunnableScheduledFuture[11] = class com.ibm.ws.threading.internal.SchedulingHelper@66fd3efb
      RunnableScheduledFuture[12] = null
      RunnableScheduledFuture[13] = null
      RunnableScheduledFuture[14] = null
      RunnableScheduledFuture[15] = null
    lock = class java.util.concurrent.locks.ReentrantLock@695e059b
      serialVersionUID = 7373984872572414699
      sync = class java.util.concurrent.locks.ReentrantLock$NonfairSync@6448382
    size = 12
    leader = class java.lang.Thread@7a1455b9
      name = "Scheduled Executor-thread-1"
      priority = 5
      daemon = true
      stillborn = false
      eetop = 140400294903808
      target = class java.util.concurrent.ThreadPoolExecutor$Worker@4225887e
      group = class java.lang.ThreadGroup@12c0feb9
      contextClassLoader = class org.eclipse.osgi.internal.framework.ContextFinder@4d6f623d
      inheritedAccessControlContext = class java.security.AccessControlContext@6d2dbb02
      threadInitNumber = 24
      threadLocals = class java.lang.ThreadLocal$ThreadLocalMap@25ff0b1f
      inheritableThreadLocals = null
      stackSize = 0
      nativeParkEventPointer = 140400282903648
      tid = 26
      threadSeqNumber = 76
      threadStatus = 673
      parkBlocker = class java.util.concurrent.locks.AbstractQueuedSynchronizer$ConditionObject@dee24d
      blocker = null
      blockerLock = class java.lang.Object@65cdb446
      MIN_PRIORITY = 1
      NORM_PRIORITY = 5
      MAX_PRIORITY = 10
      EMPTY_STACK_TRACE = class java.lang.StackTraceElement[0]
      uncaughtExceptionHandler = null
      defaultUncaughtExceptionHandler = null
      threadLocalRandomSeed = 0
      threadLocalRandomProbe = 0
      threadLocalRandomSecondarySeed = 0
    available = class java.util.concurrent.locks.AbstractQueuedSynchronizer$ConditionObject@dee24d
      serialVersionUID = 1173984872572414699
      firstWaiter = class java.util.concurrent.locks.AbstractQueuedSynchronizer$Node@3e579f15
      lastWaiter = class java.util.concurrent.locks.AbstractQueuedSynchronizer$Node@3e579f15
      REINTERRUPT = 1
      THROW_IE = -1
      this$0 = class java.util.concurrent.locks.ReentrantLock$NonfairSync@6448382
    MAX_ARRAY_SIZE = 2147483639
  mainLock = class java.util.concurrent.locks.ReentrantLock@325a71d5
    serialVersionUID = 7373984872572414699
    sync = class java.util.concurrent.locks.ReentrantLock$NonfairSync@fd3bab0
  workers = class java.util.HashSet@13948488
    serialVersionUID = -5024744406713321676
    map = class java.util.HashMap@73ee4ba4
      serialVersionUID = 362498820763181265
      DEFAULT_INITIAL_CAPACITY = 16
      MAXIMUM_CAPACITY = 1073741824
      DEFAULT_LOAD_FACTOR = 0.75
      TREEIFY_THRESHOLD = 8
      UNTREEIFY_THRESHOLD = 6
      MIN_TREEIFY_CAPACITY = 64
      table = class java.util.HashMap$Node[16]
      entrySet = null
      size = 1
      modCount = 1
      threshold = 12
      loadFactor = 0.75
      keySet = null
      values = null
    PRESENT = class java.lang.Object@554b1c28
    MAX_ARRAY_SIZE = 2147483639
  termination = class java.util.concurrent.locks.AbstractQueuedSynchronizer$ConditionObject@211dd258
    serialVersionUID = 1173984872572414699
    firstWaiter = null
    lastWaiter = null
    REINTERRUPT = 1
    THROW_IE = -1
    this$0 = class java.util.concurrent.locks.ReentrantLock$NonfairSync@fd3bab0
      serialVersionUID = 7316153563782823691
      serialVersionUID = -5179523762034025860
      serialVersionUID = 7373984972572414691
      head = null
      tail = null
      state = 0
      SPIN_FOR_TIMEOUT_THRESHOLD = 1000
      STATE = class java.lang.invoke.VarHandleInts$FieldInstanceReadWrite@707a34fb
      HEAD = class java.lang.invoke.VarHandleObjects$FieldInstanceReadWrite@2a4c127a
      TAIL = class java.lang.invoke.VarHandleObjects$FieldInstanceReadWrite@5e62cf0f
      serialVersionUID = 3737899427754241961
      exclusiveOwnerThread = null
  largestPoolSize = 1
  completedTaskCount = 0
  threadFactory = class com.ibm.ws.threading.internal.ThreadFactoryImpl@6fea6197
    tc = class com.ibm.websphere.ras.TraceComponent@3c94be0a
      strings[0] = "TraceComponent[com.ibm.ws.threading.internal.ThreadFactoryImpl,class com.ibm.ws.threading.internal.ThreadFactoryImpl,[Threading],com.ibm.ws.threading.internal.resources.ThreadingMessages,null]"
    TRACE_ENABLED_AT_STARTUP = false
    createdThreadCount = class java.util.concurrent.atomic.AtomicInteger@1681ac39
      serialVersionUID = 6214790243416807050
      U = class jdk.internal.misc.Unsafe@361f09ae
      VALUE = 12
      value = 1
      serialVersionUID = -8742448824652078965
    executorName = "Scheduled Executor"
    threadGroup = class java.lang.ThreadGroup@12c0feb9
      parent = class java.lang.ThreadGroup@36cbf537
      name = "Scheduled Executor Thread Group"
      maxPriority = 10
      destroyed = false
      daemon = false
      nUnstartedThreads = 0
      nthreads = 1
      threads = class java.lang.Thread[4]
      ngroups = 0
      groups = null
    contextClassLoader = class org.eclipse.osgi.internal.framework.ContextFinder@4d6f623d
      cycleDetector = class java.lang.ThreadLocal@192c3c03
      finderClassLoader = class com.ibm.ws.kernel.internal.classloader.BootstrapChildFirstJarClassloader@5a8806ef
      contextFinder = class org.eclipse.osgi.internal.framework.ContextFinder$Finder@3b84f326
      THIS = class java.lang.Class@69e308c6
      parentContextClassLoader = class jdk.internal.loader.ClassLoaders$AppClassLoader@512ddf17
      parent = class jdk.internal.loader.ClassLoaders$AppClassLoader@512ddf17
      name = null
      unnamedModule = class java.lang.Module@2ad4fc5f
      nameAndId = "org.eclipse.osgi.internal.framework.ContextFinder @4d6f623d"
      parallelLockMap = null
      package2certs = class java.util.Hashtable@161b909d
      nocerts = class java.security.cert.Certificate[0]
      classes = class java.util.Vector@59b06333
      defaultDomain = class java.security.ProtectionDomain@21848022
      packages = class java.util.concurrent.ConcurrentHashMap@3d054af7
      scl = class jdk.internal.loader.ClassLoaders$AppClassLoader@512ddf17
      usr_paths = class java.lang.String[6]
      sys_paths = class java.lang.String[1]
      loadedLibraryNames = class java.util.HashSet@28a3f686
      systemNativeLibraries = class java.util.concurrent.ConcurrentHashMap@3fe65397
      nativeLibraries = null
      assertionLock = class org.eclipse.osgi.internal.framework.ContextFinder@4d6f623d
      defaultAssertionStatus = false
      packageAssertionStatus = null
      classAssertionStatus = null
      classLoaderValueMap = class java.util.concurrent.ConcurrentHashMap@4d91ebe3
      $assertionsDisabled = true
    serialVersionUID = -3600085245630848128
  handler = class java.util.concurrent.ThreadPoolExecutor$AbortPolicy@586d0826
  keepAliveTime = 10000000
  allowCoreThreadTimeOut = false
  corePoolSize = 1
  maximumPoolSize = 2147483647
  defaultHandler = class java.util.concurrent.ThreadPoolExecutor$AbortPolicy@586d0826
  shutdownPerm = class java.lang.RuntimePermission@172d8e61
    serialVersionUID = 7399184964622342223
    serialVersionUID = 6279438298436773498
    wildcard = false
    path = "modifyThread"
    exitVM = false
    serialVersionUID = -5636570222231596674
    name = "modifyThread"
  ONLY_ONE = true
  $assertionsDisabled = true

