------Start of DE processing------ = [18/12/18 22:36:29:673 CET]
Exception = org.jboss.weld.exceptions.DefinitionException
Source = com.ibm.ws.container.service.state.internal.ApplicationStateManager
probeid = 31
Stack Dump = org.jboss.weld.exceptions.DefinitionException: WELD-000075: Normal scoped managed bean implementation class has a public field:  [EnhancedAnnotatedFieldImpl] public net.wasdev.reg.Attendees.attendees
	at org.jboss.weld.bean.ManagedBean.checkBeanImplementation(ManagedBean.java:231)
	at org.jboss.weld.bean.AbstractClassBean.internalInitialize(AbstractClassBean.java:74)
	at org.jboss.weld.bean.ManagedBean.internalInitialize(ManagedBean.java:105)
	at org.jboss.weld.bean.RIBean.initialize(RIBean.java:69)
	at org.jboss.weld.bootstrap.ConcurrentBeanDeployer$4.doWork(ConcurrentBeanDeployer.java:96)
	at org.jboss.weld.bootstrap.ConcurrentBeanDeployer$4.doWork(ConcurrentBeanDeployer.java:93)
	at org.jboss.weld.executor.IterativeWorkerTaskFactory$1.call(IterativeWorkerTaskFactory.java:62)
	at org.jboss.weld.executor.IterativeWorkerTaskFactory$1.call(IterativeWorkerTaskFactory.java:55)
	at com.ibm.ws.threading.internal.PolicyTaskFutureImpl.run(PolicyTaskFutureImpl.java:692)
	at com.ibm.ws.threading.internal.PolicyExecutorImpl.runTask(PolicyExecutorImpl.java:1128)
	at com.ibm.ws.threading.internal.PolicyExecutorImpl$GlobalPoolTask.run(PolicyExecutorImpl.java:186)
	at java.base/java.util.concurrent.ThreadPoolExecutor.runWorker(ThreadPoolExecutor.java:1128)
	at java.base/java.util.concurrent.ThreadPoolExecutor$Worker.run(ThreadPoolExecutor.java:628)
	at java.base/java.lang.Thread.run(Thread.java:834)

Dump of callerThis
Object type = com.ibm.ws.container.service.state.internal.ApplicationStateManager
  serialVersionUID = -6685368059484454124
  $$$tc$$$ = class com.ibm.websphere.ras.TraceComponent@4aa3917e
    strings[0] = "TraceComponent[com.ibm.ws.container.service.state.internal.ApplicationStateManager,class com.ibm.ws.container.service.state.internal.ApplicationStateManager,[Runtime],,null]"
  listeners = class com.ibm.wsspi.kernel.service.utils.ConcurrentServiceReferenceSet@455006cb
    referenceName = "applicationStateListeners"
    contextRef = class java.util.concurrent.atomic.AtomicReference@7b298176
      serialVersionUID = -1848883965231344442
      VALUE = class java.lang.invoke.VarHandleObjects$FieldInstanceReadWrite@553a445d
      value = class org.apache.felix.scr.impl.manager.ComponentContextImpl@37e7800f
    elementMap = class java.util.LinkedHashMap@301b36de
      serialVersionUID = 3801124242820219131
      head = class java.util.LinkedHashMap$Entry@7b6c067
      tail = class java.util.LinkedHashMap$Entry@3023c3d6
      accessOrder = false
      serialVersionUID = 362498820763181265
      DEFAULT_INITIAL_CAPACITY = 16
      MAXIMUM_CAPACITY = 1073741824
      DEFAULT_LOAD_FACTOR = 0.75
      TREEIFY_THRESHOLD = 8
      UNTREEIFY_THRESHOLD = 6
      MIN_TREEIFY_CAPACITY = 64
      table = class java.util.HashMap$Node[16]
      entrySet = null
      size = 10
      modCount = 14
      threshold = 12
      loadFactor = 0.75
      keySet = null
      values = null
    elementSet = class java.util.concurrent.ConcurrentSkipListSet@4295e0a0
      serialVersionUID = -2479143111061671589
      m = class java.util.concurrent.ConcurrentSkipListMap@5cb7d104
      MAX_ARRAY_SIZE = 2147483639
    elementSetUnsorted = false
    serialVersionUID = 756240983881166148
    $$$tc$$$ = class com.ibm.websphere.ras.TraceComponent@526ed74a
      strings[0] = "TraceComponent[com.ibm.wsspi.kernel.service.utils.ConcurrentServiceReferenceSet,class com.ibm.wsspi.kernel.service.utils.ConcurrentServiceReferenceSet,[kernelUtils],com.ibm.ws.kernel.service.utils.resources.ServiceMessages,null]"
  serialVersionUID = 2284273176985484160
  $$$tc$$$ = class com.ibm.websphere.ras.TraceComponent@169ead47
    strings[0] = "TraceComponent[com.ibm.ws.container.service.state.internal.StateChangeManager,class com.ibm.ws.container.service.state.internal.StateChangeManager,[Runtime],,null]"

Dump of objectArray[0]
Object type = com.ibm.ws.container.service.app.deploy.internal.ApplicationInfoImpl
  appName = "RegistrationAppWeb"
  appMetaData = class com.ibm.ws.container.service.app.deploy.internal.ApplicationMetaDataImpl@602438c8
    j2eeName = class com.ibm.ws.container.service.metadata.internal.J2EENameImpl@6235705a
      serialVersionUID = 7488184044073147667
      application = "RegistrationAppWeb"
      module = null
      component = null
      string = "RegistrationAppWeb"
      j2eeNameBytes = null
      $$$tc$$$ = class com.ibm.websphere.ras.TraceComponent@3263b92a
    serialVersionUID = -7906531148367236579
    $$$tc$$$ = class com.ibm.websphere.ras.TraceComponent@5f44ae33
      strings[0] = "TraceComponent[com.ibm.ws.container.service.app.deploy.internal.ApplicationMetaDataImpl,class com.ibm.ws.container.service.app.deploy.internal.ApplicationMetaDataImpl,[container.service],com.ibm.ws.container.service.resources.Messages,null]"
    tc = class com.ibm.websphere.ras.TraceComponent@6f58167f
      strings[0] = "TraceComponent[com.ibm.ws.runtime.metadata.MetaDataImpl,class com.ibm.ws.runtime.metadata.MetaDataImpl,[Runtime],null,null]"
    NUM_STATIC_SLOTS = 4
    ID_UNINITIALIZED = -1
    id = 0
    metaDataInterface = class java.lang.Class@4cf148a1
      ANNOTATION = 8192
      ENUM = 16384
      SYNTHETIC = 4096
      cachedConstructor = null
      newInstanceCallerCache = null
      name = "com.ibm.ws.runtime.metadata.ApplicationMetaData"
      module = class java.lang.Module@7d85d523
      packageName = "com.ibm.ws.runtime.metadata"
      componentType = {} /* array length = 0 */
      allPermDomain = class java.security.ProtectionDomain@4648c80b
      reflectionData = null
      classRedefinedCount = 0
      genericInfo = null
      EMPTY_CLASS_ARRAY = class java.lang.Class[0]
      serialVersionUID = 3206093459760846163
      serialPersistentFields = class java.io.ObjectStreamField[0]
      reflectionFactory = class jdk.internal.reflect.ReflectionFactory@4a8a06f6
      enumConstants = null
      enumConstantDirectory = null
      annotationData = null
      annotationType = null
      classValueMap = null
    staticSlots = class java.lang.Object[4]
      Object[0] = class com.ibm.ws.injectionengine.osgi.internal.OSGiInjectionScopeData@19910dff
      Object[1] = null
      Object[2] = null
      Object[3] = null
    dynamicSlots = class java.lang.Object[4]
      Object[0] = null
      Object[1] = class com.ibm.ws.cdi.impl.weld.WebSphereCDIDeploymentImpl@69676444
      Object[2] = "RegistrationAppWeb"
      Object[3] = null
  appContainer = class com.ibm.ws.adaptable.module.internal.AdaptableContainerImpl@691026c2
    root = class com.ibm.ws.adaptable.module.internal.AdaptableContainerImpl@691026c2
    rootOverlay = class com.ibm.ws.artifact.overlay.internal.DirectoryBasedOverlayContainerImpl@660c0eb0
      base = class com.ibm.ws.artifact.loose.internal.LooseArchive@7df32775
      maskSet = class java.util.HashSet@6754338b
      cfHolder = class com.ibm.ws.artifact.overlay.internal.OverlayContainerFactoryImpl@5f9793a
      fileOverlayContainer = class com.ibm.ws.artifact.file.internal.FileContainer@433c07ed
      overlayDirectory = class java.io.File@598ae44f
      cacheDirForOverlay = class java.io.File@3d26b884
      overlayNotifier = class com.ibm.ws.artifact.overlay.internal.DirectoryBasedOverlayNotifier@21691cfa
      enclosingContainer = null
      entryInEnclosingContainer = null
      nestedOverlays = class java.util.concurrent.ConcurrentHashMap@7ba80cc0
      cacheStore = class com.ibm.ws.artifact.overlay.internal.OverlayCache@58887f37
      parentOverlay = null
      isPassThroughMode = true
      serialVersionUID = -1690795617118238166
      $$$tc$$$ = class com.ibm.websphere.ras.TraceComponent@6d2a536c
    factoryHolder = class com.ibm.ws.adaptable.module.internal.AdaptableModuleFactoryImpl@27af88c1
      adapterFactoryService = class com.ibm.ws.adaptable.module.internal.AdapterFactoryServiceImpl@5ef5bac4
      containerFactory = class com.ibm.ws.artifact.internal.ArtifactContainerFactoryService@6c1e368f
      overlayContainerFactory = class com.ibm.ws.artifact.overlay.internal.OverlayContainerFactoryImpl@5f9793a
      serialVersionUID = 4200251809856292987
      $$$tc$$$ = class com.ibm.websphere.ras.TraceComponent@7643c46e
    delegate = class com.ibm.ws.artifact.overlay.internal.DirectoryBasedOverlayContainerImpl@660c0eb0
    notifier = class com.ibm.ws.adaptable.module.internal.NotifierImpl@10febf79
      root = class com.ibm.ws.adaptable.module.internal.AdaptableContainerImpl@691026c2
      delegateNotifier = class com.ibm.ws.artifact.overlay.internal.DirectoryBasedOverlayNotifier@21691cfa
      delegateRoot = class com.ibm.ws.artifact.overlay.internal.DirectoryBasedOverlayContainerImpl@660c0eb0
      listenerDelegates = class java.util.HashMap@67350fa
      serialVersionUID = 6839382523957017880
      $$$tc$$$ = class com.ibm.websphere.ras.TraceComponent@b8532bb
    serialVersionUID = -5621513278641113667
    $$$tc$$$ = class com.ibm.websphere.ras.TraceComponent@263b8ef9
      strings[0] = "TraceComponent[com.ibm.ws.adaptable.module.internal.AdaptableContainerImpl,class com.ibm.ws.adaptable.module.internal.AdaptableContainerImpl,[archive.adaptable],,null]"
  configHelper = class com.ibm.ws.app.manager.module.ApplicationNestedConfigHelper@63ca8588
    appInfo = class com.ibm.ws.app.manager.internal.ApplicationInstallInfo@46327ea6
    serialVersionUID = -3174031738676705046
    $$$tc$$$ = class com.ibm.websphere.ras.TraceComponent@47a9a8a9
      strings[0] = "TraceComponent[com.ibm.ws.app.manager.module.ApplicationNestedConfigHelper,class com.ibm.ws.app.manager.module.ApplicationNestedConfigHelper,[applications, app.manager],,null]"
  applicationInformation = class com.ibm.ws.app.manager.internal.ApplicationInstallInfo@46327ea6
    _config = class com.ibm.ws.app.manager.internal.ApplicationConfig@45ec348e
      tc = class com.ibm.websphere.ras.TraceComponent@7f7bf81d
      _configPid = "com.ibm.ws.app.manager_65"
      _config = class com.ibm.ws.config.admin.ConfigurationDictionary@20996e92
      _applicationManager = class com.ibm.ws.app.manager.ApplicationManager@1a97b558
      _location = "RegistrationAppWeb.war"
      _type = "war"
      _name = "RegistrationAppWeb"
      _notificationBroadcasterSupport = class javax.management.NotificationBroadcasterSupport@187814c4
      ONE_TIME_JANDEX_MSGS_DISPLAYED = true
    _handlerInfo = class java.util.concurrent.atomic.AtomicReference@4313db0d
      serialVersionUID = -1848883965231344442
      VALUE = class java.lang.invoke.VarHandleObjects$FieldInstanceReadWrite@553a445d
      value = class com.ibm.ws.app.manager.war.internal.WARDeployedAppInfo@56ae50f5
    _container = class java.util.concurrent.atomic.AtomicReference@1821ba2e
      serialVersionUID = -1848883965231344442
      VALUE = class java.lang.invoke.VarHandleObjects$FieldInstanceReadWrite@553a445d
      value = class com.ibm.ws.adaptable.module.internal.AdaptableContainerImpl@691026c2
    _resolvedLocation = class java.util.concurrent.atomic.AtomicReference@7dc1db24
      serialVersionUID = -1848883965231344442
      VALUE = class java.lang.invoke.VarHandleObjects$FieldInstanceReadWrite@553a445d
      value = class com.ibm.ws.kernel.service.location.internal.LocalFileResource@4aef06cb
    _handler = class com.ibm.ws.app.manager.war.internal.WARApplicationHandlerImpl@592dd856
      futureMonitor = class com.ibm.ws.threading.internal.FutureMonitorImpl@6d68948c
      deployedAppFactory = class com.ibm.ws.app.manager.war.internal.WARDeployedAppInfoFactoryImpl@1c90c792
      serialVersionUID = 4622845147410944782
      $$$tc$$$ = class com.ibm.websphere.ras.TraceComponent@bfecb5
    _ami = class java.util.concurrent.atomic.AtomicReference@43bbbcd
      serialVersionUID = -1848883965231344442
      VALUE = class java.lang.invoke.VarHandleObjects$FieldInstanceReadWrite@553a445d
      value = class com.ibm.wsspi.application.handler.DefaultApplicationMonitoringInformation@7d6b24e8
    _updateHandler = class com.ibm.ws.app.manager.internal.statemachine.ApplicationStateMachineImpl@115e81ae
      _tc = class com.ibm.websphere.ras.TraceComponent@4aa9dd53
      EMPTY_FUTURE_ARRAY = interface java.util.concurrent.Future[0]
      asmSequenceNumber = class java.util.concurrent.atomic.AtomicLong@6a41a793
      _qscaCounter = class java.util.concurrent.atomic.AtomicInteger@77764e1a
      _failedThrowable = null
      _interruptibleLock = class com.ibm.ws.app.manager.internal.statemachine.ApplicationStateMachineImpl$2@3988c967
      _interruptible = false
      _performingQueuedActions = true
      _queuedActions = class java.util.concurrent.ConcurrentLinkedQueue@2867c55c
      _callbackState = class java.util.concurrent.atomic.AtomicReference@4f7d82fc
      blockAppStartingFutures = class java.util.Collections$SetFromMap@a3e1397
      waitingForAppHandlerFuture = class java.util.concurrent.atomic.AtomicReference@75822046
      waitingForExplicitStartFuture = class java.util.concurrent.atomic.AtomicReference@63d9468f
      completionListener = class java.util.concurrent.atomic.AtomicReference@4010426a
      _notifyAppStopped = class java.util.concurrent.ConcurrentLinkedQueue@3a485354
      _notifyAppStarting = class java.util.concurrent.ConcurrentLinkedQueue@5eacc44b
      _notifyAppInstallCalled = class java.util.concurrent.ConcurrentLinkedQueue@77e81c2f
      _notifyAppStarted = class java.util.concurrent.ConcurrentLinkedQueue@35a913aa
      _notifyAppRemoved = class java.util.concurrent.ConcurrentLinkedQueue@4d0324b8
      _stateLock = class com.ibm.ws.app.manager.internal.statemachine.ApplicationStateMachineImpl$3@75b52fcf
      _internalState = class java.util.concurrent.atomic.AtomicReference@420b5c32
      _currentAction = class java.util.concurrent.atomic.AtomicReference@3fc2239a
      _rfa = class java.util.concurrent.atomic.AtomicReference@6b30f63e
      _appInstallInfo = class java.util.concurrent.atomic.AtomicReference@37a767c0
      _update = class java.util.concurrent.atomic.AtomicBoolean@2f5547ca
      _appConfig = class java.util.concurrent.atomic.AtomicReference@1256f49
      _nextAppConfig = class java.util.concurrent.atomic.AtomicReference@6d48f855
      _appContainer = class java.util.concurrent.atomic.AtomicReference@61dd0b5b
      _resolvedLocation = class java.util.concurrent.atomic.AtomicReference@64337bbd
      _handler = class java.util.concurrent.atomic.AtomicReference@4ec61f55
      _asmSeqNo = 0
      _ctx = class org.eclipse.osgi.internal.framework.BundleContextImpl@5db2b2d0
      _locAdmin = class com.ibm.ws.kernel.service.location.internal.WsLocationAdminImpl@6466cc88
      _futureMonitor = class com.ibm.ws.threading.internal.FutureMonitorImpl@6d68948c
      _artifactFactory = class com.ibm.ws.artifact.internal.ArtifactContainerFactoryService@6c1e368f
      _moduleFactory = class com.ibm.ws.adaptable.module.internal.AdaptableModuleFactoryImpl@27af88c1
      _executorService = class com.ibm.ws.threading.internal.ExecutorServiceImpl@12f9f40f
      _scheduledExecutorService = class com.ibm.ws.threading.internal.ScheduledExecutorImpl@6cbb6db2
      _asmHelper = class com.ibm.ws.app.manager.internal.ApplicationConfigurator$NamedApplication@7bc4c04c
      _appMonitor = class com.ibm.ws.app.manager.internal.monitor.ApplicationMonitor@3eebfe21
      enterStateCalled = class java.util.concurrent.atomic.AtomicBoolean@178ed184
      serialVersionUID = -1399093980790866556
      serialVersionUID = 5501066335104962649
      $$$tc$$$ = class com.ibm.websphere.ras.TraceComponent@528efffc
    serialVersionUID = 2630639237123415755
    $$$tc$$$ = class com.ibm.websphere.ras.TraceComponent@76af00d5
      strings[0] = "TraceComponent[com.ibm.ws.app.manager.internal.ApplicationInstallInfo,class com.ibm.ws.app.manager.internal.ApplicationInstallInfo,[applications, app.manager],com.ibm.ws.app.manager.internal.resources.AppManagerMessages,null]"
  serialVersionUID = -505303337196743781
  $$$tc$$$ = class com.ibm.websphere.ras.TraceComponent@204a6536
    strings[0] = "TraceComponent[com.ibm.ws.container.service.app.deploy.internal.ApplicationInfoImpl,class com.ibm.ws.container.service.app.deploy.internal.ApplicationInfoImpl,[container.service],com.ibm.ws.container.service.resources.Messages,null]"

