------Start of DE processing------ = [18/12/18 22:36:29:703 CET]
Exception = com.ibm.ws.container.service.state.StateChangeException
Source = com.ibm.ws.app.manager.module.internal.DeployedAppInfoBase
probeid = 384
Stack Dump = com.ibm.ws.container.service.state.StateChangeException: org.jboss.weld.exceptions.DefinitionException: WELD-000075: Normal scoped managed bean implementation class has a public field:  [EnhancedAnnotatedFieldImpl] public net.wasdev.reg.Attendees.attendees
	at com.ibm.ws.container.service.state.internal.ApplicationStateManager.fireStarting(ApplicationStateManager.java:32)
	at com.ibm.ws.container.service.state.internal.StateChangeServiceImpl.fireApplicationStarting(StateChangeServiceImpl.java:50)
	at com.ibm.ws.app.manager.module.internal.DeployedAppInfoBase.preDeployApp(DeployedAppInfoBase.java:383)
	at com.ibm.ws.app.manager.module.internal.DeployedAppInfoBase.deployApp(DeployedAppInfoBase.java:412)
	at com.ibm.ws.app.manager.war.internal.WARApplicationHandlerImpl.install(WARApplicationHandlerImpl.java:65)
	at com.ibm.ws.app.manager.internal.statemachine.StartAction.execute(StartAction.java:140)
	at com.ibm.ws.app.manager.internal.statemachine.ApplicationStateMachineImpl.enterState(ApplicationStateMachineImpl.java:1258)
	at com.ibm.ws.app.manager.internal.statemachine.ApplicationStateMachineImpl.run(ApplicationStateMachineImpl.java:873)
	at com.ibm.ws.threading.internal.ExecutorServiceImpl$RunnableWrapper.run(ExecutorServiceImpl.java:232)
	at java.base/java.util.concurrent.ThreadPoolExecutor.runWorker(ThreadPoolExecutor.java:1128)
	at java.base/java.util.concurrent.ThreadPoolExecutor$Worker.run(ThreadPoolExecutor.java:628)
	at java.base/java.lang.Thread.run(Thread.java:834)
Caused by: org.jboss.weld.exceptions.DefinitionException: WELD-000075: Normal scoped managed bean implementation class has a public field:  [EnhancedAnnotatedFieldImpl] public net.wasdev.reg.Attendees.attendees
	at org.jboss.weld.bean.ManagedBean.checkBeanImplementation(ManagedBean.java:231)
	at org.jboss.weld.bean.AbstractClassBean.internalInitialize(AbstractClassBean.java:74)
	at org.jboss.weld.bean.ManagedBean.internalInitialize(ManagedBean.java:105)
	at org.jboss.weld.bean.RIBean.initialize(RIBean.java:69)
	at org.jboss.weld.bootstrap.ConcurrentBeanDeployer$4.doWork(ConcurrentBeanDeployer.java:96)
	at org.jboss.weld.bootstrap.ConcurrentBeanDeployer$4.doWork(ConcurrentBeanDeployer.java:93)
	at org.jboss.weld.executor.IterativeWorkerTaskFactory$1.call(IterativeWorkerTaskFactory.java:62)
	at org.jboss.weld.executor.IterativeWorkerTaskFactory$1.call(IterativeWorkerTaskFactory.java:55)
	at com.ibm.ws.threading.internal.PolicyTaskFutureImpl.run(PolicyTaskFutureImpl.java:692)
	at com.ibm.ws.threading.internal.PolicyExecutorImpl.runTask(PolicyExecutorImpl.java:1128)
	at com.ibm.ws.threading.internal.PolicyExecutorImpl$GlobalPoolTask.run(PolicyExecutorImpl.java:186)
	... 3 more

Dump of callerThis
Object type = com.ibm.ws.app.manager.war.internal.WARDeployedAppInfo
  CONTEXT_ROOT = "context-root"
  webModuleHandler = class com.ibm.ws.app.manager.web.internal.WebModuleHandlerImpl@65b1f928
    serialVersionUID = 4795602325763828210
    $$$tc$$$ = class com.ibm.websphere.ras.TraceComponent@4d03ebe9
      strings[0] = "TraceComponent[com.ibm.ws.app.manager.web.internal.WebModuleHandlerImpl,class com.ibm.ws.app.manager.web.internal.WebModuleHandlerImpl,[webcontainer, applications, app.manager],com.ibm.ws.app.manager.war.internal.resources.Messages,null]"
    futureMonitor = class com.ibm.ws.threading.internal.FutureMonitorImpl@6d68948c
    metaDataService = class com.ibm.ws.container.service.metadata.internal.MetaDataServiceImpl@447a5052
    stateChangeService = class com.ibm.ws.container.service.state.internal.StateChangeServiceImpl@4b891c98
    moduleRuntimeContainer = class com.ibm.ws.webcontainer.osgi.WebContainer@3f83f8c1
      tc = class com.ibm.websphere.ras.TraceComponent@b50d2f4
      CLASS_NAME = "com.ibm.ws.webcontainer.osgi.WebContainer"
      initialized = true
      eventService = class com.ibm.ws.event.internal.EventEngineImpl@e1c17e0
      futureMonitor = class com.ibm.ws.threading.internal.FutureMonitorImpl@6d68948c
      classLoadingSRRef = class com.ibm.wsspi.kernel.service.utils.AtomicServiceReference@314c8755
      sessionHelperSRRef = class com.ibm.wsspi.kernel.service.utils.AtomicServiceReference@63cc3fb0
      cacheManagerSRRef = class com.ibm.wsspi.kernel.service.utils.AtomicServiceReference@5d67877f
      injectionEngineSRRef = class com.ibm.wsspi.kernel.service.utils.AtomicServiceReference@33aa3824
      managedObjectServiceSRRef = class com.ibm.wsspi.kernel.service.utils.AtomicServiceReference@6609672b
      backgroundWebAppStartFutures = class com.ibm.ws.webcontainer.util.OneTimeUseArrayList@643af5e5
      REFERENCE_WEB_MBEAN_RUNTIME = "webMBeanRuntime"
      webMBeanRuntimeServiceRef = class com.ibm.wsspi.kernel.service.utils.AtomicServiceReference@507ca62
      servletContainerInitializers = class com.ibm.wsspi.kernel.service.utils.ConcurrentServiceReferenceSet@670ea9fe
      es = class com.ibm.ws.threading.internal.ExecutorServiceImpl@12f9f40f
      locationServiceRef = class java.util.concurrent.atomic.AtomicReference@4a93ba0b
      transferContextServiceRef = class com.ibm.wsspi.kernel.service.utils.ConcurrentServiceReferenceSet@7935fb61
      encodingServiceRef = class java.util.concurrent.atomic.AtomicReference@42da7aff
      instance = class java.util.concurrent.atomic.AtomicReference@50097a03
      vhostManager = class com.ibm.ws.webcontainer.osgi.DynamicVirtualHostManager@79dd1eb
      metaDataService = class com.ibm.ws.container.service.metadata.internal.MetaDataServiceImpl@447a5052
      j2eeNameFactory = class com.ibm.ws.container.service.metadata.internal.J2EENameFactoryImpl@51a5dc8a
      context = class org.apache.felix.scr.impl.manager.ComponentContextImpl@40b959c3
      contextRoots = class java.util.Collections$SynchronizedSet@5b7beab5
      pendingContextRoots = class java.util.HashMap@32007ab8
      deployedModuleMap = class java.util.concurrent.ConcurrentHashMap@4d3eb1fe
      connContextPool = class com.ibm.ws.webcontainer40.osgi.srt.factory.SRTConnectionContextPool40Impl@47c38edb
      DEFAULT_PORT = "*"
      DEFAULT_VHOST_NAME = "default_host"
      cachedServerInfo = null
      lock = class com.ibm.ws.webcontainer.osgi.WebContainer$1@4369fad4
      webAppFactory = class com.ibm.ws.webcontainer40.osgi.webapp.factory.WebAppFactory40Impl@728d9dbb
      requestFactory = class com.ibm.ws.webcontainer40.osgi.response.factory.IRequestResponseFactory40Impl@4a846355
      responseFactory = class com.ibm.ws.webcontainer40.osgi.response.factory.IRequestResponseFactory40Impl@4a846355
      asyncContextFactory = class com.ibm.ws.webcontainer40.async.factory.AsyncContextFactory40Impl@11ea9988
      DEFAULT_MAX_VERSION = 30
      versionRef = class org.eclipse.osgi.internal.serviceregistry.ServiceReferenceImpl@1d597e3b
      serverStopping = class com.ibm.ws.staticvalue.StaticValue$FinalSingleton@327586e
      modulesStarting = 0
      uriMatcherFactory = class com.ibm.wsspi.webcontainer40.util.factory.URIMatcherFactory40Impl@6a500d94
      SPEC_LEVEL_UNLOADED = -1
      SPEC_LEVEL_30 = 30
      SPEC_LEVEL_31 = 31
      SPEC_LEVEL_40 = 40
      DEFAULT_SPEC_LEVEL = 30
      loadedContainerSpecLevel = 40
      ISO = "ISO-8859-1"
      encoding = "UTF-8"
      decode = true
      wcconfig = class com.ibm.ws.webcontainer.osgi.WebContainerConfiguration@794df4f4
      applicationListeners = class java.util.ArrayList@4090379b
      servletListeners = class java.util.ArrayList@2ac6aeb0
      servletErrorListeners = class java.util.ArrayList@1ab973f0
      servletInvocationListeners = class java.util.ArrayList@c45ce07
      filterInvocationListeners = class java.util.ArrayList@4da80cfb
      filterErrorListeners = class java.util.ArrayList@520488d0
      filterListeners = class java.util.ArrayList@3f34793
      servletRequestListeners = class java.util.ArrayList@21e4841c
      servletRequestAttributeListeners = class java.util.ArrayList@2ca69b0f
      servletContextListeners = class java.util.ArrayList@5a12c443
      servletContextAttributeListeners = class java.util.ArrayList@4344df4d
      sessionListeners = class java.util.ArrayList@4685675d
      sessionIdListeners = class java.util.ArrayList@5e63e261
      sessionAttributeListeners = class java.util.ArrayList@129f0532
      DEFAULT_HOST = "default_host"
      _initialized = true
      logger = class com.ibm.ws.logging.internal.WsLogger@77c41e9b
      CLASS_NAME = "com.ibm.ws.webcontainer.internal.WebContainer"
      nls = class com.ibm.ejs.ras.TraceNLS@1a9620b1
      self = class java.util.concurrent.atomic.AtomicReference@5ba7a968
      _cipherToBit = class java.util.HashMap@317b91bb
      cacheKeyStringBuilder = class com.ibm.ws.util.WSThreadLocal@661c71c9
      listenersInitialized = false
      webConProperties = class java.util.Properties@4da45613
      sessionRegistry = null
      isStopped = false
      readWriteLockForStopping = class java.util.concurrent.locks.ReentrantReadWriteLock@2bae4a26
      urlPrefix = ";jsessionid="
      extensionFactories = class java.util.ArrayList@4635f0a1
      postInitExtensionFactories = null
      httpResponseListeners = class java.util.ArrayList@43a25397
      servletContainerInitializers = class java.util.ServiceLoader@2c59813e
      auditManager = class com.ibm.websphere.security.audit.context.AuditManager@75ff11e9
      threadLocal = class java.lang.ThreadLocal@1ca6470f
      invocationCacheSize = 500
      decodePlusSign = true
      _cacheMap = class java.util.concurrent.ConcurrentHashMap@4dc991e7
      _cacheSize = class java.util.concurrent.atomic.AtomicInteger@2df9b911
      vHostCompatFlag = false
      platformHelper = class com.ibm.ws.webcontainer.PlatformHelper@2084951e
      isDefaultTempDir = true
      tempDir = null
      servletCachingInitNeeded = true
      appInstallBegun = false
      cacheServletWrapperFactory = class com.ibm.ws.webcontainer40.servlet.factory.CacheServletWrapperFactory40Impl@e34303e
      commands = class java.util.ArrayList@f73deb6
      requestMapper = class com.ibm.ws.webcontainer.util.VirtualHostContextRootMapper@6fa2df78
      parent = null
      name = "Was.webcontainer"
      isAlive = true
      subElements = null
      attributes = null
      config = null
      serialVersionUID = -8271459000149267764
      $$$tc$$$ = class com.ibm.websphere.ras.TraceComponent@4ba76658
    firstFailure = null
    serialVersionUID = -4563697739413190872
    $$$tc$$$ = class com.ibm.websphere.ras.TraceComponent@2eec13c8
      strings[0] = "TraceComponent[com.ibm.ws.app.manager.module.internal.ModuleHandlerBase,class com.ibm.ws.app.manager.module.internal.ModuleHandlerBase,[applications, app.manager],,null]"
  webContainerModuleInfo = class com.ibm.ws.app.manager.module.internal.SimpleDeployedAppInfoBase$WebModuleContainerInfo@3a1ed4a6
    contextRoot = null
    defaultContextRoot = "RegistrationAppWeb"
    serialVersionUID = -8158961796913348204
    $$$tc$$$ = class com.ibm.websphere.ras.TraceComponent@1c685481
      strings[0] = "TraceComponent[com.ibm.ws.app.manager.module.internal.SimpleDeployedAppInfoBase$WebModuleContainerInfo,class com.ibm.ws.app.manager.module.internal.SimpleDeployedAppInfoBase$WebModuleContainerInfo,[applications, app.manager],,null]"
    moduleHandler = class com.ibm.ws.app.manager.web.internal.WebModuleHandlerImpl@65b1f928
    moduleMetaDataExtenders = class java.util.concurrent.CopyOnWriteArrayList@565bd492
      serialVersionUID = 8673264195747942595
      lock = class java.lang.Object@67530e83
      array = class java.lang.Object[3]
    nestedModuleMetaDataFactories = class java.util.concurrent.CopyOnWriteArrayList@3848305f
      serialVersionUID = 8673264195747942595
      lock = class java.lang.Object@7c5201e4
      array = class java.lang.Object[1]
    nestedModules = null
    moduleName = "RegistrationAppWeb"
    moduleDD = class com.ibm.ws.javaee.ddmodel.web.common.WebAppType@7d3ffeef
      version = class com.ibm.ws.javaee.ddmodel.TokenType@4dbc78ac
      metadata_complete = null
      module_name = null
      absolute_ordering = null
      serialVersionUID = 4092807504738198665
      $$$tc$$$ = class com.ibm.websphere.ras.TraceComponent@b7349a0
      description = null
      display_name = null
      icon = null
      distributable = null
      context_param = null
      filter = null
      filter_mapping = null
      listener = null
      servlet = null
      servlet_mapping = null
      session_config = null
      mime_mapping = null
      welcome_file_list = null
      error_page = null
      jsp_config = null
      security_constraint = null
      deny_uncovered_http_methods = null
      login_config = null
      security_role = null
      message_destination = null
      locale_encoding_mapping_list = null
      default_context_path = null
      request_encoding = null
      response_encoding = null
      servletNameToServletMap = null
      filterNameToFilterMap = null
      ejbRefNameToEJBLocalRefMap = null
      ejbRefNameToEJBRefMap = null
      resourceEnvRefNameToResourceEnvRefMap = null
      messageDestinationRefNameToMessageDestinationRefMap = null
      resRefNameToResourceRefMap = null
      envEntryNameToEnvEntryMap = null
      roleNameToSecurityRoleMap = null
      roleLinkToSecurityRoleRefMap = null
      handlerNameToHandlerMap = null
      path = "WEB-INF/web.xml"
      idMap = class com.ibm.ws.javaee.ddmodel.DDParser$ComponentIDMap@678811ad
      serialVersionUID = 5321339975883512588
      $$$tc$$$ = class com.ibm.websphere.ras.TraceComponent@14527120
      post_construct = null
      pre_destroy = null
      serialVersionUID = 1102064201943992836
      $$$tc$$$ = class com.ibm.websphere.ras.TraceComponent@4c9a649e
      env_entry = null
      ejb_ref = null
      ejb_local_ref = null
      resource_ref = null
      resource_env_ref = null
      message_destination_ref = null
      persistence_context_ref = null
      persistence_unit_ref = null
      data_source = null
      jms_connection_factory = null
      jms_destination = null
      mail_session = null
      connection_factory = null
      administered_object = null
      serialVersionUID = 8931982405528922228
      $$$tc$$$ = class com.ibm.websphere.ras.TraceComponent@17498e2f
      service_ref = null
      serialVersionUID = -6199862059825607270
      $$$tc$$$ = class com.ibm.websphere.ras.TraceComponent@368db0a8
      nilled = false
      serialVersionUID = -2826386306561723362
      $$$tc$$$ = class com.ibm.websphere.ras.TraceComponent@37f745d4
    moduleInfo = class com.ibm.ws.app.manager.module.internal.WebModuleInfoImpl@4cc11f7e
      contextRoot = "/RegistrationAppWeb"
      isDefaultContextRootUsed = true
      serialVersionUID = -1540279394520440503
      $$$tc$$$ = class com.ibm.websphere.ras.TraceComponent@359b7798
      tc = class com.ibm.websphere.ras.TraceComponent@58043534
      appInfo = class com.ibm.ws.container.service.app.deploy.internal.ApplicationInfoImpl@7f74d883
      moduleName = "RegistrationAppWeb"
      path = "RegistrationAppWeb.war"
      moduleContainer = class com.ibm.ws.adaptable.module.internal.AdaptableContainerImpl@691026c2
      altDDEntry = null
      moduleClassesContainers = class java.util.ArrayList@4630e290
      classLoaderFactory = class com.ibm.ws.app.manager.war.internal.WARDeployedAppInfo@56ae50f5
      containerInfoType = class com.ibm.ws.container.service.app.deploy.ContainerInfo$Type@4ec7409e
      classLoader = class com.ibm.ws.classloading.internal.AppClassLoader@360b40e5
      moduleMetaData = class com.ibm.ws.webcontainer.osgi.metadata.WebModuleMetaDataImpl@38151d25
      nestedModuleMetaDataTypes = null
      nestedModuleMetaDataValues = null
      serialVersionUID = 3986734351620206554
    serialVersionUID = 8693907776607441911
    $$$tc$$$ = class com.ibm.websphere.ras.TraceComponent@12a51237
      strings[0] = "TraceComponent[com.ibm.ws.app.manager.module.internal.SimpleDeployedAppInfoBase$ModuleContainerInfoBase,class com.ibm.ws.app.manager.module.internal.SimpleDeployedAppInfoBase$ModuleContainerInfoBase,[applications, app.manager],,null]"
    type = class com.ibm.ws.container.service.app.deploy.ContainerInfo$Type@4ec7409e
      MANIFEST_CLASSPATH = class com.ibm.ws.container.service.app.deploy.ContainerInfo$Type@134dbca5
      WEB_INF_CLASSES = class com.ibm.ws.container.service.app.deploy.ContainerInfo$Type@50050697
      WEB_INF_LIB = class com.ibm.ws.container.service.app.deploy.ContainerInfo$Type@3d760136
      EAR_LIB = class com.ibm.ws.container.service.app.deploy.ContainerInfo$Type@2bb8b90a
      WEB_MODULE = class com.ibm.ws.container.service.app.deploy.ContainerInfo$Type@4ec7409e
      EJB_MODULE = class com.ibm.ws.container.service.app.deploy.ContainerInfo$Type@55ee904c
      CLIENT_MODULE = class com.ibm.ws.container.service.app.deploy.ContainerInfo$Type@2da715d8
      RAR_MODULE = class com.ibm.ws.container.service.app.deploy.ContainerInfo$Type@20d5deeb
      JAR_MODULE = class com.ibm.ws.container.service.app.deploy.ContainerInfo$Type@4ecb4312
      SHARED_LIB = class com.ibm.ws.container.service.app.deploy.ContainerInfo$Type@6f86d677
      $VALUES = class com.ibm.ws.container.service.app.deploy.ContainerInfo$Type[10]
      $$$tc$$$ = class com.ibm.websphere.ras.TraceComponent@17169d57
      name = "WEB_MODULE"
      ordinal = 4
    name = "RegistrationAppWeb.war"
    container = class com.ibm.ws.adaptable.module.internal.AdaptableContainerImpl@691026c2
    altDDEntry = null
    classesContainerInfo = class java.util.ArrayList@4630e290
      serialVersionUID = 8683452581122892189
      DEFAULT_CAPACITY = 10
      EMPTY_ELEMENTDATA = class java.lang.Object[0]
      DEFAULTCAPACITY_EMPTY_ELEMENTDATA = class java.lang.Object[0]
      elementData = class java.lang.Object[10]
      size = 2
      MAX_ARRAY_SIZE = 2147483639
      modCount = 3
      MAX_ARRAY_SIZE = 2147483639
    serialVersionUID = 7427332431485745589
    $$$tc$$$ = class com.ibm.websphere.ras.TraceComponent@392f5164
      strings[0] = "TraceComponent[com.ibm.ws.app.manager.module.internal.SimpleDeployedAppInfoBase$ExtendedContainerInfo,class com.ibm.ws.app.manager.module.internal.SimpleDeployedAppInfoBase$ExtendedContainerInfo,[applications, app.manager],,null]"
  DYNAMIC_IMPORT_PACKAGE_LIST = class java.util.Collections$UnmodifiableRandomAccessList@816ba1
    serialVersionUID = -2542308836966382001
    serialVersionUID = -283967356065247728
    list = class java.util.Arrays$ArrayList@354c282
      serialVersionUID = -2764017481108945198
      a = class java.lang.String[1]
      modCount = 0
      MAX_ARRAY_SIZE = 2147483639
    serialVersionUID = 1820017752578914078
    c = class java.util.Arrays$ArrayList@354c282
  serialVersionUID = -6153587016903242961
  $$$tc$$$ = class com.ibm.websphere.ras.TraceComponent@12e5f869
    strings[0] = "TraceComponent[com.ibm.ws.app.manager.war.internal.WARDeployedAppInfo,class com.ibm.ws.app.manager.war.internal.WARDeployedAppInfo,[webcontainer, applications, app.manager],com.ibm.ws.app.manager.war.internal.resources.Messages,null]"
  _tc = class com.ibm.websphere.ras.TraceComponent@6ae6161b
    strings[0] = "TraceComponent[com.ibm.ws.app.manager.module.internal.DeployedAppInfoBase,class com.ibm.ws.app.manager.module.internal.DeployedAppInfoBase,[app.manager],com.ibm.ws.app.manager.module.internal.resources.Messages,null]"
  PERMISSION_XML = "permissions.xml"
  applicationInformation = class com.ibm.ws.app.manager.internal.ApplicationInstallInfo@46327ea6
    _config = class com.ibm.ws.app.manager.internal.ApplicationConfig@45ec348e
      tc = class com.ibm.websphere.ras.TraceComponent@7f7bf81d
      _configPid = "com.ibm.ws.app.manager_65"
      _config = class com.ibm.ws.config.admin.ConfigurationDictionary@20996e92
      _applicationManager = class com.ibm.ws.app.manager.ApplicationManager@1a97b558
      _location = "RegistrationAppWeb.war"
      _type = "war"
      _name = "RegistrationAppWeb"
      _notificationBroadcasterSupport = class javax.management.NotificationBroadcasterSupport@187814c4
      ONE_TIME_JANDEX_MSGS_DISPLAYED = true
    _handlerInfo = class java.util.concurrent.atomic.AtomicReference@4313db0d
      serialVersionUID = -1848883965231344442
      VALUE = class java.lang.invoke.VarHandleObjects$FieldInstanceReadWrite@553a445d
      value = class com.ibm.ws.app.manager.war.internal.WARDeployedAppInfo@56ae50f5
    _container = class java.util.concurrent.atomic.AtomicReference@1821ba2e
      serialVersionUID = -1848883965231344442
      VALUE = class java.lang.invoke.VarHandleObjects$FieldInstanceReadWrite@553a445d
      value = class com.ibm.ws.adaptable.module.internal.AdaptableContainerImpl@691026c2
    _resolvedLocation = class java.util.concurrent.atomic.AtomicReference@7dc1db24
      serialVersionUID = -1848883965231344442
      VALUE = class java.lang.invoke.VarHandleObjects$FieldInstanceReadWrite@553a445d
      value = class com.ibm.ws.kernel.service.location.internal.LocalFileResource@4aef06cb
    _handler = class com.ibm.ws.app.manager.war.internal.WARApplicationHandlerImpl@592dd856
      futureMonitor = class com.ibm.ws.threading.internal.FutureMonitorImpl@6d68948c
      deployedAppFactory = class com.ibm.ws.app.manager.war.internal.WARDeployedAppInfoFactoryImpl@1c90c792
      serialVersionUID = 4622845147410944782
      $$$tc$$$ = class com.ibm.websphere.ras.TraceComponent@bfecb5
    _ami = class java.util.concurrent.atomic.AtomicReference@43bbbcd
      serialVersionUID = -1848883965231344442
      VALUE = class java.lang.invoke.VarHandleObjects$FieldInstanceReadWrite@553a445d
      value = class com.ibm.wsspi.application.handler.DefaultApplicationMonitoringInformation@7d6b24e8
    _updateHandler = class com.ibm.ws.app.manager.internal.statemachine.ApplicationStateMachineImpl@115e81ae
      _tc = class com.ibm.websphere.ras.TraceComponent@4aa9dd53
      EMPTY_FUTURE_ARRAY = interface java.util.concurrent.Future[0]
      asmSequenceNumber = class java.util.concurrent.atomic.AtomicLong@6a41a793
      _qscaCounter = class java.util.concurrent.atomic.AtomicInteger@77764e1a
      _failedThrowable = null
      _interruptibleLock = class com.ibm.ws.app.manager.internal.statemachine.ApplicationStateMachineImpl$2@3988c967
      _interruptible = false
      _performingQueuedActions = true
      _queuedActions = class java.util.concurrent.ConcurrentLinkedQueue@2867c55c
      _callbackState = class java.util.concurrent.atomic.AtomicReference@4f7d82fc
      blockAppStartingFutures = class java.util.Collections$SetFromMap@a3e1397
      waitingForAppHandlerFuture = class java.util.concurrent.atomic.AtomicReference@75822046
      waitingForExplicitStartFuture = class java.util.concurrent.atomic.AtomicReference@63d9468f
      completionListener = class java.util.concurrent.atomic.AtomicReference@4010426a
      _notifyAppStopped = class java.util.concurrent.ConcurrentLinkedQueue@3a485354
      _notifyAppStarting = class java.util.concurrent.ConcurrentLinkedQueue@5eacc44b
      _notifyAppInstallCalled = class java.util.concurrent.ConcurrentLinkedQueue@77e81c2f
      _notifyAppStarted = class java.util.concurrent.ConcurrentLinkedQueue@35a913aa
      _notifyAppRemoved = class java.util.concurrent.ConcurrentLinkedQueue@4d0324b8
      _stateLock = class com.ibm.ws.app.manager.internal.statemachine.ApplicationStateMachineImpl$3@75b52fcf
      _internalState = class java.util.concurrent.atomic.AtomicReference@420b5c32
      _currentAction = class java.util.concurrent.atomic.AtomicReference@3fc2239a
      _rfa = class java.util.concurrent.atomic.AtomicReference@6b30f63e
      _appInstallInfo = class java.util.concurrent.atomic.AtomicReference@37a767c0
      _update = class java.util.concurrent.atomic.AtomicBoolean@2f5547ca
      _appConfig = class java.util.concurrent.atomic.AtomicReference@1256f49
      _nextAppConfig = class java.util.concurrent.atomic.AtomicReference@6d48f855
      _appContainer = class java.util.concurrent.atomic.AtomicReference@61dd0b5b
      _resolvedLocation = class java.util.concurrent.atomic.AtomicReference@64337bbd
      _handler = class java.util.concurrent.atomic.AtomicReference@4ec61f55
      _asmSeqNo = 0
      _ctx = class org.eclipse.osgi.internal.framework.BundleContextImpl@5db2b2d0
      _locAdmin = class com.ibm.ws.kernel.service.location.internal.WsLocationAdminImpl@6466cc88
      _futureMonitor = class com.ibm.ws.threading.internal.FutureMonitorImpl@6d68948c
      _artifactFactory = class com.ibm.ws.artifact.internal.ArtifactContainerFactoryService@6c1e368f
      _moduleFactory = class com.ibm.ws.adaptable.module.internal.AdaptableModuleFactoryImpl@27af88c1
      _executorService = class com.ibm.ws.threading.internal.ExecutorServiceImpl@12f9f40f
      _scheduledExecutorService = class com.ibm.ws.threading.internal.ScheduledExecutorImpl@6cbb6db2
      _asmHelper = class com.ibm.ws.app.manager.internal.ApplicationConfigurator$NamedApplication@7bc4c04c
      _appMonitor = class com.ibm.ws.app.manager.internal.monitor.ApplicationMonitor@3eebfe21
      enterStateCalled = class java.util.concurrent.atomic.AtomicBoolean@178ed184
      serialVersionUID = -1399093980790866556
      serialVersionUID = 5501066335104962649
      $$$tc$$$ = class com.ibm.websphere.ras.TraceComponent@528efffc
    serialVersionUID = 2630639237123415755
    $$$tc$$$ = class com.ibm.websphere.ras.TraceComponent@76af00d5
      strings[0] = "TraceComponent[com.ibm.ws.app.manager.internal.ApplicationInstallInfo,class com.ibm.ws.app.manager.internal.ApplicationInstallInfo,[applications, app.manager],com.ibm.ws.app.manager.internal.resources.AppManagerMessages,null]"
  location = "/Users/kurtrogiers/lab/wlp/usr/servers/defaultServer/apps/RegistrationAppWeb.war.xml"
  classLoadingService = class com.ibm.ws.classloading.internal.ClassLoadingServiceImpl@4ffe5622
    tc = class com.ibm.websphere.ras.TraceComponent@5ffe8736
      strings[0] = "TraceComponent[com.ibm.ws.classloading.internal.ClassLoadingServiceImpl,class com.ibm.ws.classloading.internal.ClassLoadingServiceImpl,[ClassLoadingService],com.ibm.ws.classloading.internal.resources.ClassLoadingServiceMessages,null]"
    leakDetectionMap = class java.util.HashMap@6aeb0568
      serialVersionUID = 362498820763181265
      DEFAULT_INITIAL_CAPACITY = 16
      MAXIMUM_CAPACITY = 1073741824
      DEFAULT_LOAD_FACTOR = 0.75
      TREEIFY_THRESHOLD = 8
      UNTREEIFY_THRESHOLD = 6
      MIN_TREEIFY_CAPACITY = 64
      table = null
      entrySet = null
      size = 0
      modCount = 0
      threshold = 0
      loadFactor = 0.75
      keySet = null
      values = null
    TCCL_LOCK_WAIT = 15000
    REFERENCE_GENERATORS = "generators"
    bundleContext = class org.eclipse.osgi.internal.framework.BundleContextImpl@75301040
    aclStore = class com.ibm.ws.classloading.internal.util.CanonicalStore@5e5aa41a
      map = class java.util.concurrent.ConcurrentHashMap@661b2e98
      q = class com.ibm.ws.classloading.internal.util.RefQueue@49b37c30
      serialVersionUID = 6715157558227169968
      $$$tc$$$ = class com.ibm.websphere.ras.TraceComponent@4902208e
    tcclStore = class com.ibm.ws.classloading.internal.util.CanonicalStore@2a77f1ab
      map = class java.util.concurrent.ConcurrentHashMap@78fc53b8
      q = class com.ibm.ws.classloading.internal.util.RefQueue@56708050
      serialVersionUID = 6715157558227169968
      $$$tc$$$ = class com.ibm.websphere.ras.TraceComponent@4902208e
    tcclStoreLock = class java.util.concurrent.locks.ReentrantLock@7080e3ce
      serialVersionUID = 7373984872572414699
      sync = class java.util.concurrent.locks.ReentrantLock$NonfairSync@6b8a8bf7
    digraph = class org.eclipse.equinox.internal.region.StandardRegionDigraph@42f268f3
      EMPTY_EDGE_SET = class java.util.Collections$UnmodifiableSet@3fd844a5
      monitor = class java.lang.Object@74665b37
      regions = class java.util.HashMap@6b439bb0
      bundleIdToRegionMapping = class org.eclipse.equinox.internal.region.StandardBundleIdToRegionMapping@73d0695e
      edges = class java.util.HashMap@ed0e6ed
      bundleContext = class org.eclipse.osgi.internal.framework.BundleContextImpl@5c089b2f
      threadLocal = class java.lang.ThreadLocal@4829bbe3
      subgraphTraverser = class org.eclipse.equinox.internal.region.SubgraphTraverser@3f40374d
      bundleCollisionHook = class org.eclipse.equinox.internal.region.hook.RegionBundleCollisionHook@4faa2362
      bundleEventHook = class org.eclipse.equinox.internal.region.hook.RegionBundleEventHook@46c453f4
      bundleFindHook = class org.eclipse.equinox.internal.region.hook.RegionBundleFindHook@43370e6c
      serviceEventHook = class org.eclipse.equinox.internal.region.hook.RegionServiceEventHook@7d73a318
      serviceFindHook = class org.eclipse.equinox.internal.region.hook.RegionServiceFindHook@635c3ee7
      resolverHookFactory = class org.eclipse.equinox.internal.region.hook.RegionResolverHookFactory@7639a8b
      origin = null
      originUpdateCount = -1
      updateCount = class java.util.concurrent.atomic.AtomicLong@7cdcb065
      defaultRegion = null
    redefiner = class com.ibm.ws.classloading.internal.util.ClassRedefiner@49837ec3
      tc = class com.ibm.websphere.ras.TraceComponent@1afc1b46
      LS = "
"
      inst = class com.ibm.ws.kernel.launch.internal.TraceInstrumentation@72599997
      serialVersionUID = 2420101865139508526
    listener = class com.ibm.ws.classloading.internal.ClassLoadingServiceImpl$1@5c6c34f1
      this$0 = class com.ibm.ws.classloading.internal.ClassLoadingServiceImpl@4ffe5622
      serialVersionUID = -9159707349812113172
      $$$tc$$$ = class com.ibm.websphere.ras.TraceComponent@466a265d
    classloaders = class java.util.Collections$SynchronizedMap@2b852221
      serialVersionUID = 1978198479659022715
      m = class java.util.HashMap@443d7b39
      mutex = class java.util.Collections$SynchronizedMap@2b852221
      keySet = null
      entrySet = null
      values = null
    resourceProviders = class com.ibm.ws.classloading.internal.CompositeResourceProvider@7a617252
      lockFactory = class java.util.concurrent.locks.ReentrantReadWriteLock@70db3ff9
      providerMap = class com.ibm.ws.classloading.internal.util.MultiMap@3bd139a2
      serialVersionUID = -5576435894946156347
      $$$tc$$$ = class com.ibm.websphere.ras.TraceComponent@48c5e3ff
    rememberedBundles = class java.util.concurrent.ConcurrentHashMap@28c67ebb
      serialVersionUID = 7249069246763182397
      MAXIMUM_CAPACITY = 1073741824
      DEFAULT_CAPACITY = 16
      MAX_ARRAY_SIZE = 2147483639
      DEFAULT_CONCURRENCY_LEVEL = 16
      LOAD_FACTOR = 0.75
      TREEIFY_THRESHOLD = 8
      UNTREEIFY_THRESHOLD = 6
      MIN_TREEIFY_CAPACITY = 64
      MIN_TRANSFER_STRIDE = 16
      RESIZE_STAMP_BITS = 16
      MAX_RESIZERS = 65535
      RESIZE_STAMP_SHIFT = 16
      MOVED = -1
      TREEBIN = -2
      RESERVED = -3
      HASH_BITS = 2147483647
      NCPU = 12
      serialPersistentFields = class java.io.ObjectStreamField[3]
      table = class java.util.concurrent.ConcurrentHashMap$Node[16]
      nextTable = null
      baseCount = 1
      sizeCtl = 12
      transferIndex = 0
      cellsBusy = 0
      counterCells = null
      keySet = null
      values = null
      entrySet = null
      U = class jdk.internal.misc.Unsafe@52206daa
      SIZECTL = 20
      TRANSFERINDEX = 32
      BASECOUNT = 24
      CELLSBUSY = 36
      CELLVALUE = 144
      ABASE = 16
      ASHIFT = 2
      keySet = null
      values = null
    collectedBundles = class java.lang.ref.ReferenceQueue@15b00cee
      NULL = class java.lang.ref.ReferenceQueue$Null@60f1b2f3
      ENQUEUED = class java.lang.ref.ReferenceQueue$Null@399df5f4
      lock = class java.lang.ref.ReferenceQueue$Lock@1391131a
      head = null
      queueLength = 0
      $assertionsDisabled = true
    generatorRefs = class com.ibm.wsspi.kernel.service.utils.ConcurrentServiceReferenceSet@17a6a053
      referenceName = "generators"
      contextRef = class java.util.concurrent.atomic.AtomicReference@77be049a
      elementMap = class java.util.LinkedHashMap@397316db
      elementSet = class java.util.concurrent.ConcurrentSkipListSet@24278760
      elementSetUnsorted = false
      serialVersionUID = 756240983881166148
      $$$tc$$$ = class com.ibm.websphere.ras.TraceComponent@526ed74a
    generatorManager = class com.ibm.ws.classloading.internal.ClassGeneratorManager@66a4b317
      tc = class com.ibm.websphere.ras.TraceComponent@2d938043
      generatorRefs = class com.ibm.wsspi.kernel.service.utils.ConcurrentServiceReferenceSet@17a6a053
      serialVersionUID = 4152663586056483310
    appExtLibs = class java.util.concurrent.CopyOnWriteArrayList@7d8c3ade
      serialVersionUID = 8673264195747942595
      lock = class java.lang.Object@4490e378
      array = class java.lang.Object[0]
    metaInfServicesProviders = class java.util.concurrent.ConcurrentHashMap@684e8efd
      serialVersionUID = 7249069246763182397
      MAXIMUM_CAPACITY = 1073741824
      DEFAULT_CAPACITY = 16
      MAX_ARRAY_SIZE = 2147483639
      DEFAULT_CONCURRENCY_LEVEL = 16
      LOAD_FACTOR = 0.75
      TREEIFY_THRESHOLD = 8
      UNTREEIFY_THRESHOLD = 6
      MIN_TREEIFY_CAPACITY = 64
      MIN_TRANSFER_STRIDE = 16
      RESIZE_STAMP_BITS = 16
      MAX_RESIZERS = 65535
      RESIZE_STAMP_SHIFT = 16
      MOVED = -1
      TREEBIN = -2
      RESERVED = -3
      HASH_BITS = 2147483647
      NCPU = 12
      serialPersistentFields = class java.io.ObjectStreamField[3]
      table = null
      nextTable = null
      baseCount = 0
      sizeCtl = 0
      transferIndex = 0
      cellsBusy = 0
      counterCells = null
      keySet = null
      values = null
      entrySet = null
      U = class jdk.internal.misc.Unsafe@52206daa
      SIZECTL = 20
      TRANSFERINDEX = 32
      BASECOUNT = 24
      CELLSBUSY = 36
      CELLVALUE = 144
      ABASE = 16
      ASHIFT = 2
      keySet = null
      values = null
    metaInfServicesRefs = class com.ibm.wsspi.kernel.service.utils.ConcurrentServiceReferenceMap@4ac80f9f
      referenceName = "MetaInfServicesProvider"
      context = class org.apache.felix.scr.impl.manager.ComponentContextImpl@55870332
      elementMap = class java.util.concurrent.ConcurrentHashMap@2c275fe5
      serialVersionUID = 6980924785166233786
      $$$tc$$$ = class com.ibm.websphere.ras.TraceComponent@68142009
    protectionDomainMap = class java.util.HashMap@93721da
      serialVersionUID = 362498820763181265
      DEFAULT_INITIAL_CAPACITY = 16
      MAXIMUM_CAPACITY = 1073741824
      DEFAULT_LOAD_FACTOR = 0.75
      TREEIFY_THRESHOLD = 8
      UNTREEIFY_THRESHOLD = 6
      MIN_TREEIFY_CAPACITY = 64
      table = null
      entrySet = null
      size = 0
      modCount = 0
      threshold = 0
      loadFactor = 0.75
      keySet = null
      values = null
    metadataIdentifierService = class com.ibm.ws.container.service.metadata.internal.MetaDataServiceImpl@447a5052
    globalSharedLibrary = class java.util.concurrent.atomic.AtomicReference@15f1b0e8
      serialVersionUID = -1848883965231344442
      VALUE = class java.lang.invoke.VarHandleObjects$FieldInstanceReadWrite@553a445d
      value = null
    serialVersionUID = -1838778944052667322
  globalSharedLibrary = class com.ibm.ws.library.internal.SharedLibraryImpl@6b9a3c80
    tc = class com.ibm.websphere.ras.TraceComponent@eb6b0ad
      strings[0] = "TraceComponent[com.ibm.ws.library.internal.SharedLibraryImpl,class com.ibm.ws.library.internal.SharedLibraryImpl,[SharedLibrary],com.ibm.ws.classloading.internal.resources.ClassLoadingServiceMessages,null]"
    EMPTY_LIBRARY_LISTENERS = interface com.ibm.wsspi.library.LibraryChangeListener[0]
    deleted = false
    libraryListenersTracker = class org.osgi.util.tracker.ServiceTracker@49fed5cf
      DEBUG = false
      context = class org.eclipse.osgi.internal.framework.BundleContextImpl@75301040
      filter = class org.eclipse.osgi.internal.framework.FilterImpl@130eaef4
      customizer = class org.osgi.util.tracker.ServiceTracker@49fed5cf
      listenerFilter = "(&(objectClass=com.ibm.wsspi.library.LibraryChangeListener)(|(library=global)(libraryRef=*com.ibm.ws.classloading.sharedlibrary_55*)))"
      trackClass = null
      trackReference = null
      tracked = class org.osgi.util.tracker.ServiceTracker$Tracked@6d19b9fe
      cachedReference = null
      cachedService = null
    libraryReg = class org.eclipse.osgi.internal.serviceregistry.ServiceRegistrationImpl@7088eb3f
      registry = class org.eclipse.osgi.internal.serviceregistry.ServiceRegistry@55a7ff8e
      context = class org.eclipse.osgi.internal.framework.BundleContextImpl@75301040
      bundle = class org.eclipse.osgi.internal.framework.EquinoxBundle@2c5cabb6
      clazzes = class java.lang.String[1]
      service = class com.ibm.ws.library.internal.SharedLibraryImpl@6b9a3c80
      reference = class org.eclipse.osgi.internal.serviceregistry.ServiceReferenceImpl@14e254af
      contextsUsing = class java.util.ArrayList@59b0c529
      properties = class java.util.Collections$UnmodifiableMap@33011a1e
      serviceid = 306
      serviceranking = 2
      registrationLock = class java.lang.Object@3e54716c
      state = 0
      REGISTERED = 0
      UNREGISTERING = 1
      UNREGISTERED = 2
      FRAMEWORK_SET_SERVICE_PROPERTIES_COUNT = 4
      $assertionsDisabled = true
    ctx = class org.eclipse.osgi.internal.framework.BundleContextImpl@75301040
      findHookName = "org.osgi.framework.hooks.bundle.FindHook"
      valid = true
      bundle = class org.eclipse.osgi.internal.framework.EquinoxBundle@2c5cabb6
      container = class org.eclipse.osgi.internal.framework.EquinoxContainer@506b3b6f
      debug = class org.eclipse.osgi.internal.debug.Debug@20b234a9
      servicesInUse = class java.util.HashMap@3f880859
      activator = null
      contextLock = class java.lang.Object@69ec6809
    classLoadingService = class com.ibm.ws.classloading.internal.ClassLoadingServiceImpl@4ffe5622
    configAdmin = class com.ibm.ws.config.admin.internal.ConfigurationAdminImpl@89b8a02
      tc = class com.ibm.websphere.ras.TraceComponent@1e9390aa
      bundle = class org.eclipse.osgi.internal.framework.EquinoxBundle@2c5cabb6
      caFactory = class com.ibm.ws.config.admin.internal.ConfigAdminServiceFactory@3dc9a158
      serialVersionUID = 3160799878770679122
    resolvedBasePath = "/Users/kurtrogiers/lab/wlp/usr/servers/defaultServer/"
    generationLock = class com.ibm.ws.library.internal.SharedLibraryImpl$1@287e2e20
      this$0 = class com.ibm.ws.library.internal.SharedLibraryImpl@6b9a3c80
      serialVersionUID = 2483639803450672373
      $$$tc$$$ = class com.ibm.websphere.ras.TraceComponent@5d20f377
    currentGeneration = class com.ibm.ws.library.internal.LibraryGeneration@58cd8916
      tc = class com.ibm.websphere.ras.TraceComponent@550f87e2
      nextInt = class java.util.concurrent.atomic.AtomicInteger@7eb473aa
      libraryId = "global"
      genId = 2
      libraryProps = class java.util.Hashtable@9fdb90b
      filesetRefs = class java.util.Collections$UnmodifiableRandomAccessList@2edfd4e0
      apiTypeVisibility = class java.util.RegularEnumSet@4262244c
      files = class java.util.Collections$EmptyList@393a3a84
      folders = class java.util.ArrayList@1f163689
      fileAndFolderContainers = class java.util.Collections$EmptyList@393a3a84
      filesets = class java.util.concurrent.ArrayBlockingQueue@7b47f181
      filesetListenerRegs = class java.util.concurrent.ConcurrentLinkedQueue@2b6f42dd
      cancelled = false
      library = class com.ibm.ws.library.internal.SharedLibraryImpl@6b9a3c80
      serialVersionUID = 6965220007121905717
    nextGeneration = class com.ibm.ws.library.internal.LibraryGeneration@58cd8916
    artifactContainerFactory = class com.ibm.ws.library.internal.SharedLibraryFactory$1@67a27f6d
      this$0 = class com.ibm.ws.library.internal.SharedLibraryFactory@417bec67
      serialVersionUID = 7730244564205089330
      $$$tc$$$ = class com.ibm.websphere.ras.TraceComponent@72ddab33
    packageExporter = class com.ibm.ws.library.internal.LibraryPackageExporter@333d2201
      EXPORTER_POSTFIX = "_library_exporter"
      REGION_EXPORT_TO_LIBERTY = "liberty.library.export.to.liberty"
      REGION_EXPORT_TO_OSGI_APPS = "liberty.library.export.to.osgi.app"
      REGION_KERNEL = "org.eclipse.equinox.region.kernel"
      counter = class java.util.concurrent.atomic.AtomicLong@5dce5922
      context = class org.eclipse.osgi.internal.framework.BundleContextImpl@75301040
      digraph = class org.eclipse.equinox.internal.region.StandardRegionDigraph@42f268f3
      bundleToLibrary = class java.util.concurrent.ConcurrentHashMap@7db8dd2c
      libraryToVisibility = class java.util.concurrent.ConcurrentHashMap@54350195
      serialVersionUID = 8074378969667956573
      $$$tc$$$ = class com.ibm.websphere.ras.TraceComponent@7ee8381b
    serialVersionUID = 6288237618632180389
  sharedLibDeploymentInfo = class com.ibm.ws.app.manager.module.internal.DeployedAppInfoBase$SharedLibDeploymentInfo@5ba71657
    bundleContext = class org.eclipse.osgi.internal.framework.BundleContextImpl@780d2015
      findHookName = "org.osgi.framework.hooks.bundle.FindHook"
      valid = true
      bundle = class org.eclipse.osgi.internal.framework.EquinoxBundle@159b182f
      container = class org.eclipse.osgi.internal.framework.EquinoxContainer@506b3b6f
      debug = class org.eclipse.osgi.internal.debug.Debug@20b234a9
      servicesInUse = class java.util.HashMap@6c60859a
      activator = null
      contextLock = class java.lang.Object@590aabc6
    locAdmin = class com.ibm.ws.kernel.service.location.internal.WsLocationAdminImpl@6466cc88
      tc = class com.ibm.websphere.ras.TraceComponent@4ca373fb
      LOC_INTERNAL_LIB_DIR = "wlp.lib.dir"
      LOC_AREA_NAME_APPS = "shared/apps/"
      LOC_AREA_NAME_CONFIG = "shared/config/"
      LOC_AREA_NAME_RESC = "shared/resources/"
      LOC_AREA_NAME_STATE = "logs/state/"
      LOC_AREA_NAME_SERVERS = "servers/"
      LOC_AREA_NAME_CLIENTS = "clients/"
      LOC_AREA_NAME_WORKING = "workarea/"
      LOC_AREA_NAME_EXTENSION = "extension/"
      instance = class com.ibm.ws.staticvalue.StaticValue$FinalSingleton@5e269f95
      installRoot = class com.ibm.ws.kernel.service.location.internal.SymbolicRootResource@721596cd
      installParentRoot = class com.ibm.ws.kernel.service.location.internal.SymbolicRootResource@462c9b99
      userRoot = class com.ibm.ws.kernel.service.location.internal.SymbolicRootResource@7fb8092c
      usrExtensionRoot = class com.ibm.ws.kernel.service.location.internal.SymbolicRootResource@1508fb79
      serverConfigDir = class com.ibm.ws.kernel.service.location.internal.SymbolicRootResource@4bf5b4eb
      serverOutputDir = class com.ibm.ws.kernel.service.location.internal.SymbolicRootResource@4bf5b4eb
      bootstrapLib = class com.ibm.ws.kernel.service.location.internal.LocalFileResource@69270e5f
      serverWorkarea = class com.ibm.ws.kernel.service.location.internal.LocalFileResource@56e98b3e
      serverState = class com.ibm.ws.kernel.service.location.internal.LocalFileResource@4e871a9
      sharedAppsRoot = class com.ibm.ws.kernel.service.location.internal.SymbolicRootResource@62dccf33
      sharedConfigRoot = class com.ibm.ws.kernel.service.location.internal.SymbolicRootResource@335860c1
      sharedResourceRoot = class com.ibm.ws.kernel.service.location.internal.SymbolicRootResource@2972bdef
      tmpRoot = class com.ibm.ws.kernel.service.location.internal.SymbolicRootResource@6e50e451
      serverName = "defaultServer"
      resourcePaths = class java.util.ArrayList@6a711bff
      resourceGroups = class java.util.HashMap@1a5f3018
      commonRoot = class com.ibm.ws.kernel.service.location.internal.VirtualRootResource@267e7b79
      serialVersionUID = 7766352982799267432
    artifactFactory = class com.ibm.ws.artifact.internal.ArtifactContainerFactoryService@6c1e368f
      CATEGORY_PROP_NAME = "category"
      ENTRY_KEY = "com.ibm.wsspi.artifact.ArtifactEntry"
      helperMap = class com.ibm.wsspi.kernel.service.utils.ConcurrentServiceReferenceSetMap@42217b4d
      contributorMap = class com.ibm.wsspi.kernel.service.utils.ConcurrentServiceReferenceSetMap@2039d078
      helperCategoryMap = class com.ibm.wsspi.kernel.service.utils.ConcurrentServiceReferenceSetMap@38e05143
      contributorCategoryMap = class com.ibm.wsspi.kernel.service.utils.ConcurrentServiceReferenceSetMap@5119d902
      categories = class java.util.Collections$SynchronizedSet@18ab3b7f
      baseProperties = class org.apache.felix.scr.impl.helper.ReadOnlyDictionary@76ff9202
      serialVersionUID = -3101641399269402013
      $$$tc$$$ = class com.ibm.websphere.ras.TraceComponent@1af8a927
    moduleFactory = class com.ibm.ws.adaptable.module.internal.AdaptableModuleFactoryImpl@27af88c1
      adapterFactoryService = class com.ibm.ws.adaptable.module.internal.AdapterFactoryServiceImpl@5ef5bac4
      containerFactory = class com.ibm.ws.artifact.internal.ArtifactContainerFactoryService@6c1e368f
      overlayContainerFactory = class com.ibm.ws.artifact.overlay.internal.OverlayContainerFactoryImpl@5f9793a
      serialVersionUID = 4200251809856292987
      $$$tc$$$ = class com.ibm.websphere.ras.TraceComponent@7643c46e
    classesContainerInfo = class java.util.ArrayList@2f23ca7f
      serialVersionUID = 8683452581122892189
      DEFAULT_CAPACITY = 10
      EMPTY_ELEMENTDATA = class java.lang.Object[0]
      DEFAULTCAPACITY_EMPTY_ELEMENTDATA = class java.lang.Object[0]
      elementData = class java.lang.Object[0]
      size = 0
      MAX_ARRAY_SIZE = 2147483639
      modCount = 0
      MAX_ARRAY_SIZE = 2147483639
    serialVersionUID = -9033256786848720484
    $$$tc$$$ = class com.ibm.websphere.ras.TraceComponent@f28b669
      strings[0] = "TraceComponent[com.ibm.ws.app.manager.module.internal.DeployedAppInfoBase$SharedLibDeploymentInfo,class com.ibm.ws.app.manager.module.internal.DeployedAppInfoBase$SharedLibDeploymentInfo,[applications, app.manager],,null]"
  futureMonitor = class com.ibm.ws.threading.internal.FutureMonitorImpl@6d68948c
    _monitor = class java.util.concurrent.ConcurrentLinkedQueue@68bcb2d2
      serialVersionUID = 196745693267521676
      head = class java.util.concurrent.ConcurrentLinkedQueue$Node@52834ed0
      tail = class java.util.concurrent.ConcurrentLinkedQueue$Node@52834ed0
      MAX_HOPS = 8
      HEAD = class java.lang.invoke.VarHandleObjects$FieldInstanceReadWrite@369a2569
      TAIL = class java.lang.invoke.VarHandleObjects$FieldInstanceReadWrite@2ec392f6
      ITEM = class java.lang.invoke.VarHandleObjects$FieldInstanceReadWrite@51ef5b87
      NEXT = class java.lang.invoke.VarHandleObjects$FieldInstanceReadWrite@617d4dc7
      MAX_ARRAY_SIZE = 2147483639
    _executor = class com.ibm.ws.threading.internal.ScheduledExecutorImpl@6cbb6db2
      threadGroupName = "Scheduled Executor Thread Group"
      executor = class com.ibm.ws.threading.internal.ExecutorServiceImpl@12f9f40f
      serialVersionUID = -9110693807503469597
      $$$tc$$$ = class com.ibm.websphere.ras.TraceComponent@51c991c7
      continueExistingPeriodicTasksAfterShutdown = false
      executeExistingDelayedTasksAfterShutdown = true
      removeOnCancel = false
      sequencer = class java.util.concurrent.atomic.AtomicLong@4661d2be
      DEFAULT_KEEPALIVE_MILLIS = 10
      ctl = class java.util.concurrent.atomic.AtomicInteger@483162eb
      COUNT_BITS = 29
      COUNT_MASK = 536870911
      RUNNING = -536870912
      SHUTDOWN = 0
      STOP = 536870912
      TIDYING = 1073741824
      TERMINATED = 1610612736
      workQueue = class java.util.concurrent.ScheduledThreadPoolExecutor$DelayedWorkQueue@7c36967b
      mainLock = class java.util.concurrent.locks.ReentrantLock@44403b75
      workers = class java.util.HashSet@c7ce561
      termination = class java.util.concurrent.locks.AbstractQueuedSynchronizer$ConditionObject@4f19e83f
      largestPoolSize = 1
      completedTaskCount = 0
      threadFactory = class com.ibm.ws.threading.internal.ThreadFactoryImpl@420a22f5
      handler = class java.util.concurrent.ThreadPoolExecutor$AbortPolicy@29368038
      keepAliveTime = 10000000
      allowCoreThreadTimeOut = false
      corePoolSize = 1
      maximumPoolSize = 2147483647
      defaultHandler = class java.util.concurrent.ThreadPoolExecutor$AbortPolicy@29368038
      shutdownPerm = class java.lang.RuntimePermission@296edd31
      ONLY_ONE = true
      $assertionsDisabled = true
    _threadRunning = class java.util.concurrent.atomic.AtomicBoolean@591ac410
      serialVersionUID = 4654671469794556979
      VALUE = class java.lang.invoke.VarHandleInts$FieldInstanceReadWrite@f4bb987
      value = 0
    _thread = class com.ibm.ws.threading.internal.FutureMonitorImpl$1@7aeb24cc
      this$0 = class com.ibm.ws.threading.internal.FutureMonitorImpl@6d68948c
      serialVersionUID = 2422512430832938099
      $$$tc$$$ = class com.ibm.websphere.ras.TraceComponent@1f2e4403
    serialVersionUID = 2765238413969174390
    $$$tc$$$ = class com.ibm.websphere.ras.TraceComponent@298b110c
      strings[0] = "TraceComponent[com.ibm.ws.threading.internal.FutureMonitorImpl,class com.ibm.ws.threading.internal.FutureMonitorImpl,[Threading],com.ibm.ws.threading.internal.resources.ThreadingMessages,null]"
  configAdmin = class com.ibm.ws.config.admin.internal.ConfigurationAdminImpl@5cfd796
    tc = class com.ibm.websphere.ras.TraceComponent@1e9390aa
      strings[0] = "TraceComponent[com.ibm.ws.config.admin.internal.ConfigurationAdminImpl,class com.ibm.ws.config.admin.internal.ConfigurationAdminImpl,[config],com.ibm.ws.config.internal.resources.ConfigMessages,null]"
    bundle = class org.eclipse.osgi.internal.framework.EquinoxBundle@159b182f
      equinoxContainer = class org.eclipse.osgi.internal.framework.EquinoxContainer@506b3b6f
      module = class org.eclipse.osgi.internal.framework.EquinoxBundle$EquinoxModule@61722217
      monitor = class java.lang.Object@41fe0315
      context = class org.eclipse.osgi.internal.framework.BundleContextImpl@780d2015
      signerInfos = null
      $SWITCH_TABLE$org$eclipse$osgi$container$Module$State = {1,2,3,4,5,6,7} /* array length = 7 */
    caFactory = class com.ibm.ws.config.admin.internal.ConfigAdminServiceFactory@3dc9a158
      tc = class com.ibm.websphere.ras.TraceComponent@36f26b00
      configurationPermission = class org.osgi.service.cm.ConfigurationPermission@6ee639e6
      INDEX_DICTIONARY = 0
      INDEX_LOCATION = 1
      INDEX_METATYPE_PROCESSED = 2
      INDEX_IN_OVERRIDES_FILE = 3
      INDEX_REFERENCES = 4
      INDEX_UNIQUES = 5
      bundleContext = class org.eclipse.osgi.internal.framework.BundleContextImpl@3fda60a
      msTracker = class com.ibm.ws.config.admin.internal.ManagedServiceTracker@1f5a8638
      msfTracker = class com.ibm.ws.config.admin.internal.ManagedServiceFactoryTracker@50da99fa
      pluginManager = class com.ibm.ws.config.admin.internal.PluginManager@2e932847
      configurationStore = class com.ibm.ws.config.admin.internal.ConfigurationStore@71e50d7a
      updateQueue = class com.ibm.ws.config.admin.internal.UpdateQueue@3a452e38
      ced = class com.ibm.ws.config.admin.internal.ConfigEventDispatcher@3ed465c3
      idMap = class java.util.Collections$SynchronizedMap@9b2a34e
      referenceMap = class java.util.Collections$SynchronizedMap@5065e1df
      variableRegistryTracker = class org.osgi.util.tracker.ServiceTracker@43c22105
      variableRegistry = class com.ibm.ws.kernel.service.location.internal.VariableRegistryHelper@5ea5aec3
      configurationAdminRef = class org.eclipse.osgi.internal.serviceregistry.ServiceRegistrationImpl@6705ca85
      serialVersionUID = 6695202270027014725
    serialVersionUID = 3160799878770679122
  libraryConfigHelper = class com.ibm.ws.classloading.ClassLoaderConfigHelper@7f548459
    tc = class com.ibm.websphere.ras.TraceComponent@791a3f73
      strings[0] = "TraceComponent[com.ibm.ws.classloading.ClassLoaderConfigHelper,class com.ibm.ws.classloading.ClassLoaderConfigHelper,[ClassLoadingService],com.ibm.ws.classloading.internal.resources.ClassLoadingServiceMessages,null]"
    DEFAULT_API_TYPES = class java.util.RegularEnumSet@63847c9
      serialVersionUID = 3411599620347842686
      elements = 23
      elementType = class java.lang.Class@13e57625
      universe = class com.ibm.wsspi.classloading.ApiType[5]
      MAX_ARRAY_SIZE = 2147483639
    sharedLibraries = class java.util.Collections$EmptyList@393a3a84
      serialVersionUID = 8842843931221139166
      modCount = 0
      MAX_ARRAY_SIZE = 2147483639
    commonLibraries = class java.util.Collections$EmptyList@393a3a84
    classProviders = class java.util.Collections$EmptyList@393a3a84
    sharedLibrariesPids = null
    commonLibrariesPids = null
    isDelegateLast = false
    apiTypes = class java.util.RegularEnumSet@63847c9
    classLoaderConfigProps = null
    serialVersionUID = 7643888529935916418
  isDelegateLast = false
  permissionManager = class com.ibm.ws.classloading.java2sec.PermissionManager@2e2a2f36
    tc = class com.ibm.websphere.ras.TraceComponent@245b3b41
      strings[0] = "TraceComponent[com.ibm.ws.classloading.java2sec.PermissionManager,class com.ibm.ws.classloading.java2sec.PermissionManager,[Java2SecurityUtil],com.ibm.ws.classloading.internal.resources.Java2SecurityUtilMessages,null]"
    classLoadingService = class com.ibm.ws.classloading.internal.ClassLoadingServiceImpl@4ffe5622
    DEFAULT_SERVER_RESTRICTABLE_PERMISSIONS = class java.security.Permission[4]
      Permission[0] = class java.lang.RuntimePermission@4211ce8a
      Permission[1] = class java.lang.RuntimePermission@3d85a40e
      Permission[2] = class java.security.SecurityPermission@6f1d60b2
      Permission[3] = class javax.security.auth.AuthPermission@1c3d0824
    DEFAULT_CLIENT_RESTRICTABLE_PERMISSIONS = class java.security.Permission[3]
      Permission[0] = class java.lang.RuntimePermission@127fb8e6
      Permission[1] = class java.security.SecurityPermission@43d779de
      Permission[2] = class javax.security.auth.AuthPermission@592c838f
    isServer = true
    wsjarUrlStreamHandlerAvailable = true
    restrictablePermissions = class java.util.ArrayList@33e367c9
      serialVersionUID = 8683452581122892189
      DEFAULT_CAPACITY = 10
      EMPTY_ELEMENTDATA = class java.lang.Object[0]
      DEFAULTCAPACITY_EMPTY_ELEMENTDATA = class java.lang.Object[0]
      elementData = class java.lang.Object[10]
      size = 4
      MAX_ARRAY_SIZE = 2147483639
      modCount = 4
      MAX_ARRAY_SIZE = 2147483639
    grantedPermissions = class java.util.ArrayList@2b8de7ad
      serialVersionUID = 8683452581122892189
      DEFAULT_CAPACITY = 10
      EMPTY_ELEMENTDATA = class java.lang.Object[0]
      DEFAULTCAPACITY_EMPTY_ELEMENTDATA = class java.lang.Object[0]
      elementData = class java.lang.Object[10]
      size = 1
      MAX_ARRAY_SIZE = 2147483639
      modCount = 1
      MAX_ARRAY_SIZE = 2147483639
    KEY_PERMISSION = "permission"
    INCORRECT_PERMISSION_CONFIGURATION = "INCORRECT_PERMISSION_CONFIGURATION"
    PERMISSION_CLASSNOTFOUND = "PERMISSION_CLASSNOTFOUND"
    SERVER_XML = "server.xml"
    CLIENT_XML = "client.xml"
    originationFile = "server.xml"
    permissions = class com.ibm.wsspi.kernel.service.utils.ConcurrentServiceReferenceSet@599cd84
      referenceName = "permission"
      contextRef = class java.util.concurrent.atomic.AtomicReference@353bdc22
      elementMap = class java.util.LinkedHashMap@54b50f91
      elementSet = class java.util.concurrent.ConcurrentSkipListSet@3c110cc8
      elementSetUnsorted = false
      serialVersionUID = 756240983881166148
      $$$tc$$$ = class com.ibm.websphere.ras.TraceComponent@526ed74a
    codeBasePermissionMap = class java.util.HashMap@53d98c7f
      serialVersionUID = 362498820763181265
      DEFAULT_INITIAL_CAPACITY = 16
      MAXIMUM_CAPACITY = 1073741824
      DEFAULT_LOAD_FACTOR = 0.75
      TREEIFY_THRESHOLD = 8
      UNTREEIFY_THRESHOLD = 6
      MIN_TREEIFY_CAPACITY = 64
      table = null
      entrySet = null
      size = 0
      modCount = 0
      threshold = 0
      loadFactor = 0.75
      keySet = class java.util.HashMap$KeySet@b65692d
      values = null
    permissionXMLPermissionMap = class java.util.HashMap@7b2c74e2
      serialVersionUID = 362498820763181265
      DEFAULT_INITIAL_CAPACITY = 16
      MAXIMUM_CAPACITY = 1073741824
      DEFAULT_LOAD_FACTOR = 0.75
      TREEIFY_THRESHOLD = 8
      UNTREEIFY_THRESHOLD = 6
      MIN_TREEIFY_CAPACITY = 64
      table = null
      entrySet = null
      size = 0
      modCount = 0
      threshold = 0
      loadFactor = 0.75
      keySet = null
      values = null
    serialVersionUID = -5043611968709568417
  permissionsConfig = null
  serialVersionUID = 5168023053972273360
  appInfo = class com.ibm.ws.container.service.app.deploy.internal.ApplicationInfoImpl@7f74d883
    appName = "RegistrationAppWeb"
    appMetaData = class com.ibm.ws.container.service.app.deploy.internal.ApplicationMetaDataImpl@602438c8
      j2eeName = class com.ibm.ws.container.service.metadata.internal.J2EENameImpl@6235705a
      serialVersionUID = -7906531148367236579
      $$$tc$$$ = class com.ibm.websphere.ras.TraceComponent@5f44ae33
      tc = class com.ibm.websphere.ras.TraceComponent@6f58167f
      NUM_STATIC_SLOTS = 4
      ID_UNINITIALIZED = -1
      id = 0
      metaDataInterface = class java.lang.Class@4cf148a1
      staticSlots = class java.lang.Object[4]
      dynamicSlots = class java.lang.Object[4]
    appContainer = class com.ibm.ws.adaptable.module.internal.AdaptableContainerImpl@691026c2
      root = class com.ibm.ws.adaptable.module.internal.AdaptableContainerImpl@691026c2
      rootOverlay = class com.ibm.ws.artifact.overlay.internal.DirectoryBasedOverlayContainerImpl@660c0eb0
      factoryHolder = class com.ibm.ws.adaptable.module.internal.AdaptableModuleFactoryImpl@27af88c1
      delegate = class com.ibm.ws.artifact.overlay.internal.DirectoryBasedOverlayContainerImpl@660c0eb0
      notifier = class com.ibm.ws.adaptable.module.internal.NotifierImpl@10febf79
      serialVersionUID = -5621513278641113667
      $$$tc$$$ = class com.ibm.websphere.ras.TraceComponent@263b8ef9
    configHelper = class com.ibm.ws.app.manager.module.ApplicationNestedConfigHelper@63ca8588
      appInfo = class com.ibm.ws.app.manager.internal.ApplicationInstallInfo@46327ea6
      serialVersionUID = -3174031738676705046
      $$$tc$$$ = class com.ibm.websphere.ras.TraceComponent@47a9a8a9
    applicationInformation = class com.ibm.ws.app.manager.internal.ApplicationInstallInfo@46327ea6
    serialVersionUID = -505303337196743781
    $$$tc$$$ = class com.ibm.websphere.ras.TraceComponent@204a6536
      strings[0] = "TraceComponent[com.ibm.ws.container.service.app.deploy.internal.ApplicationInfoImpl,class com.ibm.ws.container.service.app.deploy.internal.ApplicationInfoImpl,[container.service],com.ibm.ws.container.service.resources.Messages,null]"
  modulesDeployed = class java.util.ArrayList@1786b4c7
    serialVersionUID = 8683452581122892189
    DEFAULT_CAPACITY = 10
    EMPTY_ELEMENTDATA = class java.lang.Object[0]
    DEFAULTCAPACITY_EMPTY_ELEMENTDATA = class java.lang.Object[0]
    elementData = class java.lang.Object[10]
      Object[0] = class com.ibm.ws.app.manager.module.internal.DeployedModuleInfoImpl@7436acb4
      Object[1] = null
      Object[2] = null
      Object[3] = null
      Object[4] = null
      Object[5] = null
      Object[6] = null
      Object[7] = null
      Object[8] = null
      Object[9] = null
    size = 1
    MAX_ARRAY_SIZE = 2147483639
    modCount = 1
    MAX_ARRAY_SIZE = 2147483639
  starting = true
  started = false
  appInfoFactory = class com.ibm.ws.container.service.app.deploy.internal.ApplicationInfoFactoryImpl@256c931e
    j2eeNameFactory = class com.ibm.wsspi.kernel.service.utils.AtomicServiceReference@268eb42
      referenceName = "j2eeNameFactory"
      tuple = class java.util.concurrent.atomic.AtomicReference@5b78d4f0
      serialVersionUID = 2226592364007985000
      $$$tc$$$ = class com.ibm.websphere.ras.TraceComponent@67f69e3d
    names = class java.util.HashSet@679a9a2c
      serialVersionUID = -5024744406713321676
      map = class java.util.HashMap@14fb3c96
      PRESENT = class java.lang.Object@12828338
      MAX_ARRAY_SIZE = 2147483639
    serialVersionUID = 7443990212682384945
    $$$tc$$$ = class com.ibm.websphere.ras.TraceComponent@59312ec0
      strings[0] = "TraceComponent[com.ibm.ws.container.service.app.deploy.internal.ApplicationInfoFactoryImpl,class com.ibm.ws.container.service.app.deploy.internal.ApplicationInfoFactoryImpl,[container.service],com.ibm.ws.container.service.resources.Messages,null]"
  metaDataService = class com.ibm.ws.container.service.metadata.internal.MetaDataServiceImpl@447a5052
    applicationMetaDataManager = class com.ibm.ws.container.service.metadata.internal.ApplicationMetaDataManager@6e59c120
      serialVersionUID = 1843747281024490904
      $$$tc$$$ = class com.ibm.websphere.ras.TraceComponent@25b8b88e
      listeners = class com.ibm.wsspi.kernel.service.utils.ConcurrentServiceReferenceSet@727eafed
      metaDataIDs = class com.ibm.ws.container.service.metadata.internal.IndexList@3ac38abc
      metaDatas = class java.util.ArrayList@4576977d
      slotIDs = class com.ibm.ws.container.service.metadata.internal.IndexList@4fd003fa
      serialVersionUID = 5464421863354792977
      $$$tc$$$ = class com.ibm.websphere.ras.TraceComponent@287930d2
    moduleMetaDataManager = class com.ibm.ws.container.service.metadata.internal.ModuleMetaDataManager@3ffbed01
      serialVersionUID = 2513574389899327209
      $$$tc$$$ = class com.ibm.websphere.ras.TraceComponent@62c3b972
      listeners = class com.ibm.wsspi.kernel.service.utils.ConcurrentServiceReferenceSet@6a384842
      metaDataIDs = class com.ibm.ws.container.service.metadata.internal.IndexList@6da50b4b
      metaDatas = class java.util.ArrayList@4c410dea
      slotIDs = class com.ibm.ws.container.service.metadata.internal.IndexList@54459f85
      serialVersionUID = 5464421863354792977
      $$$tc$$$ = class com.ibm.websphere.ras.TraceComponent@287930d2
    componentMetaDataManager = class com.ibm.ws.container.service.metadata.internal.ComponentMetaDataManager@2af978fb
      serialVersionUID = 8629793739641703882
      $$$tc$$$ = class com.ibm.websphere.ras.TraceComponent@6705dae3
      listeners = class com.ibm.wsspi.kernel.service.utils.ConcurrentServiceReferenceSet@1cd7a785
      metaDataIDs = class com.ibm.ws.container.service.metadata.internal.IndexList@1efe19fe
      metaDatas = class java.util.ArrayList@5526f68
      slotIDs = class com.ibm.ws.container.service.metadata.internal.IndexList@1c14a83f
      serialVersionUID = 5464421863354792977
      $$$tc$$$ = class com.ibm.websphere.ras.TraceComponent@287930d2
    methodMetaDataManager = class com.ibm.ws.container.service.metadata.internal.MethodMetaDataManager@3bc6351
      serialVersionUID = -3308748211841563417
      $$$tc$$$ = class com.ibm.websphere.ras.TraceComponent@60b3c644
      listeners = class com.ibm.wsspi.kernel.service.utils.ConcurrentServiceReferenceSet@b8ceafa
      metaDataIDs = class com.ibm.ws.container.service.metadata.internal.IndexList@645bdbe5
      metaDatas = class java.util.ArrayList@1cba4739
      slotIDs = class com.ibm.ws.container.service.metadata.internal.IndexList@21379fda
      serialVersionUID = 5464421863354792977
      $$$tc$$$ = class com.ibm.websphere.ras.TraceComponent@287930d2
    appModuleNameToModuleContainer = class java.util.concurrent.ConcurrentHashMap@234cf2c7
      serialVersionUID = 7249069246763182397
      MAXIMUM_CAPACITY = 1073741824
      DEFAULT_CAPACITY = 16
      MAX_ARRAY_SIZE = 2147483639
      DEFAULT_CONCURRENCY_LEVEL = 16
      LOAD_FACTOR = 0.75
      TREEIFY_THRESHOLD = 8
      UNTREEIFY_THRESHOLD = 6
      MIN_TREEIFY_CAPACITY = 64
      MIN_TRANSFER_STRIDE = 16
      RESIZE_STAMP_BITS = 16
      MAX_RESIZERS = 65535
      RESIZE_STAMP_SHIFT = 16
      MOVED = -1
      TREEBIN = -2
      RESERVED = -3
      HASH_BITS = 2147483647
      NCPU = 12
      serialPersistentFields = class java.io.ObjectStreamField[3]
      table = null
      nextTable = null
      baseCount = 0
      sizeCtl = 0
      transferIndex = 0
      cellsBusy = 0
      counterCells = null
      keySet = null
      values = null
      entrySet = null
      U = class jdk.internal.misc.Unsafe@52206daa
      SIZECTL = 20
      TRANSFERINDEX = 32
      BASECOUNT = 24
      CELLSBUSY = 36
      CELLVALUE = 144
      ABASE = 16
      ASHIFT = 2
      keySet = null
      values = null
    jeeNameToComponentMetaData = class java.util.concurrent.ConcurrentHashMap@433f904a
      serialVersionUID = 7249069246763182397
      MAXIMUM_CAPACITY = 1073741824
      DEFAULT_CAPACITY = 16
      MAX_ARRAY_SIZE = 2147483639
      DEFAULT_CONCURRENCY_LEVEL = 16
      LOAD_FACTOR = 0.75
      TREEIFY_THRESHOLD = 8
      UNTREEIFY_THRESHOLD = 6
      MIN_TREEIFY_CAPACITY = 64
      MIN_TRANSFER_STRIDE = 16
      RESIZE_STAMP_BITS = 16
      MAX_RESIZERS = 65535
      RESIZE_STAMP_SHIFT = 16
      MOVED = -1
      TREEBIN = -2
      RESERVED = -3
      HASH_BITS = 2147483647
      NCPU = 12
      serialPersistentFields = class java.io.ObjectStreamField[3]
      table = null
      nextTable = null
      baseCount = 0
      sizeCtl = 0
      transferIndex = 0
      cellsBusy = 0
      counterCells = null
      keySet = null
      values = null
      entrySet = null
      U = class jdk.internal.misc.Unsafe@52206daa
      SIZECTL = 20
      TRANSFERINDEX = 32
      BASECOUNT = 24
      CELLSBUSY = 36
      CELLVALUE = 144
      ABASE = 16
      ASHIFT = 2
      keySet = null
      values = null
    deferredMetaDataFactories = class com.ibm.wsspi.kernel.service.utils.ConcurrentServiceReferenceSet@22600676
      referenceName = "deferredMetaDataFactory"
      contextRef = class java.util.concurrent.atomic.AtomicReference@3ddecfb7
      elementMap = class java.util.LinkedHashMap@5301101b
      elementSet = class java.util.concurrent.ConcurrentSkipListSet@45be0c3c
      elementSetUnsorted = false
      serialVersionUID = 756240983881166148
      $$$tc$$$ = class com.ibm.websphere.ras.TraceComponent@526ed74a
    deferredMetaDataInitializers = class com.ibm.wsspi.kernel.service.utils.ConcurrentServiceReferenceMap@42264f80
      referenceName = "deferredMetaDataFactory"
      context = class org.apache.felix.scr.impl.manager.ComponentContextImpl@303527b2
      elementMap = class java.util.concurrent.ConcurrentHashMap@4753685b
      serialVersionUID = 6980924785166233786
      $$$tc$$$ = class com.ibm.websphere.ras.TraceComponent@68142009
    serialVersionUID = -2494605732980966097
    $$$tc$$$ = class com.ibm.websphere.ras.TraceComponent@b40c182
      strings[0] = "TraceComponent[com.ibm.ws.container.service.metadata.internal.MetaDataServiceImpl,class com.ibm.ws.container.service.metadata.internal.MetaDataServiceImpl,[Runtime],,null]"
  stateChangeService = class com.ibm.ws.container.service.state.internal.StateChangeServiceImpl@4b891c98
    applicationStateManager = class com.ibm.ws.container.service.state.internal.ApplicationStateManager@14700f30
      serialVersionUID = -6685368059484454124
      $$$tc$$$ = class com.ibm.websphere.ras.TraceComponent@4aa3917e
      listeners = class com.ibm.wsspi.kernel.service.utils.ConcurrentServiceReferenceSet@455006cb
      serialVersionUID = 2284273176985484160
      $$$tc$$$ = class com.ibm.websphere.ras.TraceComponent@169ead47
    moduleStateManager = class com.ibm.ws.container.service.state.internal.ModuleStateManager@47a52b05
      serialVersionUID = -5540260902341249963
      $$$tc$$$ = class com.ibm.websphere.ras.TraceComponent@3997447e
      listeners = class com.ibm.wsspi.kernel.service.utils.ConcurrentServiceReferenceSet@5014e0b7
      serialVersionUID = 2284273176985484160
      $$$tc$$$ = class com.ibm.websphere.ras.TraceComponent@169ead47
    serialVersionUID = -537917915330350560
    $$$tc$$$ = class com.ibm.websphere.ras.TraceComponent@4bbbff97
      strings[0] = "TraceComponent[com.ibm.ws.container.service.state.internal.StateChangeServiceImpl,class com.ibm.ws.container.service.state.internal.StateChangeServiceImpl,[Runtime],,null]"
  moduleClassesInfo = class com.ibm.ws.app.manager.module.internal.SimpleDeployedAppInfoBase$ModuleClassesInfoProvider@1c5109f5
    entryContainerInfosMap = class java.util.HashMap@4b3c5a17
      serialVersionUID = 362498820763181265
      DEFAULT_INITIAL_CAPACITY = 16
      MAXIMUM_CAPACITY = 1073741824
      DEFAULT_LOAD_FACTOR = 0.75
      TREEIFY_THRESHOLD = 8
      UNTREEIFY_THRESHOLD = 6
      MIN_TREEIFY_CAPACITY = 64
      table = null
      entrySet = null
      size = 0
      modCount = 0
      threshold = 0
      loadFactor = 0.75
      keySet = null
      values = null
    serialVersionUID = -70332790531324534
    $$$tc$$$ = class com.ibm.websphere.ras.TraceComponent@2dbe0efd
      strings[0] = "TraceComponent[com.ibm.ws.app.manager.module.internal.SimpleDeployedAppInfoBase$ModuleClassesInfoProvider,class com.ibm.ws.app.manager.module.internal.SimpleDeployedAppInfoBase$ModuleClassesInfoProvider,[applications, app.manager],,null]"
  moduleContainerInfos = class java.util.ArrayList@7fa7b186
    serialVersionUID = 8683452581122892189
    DEFAULT_CAPACITY = 10
    EMPTY_ELEMENTDATA = class java.lang.Object[0]
    DEFAULTCAPACITY_EMPTY_ELEMENTDATA = class java.lang.Object[0]
    elementData = class java.lang.Object[10]
      Object[0] = class com.ibm.ws.app.manager.module.internal.SimpleDeployedAppInfoBase$WebModuleContainerInfo@3a1ed4a6
      Object[1] = null
      Object[2] = null
      Object[3] = null
      Object[4] = null
      Object[5] = null
      Object[6] = null
      Object[7] = null
      Object[8] = null
      Object[9] = null
    size = 1
    MAX_ARRAY_SIZE = 2147483639
    modCount = 1
    MAX_ARRAY_SIZE = 2147483639
  activeModuleHandlers = class java.util.IdentityHashMap@240a9467
    DEFAULT_CAPACITY = 32
    MINIMUM_CAPACITY = 4
    MAXIMUM_CAPACITY = 536870912
    table = class java.lang.Object[16]
      Object[0] = null
      Object[1] = null
      Object[2] = null
      Object[3] = null
      Object[4] = null
      Object[5] = null
      Object[6] = null
      Object[7] = null
      Object[8] = null
      Object[9] = null
      Object[10] = null
      Object[11] = null
      Object[12] = null
      Object[13] = null
      Object[14] = null
      Object[15] = null
    size = 0
    modCount = 2
    NULL_KEY = class java.lang.Object@6be1cec5
    entrySet = null
    serialVersionUID = 8188218128353913216
    keySet = null
    values = null
  serialVersionUID = 7078125893012250887
  $$$tc$$$ = class com.ibm.websphere.ras.TraceComponent@1f17bfc2
    strings[0] = "TraceComponent[com.ibm.ws.app.manager.module.internal.SimpleDeployedAppInfoBase,class com.ibm.ws.app.manager.module.internal.SimpleDeployedAppInfoBase,[applications, app.manager],,null]"

Dump of objectArray[0]
Object type = com.ibm.ws.threading.internal.NonCancelableResultFuture
  _done = false
  _result = null
  _failure = null
  _listeners = class java.util.concurrent.ConcurrentLinkedQueue@6d812c2c
    serialVersionUID = 196745693267521676
    head = class java.util.concurrent.ConcurrentLinkedQueue$Node@26d2c8c8
      item = null
      next = null
    tail = class java.util.concurrent.ConcurrentLinkedQueue$Node@26d2c8c8
    MAX_HOPS = 8
    HEAD = class java.lang.invoke.VarHandleObjects$FieldInstanceReadWrite@369a2569
      FORM = class java.lang.invoke.VarForm@3a1f81b9
      fieldOffset = 12
      receiverType = class java.lang.Class@57e1b0c
      fieldType = class java.lang.Class@4232c52b
      FORM = class java.lang.invoke.VarForm@22de3381
      vform = class java.lang.invoke.VarForm@3a1f81b9
      typesAndInvokers = null
      AIOOBE_SUPPLIER = class jdk.internal.util.Preconditions$1@1c0f8693
      VFORM_OFFSET = 12
      $assertionsDisabled = true
    TAIL = class java.lang.invoke.VarHandleObjects$FieldInstanceReadWrite@2ec392f6
      FORM = class java.lang.invoke.VarForm@3a1f81b9
      fieldOffset = 16
      receiverType = class java.lang.Class@57e1b0c
      fieldType = class java.lang.Class@4232c52b
      FORM = class java.lang.invoke.VarForm@22de3381
      vform = class java.lang.invoke.VarForm@3a1f81b9
      typesAndInvokers = null
      AIOOBE_SUPPLIER = class jdk.internal.util.Preconditions$1@1c0f8693
      VFORM_OFFSET = 12
      $assertionsDisabled = true
    ITEM = class java.lang.invoke.VarHandleObjects$FieldInstanceReadWrite@51ef5b87
      FORM = class java.lang.invoke.VarForm@3a1f81b9
      fieldOffset = 12
      receiverType = class java.lang.Class@4232c52b
      fieldType = class java.lang.Class@55054057
      FORM = class java.lang.invoke.VarForm@22de3381
      vform = class java.lang.invoke.VarForm@3a1f81b9
      typesAndInvokers = null
      AIOOBE_SUPPLIER = class jdk.internal.util.Preconditions$1@1c0f8693
      VFORM_OFFSET = 12
      $assertionsDisabled = true
    NEXT = class java.lang.invoke.VarHandleObjects$FieldInstanceReadWrite@617d4dc7
      FORM = class java.lang.invoke.VarForm@3a1f81b9
      fieldOffset = 16
      receiverType = class java.lang.Class@4232c52b
      fieldType = class java.lang.Class@4232c52b
      FORM = class java.lang.invoke.VarForm@22de3381
      vform = class java.lang.invoke.VarForm@3a1f81b9
      typesAndInvokers = null
      AIOOBE_SUPPLIER = class jdk.internal.util.Preconditions$1@1c0f8693
      VFORM_OFFSET = 12
      $assertionsDisabled = true
    MAX_ARRAY_SIZE = 2147483639
  _notifiedListeners = class java.util.concurrent.atomic.AtomicBoolean@3a8eaa1c
    serialVersionUID = 4654671469794556979
    VALUE = class java.lang.invoke.VarHandleInts$FieldInstanceReadWrite@f4bb987
      FORM = class java.lang.invoke.VarForm@36c26d33
      fieldOffset = 12
      receiverType = class java.lang.Class@4b6995df
      FORM = class java.lang.invoke.VarForm@6b762677
      vform = class java.lang.invoke.VarForm@36c26d33
      typesAndInvokers = null
      AIOOBE_SUPPLIER = class jdk.internal.util.Preconditions$1@1c0f8693
      VFORM_OFFSET = 12
      $assertionsDisabled = true
    value = 0
  serialVersionUID = -296387658814354272
  $$$tc$$$ = class com.ibm.websphere.ras.TraceComponent@35362727
    strings[0] = "TraceComponent[com.ibm.ws.threading.internal.NonCancelableResultFuture,class com.ibm.ws.threading.internal.NonCancelableResultFuture,[Threading],com.ibm.ws.threading.internal.resources.ThreadingMessages,null]"

