------Start of DE processing------ = [18/12/18 23:06:51:134 CET]
Exception = org.jboss.weld.exceptions.DeploymentException
Source = com.ibm.ws.container.service.state.internal.ApplicationStateManager
probeid = 31
Stack Dump = org.jboss.weld.exceptions.DeploymentException: WELD-001408: Unsatisfied dependencies for type AttendeeManager with qualifiers @Default
  at injection point [BackedAnnotatedField] @Inject net.wasdev.reg.Attendees.attendeeManager
  at net.wasdev.reg.Attendees.attendeeManager(Attendees.java:0)

	at org.jboss.weld.bootstrap.Validator.validateInjectionPointForDeploymentProblems(Validator.java:378)
	at org.jboss.weld.bootstrap.Validator.validateInjectionPoint(Validator.java:290)
	at org.jboss.weld.bootstrap.Validator.validateGeneralBean(Validator.java:143)
	at org.jboss.weld.bootstrap.Validator.validateRIBean(Validator.java:164)
	at org.jboss.weld.bootstrap.Validator.validateBean(Validator.java:526)
	at org.jboss.weld.bootstrap.ConcurrentValidator$1.doWork(ConcurrentValidator.java:64)
	at org.jboss.weld.bootstrap.ConcurrentValidator$1.doWork(ConcurrentValidator.java:62)
	at org.jboss.weld.executor.IterativeWorkerTaskFactory$1.call(IterativeWorkerTaskFactory.java:62)
	at org.jboss.weld.executor.IterativeWorkerTaskFactory$1.call(IterativeWorkerTaskFactory.java:55)
	at com.ibm.ws.threading.internal.PolicyTaskFutureImpl.run(PolicyTaskFutureImpl.java:692)
	at com.ibm.ws.threading.internal.PolicyExecutorImpl.runTask(PolicyExecutorImpl.java:1128)
	at com.ibm.ws.threading.internal.PolicyExecutorImpl.invokeAll(PolicyExecutorImpl.java:677)
	at com.ibm.ws.concurrent.internal.ManagedExecutorServiceImpl.invokeAll(ManagedExecutorServiceImpl.java:377)
	at org.jboss.weld.executor.AbstractExecutorServices.invokeAllAndCheckForExceptions(AbstractExecutorServices.java:59)
	at org.jboss.weld.executor.AbstractExecutorServices.invokeAllAndCheckForExceptions(AbstractExecutorServices.java:67)
	at org.jboss.weld.bootstrap.ConcurrentValidator.validateBeans(ConcurrentValidator.java:62)
	at org.jboss.weld.bootstrap.Validator.validateDeployment(Validator.java:487)
	at org.jboss.weld.bootstrap.WeldStartup.validateBeans(WeldStartup.java:490)
	at org.jboss.weld.bootstrap.WeldBootstrap.validateBeans(WeldBootstrap.java:93)
	at com.ibm.ws.cdi.impl.CDIContainerImpl.startInitialization(CDIContainerImpl.java:152)
	at com.ibm.ws.cdi.liberty.CDIRuntimeImpl.applicationStarting(CDIRuntimeImpl.java:438)
	at com.ibm.ws.container.service.state.internal.ApplicationStateManager.fireStarting(ApplicationStateManager.java:28)
	at com.ibm.ws.container.service.state.internal.StateChangeServiceImpl.fireApplicationStarting(StateChangeServiceImpl.java:50)
	at com.ibm.ws.app.manager.module.internal.DeployedAppInfoBase.preDeployApp(DeployedAppInfoBase.java:383)
	at com.ibm.ws.app.manager.module.internal.DeployedAppInfoBase.deployApp(DeployedAppInfoBase.java:412)
	at com.ibm.ws.app.manager.war.internal.WARApplicationHandlerImpl.install(WARApplicationHandlerImpl.java:65)
	at com.ibm.ws.app.manager.internal.statemachine.StartAction.execute(StartAction.java:140)
	at com.ibm.ws.app.manager.internal.statemachine.ApplicationStateMachineImpl.enterState(ApplicationStateMachineImpl.java:1258)
	at com.ibm.ws.app.manager.internal.statemachine.ApplicationStateMachineImpl.performAction(ApplicationStateMachineImpl.java:1126)
	at com.ibm.ws.app.manager.internal.statemachine.ApplicationStateMachineImpl.run(ApplicationStateMachineImpl.java:881)
	at com.ibm.ws.threading.internal.ExecutorServiceImpl$RunnableWrapper.run(ExecutorServiceImpl.java:232)
	at java.base/java.util.concurrent.ThreadPoolExecutor.runWorker(ThreadPoolExecutor.java:1128)
	at java.base/java.util.concurrent.ThreadPoolExecutor$Worker.run(ThreadPoolExecutor.java:628)
	at java.base/java.lang.Thread.run(Thread.java:834)

Dump of callerThis
Object type = com.ibm.ws.container.service.state.internal.ApplicationStateManager
  serialVersionUID = -6685368059484454124
  $$$tc$$$ = class com.ibm.websphere.ras.TraceComponent@5185aad8
    strings[0] = "TraceComponent[com.ibm.ws.container.service.state.internal.ApplicationStateManager,class com.ibm.ws.container.service.state.internal.ApplicationStateManager,[Runtime],,null]"
  listeners = class com.ibm.wsspi.kernel.service.utils.ConcurrentServiceReferenceSet@5f53a865
    referenceName = "applicationStateListeners"
    contextRef = class java.util.concurrent.atomic.AtomicReference@457ce671
      serialVersionUID = -1848883965231344442
      VALUE = class java.lang.invoke.VarHandleObjects$FieldInstanceReadWrite@7fc08ebe
      value = class org.apache.felix.scr.impl.manager.ComponentContextImpl@1d3c8975
    elementMap = class java.util.LinkedHashMap@5c98d9e0
      serialVersionUID = 3801124242820219131
      head = class java.util.LinkedHashMap$Entry@6e0db03e
      tail = class java.util.LinkedHashMap$Entry@4ce09ce0
      accessOrder = false
      serialVersionUID = 362498820763181265
      DEFAULT_INITIAL_CAPACITY = 16
      MAXIMUM_CAPACITY = 1073741824
      DEFAULT_LOAD_FACTOR = 0.75
      TREEIFY_THRESHOLD = 8
      UNTREEIFY_THRESHOLD = 6
      MIN_TREEIFY_CAPACITY = 64
      table = class java.util.HashMap$Node[16]
      entrySet = null
      size = 10
      modCount = 14
      threshold = 12
      loadFactor = 0.75
      keySet = null
      values = null
    elementSet = class java.util.concurrent.ConcurrentSkipListSet@2cdf3540
      serialVersionUID = -2479143111061671589
      m = class java.util.concurrent.ConcurrentSkipListMap@22fa86c8
      MAX_ARRAY_SIZE = 2147483639
    elementSetUnsorted = false
    serialVersionUID = 756240983881166148
    $$$tc$$$ = class com.ibm.websphere.ras.TraceComponent@5f124266
      strings[0] = "TraceComponent[com.ibm.wsspi.kernel.service.utils.ConcurrentServiceReferenceSet,class com.ibm.wsspi.kernel.service.utils.ConcurrentServiceReferenceSet,[kernelUtils],com.ibm.ws.kernel.service.utils.resources.ServiceMessages,null]"
  serialVersionUID = 2284273176985484160
  $$$tc$$$ = class com.ibm.websphere.ras.TraceComponent@5d51ac00
    strings[0] = "TraceComponent[com.ibm.ws.container.service.state.internal.StateChangeManager,class com.ibm.ws.container.service.state.internal.StateChangeManager,[Runtime],,null]"

Dump of objectArray[0]
Object type = com.ibm.ws.container.service.app.deploy.internal.ApplicationInfoImpl
  appName = "RegistrationAppWeb"
  appMetaData = class com.ibm.ws.container.service.app.deploy.internal.ApplicationMetaDataImpl@76fcfc19
    j2eeName = class com.ibm.ws.container.service.metadata.internal.J2EENameImpl@68238321
      serialVersionUID = 7488184044073147667
      application = "RegistrationAppWeb"
      module = null
      component = null
      string = "RegistrationAppWeb"
      j2eeNameBytes = null
      $$$tc$$$ = class com.ibm.websphere.ras.TraceComponent@66fd634c
    serialVersionUID = -7906531148367236579
    $$$tc$$$ = class com.ibm.websphere.ras.TraceComponent@345cb0e3
      strings[0] = "TraceComponent[com.ibm.ws.container.service.app.deploy.internal.ApplicationMetaDataImpl,class com.ibm.ws.container.service.app.deploy.internal.ApplicationMetaDataImpl,[container.service],com.ibm.ws.container.service.resources.Messages,null]"
    tc = class com.ibm.websphere.ras.TraceComponent@2374cd56
      strings[0] = "TraceComponent[com.ibm.ws.runtime.metadata.MetaDataImpl,class com.ibm.ws.runtime.metadata.MetaDataImpl,[Runtime],null,null]"
    NUM_STATIC_SLOTS = 4
    ID_UNINITIALIZED = -1
    id = 0
    metaDataInterface = class java.lang.Class@2dffef29
      ANNOTATION = 8192
      ENUM = 16384
      SYNTHETIC = 4096
      cachedConstructor = null
      newInstanceCallerCache = null
      name = "com.ibm.ws.runtime.metadata.ApplicationMetaData"
      module = class java.lang.Module@1bf3af74
      packageName = "com.ibm.ws.runtime.metadata"
      componentType = {} /* array length = 0 */
      allPermDomain = class java.security.ProtectionDomain@7336d9e8
      reflectionData = null
      classRedefinedCount = 0
      genericInfo = null
      EMPTY_CLASS_ARRAY = class java.lang.Class[0]
      serialVersionUID = 3206093459760846163
      serialPersistentFields = class java.io.ObjectStreamField[0]
      reflectionFactory = class jdk.internal.reflect.ReflectionFactory@1040295c
      enumConstants = null
      enumConstantDirectory = null
      annotationData = null
      annotationType = null
      classValueMap = null
    staticSlots = class java.lang.Object[4]
      Object[0] = class com.ibm.ws.injectionengine.osgi.internal.OSGiInjectionScopeData@3fdc0aef
      Object[1] = null
      Object[2] = null
      Object[3] = null
    dynamicSlots = class java.lang.Object[4]
      Object[0] = null
      Object[1] = class com.ibm.ws.cdi.impl.weld.WebSphereCDIDeploymentImpl@252677c7
      Object[2] = "RegistrationAppWeb"
      Object[3] = null
  appContainer = class com.ibm.ws.adaptable.module.internal.AdaptableContainerImpl@47f50acf
    root = class com.ibm.ws.adaptable.module.internal.AdaptableContainerImpl@47f50acf
    rootOverlay = class com.ibm.ws.artifact.overlay.internal.DirectoryBasedOverlayContainerImpl@3e161320
      base = class com.ibm.ws.artifact.loose.internal.LooseArchive@7f356368
      maskSet = class java.util.HashSet@213e37f5
      cfHolder = class com.ibm.ws.artifact.overlay.internal.OverlayContainerFactoryImpl@5a86ab1b
      fileOverlayContainer = class com.ibm.ws.artifact.file.internal.FileContainer@1f0ccbb7
      overlayDirectory = class java.io.File@59a3a3e5
      cacheDirForOverlay = class java.io.File@d59b59a
      overlayNotifier = class com.ibm.ws.artifact.overlay.internal.DirectoryBasedOverlayNotifier@6b66a675
      enclosingContainer = null
      entryInEnclosingContainer = null
      nestedOverlays = class java.util.concurrent.ConcurrentHashMap@5d08aa5b
      cacheStore = class com.ibm.ws.artifact.overlay.internal.OverlayCache@2420933e
      parentOverlay = null
      isPassThroughMode = true
      serialVersionUID = -1690795617118238166
      $$$tc$$$ = class com.ibm.websphere.ras.TraceComponent@691a5763
    factoryHolder = class com.ibm.ws.adaptable.module.internal.AdaptableModuleFactoryImpl@673a5ffa
      adapterFactoryService = class com.ibm.ws.adaptable.module.internal.AdapterFactoryServiceImpl@302bac06
      containerFactory = class com.ibm.ws.artifact.internal.ArtifactContainerFactoryService@1e4c02ac
      overlayContainerFactory = class com.ibm.ws.artifact.overlay.internal.OverlayContainerFactoryImpl@5a86ab1b
      serialVersionUID = 4200251809856292987
      $$$tc$$$ = class com.ibm.websphere.ras.TraceComponent@6591f1b
    delegate = class com.ibm.ws.artifact.overlay.internal.DirectoryBasedOverlayContainerImpl@3e161320
    notifier = class com.ibm.ws.adaptable.module.internal.NotifierImpl@7e2498a9
      root = class com.ibm.ws.adaptable.module.internal.AdaptableContainerImpl@47f50acf
      delegateNotifier = class com.ibm.ws.artifact.overlay.internal.DirectoryBasedOverlayNotifier@6b66a675
      delegateRoot = class com.ibm.ws.artifact.overlay.internal.DirectoryBasedOverlayContainerImpl@3e161320
      listenerDelegates = class java.util.HashMap@7de87c91
      serialVersionUID = 6839382523957017880
      $$$tc$$$ = class com.ibm.websphere.ras.TraceComponent@220341e1
    serialVersionUID = -5621513278641113667
    $$$tc$$$ = class com.ibm.websphere.ras.TraceComponent@710eb4d4
      strings[0] = "TraceComponent[com.ibm.ws.adaptable.module.internal.AdaptableContainerImpl,class com.ibm.ws.adaptable.module.internal.AdaptableContainerImpl,[archive.adaptable],,null]"
  configHelper = class com.ibm.ws.app.manager.module.ApplicationNestedConfigHelper@57d7ee4d
    appInfo = class com.ibm.ws.app.manager.internal.ApplicationInstallInfo@75cdc79b
    serialVersionUID = -3174031738676705046
    $$$tc$$$ = class com.ibm.websphere.ras.TraceComponent@4bd2de67
      strings[0] = "TraceComponent[com.ibm.ws.app.manager.module.ApplicationNestedConfigHelper,class com.ibm.ws.app.manager.module.ApplicationNestedConfigHelper,[applications, app.manager],,null]"
  applicationInformation = class com.ibm.ws.app.manager.internal.ApplicationInstallInfo@75cdc79b
    _config = class com.ibm.ws.app.manager.internal.ApplicationConfig@4e6a053
      tc = class com.ibm.websphere.ras.TraceComponent@73f0df4c
      _configPid = "com.ibm.ws.app.manager_65"
      _config = class com.ibm.ws.config.admin.ConfigurationDictionary@69c2513f
      _applicationManager = class com.ibm.ws.app.manager.ApplicationManager@336c424c
      _location = "RegistrationAppWeb.war"
      _type = "war"
      _name = "RegistrationAppWeb"
      _notificationBroadcasterSupport = class javax.management.NotificationBroadcasterSupport@153d8648
      ONE_TIME_JANDEX_MSGS_DISPLAYED = true
    _handlerInfo = class java.util.concurrent.atomic.AtomicReference@a09764e
      serialVersionUID = -1848883965231344442
      VALUE = class java.lang.invoke.VarHandleObjects$FieldInstanceReadWrite@7fc08ebe
      value = class com.ibm.ws.app.manager.war.internal.WARDeployedAppInfo@315d8127
    _container = class java.util.concurrent.atomic.AtomicReference@7e47c6a5
      serialVersionUID = -1848883965231344442
      VALUE = class java.lang.invoke.VarHandleObjects$FieldInstanceReadWrite@7fc08ebe
      value = class com.ibm.ws.adaptable.module.internal.AdaptableContainerImpl@47f50acf
    _resolvedLocation = class java.util.concurrent.atomic.AtomicReference@72553183
      serialVersionUID = -1848883965231344442
      VALUE = class java.lang.invoke.VarHandleObjects$FieldInstanceReadWrite@7fc08ebe
      value = class com.ibm.ws.kernel.service.location.internal.LocalFileResource@223c8ab1
    _handler = class com.ibm.ws.app.manager.war.internal.WARApplicationHandlerImpl@3643015e
      futureMonitor = class com.ibm.ws.threading.internal.FutureMonitorImpl@6a3ee2cb
      deployedAppFactory = class com.ibm.ws.app.manager.war.internal.WARDeployedAppInfoFactoryImpl@274094f6
      serialVersionUID = 4622845147410944782
      $$$tc$$$ = class com.ibm.websphere.ras.TraceComponent@26a92473
    _ami = class java.util.concurrent.atomic.AtomicReference@7fecb195
      serialVersionUID = -1848883965231344442
      VALUE = class java.lang.invoke.VarHandleObjects$FieldInstanceReadWrite@7fc08ebe
      value = class com.ibm.wsspi.application.handler.DefaultApplicationMonitoringInformation@6058b0d4
    _updateHandler = class com.ibm.ws.app.manager.internal.statemachine.ApplicationStateMachineImpl@1e23118
      _tc = class com.ibm.websphere.ras.TraceComponent@44605dd0
      EMPTY_FUTURE_ARRAY = interface java.util.concurrent.Future[0]
      asmSequenceNumber = class java.util.concurrent.atomic.AtomicLong@416f673a
      _qscaCounter = class java.util.concurrent.atomic.AtomicInteger@3899b699
      _failedThrowable = class com.ibm.ws.container.service.state.StateChangeException@3e9639ec
      _interruptibleLock = class com.ibm.ws.app.manager.internal.statemachine.ApplicationStateMachineImpl$2@553182d8
      _interruptible = false
      _performingQueuedActions = true
      _queuedActions = class java.util.concurrent.ConcurrentLinkedQueue@44aa4beb
      _callbackState = class java.util.concurrent.atomic.AtomicReference@7e46b2f3
      blockAppStartingFutures = class java.util.Collections$SetFromMap@b9eeedc
      waitingForAppHandlerFuture = class java.util.concurrent.atomic.AtomicReference@52609a35
      waitingForExplicitStartFuture = class java.util.concurrent.atomic.AtomicReference@44037681
      completionListener = class java.util.concurrent.atomic.AtomicReference@f9995d8
      _notifyAppStopped = class java.util.concurrent.ConcurrentLinkedQueue@730d62f9
      _notifyAppStarting = class java.util.concurrent.ConcurrentLinkedQueue@25eaff9f
      _notifyAppInstallCalled = class java.util.concurrent.ConcurrentLinkedQueue@7a8222dd
      _notifyAppStarted = class java.util.concurrent.ConcurrentLinkedQueue@39f64f00
      _notifyAppRemoved = class java.util.concurrent.ConcurrentLinkedQueue@2174f86d
      _stateLock = class com.ibm.ws.app.manager.internal.statemachine.ApplicationStateMachineImpl$3@5390fddb
      _internalState = class java.util.concurrent.atomic.AtomicReference@386fa9be
      _currentAction = class java.util.concurrent.atomic.AtomicReference@336a6ffc
      _rfa = class java.util.concurrent.atomic.AtomicReference@35db5e6c
      _appInstallInfo = class java.util.concurrent.atomic.AtomicReference@61711329
      _update = class java.util.concurrent.atomic.AtomicBoolean@241664e0
      _appConfig = class java.util.concurrent.atomic.AtomicReference@44e3fa11
      _nextAppConfig = class java.util.concurrent.atomic.AtomicReference@2ba4f4df
      _appContainer = class java.util.concurrent.atomic.AtomicReference@42a552d9
      _resolvedLocation = class java.util.concurrent.atomic.AtomicReference@55030f09
      _handler = class java.util.concurrent.atomic.AtomicReference@eeb54ca
      _asmSeqNo = 0
      _ctx = class org.eclipse.osgi.internal.framework.BundleContextImpl@45e7c5ab
      _locAdmin = class com.ibm.ws.kernel.service.location.internal.WsLocationAdminImpl@2655bc4
      _futureMonitor = class com.ibm.ws.threading.internal.FutureMonitorImpl@6a3ee2cb
      _artifactFactory = class com.ibm.ws.artifact.internal.ArtifactContainerFactoryService@1e4c02ac
      _moduleFactory = class com.ibm.ws.adaptable.module.internal.AdaptableModuleFactoryImpl@673a5ffa
      _executorService = class com.ibm.ws.threading.internal.ExecutorServiceImpl@2788c3c2
      _scheduledExecutorService = class com.ibm.ws.threading.internal.ScheduledExecutorImpl@73918efd
      _asmHelper = class com.ibm.ws.app.manager.internal.ApplicationConfigurator$NamedApplication@5159643e
      _appMonitor = class com.ibm.ws.app.manager.internal.monitor.ApplicationMonitor@5b824030
      enterStateCalled = class java.util.concurrent.atomic.AtomicBoolean@46b7c931
      serialVersionUID = -1399093980790866556
      serialVersionUID = 5501066335104962649
      $$$tc$$$ = class com.ibm.websphere.ras.TraceComponent@23c63eb5
    serialVersionUID = 2630639237123415755
    $$$tc$$$ = class com.ibm.websphere.ras.TraceComponent@722df457
      strings[0] = "TraceComponent[com.ibm.ws.app.manager.internal.ApplicationInstallInfo,class com.ibm.ws.app.manager.internal.ApplicationInstallInfo,[applications, app.manager],com.ibm.ws.app.manager.internal.resources.AppManagerMessages,null]"
  serialVersionUID = -505303337196743781
  $$$tc$$$ = class com.ibm.websphere.ras.TraceComponent@2288ab66
    strings[0] = "TraceComponent[com.ibm.ws.container.service.app.deploy.internal.ApplicationInfoImpl,class com.ibm.ws.container.service.app.deploy.internal.ApplicationInfoImpl,[container.service],com.ibm.ws.container.service.resources.Messages,null]"

