------Start of DE processing------ = [18/12/18 22:53:19:948 CET]
Exception = org.jboss.weld.exceptions.DefinitionException
Source = com.ibm.ws.container.service.state.internal.ApplicationStateManager
probeid = 31
Stack Dump = org.jboss.weld.exceptions.DefinitionException: WELD-000075: Normal scoped managed bean implementation class has a public field:  [EnhancedAnnotatedFieldImpl] public net.wasdev.reg.Attendees.attendees
	at org.jboss.weld.bean.ManagedBean.checkBeanImplementation(ManagedBean.java:231)
	at org.jboss.weld.bean.AbstractClassBean.internalInitialize(AbstractClassBean.java:74)
	at org.jboss.weld.bean.ManagedBean.internalInitialize(ManagedBean.java:105)
	at org.jboss.weld.bean.RIBean.initialize(RIBean.java:69)
	at org.jboss.weld.bootstrap.ConcurrentBeanDeployer$4.doWork(ConcurrentBeanDeployer.java:96)
	at org.jboss.weld.bootstrap.ConcurrentBeanDeployer$4.doWork(ConcurrentBeanDeployer.java:93)
	at org.jboss.weld.executor.IterativeWorkerTaskFactory$1.call(IterativeWorkerTaskFactory.java:62)
	at org.jboss.weld.executor.IterativeWorkerTaskFactory$1.call(IterativeWorkerTaskFactory.java:55)
	at com.ibm.ws.threading.internal.PolicyTaskFutureImpl.run(PolicyTaskFutureImpl.java:692)
	at com.ibm.ws.threading.internal.PolicyExecutorImpl.runTask(PolicyExecutorImpl.java:1128)
	at com.ibm.ws.threading.internal.PolicyExecutorImpl$GlobalPoolTask.run(PolicyExecutorImpl.java:186)
	at java.base/java.util.concurrent.ThreadPoolExecutor.runWorker(ThreadPoolExecutor.java:1128)
	at java.base/java.util.concurrent.ThreadPoolExecutor$Worker.run(ThreadPoolExecutor.java:628)
	at java.base/java.lang.Thread.run(Thread.java:834)

Dump of callerThis
Object type = com.ibm.ws.container.service.state.internal.ApplicationStateManager
  serialVersionUID = -6685368059484454124
  $$$tc$$$ = class com.ibm.websphere.ras.TraceComponent@1a31dd06
    strings[0] = "TraceComponent[com.ibm.ws.container.service.state.internal.ApplicationStateManager,class com.ibm.ws.container.service.state.internal.ApplicationStateManager,[Runtime],,null]"
  listeners = class com.ibm.wsspi.kernel.service.utils.ConcurrentServiceReferenceSet@2eada208
    referenceName = "applicationStateListeners"
    contextRef = class java.util.concurrent.atomic.AtomicReference@721aa391
      serialVersionUID = -1848883965231344442
      VALUE = class java.lang.invoke.VarHandleObjects$FieldInstanceReadWrite@60fe133e
      value = class org.apache.felix.scr.impl.manager.ComponentContextImpl@7df5809
    elementMap = class java.util.LinkedHashMap@4e018f09
      serialVersionUID = 3801124242820219131
      head = class java.util.LinkedHashMap$Entry@3006bed2
      tail = class java.util.LinkedHashMap$Entry@3542ad62
      accessOrder = false
      serialVersionUID = 362498820763181265
      DEFAULT_INITIAL_CAPACITY = 16
      MAXIMUM_CAPACITY = 1073741824
      DEFAULT_LOAD_FACTOR = 0.75
      TREEIFY_THRESHOLD = 8
      UNTREEIFY_THRESHOLD = 6
      MIN_TREEIFY_CAPACITY = 64
      table = class java.util.HashMap$Node[16]
      entrySet = null
      size = 10
      modCount = 12
      threshold = 12
      loadFactor = 0.75
      keySet = null
      values = null
    elementSet = class java.util.concurrent.ConcurrentSkipListSet@16e26474
      serialVersionUID = -2479143111061671589
      m = class java.util.concurrent.ConcurrentSkipListMap@551c2942
      MAX_ARRAY_SIZE = 2147483639
    elementSetUnsorted = false
    serialVersionUID = 756240983881166148
    $$$tc$$$ = class com.ibm.websphere.ras.TraceComponent@74ad8450
      strings[0] = "TraceComponent[com.ibm.wsspi.kernel.service.utils.ConcurrentServiceReferenceSet,class com.ibm.wsspi.kernel.service.utils.ConcurrentServiceReferenceSet,[kernelUtils],com.ibm.ws.kernel.service.utils.resources.ServiceMessages,null]"
  serialVersionUID = 2284273176985484160
  $$$tc$$$ = class com.ibm.websphere.ras.TraceComponent@3954274c
    strings[0] = "TraceComponent[com.ibm.ws.container.service.state.internal.StateChangeManager,class com.ibm.ws.container.service.state.internal.StateChangeManager,[Runtime],,null]"

Dump of objectArray[0]
Object type = com.ibm.ws.container.service.app.deploy.internal.ApplicationInfoImpl
  appName = "RegistrationAppWeb"
  appMetaData = class com.ibm.ws.container.service.app.deploy.internal.ApplicationMetaDataImpl@4ed68f89
    j2eeName = class com.ibm.ws.container.service.metadata.internal.J2EENameImpl@3e3d66a4
      serialVersionUID = 7488184044073147667
      application = "RegistrationAppWeb"
      module = null
      component = null
      string = "RegistrationAppWeb"
      j2eeNameBytes = null
      $$$tc$$$ = class com.ibm.websphere.ras.TraceComponent@470aa221
    serialVersionUID = -7906531148367236579
    $$$tc$$$ = class com.ibm.websphere.ras.TraceComponent@4e48fc8c
      strings[0] = "TraceComponent[com.ibm.ws.container.service.app.deploy.internal.ApplicationMetaDataImpl,class com.ibm.ws.container.service.app.deploy.internal.ApplicationMetaDataImpl,[container.service],com.ibm.ws.container.service.resources.Messages,null]"
    tc = class com.ibm.websphere.ras.TraceComponent@24e3c001
      strings[0] = "TraceComponent[com.ibm.ws.runtime.metadata.MetaDataImpl,class com.ibm.ws.runtime.metadata.MetaDataImpl,[Runtime],null,null]"
    NUM_STATIC_SLOTS = 4
    ID_UNINITIALIZED = -1
    id = 0
    metaDataInterface = class java.lang.Class@7297bed3
      ANNOTATION = 8192
      ENUM = 16384
      SYNTHETIC = 4096
      cachedConstructor = null
      newInstanceCallerCache = null
      name = "com.ibm.ws.runtime.metadata.ApplicationMetaData"
      module = class java.lang.Module@4b57a768
      packageName = "com.ibm.ws.runtime.metadata"
      componentType = {} /* array length = 0 */
      allPermDomain = class java.security.ProtectionDomain@50b219fb
      reflectionData = null
      classRedefinedCount = 0
      genericInfo = null
      EMPTY_CLASS_ARRAY = class java.lang.Class[0]
      serialVersionUID = 3206093459760846163
      serialPersistentFields = class java.io.ObjectStreamField[0]
      reflectionFactory = class jdk.internal.reflect.ReflectionFactory@3132478e
      enumConstants = null
      enumConstantDirectory = null
      annotationData = null
      annotationType = null
      classValueMap = null
    staticSlots = class java.lang.Object[4]
      Object[0] = class com.ibm.ws.injectionengine.osgi.internal.OSGiInjectionScopeData@71ecd3d1
      Object[1] = null
      Object[2] = null
      Object[3] = null
    dynamicSlots = class java.lang.Object[4]
      Object[0] = null
      Object[1] = class com.ibm.ws.cdi.impl.weld.WebSphereCDIDeploymentImpl@72dfd22a
      Object[2] = "RegistrationAppWeb"
      Object[3] = null
  appContainer = class com.ibm.ws.adaptable.module.internal.AdaptableContainerImpl@45d3d75b
    root = class com.ibm.ws.adaptable.module.internal.AdaptableContainerImpl@45d3d75b
    rootOverlay = class com.ibm.ws.artifact.overlay.internal.DirectoryBasedOverlayContainerImpl@6db24633
      base = class com.ibm.ws.artifact.loose.internal.LooseArchive@18e992fb
      maskSet = class java.util.HashSet@4d34cf04
      cfHolder = class com.ibm.ws.artifact.overlay.internal.OverlayContainerFactoryImpl@5592f60
      fileOverlayContainer = class com.ibm.ws.artifact.file.internal.FileContainer@7ce29fff
      overlayDirectory = class java.io.File@2848b4d2
      cacheDirForOverlay = class java.io.File@43ef1230
      overlayNotifier = class com.ibm.ws.artifact.overlay.internal.DirectoryBasedOverlayNotifier@f810702
      enclosingContainer = null
      entryInEnclosingContainer = null
      nestedOverlays = class java.util.concurrent.ConcurrentHashMap@67746c6a
      cacheStore = class com.ibm.ws.artifact.overlay.internal.OverlayCache@af7aa72
      parentOverlay = null
      isPassThroughMode = true
      serialVersionUID = -1690795617118238166
      $$$tc$$$ = class com.ibm.websphere.ras.TraceComponent@4a21360e
    factoryHolder = class com.ibm.ws.adaptable.module.internal.AdaptableModuleFactoryImpl@aa69129
      adapterFactoryService = class com.ibm.ws.adaptable.module.internal.AdapterFactoryServiceImpl@3b03430f
      containerFactory = class com.ibm.ws.artifact.internal.ArtifactContainerFactoryService@1c7983cc
      overlayContainerFactory = class com.ibm.ws.artifact.overlay.internal.OverlayContainerFactoryImpl@5592f60
      serialVersionUID = 4200251809856292987
      $$$tc$$$ = class com.ibm.websphere.ras.TraceComponent@260d982
    delegate = class com.ibm.ws.artifact.overlay.internal.DirectoryBasedOverlayContainerImpl@6db24633
    notifier = class com.ibm.ws.adaptable.module.internal.NotifierImpl@6250b1c6
      root = class com.ibm.ws.adaptable.module.internal.AdaptableContainerImpl@45d3d75b
      delegateNotifier = class com.ibm.ws.artifact.overlay.internal.DirectoryBasedOverlayNotifier@f810702
      delegateRoot = class com.ibm.ws.artifact.overlay.internal.DirectoryBasedOverlayContainerImpl@6db24633
      listenerDelegates = class java.util.HashMap@3327df19
      serialVersionUID = 6839382523957017880
      $$$tc$$$ = class com.ibm.websphere.ras.TraceComponent@7bb60e1a
    serialVersionUID = -5621513278641113667
    $$$tc$$$ = class com.ibm.websphere.ras.TraceComponent@57cf89b7
      strings[0] = "TraceComponent[com.ibm.ws.adaptable.module.internal.AdaptableContainerImpl,class com.ibm.ws.adaptable.module.internal.AdaptableContainerImpl,[archive.adaptable],,null]"
  configHelper = class com.ibm.ws.app.manager.module.ApplicationNestedConfigHelper@4b8bc47b
    appInfo = class com.ibm.ws.app.manager.internal.ApplicationInstallInfo@28e853b8
    serialVersionUID = -3174031738676705046
    $$$tc$$$ = class com.ibm.websphere.ras.TraceComponent@2fe9431f
      strings[0] = "TraceComponent[com.ibm.ws.app.manager.module.ApplicationNestedConfigHelper,class com.ibm.ws.app.manager.module.ApplicationNestedConfigHelper,[applications, app.manager],,null]"
  applicationInformation = class com.ibm.ws.app.manager.internal.ApplicationInstallInfo@28e853b8
    _config = class com.ibm.ws.app.manager.internal.ApplicationConfig@457c679
      tc = class com.ibm.websphere.ras.TraceComponent@735074b
      _configPid = "com.ibm.ws.app.manager_65"
      _config = class com.ibm.ws.config.admin.ConfigurationDictionary@45cc5239
      _applicationManager = class com.ibm.ws.app.manager.ApplicationManager@66e16339
      _location = "RegistrationAppWeb.war"
      _type = "war"
      _name = "RegistrationAppWeb"
      _notificationBroadcasterSupport = class javax.management.NotificationBroadcasterSupport@3741894f
      ONE_TIME_JANDEX_MSGS_DISPLAYED = true
    _handlerInfo = class java.util.concurrent.atomic.AtomicReference@7e07bbbd
      serialVersionUID = -1848883965231344442
      VALUE = class java.lang.invoke.VarHandleObjects$FieldInstanceReadWrite@60fe133e
      value = class com.ibm.ws.app.manager.war.internal.WARDeployedAppInfo@750629fc
    _container = class java.util.concurrent.atomic.AtomicReference@6b3a001a
      serialVersionUID = -1848883965231344442
      VALUE = class java.lang.invoke.VarHandleObjects$FieldInstanceReadWrite@60fe133e
      value = class com.ibm.ws.adaptable.module.internal.AdaptableContainerImpl@45d3d75b
    _resolvedLocation = class java.util.concurrent.atomic.AtomicReference@125fb56
      serialVersionUID = -1848883965231344442
      VALUE = class java.lang.invoke.VarHandleObjects$FieldInstanceReadWrite@60fe133e
      value = class com.ibm.ws.kernel.service.location.internal.LocalFileResource@2d55b98a
    _handler = class com.ibm.ws.app.manager.war.internal.WARApplicationHandlerImpl@3b7b8105
      futureMonitor = class com.ibm.ws.threading.internal.FutureMonitorImpl@3f5c2454
      deployedAppFactory = class com.ibm.ws.app.manager.war.internal.WARDeployedAppInfoFactoryImpl@6a938bd7
      serialVersionUID = 4622845147410944782
      $$$tc$$$ = class com.ibm.websphere.ras.TraceComponent@21380afa
    _ami = class java.util.concurrent.atomic.AtomicReference@78e21f84
      serialVersionUID = -1848883965231344442
      VALUE = class java.lang.invoke.VarHandleObjects$FieldInstanceReadWrite@60fe133e
      value = class com.ibm.wsspi.application.handler.DefaultApplicationMonitoringInformation@360cffbd
    _updateHandler = class com.ibm.ws.app.manager.internal.statemachine.ApplicationStateMachineImpl@43e3ea52
      _tc = class com.ibm.websphere.ras.TraceComponent@5ac60b95
      EMPTY_FUTURE_ARRAY = interface java.util.concurrent.Future[0]
      asmSequenceNumber = class java.util.concurrent.atomic.AtomicLong@4adc2752
      _qscaCounter = class java.util.concurrent.atomic.AtomicInteger@6be60e3d
      _failedThrowable = null
      _interruptibleLock = class com.ibm.ws.app.manager.internal.statemachine.ApplicationStateMachineImpl$2@3b51876e
      _interruptible = false
      _performingQueuedActions = true
      _queuedActions = class java.util.concurrent.ConcurrentLinkedQueue@2c34b98e
      _callbackState = class java.util.concurrent.atomic.AtomicReference@779fded
      blockAppStartingFutures = class java.util.Collections$SetFromMap@5cb58cd9
      waitingForAppHandlerFuture = class java.util.concurrent.atomic.AtomicReference@6be81ad6
      waitingForExplicitStartFuture = class java.util.concurrent.atomic.AtomicReference@621926ec
      completionListener = class java.util.concurrent.atomic.AtomicReference@2a4729d7
      _notifyAppStopped = class java.util.concurrent.ConcurrentLinkedQueue@5a64ab02
      _notifyAppStarting = class java.util.concurrent.ConcurrentLinkedQueue@71713432
      _notifyAppInstallCalled = class java.util.concurrent.ConcurrentLinkedQueue@5af452b6
      _notifyAppStarted = class java.util.concurrent.ConcurrentLinkedQueue@496ed1ae
      _notifyAppRemoved = class java.util.concurrent.ConcurrentLinkedQueue@362d5f3a
      _stateLock = class com.ibm.ws.app.manager.internal.statemachine.ApplicationStateMachineImpl$3@4e052d69
      _internalState = class java.util.concurrent.atomic.AtomicReference@361cb7fd
      _currentAction = class java.util.concurrent.atomic.AtomicReference@9c0e331
      _rfa = class java.util.concurrent.atomic.AtomicReference@5548a9bc
      _appInstallInfo = class java.util.concurrent.atomic.AtomicReference@32c1b819
      _update = class java.util.concurrent.atomic.AtomicBoolean@613142e3
      _appConfig = class java.util.concurrent.atomic.AtomicReference@6f66fc9f
      _nextAppConfig = class java.util.concurrent.atomic.AtomicReference@7ff3ad86
      _appContainer = class java.util.concurrent.atomic.AtomicReference@40cdd311
      _resolvedLocation = class java.util.concurrent.atomic.AtomicReference@2b00a7b1
      _handler = class java.util.concurrent.atomic.AtomicReference@735a344a
      _asmSeqNo = 0
      _ctx = class org.eclipse.osgi.internal.framework.BundleContextImpl@a688f75
      _locAdmin = class com.ibm.ws.kernel.service.location.internal.WsLocationAdminImpl@1127383a
      _futureMonitor = class com.ibm.ws.threading.internal.FutureMonitorImpl@3f5c2454
      _artifactFactory = class com.ibm.ws.artifact.internal.ArtifactContainerFactoryService@1c7983cc
      _moduleFactory = class com.ibm.ws.adaptable.module.internal.AdaptableModuleFactoryImpl@aa69129
      _executorService = class com.ibm.ws.threading.internal.ExecutorServiceImpl@11cf2121
      _scheduledExecutorService = class com.ibm.ws.threading.internal.ScheduledExecutorImpl@3395bf36
      _asmHelper = class com.ibm.ws.app.manager.internal.ApplicationConfigurator$NamedApplication@2458f088
      _appMonitor = class com.ibm.ws.app.manager.internal.monitor.ApplicationMonitor@1bdba796
      enterStateCalled = class java.util.concurrent.atomic.AtomicBoolean@45fb5e3d
      serialVersionUID = -1399093980790866556
      serialVersionUID = 5501066335104962649
      $$$tc$$$ = class com.ibm.websphere.ras.TraceComponent@2e50b3a9
    serialVersionUID = 2630639237123415755
    $$$tc$$$ = class com.ibm.websphere.ras.TraceComponent@7a506c60
      strings[0] = "TraceComponent[com.ibm.ws.app.manager.internal.ApplicationInstallInfo,class com.ibm.ws.app.manager.internal.ApplicationInstallInfo,[applications, app.manager],com.ibm.ws.app.manager.internal.resources.AppManagerMessages,null]"
  serialVersionUID = -505303337196743781
  $$$tc$$$ = class com.ibm.websphere.ras.TraceComponent@4950801a
    strings[0] = "TraceComponent[com.ibm.ws.container.service.app.deploy.internal.ApplicationInfoImpl,class com.ibm.ws.container.service.app.deploy.internal.ApplicationInfoImpl,[container.service],com.ibm.ws.container.service.resources.Messages,null]"

