------Start of DE processing------ = [18/12/18 22:33:30:521 CET]
Exception = com.ibm.wsspi.adaptable.module.UnableToAdaptException
Source = com.ibm.ws.app.manager.war.internal.WARApplicationHandlerImpl
probeid = 50
Stack Dump = com.ibm.wsspi.adaptable.module.UnableToAdaptException: com.ibm.ws.javaee.ddmodel.DDParser$ParseException: CWWKC2272E: An error occurred while parsing the /WEB-INF/web.xml deployment descriptor on line 1. The error message was: ParseError at [row,col]:[1,1]
Message: Premature end of file.
	at com.ibm.ws.javaee.ddmodel.web.WebAppEntryAdapter.adapt(WebAppEntryAdapter.java:61)
	at com.ibm.ws.javaee.ddmodel.web.WebAppEntryAdapter.adapt(WebAppEntryAdapter.java:26)
	at com.ibm.ws.adaptable.module.internal.AdapterFactoryServiceImpl.adapt(AdapterFactoryServiceImpl.java:227)
	at com.ibm.ws.adaptable.module.internal.AdaptableEntryImpl.adapt(AdaptableEntryImpl.java:121)
	at com.ibm.ws.javaee.ddmodel.web.WebAppAdapter.adapt(WebAppAdapter.java:38)
	at com.ibm.ws.javaee.ddmodel.web.WebAppAdapter.adapt(WebAppAdapter.java:24)
	at com.ibm.ws.adaptable.module.internal.AdapterFactoryServiceImpl.adapt(AdapterFactoryServiceImpl.java:196)
	at com.ibm.ws.adaptable.module.internal.AdaptableContainerImpl.adapt(AdaptableContainerImpl.java:170)
	at com.ibm.ws.app.manager.module.internal.SimpleDeployedAppInfoBase$ModuleContainerInfoBase.<init>(SimpleDeployedAppInfoBase.java:153)
	at com.ibm.ws.app.manager.module.internal.SimpleDeployedAppInfoBase$WebModuleContainerInfo.<init>(SimpleDeployedAppInfoBase.java:320)
	at com.ibm.ws.app.manager.war.internal.WARDeployedAppInfo.<init>(WARDeployedAppInfo.java:64)
	at com.ibm.ws.app.manager.war.internal.WARDeployedAppInfoFactoryImpl.createDeployedAppInfo(WARDeployedAppInfoFactoryImpl.java:118)
	at com.ibm.ws.app.manager.war.internal.WARDeployedAppInfoFactoryImpl.createDeployedAppInfo(WARDeployedAppInfoFactoryImpl.java:33)
	at com.ibm.ws.app.manager.war.internal.WARApplicationHandlerImpl.setUpApplicationMonitoring(WARApplicationHandlerImpl.java:49)
	at com.ibm.ws.app.manager.internal.statemachine.StartAction.execute(StartAction.java:136)
	at com.ibm.ws.app.manager.internal.statemachine.ApplicationStateMachineImpl.enterState(ApplicationStateMachineImpl.java:1258)
	at com.ibm.ws.app.manager.internal.statemachine.ApplicationStateMachineImpl.performAction(ApplicationStateMachineImpl.java:1138)
	at com.ibm.ws.app.manager.internal.statemachine.ApplicationStateMachineImpl.run(ApplicationStateMachineImpl.java:881)
	at com.ibm.ws.threading.internal.ExecutorServiceImpl$RunnableWrapper.run(ExecutorServiceImpl.java:232)
	at java.base/java.util.concurrent.ThreadPoolExecutor.runWorker(ThreadPoolExecutor.java:1128)
	at java.base/java.util.concurrent.ThreadPoolExecutor$Worker.run(ThreadPoolExecutor.java:628)
	at java.base/java.lang.Thread.run(Thread.java:834)
Caused by: com.ibm.ws.javaee.ddmodel.DDParser$ParseException: CWWKC2272E: An error occurred while parsing the /WEB-INF/web.xml deployment descriptor on line 1. The error message was: ParseError at [row,col]:[1,1]
Message: Premature end of file.
	at com.ibm.ws.javaee.ddmodel.DDParser.parseToRootElement(DDParser.java:418)
	at com.ibm.ws.javaee.ddmodel.DDParser.parseRootElement(DDParser.java:572)
	at com.ibm.ws.javaee.ddmodel.web.WebAppDDParser.parse(WebAppDDParser.java:32)
	at com.ibm.ws.javaee.ddmodel.web.WebAppEntryAdapter.adapt(WebAppEntryAdapter.java:59)
	... 21 more
Caused by: javax.xml.stream.XMLStreamException: ParseError at [row,col]:[1,1]
Message: Premature end of file.
	at java.xml/com.sun.org.apache.xerces.internal.impl.XMLStreamReaderImpl.next(XMLStreamReaderImpl.java:652)
	at com.ibm.ws.javaee.ddmodel.DDParser.parseToRootElement(DDParser.java:415)
	... 24 more

Dump of callerThis
Object type = com.ibm.ws.app.manager.war.internal.WARApplicationHandlerImpl
  futureMonitor = class com.ibm.ws.threading.internal.FutureMonitorImpl@174b520b
    _monitor = class java.util.concurrent.ConcurrentLinkedQueue@53d14db1
      serialVersionUID = 196745693267521676
      head = class java.util.concurrent.ConcurrentLinkedQueue$Node@17f96964
      tail = class java.util.concurrent.ConcurrentLinkedQueue$Node@17f96964
      MAX_HOPS = 8
      HEAD = class java.lang.invoke.VarHandleObjects$FieldInstanceReadWrite@47bcfed0
      TAIL = class java.lang.invoke.VarHandleObjects$FieldInstanceReadWrite@17fc9b9f
      ITEM = class java.lang.invoke.VarHandleObjects$FieldInstanceReadWrite@13b9d9b9
      NEXT = class java.lang.invoke.VarHandleObjects$FieldInstanceReadWrite@2eb5b84e
      MAX_ARRAY_SIZE = 2147483639
    _executor = class com.ibm.ws.threading.internal.ScheduledExecutorImpl@513e5245
      threadGroupName = "Scheduled Executor Thread Group"
      executor = class com.ibm.ws.threading.internal.ExecutorServiceImpl@7293d49c
      serialVersionUID = -9110693807503469597
      $$$tc$$$ = class com.ibm.websphere.ras.TraceComponent@2067c441
      continueExistingPeriodicTasksAfterShutdown = false
      executeExistingDelayedTasksAfterShutdown = true
      removeOnCancel = false
      sequencer = class java.util.concurrent.atomic.AtomicLong@66e3e0a1
      DEFAULT_KEEPALIVE_MILLIS = 10
      ctl = class java.util.concurrent.atomic.AtomicInteger@62e8fc02
      COUNT_BITS = 29
      COUNT_MASK = 536870911
      RUNNING = -536870912
      SHUTDOWN = 0
      STOP = 536870912
      TIDYING = 1073741824
      TERMINATED = 1610612736
      workQueue = class java.util.concurrent.ScheduledThreadPoolExecutor$DelayedWorkQueue@2df56337
      mainLock = class java.util.concurrent.locks.ReentrantLock@63990e73
      workers = class java.util.HashSet@1a061c49
      termination = class java.util.concurrent.locks.AbstractQueuedSynchronizer$ConditionObject@3fabebe7
      largestPoolSize = 1
      completedTaskCount = 0
      threadFactory = class com.ibm.ws.threading.internal.ThreadFactoryImpl@39c1dbfe
      handler = class java.util.concurrent.ThreadPoolExecutor$AbortPolicy@1200b023
      keepAliveTime = 10000000
      allowCoreThreadTimeOut = false
      corePoolSize = 1
      maximumPoolSize = 2147483647
      defaultHandler = class java.util.concurrent.ThreadPoolExecutor$AbortPolicy@1200b023
      shutdownPerm = class java.lang.RuntimePermission@384e127e
      ONLY_ONE = true
      $assertionsDisabled = true
    _threadRunning = class java.util.concurrent.atomic.AtomicBoolean@724ecef
      serialVersionUID = 4654671469794556979
      VALUE = class java.lang.invoke.VarHandleInts$FieldInstanceReadWrite@58da3243
      value = 0
    _thread = class com.ibm.ws.threading.internal.FutureMonitorImpl$1@78a8d203
      this$0 = class com.ibm.ws.threading.internal.FutureMonitorImpl@174b520b
      serialVersionUID = 2422512430832938099
      $$$tc$$$ = class com.ibm.websphere.ras.TraceComponent@12412081
    serialVersionUID = 2765238413969174390
    $$$tc$$$ = class com.ibm.websphere.ras.TraceComponent@7f600e3f
      strings[0] = "TraceComponent[com.ibm.ws.threading.internal.FutureMonitorImpl,class com.ibm.ws.threading.internal.FutureMonitorImpl,[Threading],com.ibm.ws.threading.internal.resources.ThreadingMessages,null]"
  deployedAppFactory = class com.ibm.ws.app.manager.war.internal.WARDeployedAppInfoFactoryImpl@6ed3d782
    tc = class com.ibm.websphere.ras.TraceComponent@6b7f38d
      strings[0] = "TraceComponent[com.ibm.ws.app.manager.war.internal.WARDeployedAppInfoFactoryImpl,class com.ibm.ws.app.manager.war.internal.WARDeployedAppInfoFactoryImpl,[webcontainer, applications, app.manager],com.ibm.ws.app.manager.war.internal.resources.Messages,null]"
    webModuleHandler = class com.ibm.ws.app.manager.web.internal.WebModuleHandlerImpl@7731c2a7
      serialVersionUID = 4795602325763828210
      $$$tc$$$ = class com.ibm.websphere.ras.TraceComponent@27f9ac4f
      futureMonitor = class com.ibm.ws.threading.internal.FutureMonitorImpl@174b520b
      metaDataService = class com.ibm.ws.container.service.metadata.internal.MetaDataServiceImpl@5060c40d
      stateChangeService = class com.ibm.ws.container.service.state.internal.StateChangeServiceImpl@2afc6231
      moduleRuntimeContainer = class com.ibm.ws.webcontainer.osgi.WebContainer@65005122
      firstFailure = null
      serialVersionUID = -4563697739413190872
      $$$tc$$$ = class com.ibm.websphere.ras.TraceComponent@52efc626
    applicationManager = class com.ibm.ws.app.manager.ApplicationManager@41446b52
      expandApps = true
      useJandex = false
      startTimeout = 30
      stopTimeout = 30
      serialVersionUID = -5714171545272003139
      $$$tc$$$ = class com.ibm.websphere.ras.TraceComponent@17e0534d
    zipUtils = class com.ibm.ws.app.manager.war.internal.ZipUtils@147560b4
      tc = class com.ibm.websphere.ras.TraceComponent@18b357c3
      WAR_EXTENSION = ".war"
      serialVersionUID = -7574063014509395349
    timestamps = class java.util.HashMap@75941d61
      serialVersionUID = 362498820763181265
      DEFAULT_INITIAL_CAPACITY = 16
      MAXIMUM_CAPACITY = 1073741824
      DEFAULT_LOAD_FACTOR = 0.75
      TREEIFY_THRESHOLD = 8
      UNTREEIFY_THRESHOLD = 6
      MIN_TREEIFY_CAPACITY = 64
      table = null
      entrySet = null
      size = 0
      modCount = 0
      threshold = 0
      loadFactor = 0.75
      keySet = null
      values = null
    serialVersionUID = -5572482233301532271
    SERVER_APPS_DIR = "${server.config.dir}/apps/"
    EXPANDED_APPS_DIR = "${server.config.dir}/apps/expanded/"
    XML_SUFFIX = ".xml"
    bundleContext = class org.eclipse.osgi.internal.framework.BundleContextImpl@30949b8
      findHookName = "org.osgi.framework.hooks.bundle.FindHook"
      valid = true
      bundle = class org.eclipse.osgi.internal.framework.EquinoxBundle@5cafa22b
      container = class org.eclipse.osgi.internal.framework.EquinoxContainer@6f730c8d
      debug = class org.eclipse.osgi.internal.debug.Debug@786538e8
      servicesInUse = class java.util.HashMap@4984fbc8
      activator = null
      contextLock = class java.lang.Object@3b11731d
    applicationInfoFactory = class com.ibm.ws.container.service.app.deploy.internal.ApplicationInfoFactoryImpl@2ed876b5
      j2eeNameFactory = class com.ibm.wsspi.kernel.service.utils.AtomicServiceReference@2f8821a7
      names = class java.util.HashSet@7f1bea7a
      serialVersionUID = 7443990212682384945
      $$$tc$$$ = class com.ibm.websphere.ras.TraceComponent@3b0ea676
    futureMonitor = class com.ibm.ws.threading.internal.FutureMonitorImpl@174b520b
    classLoadingService = class com.ibm.ws.classloading.internal.ClassLoadingServiceImpl@5785bd33
      tc = class com.ibm.websphere.ras.TraceComponent@1cf1f74c
      leakDetectionMap = class java.util.HashMap@7a64ee0e
      TCCL_LOCK_WAIT = 15000
      REFERENCE_GENERATORS = "generators"
      bundleContext = class org.eclipse.osgi.internal.framework.BundleContextImpl@345c7535
      aclStore = class com.ibm.ws.classloading.internal.util.CanonicalStore@4bdbcdfc
      tcclStore = class com.ibm.ws.classloading.internal.util.CanonicalStore@5de782ed
      tcclStoreLock = class java.util.concurrent.locks.ReentrantLock@3a095132
      digraph = class org.eclipse.equinox.internal.region.StandardRegionDigraph@67c0cce3
      redefiner = class com.ibm.ws.classloading.internal.util.ClassRedefiner@726159ca
      listener = class com.ibm.ws.classloading.internal.ClassLoadingServiceImpl$1@13704d81
      classloaders = class java.util.Collections$SynchronizedMap@63001e1c
      resourceProviders = class com.ibm.ws.classloading.internal.CompositeResourceProvider@2c6614b
      rememberedBundles = class java.util.concurrent.ConcurrentHashMap@7a11c7d0
      collectedBundles = class java.lang.ref.ReferenceQueue@6b1c9156
      generatorRefs = class com.ibm.wsspi.kernel.service.utils.ConcurrentServiceReferenceSet@88f92d7
      generatorManager = class com.ibm.ws.classloading.internal.ClassGeneratorManager@397266b4
      appExtLibs = class java.util.concurrent.CopyOnWriteArrayList@4da9090d
      metaInfServicesProviders = class java.util.concurrent.ConcurrentHashMap@42b0a7cf
      metaInfServicesRefs = class com.ibm.wsspi.kernel.service.utils.ConcurrentServiceReferenceMap@36dd9c64
      protectionDomainMap = class java.util.HashMap@1c301bcd
      metadataIdentifierService = class com.ibm.ws.container.service.metadata.internal.MetaDataServiceImpl@5060c40d
      globalSharedLibrary = class java.util.concurrent.atomic.AtomicReference@19548827
      serialVersionUID = -1838778944052667322
    globalSharedLibrary = class com.ibm.ws.library.internal.SharedLibraryImpl@684a17b7
      tc = class com.ibm.websphere.ras.TraceComponent@72f801a0
      EMPTY_LIBRARY_LISTENERS = interface com.ibm.wsspi.library.LibraryChangeListener[0]
      deleted = false
      libraryListenersTracker = class org.osgi.util.tracker.ServiceTracker@35679ebe
      libraryReg = class org.eclipse.osgi.internal.serviceregistry.ServiceRegistrationImpl@278463a7
      ctx = class org.eclipse.osgi.internal.framework.BundleContextImpl@345c7535
      classLoadingService = class com.ibm.ws.classloading.internal.ClassLoadingServiceImpl@5785bd33
      configAdmin = class com.ibm.ws.config.admin.internal.ConfigurationAdminImpl@52af3b27
      resolvedBasePath = "/Users/kurtrogiers/lab/wlp/usr/servers/defaultServer/"
      generationLock = class com.ibm.ws.library.internal.SharedLibraryImpl$1@11d40470
      currentGeneration = class com.ibm.ws.library.internal.LibraryGeneration@656204bd
      nextGeneration = class com.ibm.ws.library.internal.LibraryGeneration@656204bd
      artifactContainerFactory = class com.ibm.ws.library.internal.SharedLibraryFactory$1@6cf9e4c1
      packageExporter = class com.ibm.ws.library.internal.LibraryPackageExporter@47a48c7a
      serialVersionUID = 6288237618632180389
    globalSharedLibraryPid = "com.ibm.ws.classloading.sharedlibrary_55"
    configAdmin = class com.ibm.ws.config.admin.internal.ConfigurationAdminImpl@3d6070ca
      tc = class com.ibm.websphere.ras.TraceComponent@52796b5d
      bundle = class org.eclipse.osgi.internal.framework.EquinoxBundle@5cafa22b
      caFactory = class com.ibm.ws.config.admin.internal.ConfigAdminServiceFactory@166ffbdb
      serialVersionUID = 3160799878770679122
    metaDataService = class com.ibm.ws.container.service.metadata.internal.MetaDataServiceImpl@5060c40d
      applicationMetaDataManager = class com.ibm.ws.container.service.metadata.internal.ApplicationMetaDataManager@3a0db487
      moduleMetaDataManager = class com.ibm.ws.container.service.metadata.internal.ModuleMetaDataManager@79423c40
      componentMetaDataManager = class com.ibm.ws.container.service.metadata.internal.ComponentMetaDataManager@17a9afd6
      methodMetaDataManager = class com.ibm.ws.container.service.metadata.internal.MethodMetaDataManager@3741df63
      appModuleNameToModuleContainer = class java.util.concurrent.ConcurrentHashMap@603fec80
      jeeNameToComponentMetaData = class java.util.concurrent.ConcurrentHashMap@8f77cfb
      deferredMetaDataFactories = class com.ibm.wsspi.kernel.service.utils.ConcurrentServiceReferenceSet@527ab52c
      deferredMetaDataInitializers = class com.ibm.wsspi.kernel.service.utils.ConcurrentServiceReferenceMap@6b79c2c7
      serialVersionUID = -2494605732980966097
      $$$tc$$$ = class com.ibm.websphere.ras.TraceComponent@696e313e
    stateChangeService = class com.ibm.ws.container.service.state.internal.StateChangeServiceImpl@2afc6231
      applicationStateManager = class com.ibm.ws.container.service.state.internal.ApplicationStateManager@385e157a
      moduleStateManager = class com.ibm.ws.container.service.state.internal.ModuleStateManager@74bd68c4
      serialVersionUID = -537917915330350560
      $$$tc$$$ = class com.ibm.websphere.ras.TraceComponent@138444cf
    allModuleTypes = class java.lang.String[4]
      String[0] = "ejb"
      String[1] = "web"
      String[2] = "client"
      String[3] = "connector"
    moduleMetaDataExtenders = class java.util.concurrent.ConcurrentHashMap@1239ca51
      serialVersionUID = 7249069246763182397
      MAXIMUM_CAPACITY = 1073741824
      DEFAULT_CAPACITY = 16
      MAX_ARRAY_SIZE = 2147483639
      DEFAULT_CONCURRENCY_LEVEL = 16
      LOAD_FACTOR = 0.75
      TREEIFY_THRESHOLD = 8
      UNTREEIFY_THRESHOLD = 6
      MIN_TREEIFY_CAPACITY = 64
      MIN_TRANSFER_STRIDE = 16
      RESIZE_STAMP_BITS = 16
      MAX_RESIZERS = 65535
      RESIZE_STAMP_SHIFT = 16
      MOVED = -1
      TREEBIN = -2
      RESERVED = -3
      HASH_BITS = 2147483647
      NCPU = 12
      serialPersistentFields = class java.io.ObjectStreamField[3]
      table = class java.util.concurrent.ConcurrentHashMap$Node[16]
      nextTable = null
      baseCount = 4
      sizeCtl = 12
      transferIndex = 0
      cellsBusy = 0
      counterCells = null
      keySet = null
      values = null
      entrySet = null
      U = class jdk.internal.misc.Unsafe@77a26b35
      SIZECTL = 20
      TRANSFERINDEX = 32
      BASECOUNT = 24
      CELLSBUSY = 36
      CELLVALUE = 144
      ABASE = 16
      ASHIFT = 2
      keySet = null
      values = null
    nestedModuleMetaDataFactories = class java.util.concurrent.ConcurrentHashMap@2ce11efc
      serialVersionUID = 7249069246763182397
      MAXIMUM_CAPACITY = 1073741824
      DEFAULT_CAPACITY = 16
      MAX_ARRAY_SIZE = 2147483639
      DEFAULT_CONCURRENCY_LEVEL = 16
      LOAD_FACTOR = 0.75
      TREEIFY_THRESHOLD = 8
      UNTREEIFY_THRESHOLD = 6
      MIN_TREEIFY_CAPACITY = 64
      MIN_TRANSFER_STRIDE = 16
      RESIZE_STAMP_BITS = 16
      MAX_RESIZERS = 65535
      RESIZE_STAMP_SHIFT = 16
      MOVED = -1
      TREEBIN = -2
      RESERVED = -3
      HASH_BITS = 2147483647
      NCPU = 12
      serialPersistentFields = class java.io.ObjectStreamField[3]
      table = class java.util.concurrent.ConcurrentHashMap$Node[16]
      nextTable = null
      baseCount = 4
      sizeCtl = 12
      transferIndex = 0
      cellsBusy = 0
      counterCells = null
      keySet = null
      values = null
      entrySet = null
      U = class jdk.internal.misc.Unsafe@77a26b35
      SIZECTL = 20
      TRANSFERINDEX = 32
      BASECOUNT = 24
      CELLSBUSY = 36
      CELLVALUE = 144
      ABASE = 16
      ASHIFT = 2
      keySet = null
      values = null
    permissionManager = class com.ibm.ws.classloading.java2sec.PermissionManager@7af7e7c1
      tc = class com.ibm.websphere.ras.TraceComponent@5cd6f3fc
      classLoadingService = class com.ibm.ws.classloading.internal.ClassLoadingServiceImpl@5785bd33
      DEFAULT_SERVER_RESTRICTABLE_PERMISSIONS = class java.security.Permission[4]
      DEFAULT_CLIENT_RESTRICTABLE_PERMISSIONS = class java.security.Permission[3]
      isServer = true
      wsjarUrlStreamHandlerAvailable = true
      restrictablePermissions = class java.util.ArrayList@180bde27
      grantedPermissions = class java.util.ArrayList@25a378b1
      KEY_PERMISSION = "permission"
      INCORRECT_PERMISSION_CONFIGURATION = "INCORRECT_PERMISSION_CONFIGURATION"
      PERMISSION_CLASSNOTFOUND = "PERMISSION_CLASSNOTFOUND"
      SERVER_XML = "server.xml"
      CLIENT_XML = "client.xml"
      originationFile = "server.xml"
      permissions = class com.ibm.wsspi.kernel.service.utils.ConcurrentServiceReferenceSet@155e932a
      codeBasePermissionMap = class java.util.HashMap@5b7113f4
      permissionXMLPermissionMap = class java.util.HashMap@1dcd045b
      serialVersionUID = -5043611968709568417
    locAdmin = class com.ibm.ws.kernel.service.location.internal.WsLocationAdminImpl@16d8bccc
      tc = class com.ibm.websphere.ras.TraceComponent@2fa81278
      LOC_INTERNAL_LIB_DIR = "wlp.lib.dir"
      LOC_AREA_NAME_APPS = "shared/apps/"
      LOC_AREA_NAME_CONFIG = "shared/config/"
      LOC_AREA_NAME_RESC = "shared/resources/"
      LOC_AREA_NAME_STATE = "logs/state/"
      LOC_AREA_NAME_SERVERS = "servers/"
      LOC_AREA_NAME_CLIENTS = "clients/"
      LOC_AREA_NAME_WORKING = "workarea/"
      LOC_AREA_NAME_EXTENSION = "extension/"
      instance = class com.ibm.ws.staticvalue.StaticValue$FinalSingleton@4afa3c8b
      installRoot = class com.ibm.ws.kernel.service.location.internal.SymbolicRootResource@475a793d
      installParentRoot = class com.ibm.ws.kernel.service.location.internal.SymbolicRootResource@6cf43e86
      userRoot = class com.ibm.ws.kernel.service.location.internal.SymbolicRootResource@103250be
      usrExtensionRoot = class com.ibm.ws.kernel.service.location.internal.SymbolicRootResource@bb73857
      serverConfigDir = class com.ibm.ws.kernel.service.location.internal.SymbolicRootResource@1fb03b8d
      serverOutputDir = class com.ibm.ws.kernel.service.location.internal.SymbolicRootResource@1fb03b8d
      bootstrapLib = class com.ibm.ws.kernel.service.location.internal.LocalFileResource@527d26f3
      serverWorkarea = class com.ibm.ws.kernel.service.location.internal.LocalFileResource@50c83ba2
      serverState = class com.ibm.ws.kernel.service.location.internal.LocalFileResource@620fc46c
      sharedAppsRoot = class com.ibm.ws.kernel.service.location.internal.SymbolicRootResource@7c7de7f3
      sharedConfigRoot = class com.ibm.ws.kernel.service.location.internal.SymbolicRootResource@478c0c31
      sharedResourceRoot = class com.ibm.ws.kernel.service.location.internal.SymbolicRootResource@56883a49
      tmpRoot = class com.ibm.ws.kernel.service.location.internal.SymbolicRootResource@4a38b850
      serverName = "defaultServer"
      resourcePaths = class java.util.ArrayList@59699c9b
      resourceGroups = class java.util.HashMap@7ea3ee03
      commonRoot = class com.ibm.ws.kernel.service.location.internal.VirtualRootResource@69eed9ec
      serialVersionUID = 7766352982799267432
    artifactFactory = class com.ibm.ws.artifact.internal.ArtifactContainerFactoryService@25cced80
      CATEGORY_PROP_NAME = "category"
      ENTRY_KEY = "com.ibm.wsspi.artifact.ArtifactEntry"
      helperMap = class com.ibm.wsspi.kernel.service.utils.ConcurrentServiceReferenceSetMap@1a21e092
      contributorMap = class com.ibm.wsspi.kernel.service.utils.ConcurrentServiceReferenceSetMap@4acf1e69
      helperCategoryMap = class com.ibm.wsspi.kernel.service.utils.ConcurrentServiceReferenceSetMap@6820eb3d
      contributorCategoryMap = class com.ibm.wsspi.kernel.service.utils.ConcurrentServiceReferenceSetMap@742d0988
      categories = class java.util.Collections$SynchronizedSet@611d42ef
      baseProperties = class org.apache.felix.scr.impl.helper.ReadOnlyDictionary@531334f3
      serialVersionUID = -3101641399269402013
      $$$tc$$$ = class com.ibm.websphere.ras.TraceComponent@13403c78
    moduleFactory = class com.ibm.ws.adaptable.module.internal.AdaptableModuleFactoryImpl@6f2d4d25
      adapterFactoryService = class com.ibm.ws.adaptable.module.internal.AdapterFactoryServiceImpl@52979da4
      containerFactory = class com.ibm.ws.artifact.internal.ArtifactContainerFactoryService@25cced80
      overlayContainerFactory = class com.ibm.ws.artifact.overlay.internal.OverlayContainerFactoryImpl@79f7be13
      serialVersionUID = 4200251809856292987
      $$$tc$$$ = class com.ibm.websphere.ras.TraceComponent@5c8c4fb
    serialVersionUID = -5985362902756393123
    $$$tc$$$ = class com.ibm.websphere.ras.TraceComponent@15600c0e
      strings[0] = "TraceComponent[com.ibm.ws.app.manager.module.internal.DeployedAppInfoFactoryBase,class com.ibm.ws.app.manager.module.internal.DeployedAppInfoFactoryBase,[applications, app.manager],,null]"
  serialVersionUID = 4622845147410944782
  $$$tc$$$ = class com.ibm.websphere.ras.TraceComponent@26c2c0fd
    strings[0] = "TraceComponent[com.ibm.ws.app.manager.war.internal.WARApplicationHandlerImpl,class com.ibm.ws.app.manager.war.internal.WARApplicationHandlerImpl,[webcontainer, applications, app.manager],com.ibm.ws.app.manager.war.internal.resources.Messages,null]"

Dump of objectArray[0]
Object type = com.ibm.ws.app.manager.internal.ApplicationInstallInfo
  _config = class com.ibm.ws.app.manager.internal.ApplicationConfig@38679079
    tc = class com.ibm.websphere.ras.TraceComponent@2e0d364a
      strings[0] = "TraceComponent[com.ibm.ws.app.manager.internal.ApplicationConfig,class com.ibm.ws.app.manager.internal.ApplicationConfig,[applications, app.manager],com.ibm.ws.app.manager.internal.resources.AppManagerMessages,null]"
    _configPid = "com.ibm.ws.app.manager_65"
    _config = class com.ibm.ws.config.admin.ConfigurationDictionary@1723dd43
      serialVersionUID = 7966152868712543805
      simpleTypes = class java.util.Arrays$ArrayList@592ee69a
      primitiveArrayTypes = class java.util.Arrays$ArrayList@59836b9
      simpleArrayTypes = class java.util.Arrays$ArrayList@3c50eb16
      extendedTypes = class java.util.Arrays$ArrayList@36e1847f
      CASE_INSENSITIVE = class com.ibm.ws.config.admin.ConfigurationDictionary$CaseInsensitive@c138b79
      properties = class java.util.Collections$SynchronizedMap@18d5be0f
    _applicationManager = class com.ibm.ws.app.manager.ApplicationManager@41446b52
      expandApps = true
      useJandex = false
      startTimeout = 30
      stopTimeout = 30
      serialVersionUID = -5714171545272003139
      $$$tc$$$ = class com.ibm.websphere.ras.TraceComponent@17e0534d
    _location = "RegistrationAppWeb.war"
    _type = "war"
    _name = "RegistrationAppWeb"
    _notificationBroadcasterSupport = class javax.management.NotificationBroadcasterSupport@307d9bb3
      listenerList = class java.util.concurrent.CopyOnWriteArrayList@3c0554af
      executor = class com.ibm.ws.threading.internal.ExecutorServiceImpl@7293d49c
      notifInfo = class javax.management.MBeanNotificationInfo[2]
      defaultExecutor = class javax.management.NotificationBroadcasterSupport$1@2bf95f24
      NO_NOTIFICATION_INFO = class javax.management.MBeanNotificationInfo[0]
      logger = class com.sun.jmx.remote.util.ClassLogger@61074204
    ONE_TIME_JANDEX_MSGS_DISPLAYED = true
  _handlerInfo = class java.util.concurrent.atomic.AtomicReference@210b57ed
    serialVersionUID = -1848883965231344442
    VALUE = class java.lang.invoke.VarHandleObjects$FieldInstanceReadWrite@5be12b4d
      FORM = class java.lang.invoke.VarForm@5605ccd8
      fieldOffset = 12
      receiverType = class java.lang.Class@4eb7f003
      fieldType = class java.lang.Class@55054057
      FORM = class java.lang.invoke.VarForm@50091574
      vform = class java.lang.invoke.VarForm@5605ccd8
      typesAndInvokers = null
      AIOOBE_SUPPLIER = class jdk.internal.util.Preconditions$1@33a5837a
      VFORM_OFFSET = 12
      $assertionsDisabled = true
    value = null
  _container = class java.util.concurrent.atomic.AtomicReference@1818d9f
    serialVersionUID = -1848883965231344442
    VALUE = class java.lang.invoke.VarHandleObjects$FieldInstanceReadWrite@5be12b4d
    value = class com.ibm.ws.adaptable.module.internal.AdaptableContainerImpl@4cfe3da1
      root = class com.ibm.ws.adaptable.module.internal.AdaptableContainerImpl@4cfe3da1
      rootOverlay = class com.ibm.ws.artifact.overlay.internal.DirectoryBasedOverlayContainerImpl@598b05d5
      factoryHolder = class com.ibm.ws.adaptable.module.internal.AdaptableModuleFactoryImpl@6f2d4d25
      delegate = class com.ibm.ws.artifact.overlay.internal.DirectoryBasedOverlayContainerImpl@598b05d5
      notifier = null
      serialVersionUID = -5621513278641113667
      $$$tc$$$ = class com.ibm.websphere.ras.TraceComponent@19d39176
  _resolvedLocation = class java.util.concurrent.atomic.AtomicReference@2a33bd1f
    serialVersionUID = -1848883965231344442
    VALUE = class java.lang.invoke.VarHandleObjects$FieldInstanceReadWrite@5be12b4d
    value = class com.ibm.ws.kernel.service.location.internal.LocalFileResource@405c9fbb
      strings[0] = "LocalFileResource[FILE;@-1763031289;<undefined>;/Users/kurtrogiers/lab/wlp/usr/servers/defaultServer/apps/RegistrationAppWeb.war.xml]"
  _handler = class com.ibm.ws.app.manager.war.internal.WARApplicationHandlerImpl@1aad15f8
    futureMonitor = class com.ibm.ws.threading.internal.FutureMonitorImpl@174b520b
      _monitor = class java.util.concurrent.ConcurrentLinkedQueue@53d14db1
      _executor = class com.ibm.ws.threading.internal.ScheduledExecutorImpl@513e5245
      _threadRunning = class java.util.concurrent.atomic.AtomicBoolean@724ecef
      _thread = class com.ibm.ws.threading.internal.FutureMonitorImpl$1@78a8d203
      serialVersionUID = 2765238413969174390
      $$$tc$$$ = class com.ibm.websphere.ras.TraceComponent@7f600e3f
    deployedAppFactory = class com.ibm.ws.app.manager.war.internal.WARDeployedAppInfoFactoryImpl@6ed3d782
      tc = class com.ibm.websphere.ras.TraceComponent@6b7f38d
      webModuleHandler = class com.ibm.ws.app.manager.web.internal.WebModuleHandlerImpl@7731c2a7
      applicationManager = class com.ibm.ws.app.manager.ApplicationManager@41446b52
      zipUtils = class com.ibm.ws.app.manager.war.internal.ZipUtils@147560b4
      timestamps = class java.util.HashMap@75941d61
      serialVersionUID = -5572482233301532271
      SERVER_APPS_DIR = "${server.config.dir}/apps/"
      EXPANDED_APPS_DIR = "${server.config.dir}/apps/expanded/"
      XML_SUFFIX = ".xml"
      bundleContext = class org.eclipse.osgi.internal.framework.BundleContextImpl@30949b8
      applicationInfoFactory = class com.ibm.ws.container.service.app.deploy.internal.ApplicationInfoFactoryImpl@2ed876b5
      futureMonitor = class com.ibm.ws.threading.internal.FutureMonitorImpl@174b520b
      classLoadingService = class com.ibm.ws.classloading.internal.ClassLoadingServiceImpl@5785bd33
      globalSharedLibrary = class com.ibm.ws.library.internal.SharedLibraryImpl@684a17b7
      globalSharedLibraryPid = "com.ibm.ws.classloading.sharedlibrary_55"
      configAdmin = class com.ibm.ws.config.admin.internal.ConfigurationAdminImpl@3d6070ca
      metaDataService = class com.ibm.ws.container.service.metadata.internal.MetaDataServiceImpl@5060c40d
      stateChangeService = class com.ibm.ws.container.service.state.internal.StateChangeServiceImpl@2afc6231
      allModuleTypes = class java.lang.String[4]
      moduleMetaDataExtenders = class java.util.concurrent.ConcurrentHashMap@1239ca51
      nestedModuleMetaDataFactories = class java.util.concurrent.ConcurrentHashMap@2ce11efc
      permissionManager = class com.ibm.ws.classloading.java2sec.PermissionManager@7af7e7c1
      locAdmin = class com.ibm.ws.kernel.service.location.internal.WsLocationAdminImpl@16d8bccc
      artifactFactory = class com.ibm.ws.artifact.internal.ArtifactContainerFactoryService@25cced80
      moduleFactory = class com.ibm.ws.adaptable.module.internal.AdaptableModuleFactoryImpl@6f2d4d25
      serialVersionUID = -5985362902756393123
      $$$tc$$$ = class com.ibm.websphere.ras.TraceComponent@15600c0e
    serialVersionUID = 4622845147410944782
    $$$tc$$$ = class com.ibm.websphere.ras.TraceComponent@26c2c0fd
      strings[0] = "TraceComponent[com.ibm.ws.app.manager.war.internal.WARApplicationHandlerImpl,class com.ibm.ws.app.manager.war.internal.WARApplicationHandlerImpl,[webcontainer, applications, app.manager],com.ibm.ws.app.manager.war.internal.resources.Messages,null]"
  _ami = class java.util.concurrent.atomic.AtomicReference@3b13030b
    serialVersionUID = -1848883965231344442
    VALUE = class java.lang.invoke.VarHandleObjects$FieldInstanceReadWrite@5be12b4d
    value = null
  _updateHandler = class com.ibm.ws.app.manager.internal.statemachine.ApplicationStateMachineImpl@6e33a3df
    _tc = class com.ibm.websphere.ras.TraceComponent@1e770e8e
      strings[0] = "TraceComponent[com.ibm.ws.app.manager.internal.statemachine.ApplicationStateMachineImpl,class com.ibm.ws.app.manager.internal.statemachine.ApplicationStateMachineImpl,[applications, app.manager],com.ibm.ws.app.manager.internal.resources.AppManagerMessages,null]"
    EMPTY_FUTURE_ARRAY = interface java.util.concurrent.Future[0]
    asmSequenceNumber = class java.util.concurrent.atomic.AtomicLong@5895628d
      serialVersionUID = 1927816293512124184
      VM_SUPPORTS_LONG_CAS = true
      U = class jdk.internal.misc.Unsafe@77a26b35
      VALUE = 16
      value = 1
      serialVersionUID = -8742448824652078965
    _qscaCounter = class java.util.concurrent.atomic.AtomicInteger@3681be86
      serialVersionUID = 6214790243416807050
      U = class jdk.internal.misc.Unsafe@77a26b35
      VALUE = 12
      value = 3
      serialVersionUID = -8742448824652078965
    _failedThrowable = class com.ibm.ws.container.service.state.StateChangeException@5be9af58
      serialVersionUID = 7229330995297804384
      $$$tc$$$ = class com.ibm.websphere.ras.TraceComponent@4bba859a
      serialVersionUID = -3387516993124229948
      serialVersionUID = -3042686055658047285
      backtrace = class java.lang.Object[5]
      detailMessage = "org.jboss.weld.exceptions.DefinitionException: WELD-000075: Normal scoped managed bean implementation class has a public field:  [EnhancedAnnotatedFieldImpl] public net.wasdev.reg.Attendees.attendees"
      UNASSIGNED_STACK = class java.lang.StackTraceElement[0]
      cause = class org.jboss.weld.exceptions.DefinitionException@455b13f1
      stackTrace = class java.lang.StackTraceElement[12]
      depth = 12
      SUPPRESSED_SENTINEL = class java.util.Collections$EmptyList@4650bb95
      suppressedExceptions = class java.util.Collections$EmptyList@4650bb95
      NULL_CAUSE_MESSAGE = "Cannot suppress a null exception."
      SELF_SUPPRESSION_MESSAGE = "Self-suppression not permitted"
      CAUSE_CAPTION = "Caused by: "
      SUPPRESSED_CAPTION = "Suppressed: "
      EMPTY_THROWABLE_ARRAY = class java.lang.Throwable[0]
      $assertionsDisabled = true
    _interruptibleLock = class com.ibm.ws.app.manager.internal.statemachine.ApplicationStateMachineImpl$2@74e3e53b
      this$0 = class com.ibm.ws.app.manager.internal.statemachine.ApplicationStateMachineImpl@6e33a3df
      serialVersionUID = 1428897424970146289
      $$$tc$$$ = class com.ibm.websphere.ras.TraceComponent@6c8e5a0c
    _interruptible = false
    _performingQueuedActions = true
    _queuedActions = class java.util.concurrent.ConcurrentLinkedQueue@3020ca92
      serialVersionUID = 196745693267521676
      head = class java.util.concurrent.ConcurrentLinkedQueue$Node@7d7d3a6e
      tail = class java.util.concurrent.ConcurrentLinkedQueue$Node@46d8f70
      MAX_HOPS = 8
      HEAD = class java.lang.invoke.VarHandleObjects$FieldInstanceReadWrite@47bcfed0
      TAIL = class java.lang.invoke.VarHandleObjects$FieldInstanceReadWrite@17fc9b9f
      ITEM = class java.lang.invoke.VarHandleObjects$FieldInstanceReadWrite@13b9d9b9
      NEXT = class java.lang.invoke.VarHandleObjects$FieldInstanceReadWrite@2eb5b84e
      MAX_ARRAY_SIZE = 2147483639
    _callbackState = class java.util.concurrent.atomic.AtomicReference@43d25711
      serialVersionUID = -1848883965231344442
      VALUE = class java.lang.invoke.VarHandleObjects$FieldInstanceReadWrite@5be12b4d
      value = class com.ibm.ws.app.manager.internal.statemachine.ApplicationStateMachineImpl$CallbackState@5da1a3fc
    blockAppStartingFutures = class java.util.Collections$SetFromMap@781cb463
      m = class java.util.concurrent.ConcurrentHashMap@4e5108c0
      s = class java.util.concurrent.ConcurrentHashMap$KeySetView@1fa2cb9a
      serialVersionUID = 2454657854757543876
      MAX_ARRAY_SIZE = 2147483639
    waitingForAppHandlerFuture = class java.util.concurrent.atomic.AtomicReference@13bd4c66
      serialVersionUID = -1848883965231344442
      VALUE = class java.lang.invoke.VarHandleObjects$FieldInstanceReadWrite@5be12b4d
      value = class com.ibm.ws.app.manager.internal.ApplicationDependency@1ca2c320
    waitingForExplicitStartFuture = class java.util.concurrent.atomic.AtomicReference@257f60d9
      serialVersionUID = -1848883965231344442
      VALUE = class java.lang.invoke.VarHandleObjects$FieldInstanceReadWrite@5be12b4d
      value = null
    completionListener = class java.util.concurrent.atomic.AtomicReference@7444c1b8
      serialVersionUID = -1848883965231344442
      VALUE = class java.lang.invoke.VarHandleObjects$FieldInstanceReadWrite@5be12b4d
      value = null
    _notifyAppStopped = class java.util.concurrent.ConcurrentLinkedQueue@6966ccff
      serialVersionUID = 196745693267521676
      head = class java.util.concurrent.ConcurrentLinkedQueue$Node@7303d3a5
      tail = class java.util.concurrent.ConcurrentLinkedQueue$Node@7303d3a5
      MAX_HOPS = 8
      HEAD = class java.lang.invoke.VarHandleObjects$FieldInstanceReadWrite@47bcfed0
      TAIL = class java.lang.invoke.VarHandleObjects$FieldInstanceReadWrite@17fc9b9f
      ITEM = class java.lang.invoke.VarHandleObjects$FieldInstanceReadWrite@13b9d9b9
      NEXT = class java.lang.invoke.VarHandleObjects$FieldInstanceReadWrite@2eb5b84e
      MAX_ARRAY_SIZE = 2147483639
    _notifyAppStarting = class java.util.concurrent.ConcurrentLinkedQueue@104163c9
      serialVersionUID = 196745693267521676
      head = class java.util.concurrent.ConcurrentLinkedQueue$Node@7ecf51c8
      tail = class java.util.concurrent.ConcurrentLinkedQueue$Node@2323d242
      MAX_HOPS = 8
      HEAD = class java.lang.invoke.VarHandleObjects$FieldInstanceReadWrite@47bcfed0
      TAIL = class java.lang.invoke.VarHandleObjects$FieldInstanceReadWrite@17fc9b9f
      ITEM = class java.lang.invoke.VarHandleObjects$FieldInstanceReadWrite@13b9d9b9
      NEXT = class java.lang.invoke.VarHandleObjects$FieldInstanceReadWrite@2eb5b84e
      MAX_ARRAY_SIZE = 2147483639
    _notifyAppInstallCalled = class java.util.concurrent.ConcurrentLinkedQueue@4e66a0b0
      serialVersionUID = 196745693267521676
      head = class java.util.concurrent.ConcurrentLinkedQueue$Node@38103c20
      tail = class java.util.concurrent.ConcurrentLinkedQueue$Node@38103c20
      MAX_HOPS = 8
      HEAD = class java.lang.invoke.VarHandleObjects$FieldInstanceReadWrite@47bcfed0
      TAIL = class java.lang.invoke.VarHandleObjects$FieldInstanceReadWrite@17fc9b9f
      ITEM = class java.lang.invoke.VarHandleObjects$FieldInstanceReadWrite@13b9d9b9
      NEXT = class java.lang.invoke.VarHandleObjects$FieldInstanceReadWrite@2eb5b84e
      MAX_ARRAY_SIZE = 2147483639
    _notifyAppStarted = class java.util.concurrent.ConcurrentLinkedQueue@1cfdf1c5
      serialVersionUID = 196745693267521676
      head = class java.util.concurrent.ConcurrentLinkedQueue$Node@5016bc44
      tail = class java.util.concurrent.ConcurrentLinkedQueue$Node@145d75d5
      MAX_HOPS = 8
      HEAD = class java.lang.invoke.VarHandleObjects$FieldInstanceReadWrite@47bcfed0
      TAIL = class java.lang.invoke.VarHandleObjects$FieldInstanceReadWrite@17fc9b9f
      ITEM = class java.lang.invoke.VarHandleObjects$FieldInstanceReadWrite@13b9d9b9
      NEXT = class java.lang.invoke.VarHandleObjects$FieldInstanceReadWrite@2eb5b84e
      MAX_ARRAY_SIZE = 2147483639
    _notifyAppRemoved = class java.util.concurrent.ConcurrentLinkedQueue@43a3c791
      serialVersionUID = 196745693267521676
      head = class java.util.concurrent.ConcurrentLinkedQueue$Node@6ef38d83
      tail = class java.util.concurrent.ConcurrentLinkedQueue$Node@6ef38d83
      MAX_HOPS = 8
      HEAD = class java.lang.invoke.VarHandleObjects$FieldInstanceReadWrite@47bcfed0
      TAIL = class java.lang.invoke.VarHandleObjects$FieldInstanceReadWrite@17fc9b9f
      ITEM = class java.lang.invoke.VarHandleObjects$FieldInstanceReadWrite@13b9d9b9
      NEXT = class java.lang.invoke.VarHandleObjects$FieldInstanceReadWrite@2eb5b84e
      MAX_ARRAY_SIZE = 2147483639
    _stateLock = class com.ibm.ws.app.manager.internal.statemachine.ApplicationStateMachineImpl$3@5867bb07
      this$0 = class com.ibm.ws.app.manager.internal.statemachine.ApplicationStateMachineImpl@6e33a3df
      serialVersionUID = -2844785999478513305
      $$$tc$$$ = class com.ibm.websphere.ras.TraceComponent@3ddd9dc8
    _internalState = class java.util.concurrent.atomic.AtomicReference@23ffe39b
      serialVersionUID = -1848883965231344442
      VALUE = class java.lang.invoke.VarHandleObjects$FieldInstanceReadWrite@5be12b4d
      value = class com.ibm.ws.app.manager.internal.statemachine.ApplicationStateMachineImpl$InternalState@379f6c64
    _currentAction = class java.util.concurrent.atomic.AtomicReference@507f4df8
      serialVersionUID = -1848883965231344442
      VALUE = class java.lang.invoke.VarHandleObjects$FieldInstanceReadWrite@5be12b4d
      value = class com.ibm.ws.app.manager.internal.statemachine.StartAction@4d3c0f5a
    _rfa = class java.util.concurrent.atomic.AtomicReference@dbd8729
      serialVersionUID = -1848883965231344442
      VALUE = class java.lang.invoke.VarHandleObjects$FieldInstanceReadWrite@5be12b4d
      value = null
    _appInstallInfo = class java.util.concurrent.atomic.AtomicReference@68e7aa1a
      serialVersionUID = -1848883965231344442
      VALUE = class java.lang.invoke.VarHandleObjects$FieldInstanceReadWrite@5be12b4d
      value = class com.ibm.ws.app.manager.internal.ApplicationInstallInfo@fe3ca58
    _update = class java.util.concurrent.atomic.AtomicBoolean@34d87fa6
      serialVersionUID = 4654671469794556979
      VALUE = class java.lang.invoke.VarHandleInts$FieldInstanceReadWrite@58da3243
      value = 1
    _appConfig = class java.util.concurrent.atomic.AtomicReference@1ee2f448
      serialVersionUID = -1848883965231344442
      VALUE = class java.lang.invoke.VarHandleObjects$FieldInstanceReadWrite@5be12b4d
      value = class com.ibm.ws.app.manager.internal.ApplicationConfig@38679079
    _nextAppConfig = class java.util.concurrent.atomic.AtomicReference@7f07ac72
      serialVersionUID = -1848883965231344442
      VALUE = class java.lang.invoke.VarHandleObjects$FieldInstanceReadWrite@5be12b4d
      value = null
    _appContainer = class java.util.concurrent.atomic.AtomicReference@2ae57ef2
      serialVersionUID = -1848883965231344442
      VALUE = class java.lang.invoke.VarHandleObjects$FieldInstanceReadWrite@5be12b4d
      value = null
    _resolvedLocation = class java.util.concurrent.atomic.AtomicReference@5db70147
      serialVersionUID = -1848883965231344442
      VALUE = class java.lang.invoke.VarHandleObjects$FieldInstanceReadWrite@5be12b4d
      value = null
    _handler = class java.util.concurrent.atomic.AtomicReference@547eee0d
      serialVersionUID = -1848883965231344442
      VALUE = class java.lang.invoke.VarHandleObjects$FieldInstanceReadWrite@5be12b4d
      value = class com.ibm.ws.app.manager.war.internal.WARApplicationHandlerImpl@1aad15f8
    _asmSeqNo = 0
    _ctx = class org.eclipse.osgi.internal.framework.BundleContextImpl@5e23095e
      findHookName = "org.osgi.framework.hooks.bundle.FindHook"
      valid = true
      bundle = class org.eclipse.osgi.internal.framework.EquinoxBundle@1cfba099
      container = class org.eclipse.osgi.internal.framework.EquinoxContainer@6f730c8d
      debug = class org.eclipse.osgi.internal.debug.Debug@786538e8
      servicesInUse = class java.util.HashMap@30f00878
      activator = null
      contextLock = class java.lang.Object@39316c0f
    _locAdmin = class com.ibm.ws.kernel.service.location.internal.WsLocationAdminImpl@16d8bccc
      tc = class com.ibm.websphere.ras.TraceComponent@2fa81278
      LOC_INTERNAL_LIB_DIR = "wlp.lib.dir"
      LOC_AREA_NAME_APPS = "shared/apps/"
      LOC_AREA_NAME_CONFIG = "shared/config/"
      LOC_AREA_NAME_RESC = "shared/resources/"
      LOC_AREA_NAME_STATE = "logs/state/"
      LOC_AREA_NAME_SERVERS = "servers/"
      LOC_AREA_NAME_CLIENTS = "clients/"
      LOC_AREA_NAME_WORKING = "workarea/"
      LOC_AREA_NAME_EXTENSION = "extension/"
      instance = class com.ibm.ws.staticvalue.StaticValue$FinalSingleton@4afa3c8b
      installRoot = class com.ibm.ws.kernel.service.location.internal.SymbolicRootResource@475a793d
      installParentRoot = class com.ibm.ws.kernel.service.location.internal.SymbolicRootResource@6cf43e86
      userRoot = class com.ibm.ws.kernel.service.location.internal.SymbolicRootResource@103250be
      usrExtensionRoot = class com.ibm.ws.kernel.service.location.internal.SymbolicRootResource@bb73857
      serverConfigDir = class com.ibm.ws.kernel.service.location.internal.SymbolicRootResource@1fb03b8d
      serverOutputDir = class com.ibm.ws.kernel.service.location.internal.SymbolicRootResource@1fb03b8d
      bootstrapLib = class com.ibm.ws.kernel.service.location.internal.LocalFileResource@527d26f3
      serverWorkarea = class com.ibm.ws.kernel.service.location.internal.LocalFileResource@50c83ba2
      serverState = class com.ibm.ws.kernel.service.location.internal.LocalFileResource@620fc46c
      sharedAppsRoot = class com.ibm.ws.kernel.service.location.internal.SymbolicRootResource@7c7de7f3
      sharedConfigRoot = class com.ibm.ws.kernel.service.location.internal.SymbolicRootResource@478c0c31
      sharedResourceRoot = class com.ibm.ws.kernel.service.location.internal.SymbolicRootResource@56883a49
      tmpRoot = class com.ibm.ws.kernel.service.location.internal.SymbolicRootResource@4a38b850
      serverName = "defaultServer"
      resourcePaths = class java.util.ArrayList@59699c9b
      resourceGroups = class java.util.HashMap@7ea3ee03
      commonRoot = class com.ibm.ws.kernel.service.location.internal.VirtualRootResource@69eed9ec
      serialVersionUID = 7766352982799267432
    _futureMonitor = class com.ibm.ws.threading.internal.FutureMonitorImpl@174b520b
    _artifactFactory = class com.ibm.ws.artifact.internal.ArtifactContainerFactoryService@25cced80
      CATEGORY_PROP_NAME = "category"
      ENTRY_KEY = "com.ibm.wsspi.artifact.ArtifactEntry"
      helperMap = class com.ibm.wsspi.kernel.service.utils.ConcurrentServiceReferenceSetMap@1a21e092
      contributorMap = class com.ibm.wsspi.kernel.service.utils.ConcurrentServiceReferenceSetMap@4acf1e69
      helperCategoryMap = class com.ibm.wsspi.kernel.service.utils.ConcurrentServiceReferenceSetMap@6820eb3d
      contributorCategoryMap = class com.ibm.wsspi.kernel.service.utils.ConcurrentServiceReferenceSetMap@742d0988
      categories = class java.util.Collections$SynchronizedSet@611d42ef
      baseProperties = class org.apache.felix.scr.impl.helper.ReadOnlyDictionary@531334f3
      serialVersionUID = -3101641399269402013
      $$$tc$$$ = class com.ibm.websphere.ras.TraceComponent@13403c78
    _moduleFactory = class com.ibm.ws.adaptable.module.internal.AdaptableModuleFactoryImpl@6f2d4d25
      adapterFactoryService = class com.ibm.ws.adaptable.module.internal.AdapterFactoryServiceImpl@52979da4
      containerFactory = class com.ibm.ws.artifact.internal.ArtifactContainerFactoryService@25cced80
      overlayContainerFactory = class com.ibm.ws.artifact.overlay.internal.OverlayContainerFactoryImpl@79f7be13
      serialVersionUID = 4200251809856292987
      $$$tc$$$ = class com.ibm.websphere.ras.TraceComponent@5c8c4fb
    _executorService = class com.ibm.ws.threading.internal.ExecutorServiceImpl@7293d49c
      threadPool = class java.util.concurrent.ThreadPoolExecutor@edf8936
      threadPoolController = class com.ibm.ws.threading.internal.ThreadPoolController@7d8ccb11
      poolName = "Default Executor"
      componentConfig = class org.apache.felix.scr.impl.helper.ReadOnlyDictionary@20a5a108
      interceptorsActive = false
      interceptors = class java.util.concurrent.CopyOnWriteArraySet@23511a9a
      threadFactory = null
      serverStopping = false
      phaser = class java.util.concurrent.Phaser@5135a1ff
      serialVersionUID = 2662528932208584803
      $$$tc$$$ = class com.ibm.websphere.ras.TraceComponent@21722a86
    _scheduledExecutorService = class com.ibm.ws.threading.internal.ScheduledExecutorImpl@513e5245
      threadGroupName = "Scheduled Executor Thread Group"
      executor = class com.ibm.ws.threading.internal.ExecutorServiceImpl@7293d49c
      serialVersionUID = -9110693807503469597
      $$$tc$$$ = class com.ibm.websphere.ras.TraceComponent@2067c441
      continueExistingPeriodicTasksAfterShutdown = false
      executeExistingDelayedTasksAfterShutdown = true
      removeOnCancel = false
      sequencer = class java.util.concurrent.atomic.AtomicLong@66e3e0a1
      DEFAULT_KEEPALIVE_MILLIS = 10
      ctl = class java.util.concurrent.atomic.AtomicInteger@62e8fc02
      COUNT_BITS = 29
      COUNT_MASK = 536870911
      RUNNING = -536870912
      SHUTDOWN = 0
      STOP = 536870912
      TIDYING = 1073741824
      TERMINATED = 1610612736
      workQueue = class java.util.concurrent.ScheduledThreadPoolExecutor$DelayedWorkQueue@2df56337
      mainLock = class java.util.concurrent.locks.ReentrantLock@63990e73
      workers = class java.util.HashSet@1a061c49
      termination = class java.util.concurrent.locks.AbstractQueuedSynchronizer$ConditionObject@3fabebe7
      largestPoolSize = 1
      completedTaskCount = 0
      threadFactory = class com.ibm.ws.threading.internal.ThreadFactoryImpl@39c1dbfe
      handler = class java.util.concurrent.ThreadPoolExecutor$AbortPolicy@1200b023
      keepAliveTime = 10000000
      allowCoreThreadTimeOut = false
      corePoolSize = 1
      maximumPoolSize = 2147483647
      defaultHandler = class java.util.concurrent.ThreadPoolExecutor$AbortPolicy@1200b023
      shutdownPerm = class java.lang.RuntimePermission@384e127e
      ONLY_ONE = true
      $assertionsDisabled = true
    _asmHelper = class com.ibm.ws.app.manager.internal.ApplicationConfigurator$NamedApplication@37ca907a
      appName = "RegistrationAppWeb"
      configPid = "com.ibm.ws.app.manager_65"
      bundleContext = class org.eclipse.osgi.internal.framework.BundleContextImpl@5e23095e
      mbeanNotifier = class javax.management.NotificationBroadcasterSupport@307d9bb3
      sequence = class java.util.concurrent.atomic.AtomicLong@46ce29bf
      appConfig = class com.ibm.ws.app.manager.internal.ApplicationConfig@38679079
      asm = class com.ibm.ws.app.manager.internal.statemachine.ApplicationStateMachineImpl@6e33a3df
      appTypeSupport = class com.ibm.ws.app.manager.internal.ApplicationConfigurator$ApplicationTypeSupport@6592fa6f
      appRecycleContext = null
      appStateRef = class java.util.concurrent.atomic.AtomicReference@717bfffa
      appReg = class com.ibm.ws.app.manager.internal.lifecycle.ServiceReg@6f40b688
      mbeanReg = class com.ibm.ws.app.manager.internal.lifecycle.ServiceReg@58f4e90e
      dynamicMBean = class java.util.concurrent.atomic.AtomicReference@2ac721fd
      serialVersionUID = -2429219244222002679
      $$$tc$$$ = class com.ibm.websphere.ras.TraceComponent@26368f51
    _appMonitor = class com.ibm.ws.app.manager.internal.monitor.ApplicationMonitor@253aa72
      tc = class com.ibm.websphere.ras.TraceComponent@652c9b7a
      _config = class java.util.concurrent.atomic.AtomicReference@4381734d
      _executorService = class java.util.concurrent.atomic.AtomicReference@35e90f74
      _appListeners = class java.util.concurrent.ConcurrentHashMap@7a26b297
      serialVersionUID = -6677716415972806660
    enterStateCalled = class java.util.concurrent.atomic.AtomicBoolean@4fc56b39
      serialVersionUID = 4654671469794556979
      VALUE = class java.lang.invoke.VarHandleInts$FieldInstanceReadWrite@58da3243
      value = 1
    serialVersionUID = -1399093980790866556
    serialVersionUID = 5501066335104962649
    $$$tc$$$ = class com.ibm.websphere.ras.TraceComponent@5042665b
      strings[0] = "TraceComponent[com.ibm.ws.app.manager.internal.statemachine.ApplicationStateMachine,class com.ibm.ws.app.manager.internal.statemachine.ApplicationStateMachine,[applications, app.manager],com.ibm.ws.app.manager.internal.resources.AppManagerMessages,null]"
  serialVersionUID = 2630639237123415755
  $$$tc$$$ = class com.ibm.websphere.ras.TraceComponent@531bda6
    strings[0] = "TraceComponent[com.ibm.ws.app.manager.internal.ApplicationInstallInfo,class com.ibm.ws.app.manager.internal.ApplicationInstallInfo,[applications, app.manager],com.ibm.ws.app.manager.internal.resources.AppManagerMessages,null]"

