------Start of DE processing------ = [18/12/18 22:53:19:979 CET]
Exception = com.ibm.ws.container.service.state.StateChangeException
Source = com.ibm.ws.app.manager.module.internal.DeployedAppInfoBase
probeid = 384
Stack Dump = com.ibm.ws.container.service.state.StateChangeException: org.jboss.weld.exceptions.DefinitionException: WELD-000075: Normal scoped managed bean implementation class has a public field:  [EnhancedAnnotatedFieldImpl] public net.wasdev.reg.Attendees.attendees
	at com.ibm.ws.container.service.state.internal.ApplicationStateManager.fireStarting(ApplicationStateManager.java:32)
	at com.ibm.ws.container.service.state.internal.StateChangeServiceImpl.fireApplicationStarting(StateChangeServiceImpl.java:50)
	at com.ibm.ws.app.manager.module.internal.DeployedAppInfoBase.preDeployApp(DeployedAppInfoBase.java:383)
	at com.ibm.ws.app.manager.module.internal.DeployedAppInfoBase.deployApp(DeployedAppInfoBase.java:412)
	at com.ibm.ws.app.manager.war.internal.WARApplicationHandlerImpl.install(WARApplicationHandlerImpl.java:65)
	at com.ibm.ws.app.manager.internal.statemachine.StartAction.execute(StartAction.java:140)
	at com.ibm.ws.app.manager.internal.statemachine.ApplicationStateMachineImpl.enterState(ApplicationStateMachineImpl.java:1258)
	at com.ibm.ws.app.manager.internal.statemachine.ApplicationStateMachineImpl.run(ApplicationStateMachineImpl.java:873)
	at com.ibm.ws.threading.internal.ExecutorServiceImpl$RunnableWrapper.run(ExecutorServiceImpl.java:232)
	at java.base/java.util.concurrent.ThreadPoolExecutor.runWorker(ThreadPoolExecutor.java:1128)
	at java.base/java.util.concurrent.ThreadPoolExecutor$Worker.run(ThreadPoolExecutor.java:628)
	at java.base/java.lang.Thread.run(Thread.java:834)
Caused by: org.jboss.weld.exceptions.DefinitionException: WELD-000075: Normal scoped managed bean implementation class has a public field:  [EnhancedAnnotatedFieldImpl] public net.wasdev.reg.Attendees.attendees
	at org.jboss.weld.bean.ManagedBean.checkBeanImplementation(ManagedBean.java:231)
	at org.jboss.weld.bean.AbstractClassBean.internalInitialize(AbstractClassBean.java:74)
	at org.jboss.weld.bean.ManagedBean.internalInitialize(ManagedBean.java:105)
	at org.jboss.weld.bean.RIBean.initialize(RIBean.java:69)
	at org.jboss.weld.bootstrap.ConcurrentBeanDeployer$4.doWork(ConcurrentBeanDeployer.java:96)
	at org.jboss.weld.bootstrap.ConcurrentBeanDeployer$4.doWork(ConcurrentBeanDeployer.java:93)
	at org.jboss.weld.executor.IterativeWorkerTaskFactory$1.call(IterativeWorkerTaskFactory.java:62)
	at org.jboss.weld.executor.IterativeWorkerTaskFactory$1.call(IterativeWorkerTaskFactory.java:55)
	at com.ibm.ws.threading.internal.PolicyTaskFutureImpl.run(PolicyTaskFutureImpl.java:692)
	at com.ibm.ws.threading.internal.PolicyExecutorImpl.runTask(PolicyExecutorImpl.java:1128)
	at com.ibm.ws.threading.internal.PolicyExecutorImpl$GlobalPoolTask.run(PolicyExecutorImpl.java:186)
	... 3 more

Dump of callerThis
Object type = com.ibm.ws.app.manager.war.internal.WARDeployedAppInfo
  CONTEXT_ROOT = "context-root"
  webModuleHandler = class com.ibm.ws.app.manager.web.internal.WebModuleHandlerImpl@33427bc6
    serialVersionUID = 4795602325763828210
    $$$tc$$$ = class com.ibm.websphere.ras.TraceComponent@2af99f44
      strings[0] = "TraceComponent[com.ibm.ws.app.manager.web.internal.WebModuleHandlerImpl,class com.ibm.ws.app.manager.web.internal.WebModuleHandlerImpl,[webcontainer, applications, app.manager],com.ibm.ws.app.manager.war.internal.resources.Messages,null]"
    futureMonitor = class com.ibm.ws.threading.internal.FutureMonitorImpl@3f5c2454
    metaDataService = class com.ibm.ws.container.service.metadata.internal.MetaDataServiceImpl@712a8835
    stateChangeService = class com.ibm.ws.container.service.state.internal.StateChangeServiceImpl@212f14f5
    moduleRuntimeContainer = class com.ibm.ws.webcontainer.osgi.WebContainer@4d678534
      tc = class com.ibm.websphere.ras.TraceComponent@4edb2ba9
      CLASS_NAME = "com.ibm.ws.webcontainer.osgi.WebContainer"
      initialized = true
      eventService = class com.ibm.ws.event.internal.EventEngineImpl@53344d55
      futureMonitor = class com.ibm.ws.threading.internal.FutureMonitorImpl@3f5c2454
      classLoadingSRRef = class com.ibm.wsspi.kernel.service.utils.AtomicServiceReference@12129ba4
      sessionHelperSRRef = class com.ibm.wsspi.kernel.service.utils.AtomicServiceReference@46210269
      cacheManagerSRRef = class com.ibm.wsspi.kernel.service.utils.AtomicServiceReference@1be737b5
      injectionEngineSRRef = class com.ibm.wsspi.kernel.service.utils.AtomicServiceReference@6a489f79
      managedObjectServiceSRRef = class com.ibm.wsspi.kernel.service.utils.AtomicServiceReference@6c01e62f
      backgroundWebAppStartFutures = class com.ibm.ws.webcontainer.util.OneTimeUseArrayList@227d838c
      REFERENCE_WEB_MBEAN_RUNTIME = "webMBeanRuntime"
      webMBeanRuntimeServiceRef = class com.ibm.wsspi.kernel.service.utils.AtomicServiceReference@8552e9
      servletContainerInitializers = class com.ibm.wsspi.kernel.service.utils.ConcurrentServiceReferenceSet@2e18b6d7
      es = class com.ibm.ws.threading.internal.ExecutorServiceImpl@11cf2121
      locationServiceRef = class java.util.concurrent.atomic.AtomicReference@4dcb1da5
      transferContextServiceRef = class com.ibm.wsspi.kernel.service.utils.ConcurrentServiceReferenceSet@3e48673
      encodingServiceRef = class java.util.concurrent.atomic.AtomicReference@29dc9efc
      instance = class java.util.concurrent.atomic.AtomicReference@42992b1e
      vhostManager = class com.ibm.ws.webcontainer.osgi.DynamicVirtualHostManager@572a30dd
      metaDataService = class com.ibm.ws.container.service.metadata.internal.MetaDataServiceImpl@712a8835
      j2eeNameFactory = class com.ibm.ws.container.service.metadata.internal.J2EENameFactoryImpl@705ae355
      context = class org.apache.felix.scr.impl.manager.ComponentContextImpl@3d3cb8dc
      contextRoots = class java.util.Collections$SynchronizedSet@3676a5be
      pendingContextRoots = class java.util.HashMap@305cc775
      deployedModuleMap = class java.util.concurrent.ConcurrentHashMap@17bbca60
      connContextPool = class com.ibm.ws.webcontainer40.osgi.srt.factory.SRTConnectionContextPool40Impl@4f997a13
      DEFAULT_PORT = "*"
      DEFAULT_VHOST_NAME = "default_host"
      cachedServerInfo = null
      lock = class com.ibm.ws.webcontainer.osgi.WebContainer$1@4cc17d0b
      webAppFactory = class com.ibm.ws.webcontainer40.osgi.webapp.factory.WebAppFactory40Impl@1a707c89
      requestFactory = class com.ibm.ws.webcontainer40.osgi.response.factory.IRequestResponseFactory40Impl@53d14d6d
      responseFactory = class com.ibm.ws.webcontainer40.osgi.response.factory.IRequestResponseFactory40Impl@53d14d6d
      asyncContextFactory = class com.ibm.ws.webcontainer40.async.factory.AsyncContextFactory40Impl@571cfce6
      DEFAULT_MAX_VERSION = 30
      versionRef = class org.eclipse.osgi.internal.serviceregistry.ServiceReferenceImpl@1072fa2b
      serverStopping = class com.ibm.ws.staticvalue.StaticValue$FinalSingleton@9ff5898
      modulesStarting = 0
      uriMatcherFactory = class com.ibm.wsspi.webcontainer40.util.factory.URIMatcherFactory40Impl@501cc6ef
      SPEC_LEVEL_UNLOADED = -1
      SPEC_LEVEL_30 = 30
      SPEC_LEVEL_31 = 31
      SPEC_LEVEL_40 = 40
      DEFAULT_SPEC_LEVEL = 30
      loadedContainerSpecLevel = 40
      ISO = "ISO-8859-1"
      encoding = "UTF-8"
      decode = true
      wcconfig = class com.ibm.ws.webcontainer.osgi.WebContainerConfiguration@6773e645
      applicationListeners = class java.util.ArrayList@14bb49ab
      servletListeners = class java.util.ArrayList@2226ce6d
      servletErrorListeners = class java.util.ArrayList@7df08824
      servletInvocationListeners = class java.util.ArrayList@5490811
      filterInvocationListeners = class java.util.ArrayList@4bf1ff02
      filterErrorListeners = class java.util.ArrayList@5fb015b7
      filterListeners = class java.util.ArrayList@26f817cd
      servletRequestListeners = class java.util.ArrayList@6b3c9a83
      servletRequestAttributeListeners = class java.util.ArrayList@2f716109
      servletContextListeners = class java.util.ArrayList@7033c4fd
      servletContextAttributeListeners = class java.util.ArrayList@1693e349
      sessionListeners = class java.util.ArrayList@19748b9a
      sessionIdListeners = class java.util.ArrayList@3d29d894
      sessionAttributeListeners = class java.util.ArrayList@5353e7e0
      DEFAULT_HOST = "default_host"
      _initialized = true
      logger = class com.ibm.ws.logging.internal.WsLogger@5a53cf68
      CLASS_NAME = "com.ibm.ws.webcontainer.internal.WebContainer"
      nls = class com.ibm.ejs.ras.TraceNLS@67c6a7e3
      self = class java.util.concurrent.atomic.AtomicReference@14583ef7
      _cipherToBit = class java.util.HashMap@58f8b77b
      cacheKeyStringBuilder = class com.ibm.ws.util.WSThreadLocal@1c940b83
      listenersInitialized = false
      webConProperties = class java.util.Properties@4e3f5e4d
      sessionRegistry = null
      isStopped = false
      readWriteLockForStopping = class java.util.concurrent.locks.ReentrantReadWriteLock@1b456efb
      urlPrefix = ";jsessionid="
      extensionFactories = class java.util.ArrayList@61b4187
      postInitExtensionFactories = null
      httpResponseListeners = class java.util.ArrayList@3aef9ad4
      servletContainerInitializers = class java.util.ServiceLoader@e1666f2
      auditManager = class com.ibm.websphere.security.audit.context.AuditManager@3e14e37d
      threadLocal = class java.lang.ThreadLocal@62df8a41
      invocationCacheSize = 500
      decodePlusSign = true
      _cacheMap = class java.util.concurrent.ConcurrentHashMap@24a095f4
      _cacheSize = class java.util.concurrent.atomic.AtomicInteger@193c5664
      vHostCompatFlag = false
      platformHelper = class com.ibm.ws.webcontainer.PlatformHelper@aa5135
      isDefaultTempDir = true
      tempDir = null
      servletCachingInitNeeded = true
      appInstallBegun = false
      cacheServletWrapperFactory = class com.ibm.ws.webcontainer40.servlet.factory.CacheServletWrapperFactory40Impl@1e394ee3
      commands = class java.util.ArrayList@3e9667e5
      requestMapper = class com.ibm.ws.webcontainer.util.VirtualHostContextRootMapper@45e29925
      parent = null
      name = "Was.webcontainer"
      isAlive = true
      subElements = null
      attributes = null
      config = null
      serialVersionUID = -8271459000149267764
      $$$tc$$$ = class com.ibm.websphere.ras.TraceComponent@5a3aade2
    firstFailure = null
    serialVersionUID = -4563697739413190872
    $$$tc$$$ = class com.ibm.websphere.ras.TraceComponent@3ba3f0fe
      strings[0] = "TraceComponent[com.ibm.ws.app.manager.module.internal.ModuleHandlerBase,class com.ibm.ws.app.manager.module.internal.ModuleHandlerBase,[applications, app.manager],,null]"
  webContainerModuleInfo = class com.ibm.ws.app.manager.module.internal.SimpleDeployedAppInfoBase$WebModuleContainerInfo@7d0e4892
    contextRoot = null
    defaultContextRoot = "RegistrationAppWeb"
    serialVersionUID = -8158961796913348204
    $$$tc$$$ = class com.ibm.websphere.ras.TraceComponent@13588bac
      strings[0] = "TraceComponent[com.ibm.ws.app.manager.module.internal.SimpleDeployedAppInfoBase$WebModuleContainerInfo,class com.ibm.ws.app.manager.module.internal.SimpleDeployedAppInfoBase$WebModuleContainerInfo,[applications, app.manager],,null]"
    moduleHandler = class com.ibm.ws.app.manager.web.internal.WebModuleHandlerImpl@33427bc6
    moduleMetaDataExtenders = class java.util.concurrent.CopyOnWriteArrayList@4966e9b6
      serialVersionUID = 8673264195747942595
      lock = class java.lang.Object@2e1aa5cc
      array = class java.lang.Object[3]
    nestedModuleMetaDataFactories = class java.util.concurrent.CopyOnWriteArrayList@d06db84
      serialVersionUID = 8673264195747942595
      lock = class java.lang.Object@144b81af
      array = class java.lang.Object[1]
    nestedModules = null
    moduleName = "RegistrationAppWeb"
    moduleDD = class com.ibm.ws.javaee.ddmodel.web.common.WebAppType@1a29a16a
      version = class com.ibm.ws.javaee.ddmodel.TokenType@364b0f55
      metadata_complete = null
      module_name = null
      absolute_ordering = null
      serialVersionUID = 4092807504738198665
      $$$tc$$$ = class com.ibm.websphere.ras.TraceComponent@533df656
      description = null
      display_name = class com.ibm.ws.javaee.ddmodel.common.DisplayNameType$ListType@151020d
      icon = null
      distributable = null
      context_param = null
      filter = null
      filter_mapping = null
      listener = null
      servlet = null
      servlet_mapping = null
      session_config = null
      mime_mapping = null
      welcome_file_list = class com.ibm.ws.javaee.ddmodel.web.common.WelcomeFileListType@4eca18fb
      error_page = null
      jsp_config = null
      security_constraint = null
      deny_uncovered_http_methods = null
      login_config = null
      security_role = null
      message_destination = null
      locale_encoding_mapping_list = null
      default_context_path = null
      request_encoding = null
      response_encoding = null
      servletNameToServletMap = null
      filterNameToFilterMap = null
      ejbRefNameToEJBLocalRefMap = null
      ejbRefNameToEJBRefMap = null
      resourceEnvRefNameToResourceEnvRefMap = null
      messageDestinationRefNameToMessageDestinationRefMap = null
      resRefNameToResourceRefMap = null
      envEntryNameToEnvEntryMap = null
      roleNameToSecurityRoleMap = null
      roleLinkToSecurityRoleRefMap = null
      handlerNameToHandlerMap = null
      path = "WEB-INF/web.xml"
      idMap = class com.ibm.ws.javaee.ddmodel.DDParser$ComponentIDMap@791fb006
      serialVersionUID = 5321339975883512588
      $$$tc$$$ = class com.ibm.websphere.ras.TraceComponent@2612a8b4
      post_construct = null
      pre_destroy = null
      serialVersionUID = 1102064201943992836
      $$$tc$$$ = class com.ibm.websphere.ras.TraceComponent@2d5b0020
      env_entry = null
      ejb_ref = null
      ejb_local_ref = null
      resource_ref = null
      resource_env_ref = null
      message_destination_ref = null
      persistence_context_ref = null
      persistence_unit_ref = null
      data_source = null
      jms_connection_factory = null
      jms_destination = null
      mail_session = null
      connection_factory = null
      administered_object = null
      serialVersionUID = 8931982405528922228
      $$$tc$$$ = class com.ibm.websphere.ras.TraceComponent@20ca00bd
      service_ref = null
      serialVersionUID = -6199862059825607270
      $$$tc$$$ = class com.ibm.websphere.ras.TraceComponent@6adce80c
      nilled = false
      serialVersionUID = -2826386306561723362
      $$$tc$$$ = class com.ibm.websphere.ras.TraceComponent@2d097862
    moduleInfo = class com.ibm.ws.app.manager.module.internal.WebModuleInfoImpl@5d5065b6
      contextRoot = "/RegistrationAppWeb"
      isDefaultContextRootUsed = true
      serialVersionUID = -1540279394520440503
      $$$tc$$$ = class com.ibm.websphere.ras.TraceComponent@3a78fd9d
      tc = class com.ibm.websphere.ras.TraceComponent@1ece8085
      appInfo = class com.ibm.ws.container.service.app.deploy.internal.ApplicationInfoImpl@eebf0a6
      moduleName = "RegistrationAppWeb"
      path = "RegistrationAppWeb.war"
      moduleContainer = class com.ibm.ws.adaptable.module.internal.AdaptableContainerImpl@45d3d75b
      altDDEntry = null
      moduleClassesContainers = class java.util.ArrayList@52fa9b7c
      classLoaderFactory = class com.ibm.ws.app.manager.war.internal.WARDeployedAppInfo@750629fc
      containerInfoType = class com.ibm.ws.container.service.app.deploy.ContainerInfo$Type@2c2fec16
      classLoader = class com.ibm.ws.classloading.internal.AppClassLoader@763dadc5
      moduleMetaData = class com.ibm.ws.webcontainer.osgi.metadata.WebModuleMetaDataImpl@380fc1b1
      nestedModuleMetaDataTypes = null
      nestedModuleMetaDataValues = null
      serialVersionUID = 3986734351620206554
    serialVersionUID = 8693907776607441911
    $$$tc$$$ = class com.ibm.websphere.ras.TraceComponent@1d7dea11
      strings[0] = "TraceComponent[com.ibm.ws.app.manager.module.internal.SimpleDeployedAppInfoBase$ModuleContainerInfoBase,class com.ibm.ws.app.manager.module.internal.SimpleDeployedAppInfoBase$ModuleContainerInfoBase,[applications, app.manager],,null]"
    type = class com.ibm.ws.container.service.app.deploy.ContainerInfo$Type@2c2fec16
      MANIFEST_CLASSPATH = class com.ibm.ws.container.service.app.deploy.ContainerInfo$Type@6fb9eccc
      WEB_INF_CLASSES = class com.ibm.ws.container.service.app.deploy.ContainerInfo$Type@72fbf76
      WEB_INF_LIB = class com.ibm.ws.container.service.app.deploy.ContainerInfo$Type@2c18925c
      EAR_LIB = class com.ibm.ws.container.service.app.deploy.ContainerInfo$Type@48d87262
      WEB_MODULE = class com.ibm.ws.container.service.app.deploy.ContainerInfo$Type@2c2fec16
      EJB_MODULE = class com.ibm.ws.container.service.app.deploy.ContainerInfo$Type@68a72839
      CLIENT_MODULE = class com.ibm.ws.container.service.app.deploy.ContainerInfo$Type@1289ee54
      RAR_MODULE = class com.ibm.ws.container.service.app.deploy.ContainerInfo$Type@7aeb142b
      JAR_MODULE = class com.ibm.ws.container.service.app.deploy.ContainerInfo$Type@712b2276
      SHARED_LIB = class com.ibm.ws.container.service.app.deploy.ContainerInfo$Type@201c2a8a
      $VALUES = class com.ibm.ws.container.service.app.deploy.ContainerInfo$Type[10]
      $$$tc$$$ = class com.ibm.websphere.ras.TraceComponent@5b416016
      name = "WEB_MODULE"
      ordinal = 4
    name = "RegistrationAppWeb.war"
    container = class com.ibm.ws.adaptable.module.internal.AdaptableContainerImpl@45d3d75b
    altDDEntry = null
    classesContainerInfo = class java.util.ArrayList@52fa9b7c
      serialVersionUID = 8683452581122892189
      DEFAULT_CAPACITY = 10
      EMPTY_ELEMENTDATA = class java.lang.Object[0]
      DEFAULTCAPACITY_EMPTY_ELEMENTDATA = class java.lang.Object[0]
      elementData = class java.lang.Object[10]
      size = 2
      MAX_ARRAY_SIZE = 2147483639
      modCount = 3
      MAX_ARRAY_SIZE = 2147483639
    serialVersionUID = 7427332431485745589
    $$$tc$$$ = class com.ibm.websphere.ras.TraceComponent@277df935
      strings[0] = "TraceComponent[com.ibm.ws.app.manager.module.internal.SimpleDeployedAppInfoBase$ExtendedContainerInfo,class com.ibm.ws.app.manager.module.internal.SimpleDeployedAppInfoBase$ExtendedContainerInfo,[applications, app.manager],,null]"
  DYNAMIC_IMPORT_PACKAGE_LIST = class java.util.Collections$UnmodifiableRandomAccessList@637b4038
    serialVersionUID = -2542308836966382001
    serialVersionUID = -283967356065247728
    list = class java.util.Arrays$ArrayList@2f2819c
      serialVersionUID = -2764017481108945198
      a = class java.lang.String[1]
      modCount = 0
      MAX_ARRAY_SIZE = 2147483639
    serialVersionUID = 1820017752578914078
    c = class java.util.Arrays$ArrayList@2f2819c
  serialVersionUID = -6153587016903242961
  $$$tc$$$ = class com.ibm.websphere.ras.TraceComponent@6882c1aa
    strings[0] = "TraceComponent[com.ibm.ws.app.manager.war.internal.WARDeployedAppInfo,class com.ibm.ws.app.manager.war.internal.WARDeployedAppInfo,[webcontainer, applications, app.manager],com.ibm.ws.app.manager.war.internal.resources.Messages,null]"
  _tc = class com.ibm.websphere.ras.TraceComponent@509e59e4
    strings[0] = "TraceComponent[com.ibm.ws.app.manager.module.internal.DeployedAppInfoBase,class com.ibm.ws.app.manager.module.internal.DeployedAppInfoBase,[app.manager],com.ibm.ws.app.manager.module.internal.resources.Messages,null]"
  PERMISSION_XML = "permissions.xml"
  applicationInformation = class com.ibm.ws.app.manager.internal.ApplicationInstallInfo@28e853b8
    _config = class com.ibm.ws.app.manager.internal.ApplicationConfig@457c679
      tc = class com.ibm.websphere.ras.TraceComponent@735074b
      _configPid = "com.ibm.ws.app.manager_65"
      _config = class com.ibm.ws.config.admin.ConfigurationDictionary@45cc5239
      _applicationManager = class com.ibm.ws.app.manager.ApplicationManager@66e16339
      _location = "RegistrationAppWeb.war"
      _type = "war"
      _name = "RegistrationAppWeb"
      _notificationBroadcasterSupport = class javax.management.NotificationBroadcasterSupport@3741894f
      ONE_TIME_JANDEX_MSGS_DISPLAYED = true
    _handlerInfo = class java.util.concurrent.atomic.AtomicReference@7e07bbbd
      serialVersionUID = -1848883965231344442
      VALUE = class java.lang.invoke.VarHandleObjects$FieldInstanceReadWrite@60fe133e
      value = class com.ibm.ws.app.manager.war.internal.WARDeployedAppInfo@750629fc
    _container = class java.util.concurrent.atomic.AtomicReference@6b3a001a
      serialVersionUID = -1848883965231344442
      VALUE = class java.lang.invoke.VarHandleObjects$FieldInstanceReadWrite@60fe133e
      value = class com.ibm.ws.adaptable.module.internal.AdaptableContainerImpl@45d3d75b
    _resolvedLocation = class java.util.concurrent.atomic.AtomicReference@125fb56
      serialVersionUID = -1848883965231344442
      VALUE = class java.lang.invoke.VarHandleObjects$FieldInstanceReadWrite@60fe133e
      value = class com.ibm.ws.kernel.service.location.internal.LocalFileResource@2d55b98a
    _handler = class com.ibm.ws.app.manager.war.internal.WARApplicationHandlerImpl@3b7b8105
      futureMonitor = class com.ibm.ws.threading.internal.FutureMonitorImpl@3f5c2454
      deployedAppFactory = class com.ibm.ws.app.manager.war.internal.WARDeployedAppInfoFactoryImpl@6a938bd7
      serialVersionUID = 4622845147410944782
      $$$tc$$$ = class com.ibm.websphere.ras.TraceComponent@21380afa
    _ami = class java.util.concurrent.atomic.AtomicReference@78e21f84
      serialVersionUID = -1848883965231344442
      VALUE = class java.lang.invoke.VarHandleObjects$FieldInstanceReadWrite@60fe133e
      value = class com.ibm.wsspi.application.handler.DefaultApplicationMonitoringInformation@360cffbd
    _updateHandler = class com.ibm.ws.app.manager.internal.statemachine.ApplicationStateMachineImpl@43e3ea52
      _tc = class com.ibm.websphere.ras.TraceComponent@5ac60b95
      EMPTY_FUTURE_ARRAY = interface java.util.concurrent.Future[0]
      asmSequenceNumber = class java.util.concurrent.atomic.AtomicLong@4adc2752
      _qscaCounter = class java.util.concurrent.atomic.AtomicInteger@6be60e3d
      _failedThrowable = null
      _interruptibleLock = class com.ibm.ws.app.manager.internal.statemachine.ApplicationStateMachineImpl$2@3b51876e
      _interruptible = false
      _performingQueuedActions = true
      _queuedActions = class java.util.concurrent.ConcurrentLinkedQueue@2c34b98e
      _callbackState = class java.util.concurrent.atomic.AtomicReference@779fded
      blockAppStartingFutures = class java.util.Collections$SetFromMap@5cb58cd9
      waitingForAppHandlerFuture = class java.util.concurrent.atomic.AtomicReference@6be81ad6
      waitingForExplicitStartFuture = class java.util.concurrent.atomic.AtomicReference@621926ec
      completionListener = class java.util.concurrent.atomic.AtomicReference@2a4729d7
      _notifyAppStopped = class java.util.concurrent.ConcurrentLinkedQueue@5a64ab02
      _notifyAppStarting = class java.util.concurrent.ConcurrentLinkedQueue@71713432
      _notifyAppInstallCalled = class java.util.concurrent.ConcurrentLinkedQueue@5af452b6
      _notifyAppStarted = class java.util.concurrent.ConcurrentLinkedQueue@496ed1ae
      _notifyAppRemoved = class java.util.concurrent.ConcurrentLinkedQueue@362d5f3a
      _stateLock = class com.ibm.ws.app.manager.internal.statemachine.ApplicationStateMachineImpl$3@4e052d69
      _internalState = class java.util.concurrent.atomic.AtomicReference@361cb7fd
      _currentAction = class java.util.concurrent.atomic.AtomicReference@9c0e331
      _rfa = class java.util.concurrent.atomic.AtomicReference@5548a9bc
      _appInstallInfo = class java.util.concurrent.atomic.AtomicReference@32c1b819
      _update = class java.util.concurrent.atomic.AtomicBoolean@613142e3
      _appConfig = class java.util.concurrent.atomic.AtomicReference@6f66fc9f
      _nextAppConfig = class java.util.concurrent.atomic.AtomicReference@7ff3ad86
      _appContainer = class java.util.concurrent.atomic.AtomicReference@40cdd311
      _resolvedLocation = class java.util.concurrent.atomic.AtomicReference@2b00a7b1
      _handler = class java.util.concurrent.atomic.AtomicReference@735a344a
      _asmSeqNo = 0
      _ctx = class org.eclipse.osgi.internal.framework.BundleContextImpl@a688f75
      _locAdmin = class com.ibm.ws.kernel.service.location.internal.WsLocationAdminImpl@1127383a
      _futureMonitor = class com.ibm.ws.threading.internal.FutureMonitorImpl@3f5c2454
      _artifactFactory = class com.ibm.ws.artifact.internal.ArtifactContainerFactoryService@1c7983cc
      _moduleFactory = class com.ibm.ws.adaptable.module.internal.AdaptableModuleFactoryImpl@aa69129
      _executorService = class com.ibm.ws.threading.internal.ExecutorServiceImpl@11cf2121
      _scheduledExecutorService = class com.ibm.ws.threading.internal.ScheduledExecutorImpl@3395bf36
      _asmHelper = class com.ibm.ws.app.manager.internal.ApplicationConfigurator$NamedApplication@2458f088
      _appMonitor = class com.ibm.ws.app.manager.internal.monitor.ApplicationMonitor@1bdba796
      enterStateCalled = class java.util.concurrent.atomic.AtomicBoolean@45fb5e3d
      serialVersionUID = -1399093980790866556
      serialVersionUID = 5501066335104962649
      $$$tc$$$ = class com.ibm.websphere.ras.TraceComponent@2e50b3a9
    serialVersionUID = 2630639237123415755
    $$$tc$$$ = class com.ibm.websphere.ras.TraceComponent@7a506c60
      strings[0] = "TraceComponent[com.ibm.ws.app.manager.internal.ApplicationInstallInfo,class com.ibm.ws.app.manager.internal.ApplicationInstallInfo,[applications, app.manager],com.ibm.ws.app.manager.internal.resources.AppManagerMessages,null]"
  location = "/Users/kurtrogiers/lab/wlp/usr/servers/defaultServer/apps/RegistrationAppWeb.war.xml"
  classLoadingService = class com.ibm.ws.classloading.internal.ClassLoadingServiceImpl@433524a3
    tc = class com.ibm.websphere.ras.TraceComponent@6737ef4f
      strings[0] = "TraceComponent[com.ibm.ws.classloading.internal.ClassLoadingServiceImpl,class com.ibm.ws.classloading.internal.ClassLoadingServiceImpl,[ClassLoadingService],com.ibm.ws.classloading.internal.resources.ClassLoadingServiceMessages,null]"
    leakDetectionMap = class java.util.HashMap@486552b4
      serialVersionUID = 362498820763181265
      DEFAULT_INITIAL_CAPACITY = 16
      MAXIMUM_CAPACITY = 1073741824
      DEFAULT_LOAD_FACTOR = 0.75
      TREEIFY_THRESHOLD = 8
      UNTREEIFY_THRESHOLD = 6
      MIN_TREEIFY_CAPACITY = 64
      table = null
      entrySet = null
      size = 0
      modCount = 0
      threshold = 0
      loadFactor = 0.75
      keySet = null
      values = null
    TCCL_LOCK_WAIT = 15000
    REFERENCE_GENERATORS = "generators"
    bundleContext = class org.eclipse.osgi.internal.framework.BundleContextImpl@59c1631b
    aclStore = class com.ibm.ws.classloading.internal.util.CanonicalStore@694b115d
      map = class java.util.concurrent.ConcurrentHashMap@6c16c1c5
      q = class com.ibm.ws.classloading.internal.util.RefQueue@7ec9fc2f
      serialVersionUID = 6715157558227169968
      $$$tc$$$ = class com.ibm.websphere.ras.TraceComponent@76992ebb
    tcclStore = class com.ibm.ws.classloading.internal.util.CanonicalStore@7fa4a8e3
      map = class java.util.concurrent.ConcurrentHashMap@39c1062a
      q = class com.ibm.ws.classloading.internal.util.RefQueue@2752cc29
      serialVersionUID = 6715157558227169968
      $$$tc$$$ = class com.ibm.websphere.ras.TraceComponent@76992ebb
    tcclStoreLock = class java.util.concurrent.locks.ReentrantLock@44d84750
      serialVersionUID = 7373984872572414699
      sync = class java.util.concurrent.locks.ReentrantLock$NonfairSync@29d19cdd
    digraph = class org.eclipse.equinox.internal.region.StandardRegionDigraph@264a5d8d
      EMPTY_EDGE_SET = class java.util.Collections$UnmodifiableSet@7aed1306
      monitor = class java.lang.Object@5fe88dc7
      regions = class java.util.HashMap@fa5cbf0
      bundleIdToRegionMapping = class org.eclipse.equinox.internal.region.StandardBundleIdToRegionMapping@7424a4f0
      edges = class java.util.HashMap@6643fc51
      bundleContext = class org.eclipse.osgi.internal.framework.BundleContextImpl@5c089b2f
      threadLocal = class java.lang.ThreadLocal@7d5ec3eb
      subgraphTraverser = class org.eclipse.equinox.internal.region.SubgraphTraverser@5c056dfb
      bundleCollisionHook = class org.eclipse.equinox.internal.region.hook.RegionBundleCollisionHook@d5741af
      bundleEventHook = class org.eclipse.equinox.internal.region.hook.RegionBundleEventHook@748f9520
      bundleFindHook = class org.eclipse.equinox.internal.region.hook.RegionBundleFindHook@7fc541c1
      serviceEventHook = class org.eclipse.equinox.internal.region.hook.RegionServiceEventHook@8d89177
      serviceFindHook = class org.eclipse.equinox.internal.region.hook.RegionServiceFindHook@3f35f3fa
      resolverHookFactory = class org.eclipse.equinox.internal.region.hook.RegionResolverHookFactory@371b57a9
      origin = null
      originUpdateCount = -1
      updateCount = class java.util.concurrent.atomic.AtomicLong@6285c3c2
      defaultRegion = null
    redefiner = class com.ibm.ws.classloading.internal.util.ClassRedefiner@17ba71e0
      tc = class com.ibm.websphere.ras.TraceComponent@1754f166
      LS = "
"
      inst = class com.ibm.ws.kernel.launch.internal.TraceInstrumentation@21782cb7
      serialVersionUID = 2420101865139508526
    listener = class com.ibm.ws.classloading.internal.ClassLoadingServiceImpl$1@4d033044
      this$0 = class com.ibm.ws.classloading.internal.ClassLoadingServiceImpl@433524a3
      serialVersionUID = -9159707349812113172
      $$$tc$$$ = class com.ibm.websphere.ras.TraceComponent@4254a6d
    classloaders = class java.util.Collections$SynchronizedMap@4be70c73
      serialVersionUID = 1978198479659022715
      m = class java.util.HashMap@67a3b39
      mutex = class java.util.Collections$SynchronizedMap@4be70c73
      keySet = null
      entrySet = null
      values = null
    resourceProviders = class com.ibm.ws.classloading.internal.CompositeResourceProvider@3fb586b7
      lockFactory = class java.util.concurrent.locks.ReentrantReadWriteLock@32a38670
      providerMap = class com.ibm.ws.classloading.internal.util.MultiMap@4153ee30
      serialVersionUID = -5576435894946156347
      $$$tc$$$ = class com.ibm.websphere.ras.TraceComponent@c019355
    rememberedBundles = class java.util.concurrent.ConcurrentHashMap@7bc4c5d0
      serialVersionUID = 7249069246763182397
      MAXIMUM_CAPACITY = 1073741824
      DEFAULT_CAPACITY = 16
      MAX_ARRAY_SIZE = 2147483639
      DEFAULT_CONCURRENCY_LEVEL = 16
      LOAD_FACTOR = 0.75
      TREEIFY_THRESHOLD = 8
      UNTREEIFY_THRESHOLD = 6
      MIN_TREEIFY_CAPACITY = 64
      MIN_TRANSFER_STRIDE = 16
      RESIZE_STAMP_BITS = 16
      MAX_RESIZERS = 65535
      RESIZE_STAMP_SHIFT = 16
      MOVED = -1
      TREEBIN = -2
      RESERVED = -3
      HASH_BITS = 2147483647
      NCPU = 12
      serialPersistentFields = class java.io.ObjectStreamField[3]
      table = class java.util.concurrent.ConcurrentHashMap$Node[16]
      nextTable = null
      baseCount = 1
      sizeCtl = 12
      transferIndex = 0
      cellsBusy = 0
      counterCells = null
      keySet = null
      values = null
      entrySet = null
      U = class jdk.internal.misc.Unsafe@7b84ea71
      SIZECTL = 20
      TRANSFERINDEX = 32
      BASECOUNT = 24
      CELLSBUSY = 36
      CELLVALUE = 144
      ABASE = 16
      ASHIFT = 2
      keySet = null
      values = null
    collectedBundles = class java.lang.ref.ReferenceQueue@2f915bfc
      NULL = class java.lang.ref.ReferenceQueue$Null@4e546270
      ENQUEUED = class java.lang.ref.ReferenceQueue$Null@d11710a
      lock = class java.lang.ref.ReferenceQueue$Lock@6f17054d
      head = null
      queueLength = 0
      $assertionsDisabled = true
    generatorRefs = class com.ibm.wsspi.kernel.service.utils.ConcurrentServiceReferenceSet@5ce65ee9
      referenceName = "generators"
      contextRef = class java.util.concurrent.atomic.AtomicReference@1e0d6ce9
      elementMap = class java.util.LinkedHashMap@97ea865
      elementSet = class java.util.concurrent.ConcurrentSkipListSet@44136d89
      elementSetUnsorted = false
      serialVersionUID = 756240983881166148
      $$$tc$$$ = class com.ibm.websphere.ras.TraceComponent@74ad8450
    generatorManager = class com.ibm.ws.classloading.internal.ClassGeneratorManager@4ff5ebfc
      tc = class com.ibm.websphere.ras.TraceComponent@1d970170
      generatorRefs = class com.ibm.wsspi.kernel.service.utils.ConcurrentServiceReferenceSet@5ce65ee9
      serialVersionUID = 4152663586056483310
    appExtLibs = class java.util.concurrent.CopyOnWriteArrayList@12425d97
      serialVersionUID = 8673264195747942595
      lock = class java.lang.Object@64f33726
      array = class java.lang.Object[0]
    metaInfServicesProviders = class java.util.concurrent.ConcurrentHashMap@3729ba98
      serialVersionUID = 7249069246763182397
      MAXIMUM_CAPACITY = 1073741824
      DEFAULT_CAPACITY = 16
      MAX_ARRAY_SIZE = 2147483639
      DEFAULT_CONCURRENCY_LEVEL = 16
      LOAD_FACTOR = 0.75
      TREEIFY_THRESHOLD = 8
      UNTREEIFY_THRESHOLD = 6
      MIN_TREEIFY_CAPACITY = 64
      MIN_TRANSFER_STRIDE = 16
      RESIZE_STAMP_BITS = 16
      MAX_RESIZERS = 65535
      RESIZE_STAMP_SHIFT = 16
      MOVED = -1
      TREEBIN = -2
      RESERVED = -3
      HASH_BITS = 2147483647
      NCPU = 12
      serialPersistentFields = class java.io.ObjectStreamField[3]
      table = null
      nextTable = null
      baseCount = 0
      sizeCtl = 0
      transferIndex = 0
      cellsBusy = 0
      counterCells = null
      keySet = null
      values = null
      entrySet = null
      U = class jdk.internal.misc.Unsafe@7b84ea71
      SIZECTL = 20
      TRANSFERINDEX = 32
      BASECOUNT = 24
      CELLSBUSY = 36
      CELLVALUE = 144
      ABASE = 16
      ASHIFT = 2
      keySet = null
      values = null
    metaInfServicesRefs = class com.ibm.wsspi.kernel.service.utils.ConcurrentServiceReferenceMap@5956ab82
      referenceName = "MetaInfServicesProvider"
      context = class org.apache.felix.scr.impl.manager.ComponentContextImpl@536b97b4
      elementMap = class java.util.concurrent.ConcurrentHashMap@1f3cd5c8
      serialVersionUID = 6980924785166233786
      $$$tc$$$ = class com.ibm.websphere.ras.TraceComponent@5b69a380
    protectionDomainMap = class java.util.HashMap@399c115f
      serialVersionUID = 362498820763181265
      DEFAULT_INITIAL_CAPACITY = 16
      MAXIMUM_CAPACITY = 1073741824
      DEFAULT_LOAD_FACTOR = 0.75
      TREEIFY_THRESHOLD = 8
      UNTREEIFY_THRESHOLD = 6
      MIN_TREEIFY_CAPACITY = 64
      table = null
      entrySet = null
      size = 0
      modCount = 0
      threshold = 0
      loadFactor = 0.75
      keySet = null
      values = null
    metadataIdentifierService = class com.ibm.ws.container.service.metadata.internal.MetaDataServiceImpl@712a8835
    globalSharedLibrary = class java.util.concurrent.atomic.AtomicReference@39b24d1e
      serialVersionUID = -1848883965231344442
      VALUE = class java.lang.invoke.VarHandleObjects$FieldInstanceReadWrite@60fe133e
      value = null
    serialVersionUID = -1838778944052667322
  globalSharedLibrary = class com.ibm.ws.library.internal.SharedLibraryImpl@6fd3e758
    tc = class com.ibm.websphere.ras.TraceComponent@5e408282
      strings[0] = "TraceComponent[com.ibm.ws.library.internal.SharedLibraryImpl,class com.ibm.ws.library.internal.SharedLibraryImpl,[SharedLibrary],com.ibm.ws.classloading.internal.resources.ClassLoadingServiceMessages,null]"
    EMPTY_LIBRARY_LISTENERS = interface com.ibm.wsspi.library.LibraryChangeListener[0]
    deleted = false
    libraryListenersTracker = class org.osgi.util.tracker.ServiceTracker@5241b314
      DEBUG = false
      context = class org.eclipse.osgi.internal.framework.BundleContextImpl@59c1631b
      filter = class org.eclipse.osgi.internal.framework.FilterImpl@1449b3df
      customizer = class org.osgi.util.tracker.ServiceTracker@5241b314
      listenerFilter = "(&(objectClass=com.ibm.wsspi.library.LibraryChangeListener)(|(library=global)(libraryRef=*com.ibm.ws.classloading.sharedlibrary_55*)))"
      trackClass = null
      trackReference = null
      tracked = class org.osgi.util.tracker.ServiceTracker$Tracked@552dfbec
      cachedReference = null
      cachedService = null
    libraryReg = class org.eclipse.osgi.internal.serviceregistry.ServiceRegistrationImpl@6e8c9b67
      registry = class org.eclipse.osgi.internal.serviceregistry.ServiceRegistry@575d008a
      context = class org.eclipse.osgi.internal.framework.BundleContextImpl@59c1631b
      bundle = class org.eclipse.osgi.internal.framework.EquinoxBundle@6be5f9e8
      clazzes = class java.lang.String[1]
      service = class com.ibm.ws.library.internal.SharedLibraryImpl@6fd3e758
      reference = class org.eclipse.osgi.internal.serviceregistry.ServiceReferenceImpl@49714c0a
      contextsUsing = class java.util.ArrayList@fb51edc
      properties = class java.util.Collections$UnmodifiableMap@305316f0
      serviceid = 306
      serviceranking = 2
      registrationLock = class java.lang.Object@18d6cec6
      state = 0
      REGISTERED = 0
      UNREGISTERING = 1
      UNREGISTERED = 2
      FRAMEWORK_SET_SERVICE_PROPERTIES_COUNT = 4
      $assertionsDisabled = true
    ctx = class org.eclipse.osgi.internal.framework.BundleContextImpl@59c1631b
      findHookName = "org.osgi.framework.hooks.bundle.FindHook"
      valid = true
      bundle = class org.eclipse.osgi.internal.framework.EquinoxBundle@6be5f9e8
      container = class org.eclipse.osgi.internal.framework.EquinoxContainer@258ea5a8
      debug = class org.eclipse.osgi.internal.debug.Debug@62adea36
      servicesInUse = class java.util.HashMap@5b224cf7
      activator = null
      contextLock = class java.lang.Object@54fba610
    classLoadingService = class com.ibm.ws.classloading.internal.ClassLoadingServiceImpl@433524a3
    configAdmin = class com.ibm.ws.config.admin.internal.ConfigurationAdminImpl@42add306
      tc = class com.ibm.websphere.ras.TraceComponent@20468bd
      bundle = class org.eclipse.osgi.internal.framework.EquinoxBundle@6be5f9e8
      caFactory = class com.ibm.ws.config.admin.internal.ConfigAdminServiceFactory@1ef1a0dc
      serialVersionUID = 3160799878770679122
    resolvedBasePath = "/Users/kurtrogiers/lab/wlp/usr/servers/defaultServer/"
    generationLock = class com.ibm.ws.library.internal.SharedLibraryImpl$1@6468b96b
      this$0 = class com.ibm.ws.library.internal.SharedLibraryImpl@6fd3e758
      serialVersionUID = 2483639803450672373
      $$$tc$$$ = class com.ibm.websphere.ras.TraceComponent@3bc9b58
    currentGeneration = class com.ibm.ws.library.internal.LibraryGeneration@613f126c
      tc = class com.ibm.websphere.ras.TraceComponent@c9103b2
      nextInt = class java.util.concurrent.atomic.AtomicInteger@17135b55
      libraryId = "global"
      genId = 2
      libraryProps = class java.util.Hashtable@43094102
      filesetRefs = class java.util.Collections$UnmodifiableRandomAccessList@4e2dafc9
      apiTypeVisibility = class java.util.RegularEnumSet@1fd72c98
      files = class java.util.Collections$EmptyList@4d390d7f
      folders = class java.util.ArrayList@129315c4
      fileAndFolderContainers = class java.util.Collections$EmptyList@4d390d7f
      filesets = class java.util.concurrent.ArrayBlockingQueue@1b9b57c5
      filesetListenerRegs = class java.util.concurrent.ConcurrentLinkedQueue@386bf098
      cancelled = false
      library = class com.ibm.ws.library.internal.SharedLibraryImpl@6fd3e758
      serialVersionUID = 6965220007121905717
    nextGeneration = class com.ibm.ws.library.internal.LibraryGeneration@613f126c
    artifactContainerFactory = class com.ibm.ws.library.internal.SharedLibraryFactory$1@3eb9d44c
      this$0 = class com.ibm.ws.library.internal.SharedLibraryFactory@5b84d0ca
      serialVersionUID = 7730244564205089330
      $$$tc$$$ = class com.ibm.websphere.ras.TraceComponent@50d3b3fd
    packageExporter = class com.ibm.ws.library.internal.LibraryPackageExporter@12a0057e
      EXPORTER_POSTFIX = "_library_exporter"
      REGION_EXPORT_TO_LIBERTY = "liberty.library.export.to.liberty"
      REGION_EXPORT_TO_OSGI_APPS = "liberty.library.export.to.osgi.app"
      REGION_KERNEL = "org.eclipse.equinox.region.kernel"
      counter = class java.util.concurrent.atomic.AtomicLong@50a7e351
      context = class org.eclipse.osgi.internal.framework.BundleContextImpl@59c1631b
      digraph = class org.eclipse.equinox.internal.region.StandardRegionDigraph@264a5d8d
      bundleToLibrary = class java.util.concurrent.ConcurrentHashMap@19ab4846
      libraryToVisibility = class java.util.concurrent.ConcurrentHashMap@10e9b645
      serialVersionUID = 8074378969667956573
      $$$tc$$$ = class com.ibm.websphere.ras.TraceComponent@6b486025
    serialVersionUID = 6288237618632180389
  sharedLibDeploymentInfo = class com.ibm.ws.app.manager.module.internal.DeployedAppInfoBase$SharedLibDeploymentInfo@5564200d
    bundleContext = class org.eclipse.osgi.internal.framework.BundleContextImpl@421bd57f
      findHookName = "org.osgi.framework.hooks.bundle.FindHook"
      valid = true
      bundle = class org.eclipse.osgi.internal.framework.EquinoxBundle@4352c234
      container = class org.eclipse.osgi.internal.framework.EquinoxContainer@258ea5a8
      debug = class org.eclipse.osgi.internal.debug.Debug@62adea36
      servicesInUse = class java.util.HashMap@4564417d
      activator = null
      contextLock = class java.lang.Object@ce6c449
    locAdmin = class com.ibm.ws.kernel.service.location.internal.WsLocationAdminImpl@1127383a
      tc = class com.ibm.websphere.ras.TraceComponent@51f5a16d
      LOC_INTERNAL_LIB_DIR = "wlp.lib.dir"
      LOC_AREA_NAME_APPS = "shared/apps/"
      LOC_AREA_NAME_CONFIG = "shared/config/"
      LOC_AREA_NAME_RESC = "shared/resources/"
      LOC_AREA_NAME_STATE = "logs/state/"
      LOC_AREA_NAME_SERVERS = "servers/"
      LOC_AREA_NAME_CLIENTS = "clients/"
      LOC_AREA_NAME_WORKING = "workarea/"
      LOC_AREA_NAME_EXTENSION = "extension/"
      instance = class com.ibm.ws.staticvalue.StaticValue$FinalSingleton@49dc1800
      installRoot = class com.ibm.ws.kernel.service.location.internal.SymbolicRootResource@44adb757
      installParentRoot = class com.ibm.ws.kernel.service.location.internal.SymbolicRootResource@41a2ac21
      userRoot = class com.ibm.ws.kernel.service.location.internal.SymbolicRootResource@22056d60
      usrExtensionRoot = class com.ibm.ws.kernel.service.location.internal.SymbolicRootResource@bb07d38
      serverConfigDir = class com.ibm.ws.kernel.service.location.internal.SymbolicRootResource@220e6416
      serverOutputDir = class com.ibm.ws.kernel.service.location.internal.SymbolicRootResource@220e6416
      bootstrapLib = class com.ibm.ws.kernel.service.location.internal.LocalFileResource@761917d2
      serverWorkarea = class com.ibm.ws.kernel.service.location.internal.LocalFileResource@7ffe1a1c
      serverState = class com.ibm.ws.kernel.service.location.internal.LocalFileResource@772fe166
      sharedAppsRoot = class com.ibm.ws.kernel.service.location.internal.SymbolicRootResource@26d01541
      sharedConfigRoot = class com.ibm.ws.kernel.service.location.internal.SymbolicRootResource@18c921ce
      sharedResourceRoot = class com.ibm.ws.kernel.service.location.internal.SymbolicRootResource@17e8f631
      tmpRoot = class com.ibm.ws.kernel.service.location.internal.SymbolicRootResource@1fc4017b
      serverName = "defaultServer"
      resourcePaths = class java.util.ArrayList@399865df
      resourceGroups = class java.util.HashMap@680ef473
      commonRoot = class com.ibm.ws.kernel.service.location.internal.VirtualRootResource@3807de3d
      serialVersionUID = 7766352982799267432
    artifactFactory = class com.ibm.ws.artifact.internal.ArtifactContainerFactoryService@1c7983cc
      CATEGORY_PROP_NAME = "category"
      ENTRY_KEY = "com.ibm.wsspi.artifact.ArtifactEntry"
      helperMap = class com.ibm.wsspi.kernel.service.utils.ConcurrentServiceReferenceSetMap@4e641bda
      contributorMap = class com.ibm.wsspi.kernel.service.utils.ConcurrentServiceReferenceSetMap@58ca51e9
      helperCategoryMap = class com.ibm.wsspi.kernel.service.utils.ConcurrentServiceReferenceSetMap@2a07d589
      contributorCategoryMap = class com.ibm.wsspi.kernel.service.utils.ConcurrentServiceReferenceSetMap@441d8128
      categories = class java.util.Collections$SynchronizedSet@2a49f8ba
      baseProperties = class org.apache.felix.scr.impl.helper.ReadOnlyDictionary@2086b103
      serialVersionUID = -3101641399269402013
      $$$tc$$$ = class com.ibm.websphere.ras.TraceComponent@424727d0
    moduleFactory = class com.ibm.ws.adaptable.module.internal.AdaptableModuleFactoryImpl@aa69129
      adapterFactoryService = class com.ibm.ws.adaptable.module.internal.AdapterFactoryServiceImpl@3b03430f
      containerFactory = class com.ibm.ws.artifact.internal.ArtifactContainerFactoryService@1c7983cc
      overlayContainerFactory = class com.ibm.ws.artifact.overlay.internal.OverlayContainerFactoryImpl@5592f60
      serialVersionUID = 4200251809856292987
      $$$tc$$$ = class com.ibm.websphere.ras.TraceComponent@260d982
    classesContainerInfo = class java.util.ArrayList@474af6cc
      serialVersionUID = 8683452581122892189
      DEFAULT_CAPACITY = 10
      EMPTY_ELEMENTDATA = class java.lang.Object[0]
      DEFAULTCAPACITY_EMPTY_ELEMENTDATA = class java.lang.Object[0]
      elementData = class java.lang.Object[0]
      size = 0
      MAX_ARRAY_SIZE = 2147483639
      modCount = 0
      MAX_ARRAY_SIZE = 2147483639
    serialVersionUID = -9033256786848720484
    $$$tc$$$ = class com.ibm.websphere.ras.TraceComponent@2d035242
      strings[0] = "TraceComponent[com.ibm.ws.app.manager.module.internal.DeployedAppInfoBase$SharedLibDeploymentInfo,class com.ibm.ws.app.manager.module.internal.DeployedAppInfoBase$SharedLibDeploymentInfo,[applications, app.manager],,null]"
  futureMonitor = class com.ibm.ws.threading.internal.FutureMonitorImpl@3f5c2454
    _monitor = class java.util.concurrent.ConcurrentLinkedQueue@55ee45f9
      serialVersionUID = 196745693267521676
      head = class java.util.concurrent.ConcurrentLinkedQueue$Node@31025763
      tail = class java.util.concurrent.ConcurrentLinkedQueue$Node@31025763
      MAX_HOPS = 8
      HEAD = class java.lang.invoke.VarHandleObjects$FieldInstanceReadWrite@4abe43aa
      TAIL = class java.lang.invoke.VarHandleObjects$FieldInstanceReadWrite@25235985
      ITEM = class java.lang.invoke.VarHandleObjects$FieldInstanceReadWrite@43652dcd
      NEXT = class java.lang.invoke.VarHandleObjects$FieldInstanceReadWrite@4d2de21f
      MAX_ARRAY_SIZE = 2147483639
    _executor = class com.ibm.ws.threading.internal.ScheduledExecutorImpl@3395bf36
      threadGroupName = "Scheduled Executor Thread Group"
      executor = class com.ibm.ws.threading.internal.ExecutorServiceImpl@11cf2121
      serialVersionUID = -9110693807503469597
      $$$tc$$$ = class com.ibm.websphere.ras.TraceComponent@2f20cc8a
      continueExistingPeriodicTasksAfterShutdown = false
      executeExistingDelayedTasksAfterShutdown = true
      removeOnCancel = false
      sequencer = class java.util.concurrent.atomic.AtomicLong@7dbbe423
      DEFAULT_KEEPALIVE_MILLIS = 10
      ctl = class java.util.concurrent.atomic.AtomicInteger@62093a8b
      COUNT_BITS = 29
      COUNT_MASK = 536870911
      RUNNING = -536870912
      SHUTDOWN = 0
      STOP = 536870912
      TIDYING = 1073741824
      TERMINATED = 1610612736
      workQueue = class java.util.concurrent.ScheduledThreadPoolExecutor$DelayedWorkQueue@64f9e6c1
      mainLock = class java.util.concurrent.locks.ReentrantLock@5dcb46f6
      workers = class java.util.HashSet@7f732b90
      termination = class java.util.concurrent.locks.AbstractQueuedSynchronizer$ConditionObject@54059b97
      largestPoolSize = 1
      completedTaskCount = 0
      threadFactory = class com.ibm.ws.threading.internal.ThreadFactoryImpl@781ab5c4
      handler = class java.util.concurrent.ThreadPoolExecutor$AbortPolicy@1ed32efc
      keepAliveTime = 10000000
      allowCoreThreadTimeOut = false
      corePoolSize = 1
      maximumPoolSize = 2147483647
      defaultHandler = class java.util.concurrent.ThreadPoolExecutor$AbortPolicy@1ed32efc
      shutdownPerm = class java.lang.RuntimePermission@66f2d792
      ONLY_ONE = true
      $assertionsDisabled = true
    _threadRunning = class java.util.concurrent.atomic.AtomicBoolean@686ea464
      serialVersionUID = 4654671469794556979
      VALUE = class java.lang.invoke.VarHandleInts$FieldInstanceReadWrite@2624c3ae
      value = 0
    _thread = class com.ibm.ws.threading.internal.FutureMonitorImpl$1@4e0d073b
      this$0 = class com.ibm.ws.threading.internal.FutureMonitorImpl@3f5c2454
      serialVersionUID = 2422512430832938099
      $$$tc$$$ = class com.ibm.websphere.ras.TraceComponent@24344932
    serialVersionUID = 2765238413969174390
    $$$tc$$$ = class com.ibm.websphere.ras.TraceComponent@55724de7
      strings[0] = "TraceComponent[com.ibm.ws.threading.internal.FutureMonitorImpl,class com.ibm.ws.threading.internal.FutureMonitorImpl,[Threading],com.ibm.ws.threading.internal.resources.ThreadingMessages,null]"
  configAdmin = class com.ibm.ws.config.admin.internal.ConfigurationAdminImpl@5df57753
    tc = class com.ibm.websphere.ras.TraceComponent@20468bd
      strings[0] = "TraceComponent[com.ibm.ws.config.admin.internal.ConfigurationAdminImpl,class com.ibm.ws.config.admin.internal.ConfigurationAdminImpl,[config],com.ibm.ws.config.internal.resources.ConfigMessages,null]"
    bundle = class org.eclipse.osgi.internal.framework.EquinoxBundle@4352c234
      equinoxContainer = class org.eclipse.osgi.internal.framework.EquinoxContainer@258ea5a8
      module = class org.eclipse.osgi.internal.framework.EquinoxBundle$EquinoxModule@3b6b21e4
      monitor = class java.lang.Object@1156e4c
      context = class org.eclipse.osgi.internal.framework.BundleContextImpl@421bd57f
      signerInfos = null
      $SWITCH_TABLE$org$eclipse$osgi$container$Module$State = {1,2,3,4,5,6,7} /* array length = 7 */
    caFactory = class com.ibm.ws.config.admin.internal.ConfigAdminServiceFactory@1ef1a0dc
      tc = class com.ibm.websphere.ras.TraceComponent@7d963bb4
      configurationPermission = class org.osgi.service.cm.ConfigurationPermission@473348c5
      INDEX_DICTIONARY = 0
      INDEX_LOCATION = 1
      INDEX_METATYPE_PROCESSED = 2
      INDEX_IN_OVERRIDES_FILE = 3
      INDEX_REFERENCES = 4
      INDEX_UNIQUES = 5
      bundleContext = class org.eclipse.osgi.internal.framework.BundleContextImpl@3b5e86b3
      msTracker = class com.ibm.ws.config.admin.internal.ManagedServiceTracker@5ffc7b7c
      msfTracker = class com.ibm.ws.config.admin.internal.ManagedServiceFactoryTracker@a3aff7e
      pluginManager = class com.ibm.ws.config.admin.internal.PluginManager@23290607
      configurationStore = class com.ibm.ws.config.admin.internal.ConfigurationStore@7e0107c7
      updateQueue = class com.ibm.ws.config.admin.internal.UpdateQueue@421aa4e0
      ced = class com.ibm.ws.config.admin.internal.ConfigEventDispatcher@1f0672d2
      idMap = class java.util.Collections$SynchronizedMap@74f4560b
      referenceMap = class java.util.Collections$SynchronizedMap@23d486d
      variableRegistryTracker = class org.osgi.util.tracker.ServiceTracker@1517d16e
      variableRegistry = class com.ibm.ws.kernel.service.location.internal.VariableRegistryHelper@39aba1fc
      configurationAdminRef = class org.eclipse.osgi.internal.serviceregistry.ServiceRegistrationImpl@2ac6e754
      serialVersionUID = 6695202270027014725
    serialVersionUID = 3160799878770679122
  libraryConfigHelper = class com.ibm.ws.classloading.ClassLoaderConfigHelper@560cf585
    tc = class com.ibm.websphere.ras.TraceComponent@7dc0c15e
      strings[0] = "TraceComponent[com.ibm.ws.classloading.ClassLoaderConfigHelper,class com.ibm.ws.classloading.ClassLoaderConfigHelper,[ClassLoadingService],com.ibm.ws.classloading.internal.resources.ClassLoadingServiceMessages,null]"
    DEFAULT_API_TYPES = class java.util.RegularEnumSet@54ae49b9
      serialVersionUID = 3411599620347842686
      elements = 23
      elementType = class java.lang.Class@68ed3faf
      universe = class com.ibm.wsspi.classloading.ApiType[5]
      MAX_ARRAY_SIZE = 2147483639
    sharedLibraries = class java.util.Collections$EmptyList@4d390d7f
      serialVersionUID = 8842843931221139166
      modCount = 0
      MAX_ARRAY_SIZE = 2147483639
    commonLibraries = class java.util.Collections$EmptyList@4d390d7f
    classProviders = class java.util.Collections$EmptyList@4d390d7f
    sharedLibrariesPids = null
    commonLibrariesPids = null
    isDelegateLast = false
    apiTypes = class java.util.RegularEnumSet@54ae49b9
    classLoaderConfigProps = null
    serialVersionUID = 7643888529935916418
  isDelegateLast = false
  permissionManager = class com.ibm.ws.classloading.java2sec.PermissionManager@38be92e4
    tc = class com.ibm.websphere.ras.TraceComponent@29053525
      strings[0] = "TraceComponent[com.ibm.ws.classloading.java2sec.PermissionManager,class com.ibm.ws.classloading.java2sec.PermissionManager,[Java2SecurityUtil],com.ibm.ws.classloading.internal.resources.Java2SecurityUtilMessages,null]"
    classLoadingService = class com.ibm.ws.classloading.internal.ClassLoadingServiceImpl@433524a3
    DEFAULT_SERVER_RESTRICTABLE_PERMISSIONS = class java.security.Permission[4]
      Permission[0] = class java.lang.RuntimePermission@2eef61f1
      Permission[1] = class java.lang.RuntimePermission@7985240c
      Permission[2] = class java.security.SecurityPermission@6f46f7c8
      Permission[3] = class javax.security.auth.AuthPermission@417e9098
    DEFAULT_CLIENT_RESTRICTABLE_PERMISSIONS = class java.security.Permission[3]
      Permission[0] = class java.lang.RuntimePermission@59f7b1f4
      Permission[1] = class java.security.SecurityPermission@f9365e
      Permission[2] = class javax.security.auth.AuthPermission@3ab15f36
    isServer = true
    wsjarUrlStreamHandlerAvailable = true
    restrictablePermissions = class java.util.ArrayList@769c8ec9
      serialVersionUID = 8683452581122892189
      DEFAULT_CAPACITY = 10
      EMPTY_ELEMENTDATA = class java.lang.Object[0]
      DEFAULTCAPACITY_EMPTY_ELEMENTDATA = class java.lang.Object[0]
      elementData = class java.lang.Object[10]
      size = 4
      MAX_ARRAY_SIZE = 2147483639
      modCount = 4
      MAX_ARRAY_SIZE = 2147483639
    grantedPermissions = class java.util.ArrayList@5dedf7b9
      serialVersionUID = 8683452581122892189
      DEFAULT_CAPACITY = 10
      EMPTY_ELEMENTDATA = class java.lang.Object[0]
      DEFAULTCAPACITY_EMPTY_ELEMENTDATA = class java.lang.Object[0]
      elementData = class java.lang.Object[10]
      size = 1
      MAX_ARRAY_SIZE = 2147483639
      modCount = 1
      MAX_ARRAY_SIZE = 2147483639
    KEY_PERMISSION = "permission"
    INCORRECT_PERMISSION_CONFIGURATION = "INCORRECT_PERMISSION_CONFIGURATION"
    PERMISSION_CLASSNOTFOUND = "PERMISSION_CLASSNOTFOUND"
    SERVER_XML = "server.xml"
    CLIENT_XML = "client.xml"
    originationFile = "server.xml"
    permissions = class com.ibm.wsspi.kernel.service.utils.ConcurrentServiceReferenceSet@305bba53
      referenceName = "permission"
      contextRef = class java.util.concurrent.atomic.AtomicReference@36f22c3b
      elementMap = class java.util.LinkedHashMap@49fbd3ee
      elementSet = class java.util.concurrent.ConcurrentSkipListSet@67455ca7
      elementSetUnsorted = false
      serialVersionUID = 756240983881166148
      $$$tc$$$ = class com.ibm.websphere.ras.TraceComponent@74ad8450
    codeBasePermissionMap = class java.util.HashMap@4980791
      serialVersionUID = 362498820763181265
      DEFAULT_INITIAL_CAPACITY = 16
      MAXIMUM_CAPACITY = 1073741824
      DEFAULT_LOAD_FACTOR = 0.75
      TREEIFY_THRESHOLD = 8
      UNTREEIFY_THRESHOLD = 6
      MIN_TREEIFY_CAPACITY = 64
      table = null
      entrySet = null
      size = 0
      modCount = 0
      threshold = 0
      loadFactor = 0.75
      keySet = class java.util.HashMap$KeySet@39b90c11
      values = null
    permissionXMLPermissionMap = class java.util.HashMap@16602b0d
      serialVersionUID = 362498820763181265
      DEFAULT_INITIAL_CAPACITY = 16
      MAXIMUM_CAPACITY = 1073741824
      DEFAULT_LOAD_FACTOR = 0.75
      TREEIFY_THRESHOLD = 8
      UNTREEIFY_THRESHOLD = 6
      MIN_TREEIFY_CAPACITY = 64
      table = null
      entrySet = null
      size = 0
      modCount = 0
      threshold = 0
      loadFactor = 0.75
      keySet = null
      values = null
    serialVersionUID = -5043611968709568417
  permissionsConfig = null
  serialVersionUID = 5168023053972273360
  appInfo = class com.ibm.ws.container.service.app.deploy.internal.ApplicationInfoImpl@eebf0a6
    appName = "RegistrationAppWeb"
    appMetaData = class com.ibm.ws.container.service.app.deploy.internal.ApplicationMetaDataImpl@4ed68f89
      j2eeName = class com.ibm.ws.container.service.metadata.internal.J2EENameImpl@3e3d66a4
      serialVersionUID = -7906531148367236579
      $$$tc$$$ = class com.ibm.websphere.ras.TraceComponent@4e48fc8c
      tc = class com.ibm.websphere.ras.TraceComponent@24e3c001
      NUM_STATIC_SLOTS = 4
      ID_UNINITIALIZED = -1
      id = 0
      metaDataInterface = class java.lang.Class@7297bed3
      staticSlots = class java.lang.Object[4]
      dynamicSlots = class java.lang.Object[4]
    appContainer = class com.ibm.ws.adaptable.module.internal.AdaptableContainerImpl@45d3d75b
      root = class com.ibm.ws.adaptable.module.internal.AdaptableContainerImpl@45d3d75b
      rootOverlay = class com.ibm.ws.artifact.overlay.internal.DirectoryBasedOverlayContainerImpl@6db24633
      factoryHolder = class com.ibm.ws.adaptable.module.internal.AdaptableModuleFactoryImpl@aa69129
      delegate = class com.ibm.ws.artifact.overlay.internal.DirectoryBasedOverlayContainerImpl@6db24633
      notifier = class com.ibm.ws.adaptable.module.internal.NotifierImpl@6250b1c6
      serialVersionUID = -5621513278641113667
      $$$tc$$$ = class com.ibm.websphere.ras.TraceComponent@57cf89b7
    configHelper = class com.ibm.ws.app.manager.module.ApplicationNestedConfigHelper@4b8bc47b
      appInfo = class com.ibm.ws.app.manager.internal.ApplicationInstallInfo@28e853b8
      serialVersionUID = -3174031738676705046
      $$$tc$$$ = class com.ibm.websphere.ras.TraceComponent@2fe9431f
    applicationInformation = class com.ibm.ws.app.manager.internal.ApplicationInstallInfo@28e853b8
    serialVersionUID = -505303337196743781
    $$$tc$$$ = class com.ibm.websphere.ras.TraceComponent@4950801a
      strings[0] = "TraceComponent[com.ibm.ws.container.service.app.deploy.internal.ApplicationInfoImpl,class com.ibm.ws.container.service.app.deploy.internal.ApplicationInfoImpl,[container.service],com.ibm.ws.container.service.resources.Messages,null]"
  modulesDeployed = class java.util.ArrayList@2f657d77
    serialVersionUID = 8683452581122892189
    DEFAULT_CAPACITY = 10
    EMPTY_ELEMENTDATA = class java.lang.Object[0]
    DEFAULTCAPACITY_EMPTY_ELEMENTDATA = class java.lang.Object[0]
    elementData = class java.lang.Object[10]
      Object[0] = class com.ibm.ws.app.manager.module.internal.DeployedModuleInfoImpl@786ee4a5
      Object[1] = null
      Object[2] = null
      Object[3] = null
      Object[4] = null
      Object[5] = null
      Object[6] = null
      Object[7] = null
      Object[8] = null
      Object[9] = null
    size = 1
    MAX_ARRAY_SIZE = 2147483639
    modCount = 1
    MAX_ARRAY_SIZE = 2147483639
  starting = true
  started = false
  appInfoFactory = class com.ibm.ws.container.service.app.deploy.internal.ApplicationInfoFactoryImpl@6309ef4f
    j2eeNameFactory = class com.ibm.wsspi.kernel.service.utils.AtomicServiceReference@6fced813
      referenceName = "j2eeNameFactory"
      tuple = class java.util.concurrent.atomic.AtomicReference@2d10abd2
      serialVersionUID = 2226592364007985000
      $$$tc$$$ = class com.ibm.websphere.ras.TraceComponent@7f2d8f4b
    names = class java.util.HashSet@6e3208c
      serialVersionUID = -5024744406713321676
      map = class java.util.HashMap@2870ccd4
      PRESENT = class java.lang.Object@397968d9
      MAX_ARRAY_SIZE = 2147483639
    serialVersionUID = 7443990212682384945
    $$$tc$$$ = class com.ibm.websphere.ras.TraceComponent@305f9728
      strings[0] = "TraceComponent[com.ibm.ws.container.service.app.deploy.internal.ApplicationInfoFactoryImpl,class com.ibm.ws.container.service.app.deploy.internal.ApplicationInfoFactoryImpl,[container.service],com.ibm.ws.container.service.resources.Messages,null]"
  metaDataService = class com.ibm.ws.container.service.metadata.internal.MetaDataServiceImpl@712a8835
    applicationMetaDataManager = class com.ibm.ws.container.service.metadata.internal.ApplicationMetaDataManager@691ba05c
      serialVersionUID = 1843747281024490904
      $$$tc$$$ = class com.ibm.websphere.ras.TraceComponent@2189f72b
      listeners = class com.ibm.wsspi.kernel.service.utils.ConcurrentServiceReferenceSet@2349c745
      metaDataIDs = class com.ibm.ws.container.service.metadata.internal.IndexList@5a634b3b
      metaDatas = class java.util.ArrayList@6ba2f60b
      slotIDs = class com.ibm.ws.container.service.metadata.internal.IndexList@5aa05cd2
      serialVersionUID = 5464421863354792977
      $$$tc$$$ = class com.ibm.websphere.ras.TraceComponent@56220c83
    moduleMetaDataManager = class com.ibm.ws.container.service.metadata.internal.ModuleMetaDataManager@3e6e6ee4
      serialVersionUID = 2513574389899327209
      $$$tc$$$ = class com.ibm.websphere.ras.TraceComponent@502a02aa
      listeners = class com.ibm.wsspi.kernel.service.utils.ConcurrentServiceReferenceSet@61df26b1
      metaDataIDs = class com.ibm.ws.container.service.metadata.internal.IndexList@56c515f6
      metaDatas = class java.util.ArrayList@3b9a283d
      slotIDs = class com.ibm.ws.container.service.metadata.internal.IndexList@1e087ce7
      serialVersionUID = 5464421863354792977
      $$$tc$$$ = class com.ibm.websphere.ras.TraceComponent@56220c83
    componentMetaDataManager = class com.ibm.ws.container.service.metadata.internal.ComponentMetaDataManager@6d726a63
      serialVersionUID = 8629793739641703882
      $$$tc$$$ = class com.ibm.websphere.ras.TraceComponent@4a690397
      listeners = class com.ibm.wsspi.kernel.service.utils.ConcurrentServiceReferenceSet@353b289e
      metaDataIDs = class com.ibm.ws.container.service.metadata.internal.IndexList@402460f4
      metaDatas = class java.util.ArrayList@3ce5d515
      slotIDs = class com.ibm.ws.container.service.metadata.internal.IndexList@63c59825
      serialVersionUID = 5464421863354792977
      $$$tc$$$ = class com.ibm.websphere.ras.TraceComponent@56220c83
    methodMetaDataManager = class com.ibm.ws.container.service.metadata.internal.MethodMetaDataManager@6b552dca
      serialVersionUID = -3308748211841563417
      $$$tc$$$ = class com.ibm.websphere.ras.TraceComponent@48ac26ce
      listeners = class com.ibm.wsspi.kernel.service.utils.ConcurrentServiceReferenceSet@12dfe055
      metaDataIDs = class com.ibm.ws.container.service.metadata.internal.IndexList@4f6d59ad
      metaDatas = class java.util.ArrayList@1899108a
      slotIDs = class com.ibm.ws.container.service.metadata.internal.IndexList@175d84f0
      serialVersionUID = 5464421863354792977
      $$$tc$$$ = class com.ibm.websphere.ras.TraceComponent@56220c83
    appModuleNameToModuleContainer = class java.util.concurrent.ConcurrentHashMap@5f7869bc
      serialVersionUID = 7249069246763182397
      MAXIMUM_CAPACITY = 1073741824
      DEFAULT_CAPACITY = 16
      MAX_ARRAY_SIZE = 2147483639
      DEFAULT_CONCURRENCY_LEVEL = 16
      LOAD_FACTOR = 0.75
      TREEIFY_THRESHOLD = 8
      UNTREEIFY_THRESHOLD = 6
      MIN_TREEIFY_CAPACITY = 64
      MIN_TRANSFER_STRIDE = 16
      RESIZE_STAMP_BITS = 16
      MAX_RESIZERS = 65535
      RESIZE_STAMP_SHIFT = 16
      MOVED = -1
      TREEBIN = -2
      RESERVED = -3
      HASH_BITS = 2147483647
      NCPU = 12
      serialPersistentFields = class java.io.ObjectStreamField[3]
      table = null
      nextTable = null
      baseCount = 0
      sizeCtl = 0
      transferIndex = 0
      cellsBusy = 0
      counterCells = null
      keySet = null
      values = null
      entrySet = null
      U = class jdk.internal.misc.Unsafe@7b84ea71
      SIZECTL = 20
      TRANSFERINDEX = 32
      BASECOUNT = 24
      CELLSBUSY = 36
      CELLVALUE = 144
      ABASE = 16
      ASHIFT = 2
      keySet = null
      values = null
    jeeNameToComponentMetaData = class java.util.concurrent.ConcurrentHashMap@12ac25f9
      serialVersionUID = 7249069246763182397
      MAXIMUM_CAPACITY = 1073741824
      DEFAULT_CAPACITY = 16
      MAX_ARRAY_SIZE = 2147483639
      DEFAULT_CONCURRENCY_LEVEL = 16
      LOAD_FACTOR = 0.75
      TREEIFY_THRESHOLD = 8
      UNTREEIFY_THRESHOLD = 6
      MIN_TREEIFY_CAPACITY = 64
      MIN_TRANSFER_STRIDE = 16
      RESIZE_STAMP_BITS = 16
      MAX_RESIZERS = 65535
      RESIZE_STAMP_SHIFT = 16
      MOVED = -1
      TREEBIN = -2
      RESERVED = -3
      HASH_BITS = 2147483647
      NCPU = 12
      serialPersistentFields = class java.io.ObjectStreamField[3]
      table = null
      nextTable = null
      baseCount = 0
      sizeCtl = 0
      transferIndex = 0
      cellsBusy = 0
      counterCells = null
      keySet = null
      values = null
      entrySet = null
      U = class jdk.internal.misc.Unsafe@7b84ea71
      SIZECTL = 20
      TRANSFERINDEX = 32
      BASECOUNT = 24
      CELLSBUSY = 36
      CELLVALUE = 144
      ABASE = 16
      ASHIFT = 2
      keySet = null
      values = null
    deferredMetaDataFactories = class com.ibm.wsspi.kernel.service.utils.ConcurrentServiceReferenceSet@6cf374bd
      referenceName = "deferredMetaDataFactory"
      contextRef = class java.util.concurrent.atomic.AtomicReference@37bedb2c
      elementMap = class java.util.LinkedHashMap@77446473
      elementSet = class java.util.concurrent.ConcurrentSkipListSet@baad63e
      elementSetUnsorted = false
      serialVersionUID = 756240983881166148
      $$$tc$$$ = class com.ibm.websphere.ras.TraceComponent@74ad8450
    deferredMetaDataInitializers = class com.ibm.wsspi.kernel.service.utils.ConcurrentServiceReferenceMap@2e8a3f94
      referenceName = "deferredMetaDataFactory"
      context = class org.apache.felix.scr.impl.manager.ComponentContextImpl@55300471
      elementMap = class java.util.concurrent.ConcurrentHashMap@64a9a27c
      serialVersionUID = 6980924785166233786
      $$$tc$$$ = class com.ibm.websphere.ras.TraceComponent@5b69a380
    serialVersionUID = -2494605732980966097
    $$$tc$$$ = class com.ibm.websphere.ras.TraceComponent@46f62541
      strings[0] = "TraceComponent[com.ibm.ws.container.service.metadata.internal.MetaDataServiceImpl,class com.ibm.ws.container.service.metadata.internal.MetaDataServiceImpl,[Runtime],,null]"
  stateChangeService = class com.ibm.ws.container.service.state.internal.StateChangeServiceImpl@212f14f5
    applicationStateManager = class com.ibm.ws.container.service.state.internal.ApplicationStateManager@43b4a965
      serialVersionUID = -6685368059484454124
      $$$tc$$$ = class com.ibm.websphere.ras.TraceComponent@1a31dd06
      listeners = class com.ibm.wsspi.kernel.service.utils.ConcurrentServiceReferenceSet@2eada208
      serialVersionUID = 2284273176985484160
      $$$tc$$$ = class com.ibm.websphere.ras.TraceComponent@3954274c
    moduleStateManager = class com.ibm.ws.container.service.state.internal.ModuleStateManager@24024647
      serialVersionUID = -5540260902341249963
      $$$tc$$$ = class com.ibm.websphere.ras.TraceComponent@6e3e1aea
      listeners = class com.ibm.wsspi.kernel.service.utils.ConcurrentServiceReferenceSet@30093b4c
      serialVersionUID = 2284273176985484160
      $$$tc$$$ = class com.ibm.websphere.ras.TraceComponent@3954274c
    serialVersionUID = -537917915330350560
    $$$tc$$$ = class com.ibm.websphere.ras.TraceComponent@4fc08ddb
      strings[0] = "TraceComponent[com.ibm.ws.container.service.state.internal.StateChangeServiceImpl,class com.ibm.ws.container.service.state.internal.StateChangeServiceImpl,[Runtime],,null]"
  moduleClassesInfo = class com.ibm.ws.app.manager.module.internal.SimpleDeployedAppInfoBase$ModuleClassesInfoProvider@16a68223
    entryContainerInfosMap = class java.util.HashMap@8993e32
      serialVersionUID = 362498820763181265
      DEFAULT_INITIAL_CAPACITY = 16
      MAXIMUM_CAPACITY = 1073741824
      DEFAULT_LOAD_FACTOR = 0.75
      TREEIFY_THRESHOLD = 8
      UNTREEIFY_THRESHOLD = 6
      MIN_TREEIFY_CAPACITY = 64
      table = null
      entrySet = null
      size = 0
      modCount = 0
      threshold = 0
      loadFactor = 0.75
      keySet = null
      values = null
    serialVersionUID = -70332790531324534
    $$$tc$$$ = class com.ibm.websphere.ras.TraceComponent@76967c3
      strings[0] = "TraceComponent[com.ibm.ws.app.manager.module.internal.SimpleDeployedAppInfoBase$ModuleClassesInfoProvider,class com.ibm.ws.app.manager.module.internal.SimpleDeployedAppInfoBase$ModuleClassesInfoProvider,[applications, app.manager],,null]"
  moduleContainerInfos = class java.util.ArrayList@6236bcb2
    serialVersionUID = 8683452581122892189
    DEFAULT_CAPACITY = 10
    EMPTY_ELEMENTDATA = class java.lang.Object[0]
    DEFAULTCAPACITY_EMPTY_ELEMENTDATA = class java.lang.Object[0]
    elementData = class java.lang.Object[10]
      Object[0] = class com.ibm.ws.app.manager.module.internal.SimpleDeployedAppInfoBase$WebModuleContainerInfo@7d0e4892
      Object[1] = null
      Object[2] = null
      Object[3] = null
      Object[4] = null
      Object[5] = null
      Object[6] = null
      Object[7] = null
      Object[8] = null
      Object[9] = null
    size = 1
    MAX_ARRAY_SIZE = 2147483639
    modCount = 1
    MAX_ARRAY_SIZE = 2147483639
  activeModuleHandlers = class java.util.IdentityHashMap@53a7cdac
    DEFAULT_CAPACITY = 32
    MINIMUM_CAPACITY = 4
    MAXIMUM_CAPACITY = 536870912
    table = class java.lang.Object[16]
      Object[0] = null
      Object[1] = null
      Object[2] = null
      Object[3] = null
      Object[4] = null
      Object[5] = null
      Object[6] = null
      Object[7] = null
      Object[8] = null
      Object[9] = null
      Object[10] = null
      Object[11] = null
      Object[12] = null
      Object[13] = null
      Object[14] = null
      Object[15] = null
    size = 0
    modCount = 2
    NULL_KEY = class java.lang.Object@2a179dda
    entrySet = null
    serialVersionUID = 8188218128353913216
    keySet = null
    values = null
  serialVersionUID = 7078125893012250887
  $$$tc$$$ = class com.ibm.websphere.ras.TraceComponent@2f4c4d03
    strings[0] = "TraceComponent[com.ibm.ws.app.manager.module.internal.SimpleDeployedAppInfoBase,class com.ibm.ws.app.manager.module.internal.SimpleDeployedAppInfoBase,[applications, app.manager],,null]"

Dump of objectArray[0]
Object type = com.ibm.ws.threading.internal.NonCancelableResultFuture
  _done = false
  _result = null
  _failure = null
  _listeners = class java.util.concurrent.ConcurrentLinkedQueue@48dcfea8
    serialVersionUID = 196745693267521676
    head = class java.util.concurrent.ConcurrentLinkedQueue$Node@1438162d
      item = null
      next = null
    tail = class java.util.concurrent.ConcurrentLinkedQueue$Node@1438162d
    MAX_HOPS = 8
    HEAD = class java.lang.invoke.VarHandleObjects$FieldInstanceReadWrite@4abe43aa
      FORM = class java.lang.invoke.VarForm@4626c78a
      fieldOffset = 12
      receiverType = class java.lang.Class@57e1b0c
      fieldType = class java.lang.Class@4232c52b
      FORM = class java.lang.invoke.VarForm@6a109247
      vform = class java.lang.invoke.VarForm@4626c78a
      typesAndInvokers = null
      AIOOBE_SUPPLIER = class jdk.internal.util.Preconditions$1@516ec38e
      VFORM_OFFSET = 12
      $assertionsDisabled = true
    TAIL = class java.lang.invoke.VarHandleObjects$FieldInstanceReadWrite@25235985
      FORM = class java.lang.invoke.VarForm@4626c78a
      fieldOffset = 16
      receiverType = class java.lang.Class@57e1b0c
      fieldType = class java.lang.Class@4232c52b
      FORM = class java.lang.invoke.VarForm@6a109247
      vform = class java.lang.invoke.VarForm@4626c78a
      typesAndInvokers = null
      AIOOBE_SUPPLIER = class jdk.internal.util.Preconditions$1@516ec38e
      VFORM_OFFSET = 12
      $assertionsDisabled = true
    ITEM = class java.lang.invoke.VarHandleObjects$FieldInstanceReadWrite@43652dcd
      FORM = class java.lang.invoke.VarForm@4626c78a
      fieldOffset = 12
      receiverType = class java.lang.Class@4232c52b
      fieldType = class java.lang.Class@55054057
      FORM = class java.lang.invoke.VarForm@6a109247
      vform = class java.lang.invoke.VarForm@4626c78a
      typesAndInvokers = null
      AIOOBE_SUPPLIER = class jdk.internal.util.Preconditions$1@516ec38e
      VFORM_OFFSET = 12
      $assertionsDisabled = true
    NEXT = class java.lang.invoke.VarHandleObjects$FieldInstanceReadWrite@4d2de21f
      FORM = class java.lang.invoke.VarForm@4626c78a
      fieldOffset = 16
      receiverType = class java.lang.Class@4232c52b
      fieldType = class java.lang.Class@4232c52b
      FORM = class java.lang.invoke.VarForm@6a109247
      vform = class java.lang.invoke.VarForm@4626c78a
      typesAndInvokers = null
      AIOOBE_SUPPLIER = class jdk.internal.util.Preconditions$1@516ec38e
      VFORM_OFFSET = 12
      $assertionsDisabled = true
    MAX_ARRAY_SIZE = 2147483639
  _notifiedListeners = class java.util.concurrent.atomic.AtomicBoolean@20b48aa4
    serialVersionUID = 4654671469794556979
    VALUE = class java.lang.invoke.VarHandleInts$FieldInstanceReadWrite@2624c3ae
      FORM = class java.lang.invoke.VarForm@9ad5f38
      fieldOffset = 12
      receiverType = class java.lang.Class@4b6995df
      FORM = class java.lang.invoke.VarForm@4a07d1e1
      vform = class java.lang.invoke.VarForm@9ad5f38
      typesAndInvokers = null
      AIOOBE_SUPPLIER = class jdk.internal.util.Preconditions$1@516ec38e
      VFORM_OFFSET = 12
      $assertionsDisabled = true
    value = 0
  serialVersionUID = -296387658814354272
  $$$tc$$$ = class com.ibm.websphere.ras.TraceComponent@22013d31
    strings[0] = "TraceComponent[com.ibm.ws.threading.internal.NonCancelableResultFuture,class com.ibm.ws.threading.internal.NonCancelableResultFuture,[Threading],com.ibm.ws.threading.internal.resources.ThreadingMessages,null]"

