------Start of DE processing------ = [18/12/18 22:52:27:098 CET]
Exception = org.jboss.weld.exceptions.DefinitionException
Source = com.ibm.ws.container.service.state.internal.ApplicationStateManager
probeid = 31
Stack Dump = org.jboss.weld.exceptions.DefinitionException: WELD-000075: Normal scoped managed bean implementation class has a public field:  [EnhancedAnnotatedFieldImpl] public net.wasdev.reg.Attendees.attendees
	at org.jboss.weld.bean.ManagedBean.checkBeanImplementation(ManagedBean.java:231)
	at org.jboss.weld.bean.AbstractClassBean.internalInitialize(AbstractClassBean.java:74)
	at org.jboss.weld.bean.ManagedBean.internalInitialize(ManagedBean.java:105)
	at org.jboss.weld.bean.RIBean.initialize(RIBean.java:69)
	at org.jboss.weld.bootstrap.ConcurrentBeanDeployer$4.doWork(ConcurrentBeanDeployer.java:96)
	at org.jboss.weld.bootstrap.ConcurrentBeanDeployer$4.doWork(ConcurrentBeanDeployer.java:93)
	at org.jboss.weld.executor.IterativeWorkerTaskFactory$1.call(IterativeWorkerTaskFactory.java:62)
	at org.jboss.weld.executor.IterativeWorkerTaskFactory$1.call(IterativeWorkerTaskFactory.java:55)
	at com.ibm.ws.threading.internal.PolicyTaskFutureImpl.run(PolicyTaskFutureImpl.java:692)
	at com.ibm.ws.threading.internal.PolicyExecutorImpl.runTask(PolicyExecutorImpl.java:1128)
	at com.ibm.ws.threading.internal.PolicyExecutorImpl.invokeAll(PolicyExecutorImpl.java:677)
	at com.ibm.ws.concurrent.internal.ManagedExecutorServiceImpl.invokeAll(ManagedExecutorServiceImpl.java:377)
	at org.jboss.weld.executor.AbstractExecutorServices.invokeAllAndCheckForExceptions(AbstractExecutorServices.java:59)
	at org.jboss.weld.executor.AbstractExecutorServices.invokeAllAndCheckForExceptions(AbstractExecutorServices.java:67)
	at org.jboss.weld.bootstrap.ConcurrentBeanDeployer.initializeBeans(ConcurrentBeanDeployer.java:93)
	at org.jboss.weld.bootstrap.BeanDeployer.deploy(BeanDeployer.java:330)
	at org.jboss.weld.bootstrap.BeanDeployment.deployBeans(BeanDeployment.java:264)
	at org.jboss.weld.bootstrap.WeldStartup.deployBeans(WeldStartup.java:447)
	at org.jboss.weld.bootstrap.WeldBootstrap.deployBeans(WeldBootstrap.java:86)
	at com.ibm.ws.cdi.impl.CDIContainerImpl.startInitialization(CDIContainerImpl.java:151)
	at com.ibm.ws.cdi.liberty.CDIRuntimeImpl.applicationStarting(CDIRuntimeImpl.java:438)
	at com.ibm.ws.container.service.state.internal.ApplicationStateManager.fireStarting(ApplicationStateManager.java:28)
	at com.ibm.ws.container.service.state.internal.StateChangeServiceImpl.fireApplicationStarting(StateChangeServiceImpl.java:50)
	at com.ibm.ws.app.manager.module.internal.DeployedAppInfoBase.preDeployApp(DeployedAppInfoBase.java:383)
	at com.ibm.ws.app.manager.module.internal.DeployedAppInfoBase.deployApp(DeployedAppInfoBase.java:412)
	at com.ibm.ws.app.manager.war.internal.WARApplicationHandlerImpl.install(WARApplicationHandlerImpl.java:65)
	at com.ibm.ws.app.manager.internal.statemachine.StartAction.execute(StartAction.java:140)
	at com.ibm.ws.app.manager.internal.statemachine.ApplicationStateMachineImpl.enterState(ApplicationStateMachineImpl.java:1258)
	at com.ibm.ws.app.manager.internal.statemachine.ApplicationStateMachineImpl.run(ApplicationStateMachineImpl.java:873)
	at com.ibm.ws.threading.internal.ExecutorServiceImpl$RunnableWrapper.run(ExecutorServiceImpl.java:232)
	at java.base/java.util.concurrent.ThreadPoolExecutor.runWorker(ThreadPoolExecutor.java:1128)
	at java.base/java.util.concurrent.ThreadPoolExecutor$Worker.run(ThreadPoolExecutor.java:628)
	at java.base/java.lang.Thread.run(Thread.java:834)

Dump of callerThis
Object type = com.ibm.ws.container.service.state.internal.ApplicationStateManager
  serialVersionUID = -6685368059484454124
  $$$tc$$$ = class com.ibm.websphere.ras.TraceComponent@4aa3917e
    strings[0] = "TraceComponent[com.ibm.ws.container.service.state.internal.ApplicationStateManager,class com.ibm.ws.container.service.state.internal.ApplicationStateManager,[Runtime],,null]"
  listeners = class com.ibm.wsspi.kernel.service.utils.ConcurrentServiceReferenceSet@657c9b90
    referenceName = "applicationStateListeners"
    contextRef = class java.util.concurrent.atomic.AtomicReference@dbaaffe
      serialVersionUID = -1848883965231344442
      VALUE = class java.lang.invoke.VarHandleObjects$FieldInstanceReadWrite@6ad572e7
      value = class org.apache.felix.scr.impl.manager.ComponentContextImpl@49891a95
    elementMap = class java.util.LinkedHashMap@2bfd6fd6
      serialVersionUID = 3801124242820219131
      head = class java.util.LinkedHashMap$Entry@3c04a617
      tail = class java.util.LinkedHashMap$Entry@3dd84eb0
      accessOrder = false
      serialVersionUID = 362498820763181265
      DEFAULT_INITIAL_CAPACITY = 16
      MAXIMUM_CAPACITY = 1073741824
      DEFAULT_LOAD_FACTOR = 0.75
      TREEIFY_THRESHOLD = 8
      UNTREEIFY_THRESHOLD = 6
      MIN_TREEIFY_CAPACITY = 64
      table = class java.util.HashMap$Node[16]
      entrySet = null
      size = 10
      modCount = 14
      threshold = 12
      loadFactor = 0.75
      keySet = null
      values = null
    elementSet = class java.util.concurrent.ConcurrentSkipListSet@73aa0ab2
      serialVersionUID = -2479143111061671589
      m = class java.util.concurrent.ConcurrentSkipListMap@6657bd27
      MAX_ARRAY_SIZE = 2147483639
    elementSetUnsorted = false
    serialVersionUID = 756240983881166148
    $$$tc$$$ = class com.ibm.websphere.ras.TraceComponent@526ed74a
      strings[0] = "TraceComponent[com.ibm.wsspi.kernel.service.utils.ConcurrentServiceReferenceSet,class com.ibm.wsspi.kernel.service.utils.ConcurrentServiceReferenceSet,[kernelUtils],com.ibm.ws.kernel.service.utils.resources.ServiceMessages,null]"
  serialVersionUID = 2284273176985484160
  $$$tc$$$ = class com.ibm.websphere.ras.TraceComponent@169ead47
    strings[0] = "TraceComponent[com.ibm.ws.container.service.state.internal.StateChangeManager,class com.ibm.ws.container.service.state.internal.StateChangeManager,[Runtime],,null]"

Dump of objectArray[0]
Object type = com.ibm.ws.container.service.app.deploy.internal.ApplicationInfoImpl
  appName = "RegistrationAppWeb"
  appMetaData = class com.ibm.ws.container.service.app.deploy.internal.ApplicationMetaDataImpl@fa286d4
    j2eeName = class com.ibm.ws.container.service.metadata.internal.J2EENameImpl@f6b6553
      serialVersionUID = 7488184044073147667
      application = "RegistrationAppWeb"
      module = null
      component = null
      string = "RegistrationAppWeb"
      j2eeNameBytes = null
      $$$tc$$$ = class com.ibm.websphere.ras.TraceComponent@45298509
    serialVersionUID = -7906531148367236579
    $$$tc$$$ = class com.ibm.websphere.ras.TraceComponent@1fcfaa25
      strings[0] = "TraceComponent[com.ibm.ws.container.service.app.deploy.internal.ApplicationMetaDataImpl,class com.ibm.ws.container.service.app.deploy.internal.ApplicationMetaDataImpl,[container.service],com.ibm.ws.container.service.resources.Messages,null]"
    tc = class com.ibm.websphere.ras.TraceComponent@28b0ae05
      strings[0] = "TraceComponent[com.ibm.ws.runtime.metadata.MetaDataImpl,class com.ibm.ws.runtime.metadata.MetaDataImpl,[Runtime],null,null]"
    NUM_STATIC_SLOTS = 4
    ID_UNINITIALIZED = -1
    id = 0
    metaDataInterface = class java.lang.Class@88be401
      ANNOTATION = 8192
      ENUM = 16384
      SYNTHETIC = 4096
      cachedConstructor = null
      newInstanceCallerCache = null
      name = "com.ibm.ws.runtime.metadata.ApplicationMetaData"
      module = class java.lang.Module@30bfb20
      packageName = "com.ibm.ws.runtime.metadata"
      componentType = {} /* array length = 0 */
      allPermDomain = class java.security.ProtectionDomain@7ea27dc1
      reflectionData = null
      classRedefinedCount = 0
      genericInfo = null
      EMPTY_CLASS_ARRAY = class java.lang.Class[0]
      serialVersionUID = 3206093459760846163
      serialPersistentFields = class java.io.ObjectStreamField[0]
      reflectionFactory = class jdk.internal.reflect.ReflectionFactory@23ca58da
      enumConstants = null
      enumConstantDirectory = null
      annotationData = null
      annotationType = null
      classValueMap = null
    staticSlots = class java.lang.Object[4]
      Object[0] = class com.ibm.ws.injectionengine.osgi.internal.OSGiInjectionScopeData@5ce2d948
      Object[1] = null
      Object[2] = null
      Object[3] = null
    dynamicSlots = class java.lang.Object[4]
      Object[0] = null
      Object[1] = class com.ibm.ws.cdi.impl.weld.WebSphereCDIDeploymentImpl@45708187
      Object[2] = "RegistrationAppWeb"
      Object[3] = null
  appContainer = class com.ibm.ws.adaptable.module.internal.AdaptableContainerImpl@c598a8a
    root = class com.ibm.ws.adaptable.module.internal.AdaptableContainerImpl@c598a8a
    rootOverlay = class com.ibm.ws.artifact.overlay.internal.DirectoryBasedOverlayContainerImpl@4dd4aa02
      base = class com.ibm.ws.artifact.loose.internal.LooseArchive@af9ea8b
      maskSet = class java.util.HashSet@3ea4fb59
      cfHolder = class com.ibm.ws.artifact.overlay.internal.OverlayContainerFactoryImpl@348d0344
      fileOverlayContainer = class com.ibm.ws.artifact.file.internal.FileContainer@626f58ea
      overlayDirectory = class java.io.File@23528199
      cacheDirForOverlay = class java.io.File@66ba8aca
      overlayNotifier = class com.ibm.ws.artifact.overlay.internal.DirectoryBasedOverlayNotifier@7f5ddb77
      enclosingContainer = null
      entryInEnclosingContainer = null
      nestedOverlays = class java.util.concurrent.ConcurrentHashMap@676d747e
      cacheStore = class com.ibm.ws.artifact.overlay.internal.OverlayCache@50047f43
      parentOverlay = null
      isPassThroughMode = true
      serialVersionUID = -1690795617118238166
      $$$tc$$$ = class com.ibm.websphere.ras.TraceComponent@3cbfc589
    factoryHolder = class com.ibm.ws.adaptable.module.internal.AdaptableModuleFactoryImpl@5118b195
      adapterFactoryService = class com.ibm.ws.adaptable.module.internal.AdapterFactoryServiceImpl@62649e4
      containerFactory = class com.ibm.ws.artifact.internal.ArtifactContainerFactoryService@737c4770
      overlayContainerFactory = class com.ibm.ws.artifact.overlay.internal.OverlayContainerFactoryImpl@348d0344
      serialVersionUID = 4200251809856292987
      $$$tc$$$ = class com.ibm.websphere.ras.TraceComponent@7643c46e
    delegate = class com.ibm.ws.artifact.overlay.internal.DirectoryBasedOverlayContainerImpl@4dd4aa02
    notifier = class com.ibm.ws.adaptable.module.internal.NotifierImpl@7c7a6604
      root = class com.ibm.ws.adaptable.module.internal.AdaptableContainerImpl@c598a8a
      delegateNotifier = class com.ibm.ws.artifact.overlay.internal.DirectoryBasedOverlayNotifier@7f5ddb77
      delegateRoot = class com.ibm.ws.artifact.overlay.internal.DirectoryBasedOverlayContainerImpl@4dd4aa02
      listenerDelegates = class java.util.HashMap@3cf2e242
      serialVersionUID = 6839382523957017880
      $$$tc$$$ = class com.ibm.websphere.ras.TraceComponent@3132d93d
    serialVersionUID = -5621513278641113667
    $$$tc$$$ = class com.ibm.websphere.ras.TraceComponent@5b914ad3
      strings[0] = "TraceComponent[com.ibm.ws.adaptable.module.internal.AdaptableContainerImpl,class com.ibm.ws.adaptable.module.internal.AdaptableContainerImpl,[archive.adaptable],,null]"
  configHelper = class com.ibm.ws.app.manager.module.ApplicationNestedConfigHelper@67e45b1
    appInfo = class com.ibm.ws.app.manager.internal.ApplicationInstallInfo@16eaae78
    serialVersionUID = -3174031738676705046
    $$$tc$$$ = class com.ibm.websphere.ras.TraceComponent@2cf5df7f
      strings[0] = "TraceComponent[com.ibm.ws.app.manager.module.ApplicationNestedConfigHelper,class com.ibm.ws.app.manager.module.ApplicationNestedConfigHelper,[applications, app.manager],,null]"
  applicationInformation = class com.ibm.ws.app.manager.internal.ApplicationInstallInfo@16eaae78
    _config = class com.ibm.ws.app.manager.internal.ApplicationConfig@1341bd78
      tc = class com.ibm.websphere.ras.TraceComponent@345c700d
      _configPid = "com.ibm.ws.app.manager_65"
      _config = class com.ibm.ws.config.admin.ConfigurationDictionary@62da5353
      _applicationManager = class com.ibm.ws.app.manager.ApplicationManager@73cdaa1c
      _location = "RegistrationAppWeb.war"
      _type = "war"
      _name = "RegistrationAppWeb"
      _notificationBroadcasterSupport = class javax.management.NotificationBroadcasterSupport@7f8fee9f
      ONE_TIME_JANDEX_MSGS_DISPLAYED = true
    _handlerInfo = class java.util.concurrent.atomic.AtomicReference@8ce1de2
      serialVersionUID = -1848883965231344442
      VALUE = class java.lang.invoke.VarHandleObjects$FieldInstanceReadWrite@6ad572e7
      value = class com.ibm.ws.app.manager.war.internal.WARDeployedAppInfo@3fae0d17
    _container = class java.util.concurrent.atomic.AtomicReference@7ce99287
      serialVersionUID = -1848883965231344442
      VALUE = class java.lang.invoke.VarHandleObjects$FieldInstanceReadWrite@6ad572e7
      value = class com.ibm.ws.adaptable.module.internal.AdaptableContainerImpl@c598a8a
    _resolvedLocation = class java.util.concurrent.atomic.AtomicReference@3f337a0c
      serialVersionUID = -1848883965231344442
      VALUE = class java.lang.invoke.VarHandleObjects$FieldInstanceReadWrite@6ad572e7
      value = class com.ibm.ws.kernel.service.location.internal.LocalFileResource@2271328a
    _handler = class com.ibm.ws.app.manager.war.internal.WARApplicationHandlerImpl@2107baef
      futureMonitor = class com.ibm.ws.threading.internal.FutureMonitorImpl@495e78cf
      deployedAppFactory = class com.ibm.ws.app.manager.war.internal.WARDeployedAppInfoFactoryImpl@11c46bb7
      serialVersionUID = 4622845147410944782
      $$$tc$$$ = class com.ibm.websphere.ras.TraceComponent@5bfeb4b7
    _ami = class java.util.concurrent.atomic.AtomicReference@59de9220
      serialVersionUID = -1848883965231344442
      VALUE = class java.lang.invoke.VarHandleObjects$FieldInstanceReadWrite@6ad572e7
      value = class com.ibm.wsspi.application.handler.DefaultApplicationMonitoringInformation@c82684a
    _updateHandler = class com.ibm.ws.app.manager.internal.statemachine.ApplicationStateMachineImpl@69135e36
      _tc = class com.ibm.websphere.ras.TraceComponent@e4c5598
      EMPTY_FUTURE_ARRAY = interface java.util.concurrent.Future[0]
      asmSequenceNumber = class java.util.concurrent.atomic.AtomicLong@8776e7a
      _qscaCounter = class java.util.concurrent.atomic.AtomicInteger@557d5208
      _failedThrowable = null
      _interruptibleLock = class com.ibm.ws.app.manager.internal.statemachine.ApplicationStateMachineImpl$2@18ec8f56
      _interruptible = false
      _performingQueuedActions = true
      _queuedActions = class java.util.concurrent.ConcurrentLinkedQueue@528e3d9a
      _callbackState = class java.util.concurrent.atomic.AtomicReference@61b98d0f
      blockAppStartingFutures = class java.util.Collections$SetFromMap@5e6b7e22
      waitingForAppHandlerFuture = class java.util.concurrent.atomic.AtomicReference@2281dc86
      waitingForExplicitStartFuture = class java.util.concurrent.atomic.AtomicReference@1c057a1
      completionListener = class java.util.concurrent.atomic.AtomicReference@2cbc7363
      _notifyAppStopped = class java.util.concurrent.ConcurrentLinkedQueue@292392b8
      _notifyAppStarting = class java.util.concurrent.ConcurrentLinkedQueue@56a0ef6
      _notifyAppInstallCalled = class java.util.concurrent.ConcurrentLinkedQueue@6143ca5
      _notifyAppStarted = class java.util.concurrent.ConcurrentLinkedQueue@497c606f
      _notifyAppRemoved = class java.util.concurrent.ConcurrentLinkedQueue@7c7f9daa
      _stateLock = class com.ibm.ws.app.manager.internal.statemachine.ApplicationStateMachineImpl$3@29b7316d
      _internalState = class java.util.concurrent.atomic.AtomicReference@e61c1ea
      _currentAction = class java.util.concurrent.atomic.AtomicReference@2434b751
      _rfa = class java.util.concurrent.atomic.AtomicReference@2426fcb0
      _appInstallInfo = class java.util.concurrent.atomic.AtomicReference@340a9d00
      _update = class java.util.concurrent.atomic.AtomicBoolean@34e464fa
      _appConfig = class java.util.concurrent.atomic.AtomicReference@356bc308
      _nextAppConfig = class java.util.concurrent.atomic.AtomicReference@26bb6a69
      _appContainer = class java.util.concurrent.atomic.AtomicReference@46390123
      _resolvedLocation = class java.util.concurrent.atomic.AtomicReference@516d6eaa
      _handler = class java.util.concurrent.atomic.AtomicReference@3af5940c
      _asmSeqNo = 0
      _ctx = class org.eclipse.osgi.internal.framework.BundleContextImpl@5db2b2d0
      _locAdmin = class com.ibm.ws.kernel.service.location.internal.WsLocationAdminImpl@47604919
      _futureMonitor = class com.ibm.ws.threading.internal.FutureMonitorImpl@495e78cf
      _artifactFactory = class com.ibm.ws.artifact.internal.ArtifactContainerFactoryService@737c4770
      _moduleFactory = class com.ibm.ws.adaptable.module.internal.AdaptableModuleFactoryImpl@5118b195
      _executorService = class com.ibm.ws.threading.internal.ExecutorServiceImpl@653ff8e7
      _scheduledExecutorService = class com.ibm.ws.threading.internal.ScheduledExecutorImpl@20d24dd8
      _asmHelper = class com.ibm.ws.app.manager.internal.ApplicationConfigurator$NamedApplication@9532384
      _appMonitor = class com.ibm.ws.app.manager.internal.monitor.ApplicationMonitor@1a70d10d
      enterStateCalled = class java.util.concurrent.atomic.AtomicBoolean@b2652f4
      serialVersionUID = -1399093980790866556
      serialVersionUID = 5501066335104962649
      $$$tc$$$ = class com.ibm.websphere.ras.TraceComponent@6e765f0f
    serialVersionUID = 2630639237123415755
    $$$tc$$$ = class com.ibm.websphere.ras.TraceComponent@49c8b5a
      strings[0] = "TraceComponent[com.ibm.ws.app.manager.internal.ApplicationInstallInfo,class com.ibm.ws.app.manager.internal.ApplicationInstallInfo,[applications, app.manager],com.ibm.ws.app.manager.internal.resources.AppManagerMessages,null]"
  serialVersionUID = -505303337196743781
  $$$tc$$$ = class com.ibm.websphere.ras.TraceComponent@7c3f4eb8
    strings[0] = "TraceComponent[com.ibm.ws.container.service.app.deploy.internal.ApplicationInfoImpl,class com.ibm.ws.container.service.app.deploy.internal.ApplicationInfoImpl,[container.service],com.ibm.ws.container.service.resources.Messages,null]"

