********************************************************************************
product = WebSphere Application Server 18.0.0.4 (wlp-1.0.23.cl180420181121-0300)
wlp.install.dir = /Users/kurtrogiers/lab/wlp/
java.home = /Library/Java/JavaVirtualMachines/jdk-11.0.1.jdk/Contents/Home
java.version = 11.0.1
java.runtime = Java(TM) SE Runtime Environment (11.0.1+13-LTS)
os = Mac OS X (10.14.2; x86_64) (nl_BE)
process = 89372@MacBook-Pro-van-Kurt.local
********************************************************************************
[2/01/19 14:48:52:128 CET] 00000001 com.ibm.ws.kernel.launch.internal.FrameworkManager           A CWWKE0001I: The server defaultServer has been launched.
[2/01/19 14:48:52:144 CET] 00000001 com.ibm.ws.kernel.launch.internal.FrameworkManager           A CWWKE0100I: This product is licensed for development, and limited production use. The full license terms can be viewed here: https://public.dhe.ibm.com/ibmdl/export/pub/software/websphere/wasdev/license/base_ilan/ilan/18.0.0.4/lafiles/en.html
[2/01/19 14:48:52:896 CET] 00000001 com.ibm.ws.kernel.launch.internal.FrameworkManager           I CWWKE0002I: The kernel started after 1,182 seconds
[2/01/19 14:48:52:918 CET] 0000001c com.ibm.ws.kernel.feature.internal.FeatureManager            I CWWKF0007I: Feature update started.
[2/01/19 14:48:53:393 CET] 00000015 com.ibm.ws.security.ready.internal.SecurityReadyServiceImpl  I CWWKS0007I: The security service is starting...
[2/01/19 14:48:53:653 CET] 00000015 com.ibm.ws.app.manager.internal.monitor.DropinMonitor        A CWWKZ0058I: Monitoring dropins for applications.
[2/01/19 14:48:53:796 CET] 00000017 com.ibm.ws.ssl.config.WSKeyStore                             A CWPKI0820A: The default keystore has been created using the 'keystore_password' environment variable.
[2/01/19 14:48:53:826 CET] 00000021 com.ibm.ws.security.token.ltpa.internal.LTPAKeyCreateTask    I CWWKS4105I: LTPA configuration is ready after 0,019 seconds.
[2/01/19 14:48:53:830 CET] 00000015 com.ibm.ws.security.ready.internal.SecurityReadyServiceImpl  I CWWKS0008I: The security service is ready.
[2/01/19 14:48:53:837 CET] 00000015 ibm.ws.security.authentication.internal.jaas.JAASServiceImpl I CWWKS1123I: The collective authentication plugin with class name NullCollectiveAuthenticationPlugin has been activated. 
[2/01/19 14:48:54:037 CET] 00000024 com.ibm.ws.tcpchannel.internal.TCPChannel                    I CWWKO0219I: TCP Channel defaultHttpEndpoint has been started and is now listening for requests on host localhost  (IPv4: 127.0.0.1) port 9080.
[2/01/19 14:48:54:046 CET] 00000024 com.ibm.ws.tcpchannel.internal.TCPChannel                    I CWWKO0219I: TCP Channel defaultHttpEndpoint-ssl has been started and is now listening for requests on host localhost  (IPv4: 127.0.0.1) port 9443.
[2/01/19 14:48:54:128 CET] 00000015 com.ibm.ws.security.jaspi.AuthConfigFactoryWrapper           I CWWKS1655I: The default Java Authentication SPI for Containers (JASPIC) AuthConfigFactory class com.ibm.ws.security.jaspi.ProviderRegistry is being used because the Java security property authconfigprovider.factory is not set. 
[2/01/19 14:48:54:616 CET] 00000015 com.ibm.ws.tcpchannel.internal.TCPChannel                    I CWWKO0219I: TCP Channel wasJmsEndpoint470 has been started and is now listening for requests on host localhost  (IPv4: 127.0.0.1) port 7276.
[2/01/19 14:48:54:619 CET] 00000015 com.ibm.ws.tcpchannel.internal.TCPChannel                    I CWWKO0219I: TCP Channel wasJmsEndpoint470-ssl has been started and is now listening for requests on host localhost  (IPv4: 127.0.0.1) port 7286.
[2/01/19 14:48:55:149 CET] 00000015 com.ibm.ws.sib.utils.ras.SibMessage                          I  CWSID0108I: JMS server has started.  
[2/01/19 14:48:55:308 CET] 00000015 org.apache.cxf.bus.osgi.CXFActivator                         I Adding the extensions from bundle com.ibm.ws.org.apache.cxf.cxf.core.3.2 (203) [org.apache.cxf.phase.PhaseManager, org.apache.cxf.workqueue.WorkQueueManager, org.apache.cxf.buslifecycle.BusLifeCycleManager, org.apache.cxf.endpoint.ServerRegistry, org.apache.cxf.endpoint.EndpointResolverRegistry, org.apache.cxf.headers.HeaderManager, org.apache.cxf.service.factory.FactoryBeanListenerManager, org.apache.cxf.endpoint.ServerLifeCycleManager, org.apache.cxf.endpoint.ClientLifeCycleManager, org.apache.cxf.resource.ResourceManager, org.apache.cxf.catalog.OASISCatalogManager, org.apache.cxf.transport.http.HTTPTransportFactory, org.apache.cxf.transport.http.HTTPWSDLExtensionLoader, org.apache.cxf.transport.http.policy.HTTPClientAssertionBuilder, org.apache.cxf.transport.http.policy.HTTPServerAssertionBuilder, org.apache.cxf.transport.http.policy.NoOpPolicyInterceptorProvider, org.apache.cxf.transport.http.HTTPConduitFactory, org.apache.cxf.transport.ConduitInitiator]
[2/01/19 14:48:55:311 CET] 00000015 org.apache.cxf.bus.osgi.CXFActivator                         I Adding the extensions from bundle com.ibm.ws.org.apache.cxf-rt-ws-addr.2.6.2 (260) [org.apache.cxf.ws.addressing.policy.AddressingAssertionBuilder, org.apache.cxf.ws.addressing.policy.UsingAddressingAssertionBuilder, org.apache.cxf.ws.addressing.policy.AddressingPolicyInterceptorProvider, org.apache.cxf.ws.addressing.impl.AddressingWSDLExtensionLoader, org.apache.cxf.ws.addressing.WSAddressingFeature$WSAddressingFeatureApplier, org.apache.cxf.ws.addressing.MAPAggregator$MAPAggregatorLoader]
[2/01/19 14:48:55:312 CET] 00000015 org.apache.cxf.bus.osgi.CXFActivator                         I Adding the extensions from bundle com.ibm.ws.org.apache.cxf-rt-frontend-jaxws.2.6.2 (263) [org.apache.cxf.jaxws.context.WebServiceContextResourceResolver]
[2/01/19 14:48:55:312 CET] 00000015 org.apache.cxf.bus.osgi.CXFActivator                         I Adding the extensions from bundle com.ibm.ws.org.apache.cxf-rt-management.2.6.2 (270) [org.apache.cxf.management.InstrumentationManager]
[2/01/19 14:48:55:312 CET] 00000015 org.apache.cxf.bus.osgi.CXFActivator                         I Adding the extensions from bundle com.ibm.ws.org.apache.cxf-rt-bindings-xml.2.6.2 (272) [org.apache.cxf.binding.xml.XMLBindingFactory, org.apache.cxf.binding.xml.wsdl11.XMLWSDLExtensionLoader]
[2/01/19 14:48:55:312 CET] 00000015 org.apache.cxf.bus.osgi.CXFActivator                         I Adding the extensions from bundle com.ibm.ws.org.apache.cxf-rt-transports-http.2.6.2 (273) [org.apache.cxf.transport.http.HTTPTransportFactory, org.apache.cxf.transport.http.HTTPWSDLExtensionLoader, org.apache.cxf.transport.http.policy.HTTPClientAssertionBuilder, org.apache.cxf.transport.http.policy.HTTPServerAssertionBuilder, org.apache.cxf.transport.http.policy.NoOpPolicyInterceptorProvider]
[2/01/19 14:48:55:312 CET] 00000015 org.apache.cxf.bus.osgi.CXFActivator                         I Adding the extensions from bundle com.ibm.ws.org.apache.cxf-rt-bindings-soap.2.6.2 (275) [org.apache.cxf.binding.soap.SoapBindingFactory, org.apache.cxf.binding.soap.SoapTransportFactory]
[2/01/19 14:48:55:312 CET] 00000015 org.apache.cxf.bus.osgi.CXFActivator                         I Adding the extensions from bundle com.ibm.ws.org.apache.cxf-rt-ws-policy.2.6.2 (278) [org.apache.cxf.ws.policy.PolicyEngine, org.apache.cxf.policy.PolicyDataEngine, org.apache.cxf.ws.policy.AssertionBuilderRegistry, org.apache.cxf.ws.policy.PolicyInterceptorProviderRegistry, org.apache.cxf.ws.policy.PolicyBuilder, org.apache.cxf.ws.policy.PolicyAnnotationListener, org.apache.cxf.ws.policy.attachment.ServiceModelPolicyProvider, org.apache.cxf.ws.policy.attachment.external.DomainExpressionBuilderRegistry, org.apache.cxf.ws.policy.attachment.external.EndpointReferenceDomainExpressionBuilder, org.apache.cxf.ws.policy.attachment.wsdl11.Wsdl11AttachmentPolicyProvider, org.apache.cxf.ws.policy.mtom.MTOMAssertionBuilder, org.apache.cxf.ws.policy.mtom.MTOMPolicyInterceptorProvider]
[2/01/19 14:48:55:830 CET] 00000015 com.ibm.ws.cache.ServerCache                                 I DYNA1001I: WebSphere Dynamic Cache instance named baseCache initialized successfully.
[2/01/19 14:48:55:832 CET] 00000015 com.ibm.ws.cache.ServerCache                                 I DYNA1071I: The cache provider default is being used.
[2/01/19 14:48:55:833 CET] 00000015 com.ibm.ws.cache.CacheServiceImpl                            I DYNA1056I: Dynamic Cache (object cache) initialized successfully.
[2/01/19 14:48:56:326 CET] 00000015 com.ibm.ws.transport.iiop.internal.ORBWrapperInternal        A CWWKI0001I: The CORBA name server is now available at corbaloc:iiop:localhost:2809/NameService.
[2/01/19 14:48:56:371 CET] 00000015 gService-66-com.ibm.ws.org.apache.geronimo.osgi.registry.1.1 I SPI-Provider Manifest header found in bundle: com.ibm.ws.xlxp.1.5.3 Bundle:com.ibm.ws.org.apache.geronimo.osgi.registry.1.1(id=66)   
[2/01/19 14:48:56:449 CET] 0000004b com.ibm.ws.app.manager.AppMessageHelper                      I CWWKZ0018I: Starting application SolTest.
[2/01/19 14:48:57:024 CET] 0000004b com.ibm.ws.recoverylog.spi.RecoveryDirectorImpl              I CWRLS0010I: Performing recovery processing for local WebSphere server (defaultServer).
[2/01/19 14:48:57:054 CET] 0000004b com.ibm.ws.recoverylog.spi.RecoveryDirectorImpl              I CWRLS0012I: All persistent services have been directed to perform recovery processing for this WebSphere server (defaultServer).
[2/01/19 14:48:57:055 CET] 00000055 com.ibm.tx.jta.impl.RecoveryManager                          I WTRN0135I: Transaction service recovering no transactions.
[2/01/19 14:48:57:354 CET] 0000004b org.jboss.weld.Version                                       I WELD-000900: 3.0.5 (Final)
[2/01/19 14:48:57:710 CET] 0000004b org.jboss.weld.Event                                         I WELD-000411: Observer method [BackedAnnotatedMethod] org.apache.myfaces.cdi.JsfArtifactProducerExtension.processAnnotatedType(@Observes ProcessAnnotatedType<T>, BeanManager) receives events for all annotated types. Consider restricting events using @WithAnnotations or a generic type with bounds.
[2/01/19 14:48:57:721 CET] 0000004b org.jboss.weld.Event                                         I WELD-000411: Observer method [BackedAnnotatedMethod] org.apache.myfaces.config.annotation.CdiAnnotationProviderExtension.processAnnotatedType(@Observes ProcessAnnotatedType<T>) receives events for all annotated types. Consider restricting events using @WithAnnotations or a generic type with bounds.
[2/01/19 14:48:57:783 CET] 0000004b org.hibernate.validator.internal.util.Version                I HV000001: Hibernate Validator 6.0.13.Final
[2/01/19 14:48:58:302 CET] 0000004b com.ibm.ws.session.WASSessionCore                            I SESN8501I: The session manager did not find a persistent storage location; HttpSession objects will be stored in the local application server's memory.
[2/01/19 14:48:58:310 CET] 0000004b com.ibm.ws.webcontainer.osgi.webapp.WebGroup                 I SRVE0169I: Loading Web Module: SolTest.
[2/01/19 14:48:58:312 CET] 0000004b com.ibm.ws.webcontainer                                      I SRVE0250I: Web Module SolTest has been bound to default_host.
[2/01/19 14:48:58:313 CET] 0000004b com.ibm.ws.http.internal.VirtualHostImpl                     A CWWKT0016I: Web application available (default_host): http://localhost:9080/SolTest/
[2/01/19 14:48:58:319 CET] 0000004b com.ibm.ws.app.manager.AppMessageHelper                      A CWWKZ0001I: Application SolTest started in 1,870 seconds.
[2/01/19 14:48:58:334 CET] 00000044 com.ibm.ws.session.WASSessionCore                            I SESN0176I: A new session context will be created for application key default_host/SolTest
[2/01/19 14:48:58:353 CET] 00000044 com.ibm.ws.util                                              I SESN0172I: The session manager is using the Java default SecureRandom implementation for session ID generation.
[2/01/19 14:48:58:365 CET] 0000001c com.ibm.ws.kernel.feature.internal.FeatureManager            A CWWKF0012I: The server installed the following features: [beanValidation-2.0, servlet-4.0, ssl-1.0, jndi-1.0, jca-1.7, cdi-2.0, jdbc-4.2, jms-2.0, ejbPersistentTimer-3.2, appSecurity-3.0, appSecurity-2.0, j2eeManagement-1.1, wasJmsServer-1.0, javaMail-1.6, jaxrs-2.1, webProfile-8.0, jpa-2.2, jcaInboundSecurity-1.0, jsp-2.3, jsonb-1.0, ejbLite-3.2, managedBeans-1.0, jsf-2.3, ejbHome-3.2, jaxws-2.2, localConnector-1.0, jsonp-1.1, jaxrsClient-2.1, el-3.0, concurrent-1.0, appClientSupport-1.0, ejbRemote-3.2, jaxb-2.2, mdb-3.2, jacc-1.5, javaee-8.0, batch-1.0, ejb-3.2, jpaContainer-2.2, jaspic-1.1, distributedMap-1.0, websocket-1.1, wasJmsSecurity-1.0, wasJmsClient-2.0].
[2/01/19 14:48:58:366 CET] 0000001c com.ibm.ws.kernel.feature.internal.FeatureManager            I CWWKF0008I: Feature update completed in 5,469 seconds.
[2/01/19 14:48:58:366 CET] 0000001c com.ibm.ws.kernel.feature.internal.FeatureManager            A CWWKF0011I: The server defaultServer is ready to run a smarter planet.
[2/01/19 14:48:58:437 CET] 00000044 com.ibm.ws.cache.CacheServiceImpl                            I DYNA1056I: Dynamic Cache (object cache) initialized successfully.
[2/01/19 14:48:58:447 CET] 00000044 org.apache.myfaces.ee.MyFacesContainerInitializer            I Using org.apache.myfaces.ee.MyFacesContainerInitializer
[2/01/19 14:48:58:588 CET] 00000046 com.ibm.ws.webcontainer.osgi.mbeans.PluginGenerator          I SRVE9103I: A configuration file for a web server plugin was automatically generated for this server at /Users/kurtrogiers/lab/wlp/usr/servers/defaultServer/logs/state/plugin-cfg.xml.
[2/01/19 14:49:06:275 CET] 00000043 .apache.cxf.cxf.core.3.2:1.0.23.cl180420181121-0300(id=203)] I Setting the server's publish address to be /api/
[2/01/19 14:49:06:345 CET] 00000043 com.ibm.ws.webcontainer.servlet                              I SRVE0242I: [SolTest] [/SolTest] [colruyt.registration.RegistrationApp]: Initialization successful.
[2/01/19 14:49:06:457 CET] 00000043 eclipselink                                                  I CWWJP9990I: EclipseLink, version: Eclipse Persistence Services - 2.7.3.v20180807-4be1041
[2/01/19 14:49:06:942 CET] 00000043 com.ibm.ws.rsadapter.impl.DatabaseHelper                     I DSRA8203I: Database product name : Apache Derby
[2/01/19 14:49:06:944 CET] 00000043 com.ibm.ws.rsadapter.impl.DatabaseHelper                     I DSRA8204I: Database product version : 10.8.3.1 - (1465858)
[2/01/19 14:49:06:944 CET] 00000043 com.ibm.ws.rsadapter.impl.DatabaseHelper                     I DSRA8205I: JDBC driver name  : Apache Derby Embedded JDBC Driver
[2/01/19 14:49:06:944 CET] 00000043 com.ibm.ws.rsadapter.impl.DatabaseHelper                     I DSRA8206I: JDBC driver version  : 10.8.3.1 - (1465858)
[2/01/19 14:49:07:012 CET] 00000043 eclipselink.connection                                       I CWWJP9990I: SolTest/file:/Users/kurtrogiers/Dev/SolTest/WebContent/WEB-INF/classes/_SolTest login successful
[2/01/19 14:54:10:126 CET] 0000006a com.ibm.ws.runtime.update.internal.RuntimeUpdateManagerImpl  A CWWKE1100I: Waiting for up to 30 seconds for the server to quiesce.
[2/01/19 14:54:10:133 CET] 00000042 com.ibm.ws.tcpchannel.internal.TCPChannel                    I CWWKO0220I: TCP Channel defaultHttpEndpoint has stopped listening for requests on host localhost  (IPv4: 127.0.0.1) port 9080.
[2/01/19 14:54:10:136 CET] 00000052 com.ibm.ws.tcpchannel.internal.TCPChannel                    I CWWKO0220I: TCP Channel defaultHttpEndpoint-ssl has stopped listening for requests on host localhost  (IPv4: 127.0.0.1) port 9443.
[2/01/19 14:54:10:136 CET] 00000052 com.ibm.ws.http.internal.VirtualHostImpl                     A CWWKT0017I: Web application removed (default_host): https://localhost:9443/SolTest/
[2/01/19 14:54:10:138 CET] 00000052 com.ibm.ws.tcpchannel.internal.TCPChannel                    I CWWKO0220I: TCP Channel wasJmsEndpoint470 has stopped listening for requests on host localhost  (IPv4: 127.0.0.1) port 7276.
[2/01/19 14:54:10:139 CET] 00000052 com.ibm.ws.tcpchannel.internal.TCPChannel                    I CWWKO0220I: TCP Channel wasJmsEndpoint470-ssl has stopped listening for requests on host localhost  (IPv4: 127.0.0.1) port 7286.
[2/01/19 14:54:10:158 CET] 0000006a .jbatch.container.services.impl.MemoryPersistenceManagerImpl I CWWKY0005I: The batch In-Memory persistence service is activated.
[2/01/19 14:54:10:158 CET] 0000006a com.ibm.jbatch.container.impl.BatchKernelImpl                I CWWKY0008I: The batch feature is using persistence type In-Memory.
[2/01/19 14:54:11:145 CET] 0000006a com.ibm.ws.runtime.update.internal.RuntimeUpdateManagerImpl  I CWWKE1101I: Server quiesce complete.
[2/01/19 14:54:11:181 CET] 00000054 com.ibm.ws.webcontainer.servlet                              I SRVE0253I: [SolTest] [/SolTest] [colruyt.registration.RegistrationApp]: Destroy successful.
[2/01/19 14:54:11:190 CET] 00000054 eclipselink.connection                                       I CWWJP9990I: SolTest/file:/Users/kurtrogiers/Dev/SolTest/WebContent/WEB-INF/classes/_SolTest logout successful
[2/01/19 14:54:11:198 CET] 00000054 com.ibm.ws.app.manager.AppMessageHelper                      A CWWKZ0009I: The application SolTest has stopped successfully.
[2/01/19 14:54:11:260 CET] 0000006c org.apache.yoko.orb.OCI.Transport                            I shutdown: iiop transport using socket Socket[addr=/127.0.0.1,port=63614,localport=2809]
[2/01/19 14:54:11:266 CET] 0000006b org.apache.yoko.orb.OCI.Transport                            I shutdown: iiop transport using socket Socket[addr=/127.0.0.1,port=63615,localport=9402]
[2/01/19 14:54:11:269 CET] 0000006a com.ibm.ws.transport.iiop.internal.ORBWrapperInternal        A CWWKI0002I: The CORBA name server is no longer available at corbaloc:iiop:localhost:2809/NameService.
[2/01/19 14:54:11:304 CET] 0000006a .jbatch.container.services.impl.MemoryPersistenceManagerImpl I CWWKY0005I: The batch In-Memory persistence service is deactivated.
[2/01/19 14:54:11:345 CET] 0000006a com.ibm.tx.jta.impl.FailureScopeController                   A WTRN0105I: The transaction service has shutdown successfully with no transactions requiring recovery.
[2/01/19 14:54:11:466 CET] 0000006a com.ibm.ws.sib.utils.ras.SibMessage                          I  CWSIS1589I: The file store has stopped successfully.
[2/01/19 14:54:11:600 CET] 0000006a com.ibm.ws.sib.utils.ras.SibMessage                          I  CWSID0121I: JMS server stopped.  
[2/01/19 14:54:11:686 CET] 0000006a org.apache.cxf.bus.osgi.CXFActivator                         I Removing the extensions for bundle 260
[2/01/19 14:54:11:686 CET] 0000006a org.apache.cxf.bus.osgi.CXFActivator                         I Removing the extensions for bundle 263
[2/01/19 14:54:11:686 CET] 0000006a org.apache.cxf.bus.osgi.CXFActivator                         I Removing the extensions for bundle 203
[2/01/19 14:54:11:686 CET] 0000006a org.apache.cxf.bus.osgi.CXFActivator                         I Removing the extensions for bundle 270
[2/01/19 14:54:11:686 CET] 0000006a org.apache.cxf.bus.osgi.CXFActivator                         I Removing the extensions for bundle 272
[2/01/19 14:54:11:686 CET] 0000006a org.apache.cxf.bus.osgi.CXFActivator                         I Removing the extensions for bundle 273
[2/01/19 14:54:11:686 CET] 0000006a org.apache.cxf.bus.osgi.CXFActivator                         I Removing the extensions for bundle 275
[2/01/19 14:54:11:686 CET] 0000006a org.apache.cxf.bus.osgi.CXFActivator                         I Removing the extensions for bundle 278
[2/01/19 14:54:11:691 CET] 0000006a com.ibm.ws.security.ready.internal.SecurityReadyServiceImpl  I CWWKS0009I: The security service has stopped.
[2/01/19 14:54:11:698 CET] 0000006a ibm.ws.security.authentication.internal.jaas.JAASServiceImpl I CWWKS1124I: The collective authentication plugin with class name NullCollectiveAuthenticationPlugin has been deactivated. 
[2/01/19 14:54:11:874 CET] 00000001 com.ibm.ws.kernel.launch.internal.FrameworkManager           A CWWKE0036I: The server defaultServer stopped after 5 minutes, 20,161 seconds.
