********************************************************************************
product = WebSphere Application Server 18.0.0.4 (wlp-1.0.23.cl180420181121-0300)
wlp.install.dir = /Users/kurtrogiers/lab/wlp/
java.home = /Library/Java/JavaVirtualMachines/jdk-11.0.1.jdk/Contents/Home
java.version = 11.0.1
java.runtime = Java(TM) SE Runtime Environment (11.0.1+13-LTS)
os = Mac OS X (10.14.2; x86_64) (nl_BE)
process = 91104@MacBook-Pro-van-Kurt.local
********************************************************************************
[2/01/19 14:54:16:246 CET] 00000001 com.ibm.ws.kernel.launch.internal.FrameworkManager           A CWWKE0001I: The server defaultServer has been launched.
[2/01/19 14:54:16:260 CET] 00000001 com.ibm.ws.kernel.launch.internal.FrameworkManager           A CWWKE0100I: This product is licensed for development, and limited production use. The full license terms can be viewed here: https://public.dhe.ibm.com/ibmdl/export/pub/software/websphere/wasdev/license/base_ilan/ilan/18.0.0.4/lafiles/en.html
[2/01/19 14:54:17:059 CET] 00000001 com.ibm.ws.kernel.launch.internal.FrameworkManager           I CWWKE0002I: The kernel started after 1,161 seconds
[2/01/19 14:54:17:084 CET] 0000001c com.ibm.ws.kernel.feature.internal.FeatureManager            I CWWKF0007I: Feature update started.
[2/01/19 14:54:17:597 CET] 00000015 com.ibm.ws.security.ready.internal.SecurityReadyServiceImpl  I CWWKS0007I: The security service is starting...
[2/01/19 14:54:17:873 CET] 00000015 com.ibm.ws.app.manager.internal.monitor.DropinMonitor        A CWWKZ0058I: Monitoring dropins for applications.
[2/01/19 14:54:18:025 CET] 00000017 com.ibm.ws.ssl.config.WSKeyStore                             A CWPKI0820A: The default keystore has been created using the 'keystore_password' environment variable.
[2/01/19 14:54:18:058 CET] 00000022 com.ibm.ws.security.token.ltpa.internal.LTPAKeyCreateTask    I CWWKS4105I: LTPA configuration is ready after 0,020 seconds.
[2/01/19 14:54:18:063 CET] 00000015 com.ibm.ws.security.ready.internal.SecurityReadyServiceImpl  I CWWKS0008I: The security service is ready.
[2/01/19 14:54:18:071 CET] 00000015 ibm.ws.security.authentication.internal.jaas.JAASServiceImpl I CWWKS1123I: The collective authentication plugin with class name NullCollectiveAuthenticationPlugin has been activated. 
[2/01/19 14:54:18:295 CET] 00000024 com.ibm.ws.tcpchannel.internal.TCPChannel                    I CWWKO0219I: TCP Channel defaultHttpEndpoint has been started and is now listening for requests on host localhost  (IPv4: 127.0.0.1) port 9080.
[2/01/19 14:54:18:305 CET] 00000024 com.ibm.ws.tcpchannel.internal.TCPChannel                    I CWWKO0219I: TCP Channel defaultHttpEndpoint-ssl has been started and is now listening for requests on host localhost  (IPv4: 127.0.0.1) port 9443.
[2/01/19 14:54:18:389 CET] 00000015 com.ibm.ws.security.jaspi.AuthConfigFactoryWrapper           I CWWKS1655I: The default Java Authentication SPI for Containers (JASPIC) AuthConfigFactory class com.ibm.ws.security.jaspi.ProviderRegistry is being used because the Java security property authconfigprovider.factory is not set. 
[2/01/19 14:54:18:903 CET] 00000015 com.ibm.ws.tcpchannel.internal.TCPChannel                    I CWWKO0219I: TCP Channel wasJmsEndpoint470 has been started and is now listening for requests on host localhost  (IPv4: 127.0.0.1) port 7276.
[2/01/19 14:54:18:905 CET] 00000015 com.ibm.ws.tcpchannel.internal.TCPChannel                    I CWWKO0219I: TCP Channel wasJmsEndpoint470-ssl has been started and is now listening for requests on host localhost  (IPv4: 127.0.0.1) port 7286.
[2/01/19 14:54:19:463 CET] 00000015 com.ibm.ws.sib.utils.ras.SibMessage                          I  CWSID0108I: JMS server has started.  
[2/01/19 14:54:19:621 CET] 00000015 org.apache.cxf.bus.osgi.CXFActivator                         I Adding the extensions from bundle com.ibm.ws.org.apache.cxf.cxf.core.3.2 (203) [org.apache.cxf.phase.PhaseManager, org.apache.cxf.workqueue.WorkQueueManager, org.apache.cxf.buslifecycle.BusLifeCycleManager, org.apache.cxf.endpoint.ServerRegistry, org.apache.cxf.endpoint.EndpointResolverRegistry, org.apache.cxf.headers.HeaderManager, org.apache.cxf.service.factory.FactoryBeanListenerManager, org.apache.cxf.endpoint.ServerLifeCycleManager, org.apache.cxf.endpoint.ClientLifeCycleManager, org.apache.cxf.resource.ResourceManager, org.apache.cxf.catalog.OASISCatalogManager, org.apache.cxf.transport.http.HTTPTransportFactory, org.apache.cxf.transport.http.HTTPWSDLExtensionLoader, org.apache.cxf.transport.http.policy.HTTPClientAssertionBuilder, org.apache.cxf.transport.http.policy.HTTPServerAssertionBuilder, org.apache.cxf.transport.http.policy.NoOpPolicyInterceptorProvider, org.apache.cxf.transport.http.HTTPConduitFactory, org.apache.cxf.transport.ConduitInitiator]
[2/01/19 14:54:19:624 CET] 00000015 org.apache.cxf.bus.osgi.CXFActivator                         I Adding the extensions from bundle com.ibm.ws.org.apache.cxf-rt-ws-addr.2.6.2 (260) [org.apache.cxf.ws.addressing.policy.AddressingAssertionBuilder, org.apache.cxf.ws.addressing.policy.UsingAddressingAssertionBuilder, org.apache.cxf.ws.addressing.policy.AddressingPolicyInterceptorProvider, org.apache.cxf.ws.addressing.impl.AddressingWSDLExtensionLoader, org.apache.cxf.ws.addressing.WSAddressingFeature$WSAddressingFeatureApplier, org.apache.cxf.ws.addressing.MAPAggregator$MAPAggregatorLoader]
[2/01/19 14:54:19:625 CET] 00000015 org.apache.cxf.bus.osgi.CXFActivator                         I Adding the extensions from bundle com.ibm.ws.org.apache.cxf-rt-frontend-jaxws.2.6.2 (263) [org.apache.cxf.jaxws.context.WebServiceContextResourceResolver]
[2/01/19 14:54:19:625 CET] 00000015 org.apache.cxf.bus.osgi.CXFActivator                         I Adding the extensions from bundle com.ibm.ws.org.apache.cxf-rt-management.2.6.2 (270) [org.apache.cxf.management.InstrumentationManager]
[2/01/19 14:54:19:625 CET] 00000015 org.apache.cxf.bus.osgi.CXFActivator                         I Adding the extensions from bundle com.ibm.ws.org.apache.cxf-rt-bindings-xml.2.6.2 (272) [org.apache.cxf.binding.xml.XMLBindingFactory, org.apache.cxf.binding.xml.wsdl11.XMLWSDLExtensionLoader]
[2/01/19 14:54:19:625 CET] 00000015 org.apache.cxf.bus.osgi.CXFActivator                         I Adding the extensions from bundle com.ibm.ws.org.apache.cxf-rt-transports-http.2.6.2 (273) [org.apache.cxf.transport.http.HTTPTransportFactory, org.apache.cxf.transport.http.HTTPWSDLExtensionLoader, org.apache.cxf.transport.http.policy.HTTPClientAssertionBuilder, org.apache.cxf.transport.http.policy.HTTPServerAssertionBuilder, org.apache.cxf.transport.http.policy.NoOpPolicyInterceptorProvider]
[2/01/19 14:54:19:625 CET] 00000015 org.apache.cxf.bus.osgi.CXFActivator                         I Adding the extensions from bundle com.ibm.ws.org.apache.cxf-rt-bindings-soap.2.6.2 (275) [org.apache.cxf.binding.soap.SoapBindingFactory, org.apache.cxf.binding.soap.SoapTransportFactory]
[2/01/19 14:54:19:626 CET] 00000015 org.apache.cxf.bus.osgi.CXFActivator                         I Adding the extensions from bundle com.ibm.ws.org.apache.cxf-rt-ws-policy.2.6.2 (278) [org.apache.cxf.ws.policy.PolicyEngine, org.apache.cxf.policy.PolicyDataEngine, org.apache.cxf.ws.policy.AssertionBuilderRegistry, org.apache.cxf.ws.policy.PolicyInterceptorProviderRegistry, org.apache.cxf.ws.policy.PolicyBuilder, org.apache.cxf.ws.policy.PolicyAnnotationListener, org.apache.cxf.ws.policy.attachment.ServiceModelPolicyProvider, org.apache.cxf.ws.policy.attachment.external.DomainExpressionBuilderRegistry, org.apache.cxf.ws.policy.attachment.external.EndpointReferenceDomainExpressionBuilder, org.apache.cxf.ws.policy.attachment.wsdl11.Wsdl11AttachmentPolicyProvider, org.apache.cxf.ws.policy.mtom.MTOMAssertionBuilder, org.apache.cxf.ws.policy.mtom.MTOMPolicyInterceptorProvider]
[2/01/19 14:54:20:116 CET] 00000015 com.ibm.ws.cache.ServerCache                                 I DYNA1001I: WebSphere Dynamic Cache instance named baseCache initialized successfully.
[2/01/19 14:54:20:118 CET] 00000015 com.ibm.ws.cache.ServerCache                                 I DYNA1071I: The cache provider default is being used.
[2/01/19 14:54:20:119 CET] 00000015 com.ibm.ws.cache.CacheServiceImpl                            I DYNA1056I: Dynamic Cache (object cache) initialized successfully.
[2/01/19 14:54:20:635 CET] 00000015 com.ibm.ws.transport.iiop.internal.ORBWrapperInternal        A CWWKI0001I: The CORBA name server is now available at corbaloc:iiop:localhost:2809/NameService.
[2/01/19 14:54:20:689 CET] 00000015 gService-66-com.ibm.ws.org.apache.geronimo.osgi.registry.1.1 I SPI-Provider Manifest header found in bundle: com.ibm.ws.xlxp.1.5.3 Bundle:com.ibm.ws.org.apache.geronimo.osgi.registry.1.1(id=66)   
[2/01/19 14:54:20:766 CET] 0000004b com.ibm.ws.app.manager.AppMessageHelper                      I CWWKZ0018I: Starting application SolTest.
[2/01/19 14:54:21:340 CET] 0000004b com.ibm.ws.recoverylog.spi.RecoveryDirectorImpl              I CWRLS0010I: Performing recovery processing for local WebSphere server (defaultServer).
[2/01/19 14:54:21:368 CET] 0000004b com.ibm.ws.recoverylog.spi.RecoveryDirectorImpl              I CWRLS0012I: All persistent services have been directed to perform recovery processing for this WebSphere server (defaultServer).
[2/01/19 14:54:21:368 CET] 00000055 com.ibm.tx.jta.impl.RecoveryManager                          I WTRN0135I: Transaction service recovering no transactions.
[2/01/19 14:54:21:673 CET] 0000004b org.jboss.weld.Version                                       I WELD-000900: 3.0.5 (Final)
[2/01/19 14:54:22:069 CET] 0000004b org.jboss.weld.Event                                         I WELD-000411: Observer method [BackedAnnotatedMethod] org.apache.myfaces.cdi.JsfArtifactProducerExtension.processAnnotatedType(@Observes ProcessAnnotatedType<T>, BeanManager) receives events for all annotated types. Consider restricting events using @WithAnnotations or a generic type with bounds.
[2/01/19 14:54:22:073 CET] 0000004b org.jboss.weld.Event                                         I WELD-000411: Observer method [BackedAnnotatedMethod] org.apache.myfaces.config.annotation.CdiAnnotationProviderExtension.processAnnotatedType(@Observes ProcessAnnotatedType<T>) receives events for all annotated types. Consider restricting events using @WithAnnotations or a generic type with bounds.
[2/01/19 14:54:22:164 CET] 0000004b org.hibernate.validator.internal.util.Version                I HV000001: Hibernate Validator 6.0.13.Final
[2/01/19 14:54:22:767 CET] 0000004b com.ibm.ws.session.WASSessionCore                            I SESN8501I: The session manager did not find a persistent storage location; HttpSession objects will be stored in the local application server's memory.
[2/01/19 14:54:22:775 CET] 0000004b com.ibm.ws.webcontainer.osgi.webapp.WebGroup                 I SRVE0169I: Loading Web Module: SolTest.
[2/01/19 14:54:22:777 CET] 0000004b com.ibm.ws.webcontainer                                      I SRVE0250I: Web Module SolTest has been bound to default_host.
[2/01/19 14:54:22:778 CET] 0000004b com.ibm.ws.http.internal.VirtualHostImpl                     A CWWKT0016I: Web application available (default_host): http://localhost:9080/SolTest/
[2/01/19 14:54:22:786 CET] 0000004b com.ibm.ws.app.manager.AppMessageHelper                      A CWWKZ0001I: Application SolTest started in 2,018 seconds.
[2/01/19 14:54:22:800 CET] 0000002a com.ibm.ws.session.WASSessionCore                            I SESN0176I: A new session context will be created for application key default_host/SolTest
[2/01/19 14:54:22:817 CET] 0000002a com.ibm.ws.util                                              I SESN0172I: The session manager is using the Java default SecureRandom implementation for session ID generation.
[2/01/19 14:54:22:832 CET] 0000001c com.ibm.ws.kernel.feature.internal.FeatureManager            A CWWKF0012I: The server installed the following features: [beanValidation-2.0, servlet-4.0, ssl-1.0, jndi-1.0, jca-1.7, cdi-2.0, jdbc-4.2, jms-2.0, ejbPersistentTimer-3.2, appSecurity-3.0, appSecurity-2.0, j2eeManagement-1.1, wasJmsServer-1.0, javaMail-1.6, jaxrs-2.1, webProfile-8.0, jpa-2.2, jcaInboundSecurity-1.0, jsp-2.3, jsonb-1.0, ejbLite-3.2, managedBeans-1.0, jsf-2.3, ejbHome-3.2, jaxws-2.2, localConnector-1.0, jsonp-1.1, jaxrsClient-2.1, el-3.0, concurrent-1.0, appClientSupport-1.0, ejbRemote-3.2, jaxb-2.2, mdb-3.2, jacc-1.5, javaee-8.0, batch-1.0, ejb-3.2, jpaContainer-2.2, jaspic-1.1, distributedMap-1.0, websocket-1.1, wasJmsSecurity-1.0, wasJmsClient-2.0].
[2/01/19 14:54:22:832 CET] 0000001c com.ibm.ws.kernel.feature.internal.FeatureManager            I CWWKF0008I: Feature update completed in 5,773 seconds.
[2/01/19 14:54:22:833 CET] 0000001c com.ibm.ws.kernel.feature.internal.FeatureManager            A CWWKF0011I: The server defaultServer is ready to run a smarter planet.
[2/01/19 14:54:22:896 CET] 0000002a com.ibm.ws.cache.CacheServiceImpl                            I DYNA1056I: Dynamic Cache (object cache) initialized successfully.
[2/01/19 14:54:22:906 CET] 0000002a org.apache.myfaces.ee.MyFacesContainerInitializer            I Using org.apache.myfaces.ee.MyFacesContainerInitializer
[2/01/19 14:54:23:058 CET] 0000002b com.ibm.ws.webcontainer.osgi.mbeans.PluginGenerator          I SRVE9103I: A configuration file for a web server plugin was automatically generated for this server at /Users/kurtrogiers/lab/wlp/usr/servers/defaultServer/logs/state/plugin-cfg.xml.
[2/01/19 14:54:27:661 CET] 0000004d .apache.cxf.cxf.core.3.2:1.0.23.cl180420181121-0300(id=203)] I Setting the server's publish address to be /api/
[2/01/19 14:54:27:742 CET] 0000004d com.ibm.ws.webcontainer.servlet                              I SRVE0242I: [SolTest] [/SolTest] [colruyt.registration.RegistrationApp]: Initialization successful.
[2/01/19 14:54:27:867 CET] 0000004d eclipselink                                                  I CWWJP9990I: EclipseLink, version: Eclipse Persistence Services - 2.7.3.v20180807-4be1041
[2/01/19 14:54:28:414 CET] 0000004d com.ibm.ws.rsadapter.impl.DatabaseHelper                     I DSRA8203I: Database product name : Apache Derby
[2/01/19 14:54:28:416 CET] 0000004d com.ibm.ws.rsadapter.impl.DatabaseHelper                     I DSRA8204I: Database product version : 10.8.3.1 - (1465858)
[2/01/19 14:54:28:416 CET] 0000004d com.ibm.ws.rsadapter.impl.DatabaseHelper                     I DSRA8205I: JDBC driver name  : Apache Derby Embedded JDBC Driver
[2/01/19 14:54:28:416 CET] 0000004d com.ibm.ws.rsadapter.impl.DatabaseHelper                     I DSRA8206I: JDBC driver version  : 10.8.3.1 - (1465858)
[2/01/19 14:54:28:489 CET] 0000004d eclipselink.connection                                       I CWWJP9990I: SolTest/file:/Users/kurtrogiers/Dev/SolTest/WebContent/WEB-INF/classes/_SolTest login successful
